[0.545s] Invoking command in '/home/max/robotics-and-automation/week2/ws/ros2_tutorial_workspace/src/python_package_with_a_node': PYTHONPATH=/home/max/robotics-and-automation/week2/ws/ros2_tutorial_workspace/build/python_package_with_a_node/prefix_override:/usr/lib/python3/dist-packages/colcon_core/task/python/colcon_distutils_commands:/home/max/robotics-and-automation/week2/ws/ros2_tutorial_workspace/install/python_package_with_a_node/lib/python3.10/site-packages:${PYTHONPATH} /usr/bin/python3 -W ignore:setup.py install is deprecated setup.py egg_info --egg-base ../../build/python_package_with_a_node build --build-base /home/max/robotics-and-automation/week2/ws/ros2_tutorial_workspace/build/python_package_with_a_node/build install --record /home/max/robotics-and-automation/week2/ws/ros2_tutorial_workspace/build/python_package_with_a_node/install.log --single-version-externally-managed install_data
[0.645s] running egg_info
[0.646s] writing ../../build/python_package_with_a_node/python_package_with_a_node.egg-info/PKG-INFO
[0.646s] writing dependency_links to ../../build/python_package_with_a_node/python_package_with_a_node.egg-info/dependency_links.txt
[0.646s] writing entry points to ../../build/python_package_with_a_node/python_package_with_a_node.egg-info/entry_points.txt
[0.646s] writing requirements to ../../build/python_package_with_a_node/python_package_with_a_node.egg-info/requires.txt
[0.646s] writing top-level names to ../../build/python_package_with_a_node/python_package_with_a_node.egg-info/top_level.txt
[0.647s] reading manifest file '../../build/python_package_with_a_node/python_package_with_a_node.egg-info/SOURCES.txt'
[0.647s] writing manifest file '../../build/python_package_with_a_node/python_package_with_a_node.egg-info/SOURCES.txt'
[0.647s] running build
[0.647s] running build_py
[0.647s] running install
[0.647s] running install_lib
[0.648s] running install_data
[0.648s] running install_egg_info
[0.649s] removing '/home/max/robotics-and-automation/week2/ws/ros2_tutorial_workspace/install/python_package_with_a_node/lib/python3.10/site-packages/python_package_with_a_node-0.0.0-py3.10.egg-info' (and everything under it)
[0.649s] Copying ../../build/python_package_with_a_node/python_package_with_a_node.egg-info to /home/max/robotics-and-automation/week2/ws/ros2_tutorial_workspace/install/python_package_with_a_node/lib/python3.10/site-packages/python_package_with_a_node-0.0.0-py3.10.egg-info
[0.649s] running install_scripts
[0.659s] Installing print_forever_node script to /home/max/robotics-and-automation/week2/ws/ros2_tutorial_workspace/install/python_package_with_a_node/lib/python_package_with_a_node
[0.659s] Installing sample_python_node script to /home/max/robotics-and-automation/week2/ws/ros2_tutorial_workspace/install/python_package_with_a_node/lib/python_package_with_a_node
[0.659s] writing list of installed files to '/home/max/robotics-and-automation/week2/ws/ros2_tutorial_workspace/build/python_package_with_a_node/install.log'
[0.676s] Invoked command in '/home/max/robotics-and-automation/week2/ws/ros2_tutorial_workspace/src/python_package_with_a_node' returned '0': PYTHONPATH=/home/max/robotics-and-automation/week2/ws/ros2_tutorial_workspace/build/python_package_with_a_node/prefix_override:/usr/lib/python3/dist-packages/colcon_core/task/python/colcon_distutils_commands:/home/max/robotics-and-automation/week2/ws/ros2_tutorial_workspace/install/python_package_with_a_node/lib/python3.10/site-packages:${PYTHONPATH} /usr/bin/python3 -W ignore:setup.py install is deprecated setup.py egg_info --egg-base ../../build/python_package_with_a_node build --build-base /home/max/robotics-and-automation/week2/ws/ros2_tutorial_workspace/build/python_package_with_a_node/build install --record /home/max/robotics-and-automation/week2/ws/ros2_tutorial_workspace/build/python_package_with_a_node/install.log --single-version-externally-managed install_data
