[0.156s] Invoking command in '/home/max/robotics-and-automation/week2/ws/ros2_ws/build/examples_rclcpp_minimal_action_server': CMAKE_PREFIX_PATH=/opt/ros/humble /usr/bin/cmake /home/max/robotics-and-automation/week2/ws/ros2_ws/src/examples/rclcpp/actions/minimal_action_server -DCMAKE_INSTALL_PREFIX=/home/max/robotics-and-automation/week2/ws/ros2_ws/install/examples_rclcpp_minimal_action_server
[0.957s] -- The C compiler identification is GNU 11.4.0
[0.957s] -- The CXX compiler identification is GNU 11.4.0
[0.957s] -- Detecting C compiler ABI info
[0.957s] -- Detecting C compiler ABI info - done
[0.957s] -- Check for working C compiler: /usr/bin/cc - skipped
[0.957s] -- Detecting C compile features
[0.957s] -- Detecting C compile features - done
[0.957s] -- Detecting CXX compiler ABI info
[0.957s] -- Detecting CXX compiler ABI info - done
[0.957s] -- Check for working CXX compiler: /usr/bin/c++ - skipped
[0.957s] -- Detecting CXX compile features
[0.957s] -- Detecting CXX compile features - done
[0.957s] -- Found ament_cmake: 1.3.10 (/opt/ros/humble/share/ament_cmake/cmake)
[0.957s] -- Found Python3: /usr/bin/python3 (found version "3.10.12") found components: Interpreter 
[0.957s] -- Found example_interfaces: 0.9.3 (/opt/ros/humble/share/example_interfaces/cmake)
[0.957s] -- Found rosidl_generator_c: 3.1.5 (/opt/ros/humble/share/rosidl_generator_c/cmake)
[0.957s] -- Found rosidl_adapter: 3.1.5 (/opt/ros/humble/share/rosidl_adapter/cmake)
[0.957s] -- Found rosidl_generator_cpp: 3.1.5 (/opt/ros/humble/share/rosidl_generator_cpp/cmake)
[0.957s] -- Using all available rosidl_typesupport_c: rosidl_typesupport_fastrtps_c;rosidl_typesupport_introspection_c
[0.957s] -- Using all available rosidl_typesupport_cpp: rosidl_typesupport_fastrtps_cpp;rosidl_typesupport_introspection_cpp
[0.957s] -- Found rclcpp: 16.0.10 (/opt/ros/humble/share/rclcpp/cmake)
[0.957s] -- Found rmw_implementation_cmake: 6.1.2 (/opt/ros/humble/share/rmw_implementation_cmake/cmake)
[0.958s] -- Found rmw_fastrtps_cpp: 6.2.7 (/opt/ros/humble/share/rmw_fastrtps_cpp/cmake)
[0.958s] -- Found OpenSSL: /usr/lib/x86_64-linux-gnu/libcrypto.so (found version "3.0.2")  
[0.958s] -- Found FastRTPS: /opt/ros/humble/include  
[0.958s] -- Using RMW implementation 'rmw_fastrtps_cpp' as default
[0.958s] -- Looking for pthread.h
[0.958s] -- Looking for pthread.h - found
[0.958s] -- Performing Test CMAKE_HAVE_LIBC_PTHREAD
[0.958s] -- Performing Test CMAKE_HAVE_LIBC_PTHREAD - Success
[0.958s] -- Found Threads: TRUE  
[0.958s] -- Found rclcpp_action: 16.0.10 (/opt/ros/humble/share/rclcpp_action/cmake)
[0.958s] -- Found ament_lint_auto: 0.12.11 (/opt/ros/humble/share/ament_lint_auto/cmake)
[1.007s] -- Added test 'copyright' to check source files copyright and LICENSE
[1.007s] -- Added test 'cppcheck' to perform static code analysis on C / C++ code
[1.007s] -- Configured cppcheck include dirs: 
[1.007s] -- Configured cppcheck exclude dirs and/or files: 
[1.007s] -- Added test 'cpplint' to check C / C++ code against the Google style
[1.007s] -- Configured cpplint exclude dirs and/or files: 
[1.008s] -- Added test 'lint_cmake' to check CMake code style
[1.008s] -- Added test 'uncrustify' to check C / C++ code style
[1.008s] -- Configured uncrustify additional arguments: 
[1.008s] -- Added test 'xmllint' to check XML markup files
[1.008s] -- Configuring done
[1.019s] -- Generating done
[1.023s] -- Build files have been written to: /home/max/robotics-and-automation/week2/ws/ros2_ws/build/examples_rclcpp_minimal_action_server
[1.076s] Invoked command in '/home/max/robotics-and-automation/week2/ws/ros2_ws/build/examples_rclcpp_minimal_action_server' returned '0': CMAKE_PREFIX_PATH=/opt/ros/humble /usr/bin/cmake /home/max/robotics-and-automation/week2/ws/ros2_ws/src/examples/rclcpp/actions/minimal_action_server -DCMAKE_INSTALL_PREFIX=/home/max/robotics-and-automation/week2/ws/ros2_ws/install/examples_rclcpp_minimal_action_server
[1.076s] Invoking command in '/home/max/robotics-and-automation/week2/ws/ros2_ws/build/examples_rclcpp_minimal_action_server': CMAKE_PREFIX_PATH=/opt/ros/humble /usr/bin/cmake --build /home/max/robotics-and-automation/week2/ws/ros2_ws/build/examples_rclcpp_minimal_action_server -- -j16 -l16
[1.308s] [ 25%] [32mBuilding CXX object CMakeFiles/action_server_not_composable.dir/not_composable.cpp.o[0m
[1.309s] [ 50%] [32mBuilding CXX object CMakeFiles/action_server_member_functions.dir/member_functions.cpp.o[0m
[10.639s] [ 75%] [32m[1mLinking CXX executable action_server_member_functions[0m
[10.885s] [ 75%] Built target action_server_member_functions
[13.514s] [100%] [32m[1mLinking CXX executable action_server_not_composable[0m
[13.764s] [100%] Built target action_server_not_composable
[13.794s] Invoked command in '/home/max/robotics-and-automation/week2/ws/ros2_ws/build/examples_rclcpp_minimal_action_server' returned '0': CMAKE_PREFIX_PATH=/opt/ros/humble /usr/bin/cmake --build /home/max/robotics-and-automation/week2/ws/ros2_ws/build/examples_rclcpp_minimal_action_server -- -j16 -l16
[13.893s] Invoking command in '/home/max/robotics-and-automation/week2/ws/ros2_ws/build/examples_rclcpp_minimal_action_server': CMAKE_PREFIX_PATH=/opt/ros/humble /usr/bin/cmake --install /home/max/robotics-and-automation/week2/ws/ros2_ws/build/examples_rclcpp_minimal_action_server
[14.368s] -- Install configuration: ""
[14.368s] -- Installing: /home/max/robotics-and-automation/week2/ws/ros2_ws/install/examples_rclcpp_minimal_action_server/lib/examples_rclcpp_minimal_action_server/action_server_not_composable
[14.368s] -- Set runtime path of "/home/max/robotics-and-automation/week2/ws/ros2_ws/install/examples_rclcpp_minimal_action_server/lib/examples_rclcpp_minimal_action_server/action_server_not_composable" to ""
[14.368s] -- Installing: /home/max/robotics-and-automation/week2/ws/ros2_ws/install/examples_rclcpp_minimal_action_server/lib/examples_rclcpp_minimal_action_server/action_server_member_functions
[14.368s] -- Set runtime path of "/home/max/robotics-and-automation/week2/ws/ros2_ws/install/examples_rclcpp_minimal_action_server/lib/examples_rclcpp_minimal_action_server/action_server_member_functions" to ""
[14.368s] -- Installing: /home/max/robotics-and-automation/week2/ws/ros2_ws/install/examples_rclcpp_minimal_action_server/share/ament_index/resource_index/package_run_dependencies/examples_rclcpp_minimal_action_server
[14.368s] -- Installing: /home/max/robotics-and-automation/week2/ws/ros2_ws/install/examples_rclcpp_minimal_action_server/share/ament_index/resource_index/parent_prefix_path/examples_rclcpp_minimal_action_server
[14.368s] -- Installing: /home/max/robotics-and-automation/week2/ws/ros2_ws/install/examples_rclcpp_minimal_action_server/share/examples_rclcpp_minimal_action_server/environment/ament_prefix_path.sh
[14.368s] -- Installing: /home/max/robotics-and-automation/week2/ws/ros2_ws/install/examples_rclcpp_minimal_action_server/share/examples_rclcpp_minimal_action_server/environment/ament_prefix_path.dsv
[14.368s] -- Installing: /home/max/robotics-and-automation/week2/ws/ros2_ws/install/examples_rclcpp_minimal_action_server/share/examples_rclcpp_minimal_action_server/environment/path.sh
[14.368s] -- Installing: /home/max/robotics-and-automation/week2/ws/ros2_ws/install/examples_rclcpp_minimal_action_server/share/examples_rclcpp_minimal_action_server/environment/path.dsv
[14.368s] -- Installing: /home/max/robotics-and-automation/week2/ws/ros2_ws/install/examples_rclcpp_minimal_action_server/share/examples_rclcpp_minimal_action_server/local_setup.bash
[14.368s] -- Installing: /home/max/robotics-and-automation/week2/ws/ros2_ws/install/examples_rclcpp_minimal_action_server/share/examples_rclcpp_minimal_action_server/local_setup.sh
[14.368s] -- Installing: /home/max/robotics-and-automation/week2/ws/ros2_ws/install/examples_rclcpp_minimal_action_server/share/examples_rclcpp_minimal_action_server/local_setup.zsh
[14.368s] -- Installing: /home/max/robotics-and-automation/week2/ws/ros2_ws/install/examples_rclcpp_minimal_action_server/share/examples_rclcpp_minimal_action_server/local_setup.dsv
[14.368s] -- Installing: /home/max/robotics-and-automation/week2/ws/ros2_ws/install/examples_rclcpp_minimal_action_server/share/examples_rclcpp_minimal_action_server/package.dsv
[14.368s] -- Installing: /home/max/robotics-and-automation/week2/ws/ros2_ws/install/examples_rclcpp_minimal_action_server/share/ament_index/resource_index/packages/examples_rclcpp_minimal_action_server
[14.368s] -- Installing: /home/max/robotics-and-automation/week2/ws/ros2_ws/install/examples_rclcpp_minimal_action_server/share/examples_rclcpp_minimal_action_server/cmake/examples_rclcpp_minimal_action_serverConfig.cmake
[14.368s] -- Installing: /home/max/robotics-and-automation/week2/ws/ros2_ws/install/examples_rclcpp_minimal_action_server/share/examples_rclcpp_minimal_action_server/cmake/examples_rclcpp_minimal_action_serverConfig-version.cmake
[14.368s] -- Installing: /home/max/robotics-and-automation/week2/ws/ros2_ws/install/examples_rclcpp_minimal_action_server/share/examples_rclcpp_minimal_action_server/package.xml
[14.427s] Invoked command in '/home/max/robotics-and-automation/week2/ws/ros2_ws/build/examples_rclcpp_minimal_action_server' returned '0': CMAKE_PREFIX_PATH=/opt/ros/humble /usr/bin/cmake --install /home/max/robotics-and-automation/week2/ws/ros2_ws/build/examples_rclcpp_minimal_action_server
