[0.030s] Invoking command in '/home/max/robotics-and-automation/week2/ws/ros2_ws/build/action_tutorials_interfaces': CMAKE_PREFIX_PATH=/opt/ros/humble /usr/bin/cmake /home/max/robotics-and-automation/week2/ws/ros2_ws/src/demos/action_tutorials/action_tutorials_interfaces -DCMAKE_INSTALL_PREFIX=/home/max/robotics-and-automation/week2/ws/ros2_ws/install/action_tutorials_interfaces
[0.184s] -- The C compiler identification is GNU 11.4.0
[0.184s] -- The CXX compiler identification is GNU 11.4.0
[0.184s] -- Detecting C compiler ABI info
[0.212s] -- Detecting C compiler ABI info - done
[0.218s] -- Check for working C compiler: /usr/bin/cc - skipped
[0.218s] -- Detecting C compile features
[0.218s] -- Detecting C compile features - done
[0.221s] -- Detecting CXX compiler ABI info
[0.288s] -- Detecting CXX compiler ABI info - done
[0.294s] -- Check for working CXX compiler: /usr/bin/c++ - skipped
[0.294s] -- Detecting CXX compile features
[0.294s] -- Detecting CXX compile features - done
[0.298s] -- Found ament_cmake: 1.3.10 (/opt/ros/humble/share/ament_cmake/cmake)
[0.416s] -- Found Python3: /usr/bin/python3 (found version "3.10.12") found components: Interpreter 
[0.488s] -- Found rosidl_default_generators: 1.2.0 (/opt/ros/humble/share/rosidl_default_generators/cmake)
[0.490s] -- Using all available rosidl_typesupport_c: rosidl_typesupport_fastrtps_c;rosidl_typesupport_introspection_c
[0.499s] -- Found rosidl_adapter: 3.1.5 (/opt/ros/humble/share/rosidl_adapter/cmake)
[0.534s] -- Using all available rosidl_typesupport_cpp: rosidl_typesupport_fastrtps_cpp;rosidl_typesupport_introspection_cpp
[0.760s] -- Found ament_cmake_ros: 0.10.0 (/opt/ros/humble/share/ament_cmake_ros/cmake)
[0.894s] -- Using all available rosidl_typesupport_c: rosidl_typesupport_fastrtps_c;rosidl_typesupport_introspection_c
[1.087s] -- Using all available rosidl_typesupport_cpp: rosidl_typesupport_fastrtps_cpp;rosidl_typesupport_introspection_cpp
[1.094s] -- Found PythonInterp: /usr/bin/python3 (found suitable version "3.10.12", minimum required is "3.6") 
[1.094s] -- Found python_cmake_module: 0.10.0 (/opt/ros/humble/share/python_cmake_module/cmake)
[1.124s] -- Found PythonLibs: /usr/lib/x86_64-linux-gnu/libpython3.10.so (found suitable version "3.10.12", minimum required is "3.5") 
[1.124s] -- Using PYTHON_EXECUTABLE: /usr/bin/python3
[1.124s] -- Using PYTHON_INCLUDE_DIRS: /usr/include/python3.10
[1.124s] -- Using PYTHON_LIBRARIES: /usr/lib/x86_64-linux-gnu/libpython3.10.so
[1.145s] -- Found PythonExtra: .so  
[1.230s] -- Found ament_lint_auto: 0.12.11 (/opt/ros/humble/share/ament_lint_auto/cmake)
[1.267s] -- Added test 'copyright' to check source files copyright and LICENSE
[1.267s] -- Added test 'lint_cmake' to check CMake code style
[1.267s] -- Added test 'xmllint' to check XML markup files
[1.268s] -- Configuring done
[1.307s] -- Generating done
[1.309s] -- Build files have been written to: /home/max/robotics-and-automation/week2/ws/ros2_ws/build/action_tutorials_interfaces
[1.341s] Invoked command in '/home/max/robotics-and-automation/week2/ws/ros2_ws/build/action_tutorials_interfaces' returned '0': CMAKE_PREFIX_PATH=/opt/ros/humble /usr/bin/cmake /home/max/robotics-and-automation/week2/ws/ros2_ws/src/demos/action_tutorials/action_tutorials_interfaces -DCMAKE_INSTALL_PREFIX=/home/max/robotics-and-automation/week2/ws/ros2_ws/install/action_tutorials_interfaces
[1.341s] Invoking command in '/home/max/robotics-and-automation/week2/ws/ros2_ws/build/action_tutorials_interfaces': CMAKE_PREFIX_PATH=/opt/ros/humble /usr/bin/cmake --build /home/max/robotics-and-automation/week2/ws/ros2_ws/build/action_tutorials_interfaces -- -j16 -l16
[14.212s] [  3%] [34m[1mGenerating C code for ROS interfaces[0m
[14.212s] [  6%] [34m[1mGenerating C++ code for ROS interfaces[0m
[14.212s] [  6%] Built target ament_cmake_python_copy_action_tutorials_interfaces
[14.212s] running egg_info
[14.212s] creating action_tutorials_interfaces.egg-info
[14.212s] writing action_tutorials_interfaces.egg-info/PKG-INFO
[14.212s] writing dependency_links to action_tutorials_interfaces.egg-info/dependency_links.txt
[14.212s] writing top-level names to action_tutorials_interfaces.egg-info/top_level.txt
[14.212s] writing manifest file 'action_tutorials_interfaces.egg-info/SOURCES.txt'
[14.212s] reading manifest file 'action_tutorials_interfaces.egg-info/SOURCES.txt'
[14.212s] writing manifest file 'action_tutorials_interfaces.egg-info/SOURCES.txt'
[14.212s] [  6%] Built target ament_cmake_python_build_action_tutorials_interfaces_egg
[14.212s] [  9%] [32mBuilding C object CMakeFiles/action_tutorials_interfaces__rosidl_generator_c.dir/rosidl_generator_c/action_tutorials_interfaces/action/detail/fibonacci__functions.c.o[0m
[14.212s] [  9%] Built target action_tutorials_interfaces__cpp
[14.212s] [ 12%] [34m[1mGenerating C++ type support dispatch for ROS interfaces[0m
[14.212s] [ 16%] [34m[1mGenerating C++ type support for eProsima Fast-RTPS[0m
[14.212s] [ 19%] [34m[1mGenerating C++ introspection for ROS interfaces[0m
[14.213s] [ 22%] [32m[1mLinking C shared library libaction_tutorials_interfaces__rosidl_generator_c.so[0m
[14.213s] [ 22%] Built target action_tutorials_interfaces__rosidl_generator_c
[14.213s] [ 25%] [34m[1mGenerating C introspection for ROS interfaces[0m
[14.213s] [ 29%] [34m[1mGenerating C type support dispatch for ROS interfaces[0m
[14.213s] [ 32%] [34m[1mGenerating C type support for eProsima Fast-RTPS[0m
[14.217s] [ 35%] [32mBuilding CXX object CMakeFiles/action_tutorials_interfaces__rosidl_typesupport_cpp.dir/rosidl_typesupport_cpp/action_tutorials_interfaces/action/fibonacci__type_support.cpp.o[0m
[14.217s] [ 38%] [32mBuilding CXX object CMakeFiles/action_tutorials_interfaces__rosidl_typesupport_introspection_cpp.dir/rosidl_typesupport_introspection_cpp/action_tutorials_interfaces/action/detail/fibonacci__type_support.cpp.o[0m
[14.217s] [ 41%] [32mBuilding CXX object CMakeFiles/action_tutorials_interfaces__rosidl_typesupport_fastrtps_cpp.dir/rosidl_typesupport_fastrtps_cpp/action_tutorials_interfaces/action/detail/dds_fastrtps/fibonacci__type_support.cpp.o[0m
[14.217s] [ 45%] [32mBuilding CXX object CMakeFiles/action_tutorials_interfaces__rosidl_typesupport_c.dir/rosidl_typesupport_c/action_tutorials_interfaces/action/fibonacci__type_support.cpp.o[0m
[14.217s] [ 48%] [32m[1mLinking CXX shared library libaction_tutorials_interfaces__rosidl_typesupport_c.so[0m
[14.217s] [ 51%] [32mBuilding C object CMakeFiles/action_tutorials_interfaces__rosidl_typesupport_introspection_c.dir/rosidl_typesupport_introspection_c/action_tutorials_interfaces/action/detail/fibonacci__type_support.c.o[0m
[14.217s] [ 51%] Built target action_tutorials_interfaces__rosidl_typesupport_c
[14.217s] [ 54%] [32mBuilding CXX object CMakeFiles/action_tutorials_interfaces__rosidl_typesupport_fastrtps_c.dir/rosidl_typesupport_fastrtps_c/action_tutorials_interfaces/action/detail/fibonacci__type_support_c.cpp.o[0m
[14.217s] [ 58%] [32m[1mLinking C shared library libaction_tutorials_interfaces__rosidl_typesupport_introspection_c.so[0m
[14.217s] [ 58%] Built target action_tutorials_interfaces__rosidl_typesupport_introspection_c
[14.217s] [ 61%] [32m[1mLinking CXX shared library libaction_tutorials_interfaces__rosidl_typesupport_fastrtps_cpp.so[0m
[14.217s] [ 64%] [32m[1mLinking CXX shared library libaction_tutorials_interfaces__rosidl_typesupport_cpp.so[0m
[14.217s] [ 64%] Built target action_tutorials_interfaces__rosidl_typesupport_cpp
[14.217s] [ 64%] Built target action_tutorials_interfaces__rosidl_typesupport_fastrtps_cpp
[14.217s] [ 67%] [32m[1mLinking CXX shared library libaction_tutorials_interfaces__rosidl_typesupport_fastrtps_c.so[0m
[14.217s] [ 67%] Built target action_tutorials_interfaces__rosidl_typesupport_fastrtps_c
[14.217s] [ 70%] [32m[1mLinking CXX shared library libaction_tutorials_interfaces__rosidl_typesupport_introspection_cpp.so[0m
[14.217s] [ 70%] Built target action_tutorials_interfaces__rosidl_typesupport_introspection_cpp
[14.217s] [ 70%] Built target action_tutorials_interfaces
[14.217s] [ 74%] [34m[1mGenerating Python code for ROS interfaces[0m
[14.217s] [ 74%] Built target action_tutorials_interfaces__py
[14.218s] [ 77%] [32mBuilding C object CMakeFiles/action_tutorials_interfaces__rosidl_generator_py.dir/rosidl_generator_py/action_tutorials_interfaces/action/_fibonacci_s.c.o[0m
[14.218s] [ 80%] [32m[1mLinking C shared library rosidl_generator_py/action_tutorials_interfaces/libaction_tutorials_interfaces__rosidl_generator_py.so[0m
[14.218s] [ 80%] Built target action_tutorials_interfaces__rosidl_generator_py
[14.218s] [ 83%] [32mBuilding C object CMakeFiles/action_tutorials_interfaces__rosidl_typesupport_introspection_c__pyext.dir/rosidl_generator_py/action_tutorials_interfaces/_action_tutorials_interfaces_s.ep.rosidl_typesupport_introspection_c.c.o[0m
[14.218s] [ 87%] [32mBuilding C object CMakeFiles/action_tutorials_interfaces__rosidl_typesupport_fastrtps_c__pyext.dir/rosidl_generator_py/action_tutorials_interfaces/_action_tutorials_interfaces_s.ep.rosidl_typesupport_fastrtps_c.c.o[0m
[14.218s] [ 90%] [32mBuilding C object CMakeFiles/action_tutorials_interfaces__rosidl_typesupport_c__pyext.dir/rosidl_generator_py/action_tutorials_interfaces/_action_tutorials_interfaces_s.ep.rosidl_typesupport_c.c.o[0m
[14.218s] [ 93%] [32m[1mLinking C shared library rosidl_generator_py/action_tutorials_interfaces/action_tutorials_interfaces_s__rosidl_typesupport_c.cpython-310-x86_64-linux-gnu.so[0m
[14.218s] [ 96%] [32m[1mLinking C shared library rosidl_generator_py/action_tutorials_interfaces/action_tutorials_interfaces_s__rosidl_typesupport_introspection_c.cpython-310-x86_64-linux-gnu.so[0m
[14.218s] [100%] [32m[1mLinking C shared library rosidl_generator_py/action_tutorials_interfaces/action_tutorials_interfaces_s__rosidl_typesupport_fastrtps_c.cpython-310-x86_64-linux-gnu.so[0m
[14.218s] [100%] Built target action_tutorials_interfaces__rosidl_typesupport_introspection_c__pyext
[14.218s] [100%] Built target action_tutorials_interfaces__rosidl_typesupport_fastrtps_c__pyext
[14.218s] [100%] Built target action_tutorials_interfaces__rosidl_typesupport_c__pyext
[14.218s] Invoked command in '/home/max/robotics-and-automation/week2/ws/ros2_ws/build/action_tutorials_interfaces' returned '0': CMAKE_PREFIX_PATH=/opt/ros/humble /usr/bin/cmake --build /home/max/robotics-and-automation/week2/ws/ros2_ws/build/action_tutorials_interfaces -- -j16 -l16
[14.359s] Invoking command in '/home/max/robotics-and-automation/week2/ws/ros2_ws/build/action_tutorials_interfaces': CMAKE_PREFIX_PATH=/opt/ros/humble /usr/bin/cmake --install /home/max/robotics-and-automation/week2/ws/ros2_ws/build/action_tutorials_interfaces
[14.391s] -- Install configuration: ""
[14.391s] -- Installing: /home/max/robotics-and-automation/week2/ws/ros2_ws/install/action_tutorials_interfaces/share/ament_index/resource_index/rosidl_interfaces/action_tutorials_interfaces
[14.391s] -- Installing: /home/max/robotics-and-automation/week2/ws/ros2_ws/install/action_tutorials_interfaces/include/action_tutorials_interfaces/action_tutorials_interfaces
[14.391s] -- Installing: /home/max/robotics-and-automation/week2/ws/ros2_ws/install/action_tutorials_interfaces/include/action_tutorials_interfaces/action_tutorials_interfaces/msg
[14.391s] -- Installing: /home/max/robotics-and-automation/week2/ws/ros2_ws/install/action_tutorials_interfaces/include/action_tutorials_interfaces/action_tutorials_interfaces/msg/rosidl_generator_c__visibility_control.h
[14.391s] -- Installing: /home/max/robotics-and-automation/week2/ws/ros2_ws/install/action_tutorials_interfaces/include/action_tutorials_interfaces/action_tutorials_interfaces/action
[14.391s] -- Installing: /home/max/robotics-and-automation/week2/ws/ros2_ws/install/action_tutorials_interfaces/include/action_tutorials_interfaces/action_tutorials_interfaces/action/detail
[14.391s] -- Installing: /home/max/robotics-and-automation/week2/ws/ros2_ws/install/action_tutorials_interfaces/include/action_tutorials_interfaces/action_tutorials_interfaces/action/detail/fibonacci__functions.c
[14.391s] -- Installing: /home/max/robotics-and-automation/week2/ws/ros2_ws/install/action_tutorials_interfaces/include/action_tutorials_interfaces/action_tutorials_interfaces/action/detail/fibonacci__functions.h
[14.391s] -- Installing: /home/max/robotics-and-automation/week2/ws/ros2_ws/install/action_tutorials_interfaces/include/action_tutorials_interfaces/action_tutorials_interfaces/action/detail/fibonacci__type_support.h
[14.391s] -- Installing: /home/max/robotics-and-automation/week2/ws/ros2_ws/install/action_tutorials_interfaces/include/action_tutorials_interfaces/action_tutorials_interfaces/action/detail/fibonacci__struct.h
[14.391s] -- Installing: /home/max/robotics-and-automation/week2/ws/ros2_ws/install/action_tutorials_interfaces/include/action_tutorials_interfaces/action_tutorials_interfaces/action/fibonacci.h
[14.391s] -- Installing: /home/max/robotics-and-automation/week2/ws/ros2_ws/install/action_tutorials_interfaces/share/action_tutorials_interfaces/environment/library_path.sh
[14.391s] -- Installing: /home/max/robotics-and-automation/week2/ws/ros2_ws/install/action_tutorials_interfaces/share/action_tutorials_interfaces/environment/library_path.dsv
[14.391s] -- Installing: /home/max/robotics-and-automation/week2/ws/ros2_ws/install/action_tutorials_interfaces/lib/libaction_tutorials_interfaces__rosidl_generator_c.so
[14.391s] -- Set runtime path of "/home/max/robotics-and-automation/week2/ws/ros2_ws/install/action_tutorials_interfaces/lib/libaction_tutorials_interfaces__rosidl_generator_c.so" to ""
[14.391s] -- Up-to-date: /home/max/robotics-and-automation/week2/ws/ros2_ws/install/action_tutorials_interfaces/include/action_tutorials_interfaces/action_tutorials_interfaces
[14.391s] -- Up-to-date: /home/max/robotics-and-automation/week2/ws/ros2_ws/install/action_tutorials_interfaces/include/action_tutorials_interfaces/action_tutorials_interfaces/msg
[14.391s] -- Installing: /home/max/robotics-and-automation/week2/ws/ros2_ws/install/action_tutorials_interfaces/include/action_tutorials_interfaces/action_tutorials_interfaces/msg/rosidl_typesupport_fastrtps_c__visibility_control.h
[14.391s] -- Up-to-date: /home/max/robotics-and-automation/week2/ws/ros2_ws/install/action_tutorials_interfaces/include/action_tutorials_interfaces/action_tutorials_interfaces/action
[14.391s] -- Up-to-date: /home/max/robotics-and-automation/week2/ws/ros2_ws/install/action_tutorials_interfaces/include/action_tutorials_interfaces/action_tutorials_interfaces/action/detail
[14.391s] -- Installing: /home/max/robotics-and-automation/week2/ws/ros2_ws/install/action_tutorials_interfaces/include/action_tutorials_interfaces/action_tutorials_interfaces/action/detail/fibonacci__rosidl_typesupport_fastrtps_c.h
[14.391s] -- Installing: /home/max/robotics-and-automation/week2/ws/ros2_ws/install/action_tutorials_interfaces/lib/libaction_tutorials_interfaces__rosidl_typesupport_fastrtps_c.so
[14.391s] -- Set runtime path of "/home/max/robotics-and-automation/week2/ws/ros2_ws/install/action_tutorials_interfaces/lib/libaction_tutorials_interfaces__rosidl_typesupport_fastrtps_c.so" to ""
[14.391s] -- Up-to-date: /home/max/robotics-and-automation/week2/ws/ros2_ws/install/action_tutorials_interfaces/include/action_tutorials_interfaces/action_tutorials_interfaces
[14.391s] -- Up-to-date: /home/max/robotics-and-automation/week2/ws/ros2_ws/install/action_tutorials_interfaces/include/action_tutorials_interfaces/action_tutorials_interfaces/msg
[14.391s] -- Installing: /home/max/robotics-and-automation/week2/ws/ros2_ws/install/action_tutorials_interfaces/include/action_tutorials_interfaces/action_tutorials_interfaces/msg/rosidl_typesupport_introspection_c__visibility_control.h
[14.392s] -- Up-to-date: /home/max/robotics-and-automation/week2/ws/ros2_ws/install/action_tutorials_interfaces/include/action_tutorials_interfaces/action_tutorials_interfaces/action
[14.392s] -- Up-to-date: /home/max/robotics-and-automation/week2/ws/ros2_ws/install/action_tutorials_interfaces/include/action_tutorials_interfaces/action_tutorials_interfaces/action/detail
[14.392s] -- Installing: /home/max/robotics-and-automation/week2/ws/ros2_ws/install/action_tutorials_interfaces/include/action_tutorials_interfaces/action_tutorials_interfaces/action/detail/fibonacci__type_support.c
[14.392s] -- Installing: /home/max/robotics-and-automation/week2/ws/ros2_ws/install/action_tutorials_interfaces/include/action_tutorials_interfaces/action_tutorials_interfaces/action/detail/fibonacci__rosidl_typesupport_introspection_c.h
[14.392s] -- Installing: /home/max/robotics-and-automation/week2/ws/ros2_ws/install/action_tutorials_interfaces/lib/libaction_tutorials_interfaces__rosidl_typesupport_introspection_c.so
[14.401s] -- Set runtime path of "/home/max/robotics-and-automation/week2/ws/ros2_ws/install/action_tutorials_interfaces/lib/libaction_tutorials_interfaces__rosidl_typesupport_introspection_c.so" to ""
[14.402s] -- Installing: /home/max/robotics-and-automation/week2/ws/ros2_ws/install/action_tutorials_interfaces/lib/libaction_tutorials_interfaces__rosidl_typesupport_c.so
[14.402s] -- Set runtime path of "/home/max/robotics-and-automation/week2/ws/ros2_ws/install/action_tutorials_interfaces/lib/libaction_tutorials_interfaces__rosidl_typesupport_c.so" to ""
[14.402s] -- Up-to-date: /home/max/robotics-and-automation/week2/ws/ros2_ws/install/action_tutorials_interfaces/include/action_tutorials_interfaces/action_tutorials_interfaces
[14.402s] -- Up-to-date: /home/max/robotics-and-automation/week2/ws/ros2_ws/install/action_tutorials_interfaces/include/action_tutorials_interfaces/action_tutorials_interfaces/action
[14.402s] -- Up-to-date: /home/max/robotics-and-automation/week2/ws/ros2_ws/install/action_tutorials_interfaces/include/action_tutorials_interfaces/action_tutorials_interfaces/action/detail
[14.402s] -- Installing: /home/max/robotics-and-automation/week2/ws/ros2_ws/install/action_tutorials_interfaces/include/action_tutorials_interfaces/action_tutorials_interfaces/action/detail/fibonacci__builder.hpp
[14.402s] -- Installing: /home/max/robotics-and-automation/week2/ws/ros2_ws/install/action_tutorials_interfaces/include/action_tutorials_interfaces/action_tutorials_interfaces/action/detail/fibonacci__struct.hpp
[14.402s] -- Installing: /home/max/robotics-and-automation/week2/ws/ros2_ws/install/action_tutorials_interfaces/include/action_tutorials_interfaces/action_tutorials_interfaces/action/detail/fibonacci__traits.hpp
[14.402s] -- Installing: /home/max/robotics-and-automation/week2/ws/ros2_ws/install/action_tutorials_interfaces/include/action_tutorials_interfaces/action_tutorials_interfaces/action/fibonacci.hpp
[14.402s] -- Up-to-date: /home/max/robotics-and-automation/week2/ws/ros2_ws/install/action_tutorials_interfaces/include/action_tutorials_interfaces/action_tutorials_interfaces
[14.402s] -- Up-to-date: /home/max/robotics-and-automation/week2/ws/ros2_ws/install/action_tutorials_interfaces/include/action_tutorials_interfaces/action_tutorials_interfaces/msg
[14.402s] -- Installing: /home/max/robotics-and-automation/week2/ws/ros2_ws/install/action_tutorials_interfaces/include/action_tutorials_interfaces/action_tutorials_interfaces/msg/rosidl_typesupport_fastrtps_cpp__visibility_control.h
[14.402s] -- Up-to-date: /home/max/robotics-and-automation/week2/ws/ros2_ws/install/action_tutorials_interfaces/include/action_tutorials_interfaces/action_tutorials_interfaces/action
[14.402s] -- Up-to-date: /home/max/robotics-and-automation/week2/ws/ros2_ws/install/action_tutorials_interfaces/include/action_tutorials_interfaces/action_tutorials_interfaces/action/detail
[14.402s] -- Installing: /home/max/robotics-and-automation/week2/ws/ros2_ws/install/action_tutorials_interfaces/include/action_tutorials_interfaces/action_tutorials_interfaces/action/detail/dds_fastrtps
[14.402s] -- Installing: /home/max/robotics-and-automation/week2/ws/ros2_ws/install/action_tutorials_interfaces/include/action_tutorials_interfaces/action_tutorials_interfaces/action/detail/fibonacci__rosidl_typesupport_fastrtps_cpp.hpp
[14.402s] -- Installing: /home/max/robotics-and-automation/week2/ws/ros2_ws/install/action_tutorials_interfaces/lib/libaction_tutorials_interfaces__rosidl_typesupport_fastrtps_cpp.so
[14.402s] -- Set runtime path of "/home/max/robotics-and-automation/week2/ws/ros2_ws/install/action_tutorials_interfaces/lib/libaction_tutorials_interfaces__rosidl_typesupport_fastrtps_cpp.so" to ""
[14.402s] -- Up-to-date: /home/max/robotics-and-automation/week2/ws/ros2_ws/install/action_tutorials_interfaces/include/action_tutorials_interfaces/action_tutorials_interfaces
[14.403s] -- Up-to-date: /home/max/robotics-and-automation/week2/ws/ros2_ws/install/action_tutorials_interfaces/include/action_tutorials_interfaces/action_tutorials_interfaces/action
[14.403s] -- Up-to-date: /home/max/robotics-and-automation/week2/ws/ros2_ws/install/action_tutorials_interfaces/include/action_tutorials_interfaces/action_tutorials_interfaces/action/detail
[14.403s] -- Installing: /home/max/robotics-and-automation/week2/ws/ros2_ws/install/action_tutorials_interfaces/include/action_tutorials_interfaces/action_tutorials_interfaces/action/detail/fibonacci__type_support.cpp
[14.403s] -- Installing: /home/max/robotics-and-automation/week2/ws/ros2_ws/install/action_tutorials_interfaces/include/action_tutorials_interfaces/action_tutorials_interfaces/action/detail/fibonacci__rosidl_typesupport_introspection_cpp.hpp
[14.403s] -- Installing: /home/max/robotics-and-automation/week2/ws/ros2_ws/install/action_tutorials_interfaces/lib/libaction_tutorials_interfaces__rosidl_typesupport_introspection_cpp.so
[14.403s] -- Set runtime path of "/home/max/robotics-and-automation/week2/ws/ros2_ws/install/action_tutorials_interfaces/lib/libaction_tutorials_interfaces__rosidl_typesupport_introspection_cpp.so" to ""
[14.403s] -- Installing: /home/max/robotics-and-automation/week2/ws/ros2_ws/install/action_tutorials_interfaces/lib/libaction_tutorials_interfaces__rosidl_typesupport_cpp.so
[14.403s] -- Set runtime path of "/home/max/robotics-and-automation/week2/ws/ros2_ws/install/action_tutorials_interfaces/lib/libaction_tutorials_interfaces__rosidl_typesupport_cpp.so" to ""
[14.403s] -- Installing: /home/max/robotics-and-automation/week2/ws/ros2_ws/install/action_tutorials_interfaces/share/action_tutorials_interfaces/environment/pythonpath.sh
[14.403s] -- Installing: /home/max/robotics-and-automation/week2/ws/ros2_ws/install/action_tutorials_interfaces/share/action_tutorials_interfaces/environment/pythonpath.dsv
[14.403s] -- Installing: /home/max/robotics-and-automation/week2/ws/ros2_ws/install/action_tutorials_interfaces/local/lib/python3.10/dist-packages/action_tutorials_interfaces-0.20.5-py3.10.egg-info
[14.403s] -- Installing: /home/max/robotics-and-automation/week2/ws/ros2_ws/install/action_tutorials_interfaces/local/lib/python3.10/dist-packages/action_tutorials_interfaces-0.20.5-py3.10.egg-info/SOURCES.txt
[14.403s] -- Installing: /home/max/robotics-and-automation/week2/ws/ros2_ws/install/action_tutorials_interfaces/local/lib/python3.10/dist-packages/action_tutorials_interfaces-0.20.5-py3.10.egg-info/dependency_links.txt
[14.403s] -- Installing: /home/max/robotics-and-automation/week2/ws/ros2_ws/install/action_tutorials_interfaces/local/lib/python3.10/dist-packages/action_tutorials_interfaces-0.20.5-py3.10.egg-info/top_level.txt
[14.403s] -- Installing: /home/max/robotics-and-automation/week2/ws/ros2_ws/install/action_tutorials_interfaces/local/lib/python3.10/dist-packages/action_tutorials_interfaces-0.20.5-py3.10.egg-info/PKG-INFO
[14.404s] -- Installing: /home/max/robotics-and-automation/week2/ws/ros2_ws/install/action_tutorials_interfaces/local/lib/python3.10/dist-packages/action_tutorials_interfaces
[14.404s] -- Installing: /home/max/robotics-and-automation/week2/ws/ros2_ws/install/action_tutorials_interfaces/local/lib/python3.10/dist-packages/action_tutorials_interfaces/__init__.py
[14.404s] -- Installing: /home/max/robotics-and-automation/week2/ws/ros2_ws/install/action_tutorials_interfaces/local/lib/python3.10/dist-packages/action_tutorials_interfaces/action_tutorials_interfaces_s__rosidl_typesupport_introspection_c.cpython-310-x86_64-linux-gnu.so
[14.404s] -- Installing: /home/max/robotics-and-automation/week2/ws/ros2_ws/install/action_tutorials_interfaces/local/lib/python3.10/dist-packages/action_tutorials_interfaces/libaction_tutorials_interfaces__rosidl_generator_py.so
[14.404s] -- Installing: /home/max/robotics-and-automation/week2/ws/ros2_ws/install/action_tutorials_interfaces/local/lib/python3.10/dist-packages/action_tutorials_interfaces/action
[14.404s] -- Installing: /home/max/robotics-and-automation/week2/ws/ros2_ws/install/action_tutorials_interfaces/local/lib/python3.10/dist-packages/action_tutorials_interfaces/action/__init__.py
[14.405s] -- Installing: /home/max/robotics-and-automation/week2/ws/ros2_ws/install/action_tutorials_interfaces/local/lib/python3.10/dist-packages/action_tutorials_interfaces/action/_fibonacci_s.c
[14.405s] -- Installing: /home/max/robotics-and-automation/week2/ws/ros2_ws/install/action_tutorials_interfaces/local/lib/python3.10/dist-packages/action_tutorials_interfaces/action/_fibonacci.py
[14.405s] -- Installing: /home/max/robotics-and-automation/week2/ws/ros2_ws/install/action_tutorials_interfaces/local/lib/python3.10/dist-packages/action_tutorials_interfaces/_action_tutorials_interfaces_s.ep.rosidl_typesupport_c.c
[14.405s] -- Installing: /home/max/robotics-and-automation/week2/ws/ros2_ws/install/action_tutorials_interfaces/local/lib/python3.10/dist-packages/action_tutorials_interfaces/_action_tutorials_interfaces_s.ep.rosidl_typesupport_introspection_c.c
[14.405s] -- Installing: /home/max/robotics-and-automation/week2/ws/ros2_ws/install/action_tutorials_interfaces/local/lib/python3.10/dist-packages/action_tutorials_interfaces/action_tutorials_interfaces_s__rosidl_typesupport_c.cpython-310-x86_64-linux-gnu.so
[14.405s] -- Installing: /home/max/robotics-and-automation/week2/ws/ros2_ws/install/action_tutorials_interfaces/local/lib/python3.10/dist-packages/action_tutorials_interfaces/_action_tutorials_interfaces_s.ep.rosidl_typesupport_fastrtps_c.c
[14.405s] -- Installing: /home/max/robotics-and-automation/week2/ws/ros2_ws/install/action_tutorials_interfaces/local/lib/python3.10/dist-packages/action_tutorials_interfaces/action_tutorials_interfaces_s__rosidl_typesupport_fastrtps_c.cpython-310-x86_64-linux-gnu.so
[14.474s] Listing '/home/max/robotics-and-automation/week2/ws/ros2_ws/install/action_tutorials_interfaces/local/lib/python3.10/dist-packages/action_tutorials_interfaces'...
[14.474s] Compiling '/home/max/robotics-and-automation/week2/ws/ros2_ws/install/action_tutorials_interfaces/local/lib/python3.10/dist-packages/action_tutorials_interfaces/__init__.py'...
[14.474s] Listing '/home/max/robotics-and-automation/week2/ws/ros2_ws/install/action_tutorials_interfaces/local/lib/python3.10/dist-packages/action_tutorials_interfaces/action'...
[14.474s] Compiling '/home/max/robotics-and-automation/week2/ws/ros2_ws/install/action_tutorials_interfaces/local/lib/python3.10/dist-packages/action_tutorials_interfaces/action/__init__.py'...
[14.475s] Compiling '/home/max/robotics-and-automation/week2/ws/ros2_ws/install/action_tutorials_interfaces/local/lib/python3.10/dist-packages/action_tutorials_interfaces/action/_fibonacci.py'...
[14.486s] -- Installing: /home/max/robotics-and-automation/week2/ws/ros2_ws/install/action_tutorials_interfaces/local/lib/python3.10/dist-packages/action_tutorials_interfaces/action_tutorials_interfaces_s__rosidl_typesupport_fastrtps_c.cpython-310-x86_64-linux-gnu.so
[14.492s] -- Set runtime path of "/home/max/robotics-and-automation/week2/ws/ros2_ws/install/action_tutorials_interfaces/local/lib/python3.10/dist-packages/action_tutorials_interfaces/action_tutorials_interfaces_s__rosidl_typesupport_fastrtps_c.cpython-310-x86_64-linux-gnu.so" to ""
[14.492s] -- Installing: /home/max/robotics-and-automation/week2/ws/ros2_ws/install/action_tutorials_interfaces/local/lib/python3.10/dist-packages/action_tutorials_interfaces/action_tutorials_interfaces_s__rosidl_typesupport_introspection_c.cpython-310-x86_64-linux-gnu.so
[14.492s] -- Set runtime path of "/home/max/robotics-and-automation/week2/ws/ros2_ws/install/action_tutorials_interfaces/local/lib/python3.10/dist-packages/action_tutorials_interfaces/action_tutorials_interfaces_s__rosidl_typesupport_introspection_c.cpython-310-x86_64-linux-gnu.so" to ""
[14.492s] -- Installing: /home/max/robotics-and-automation/week2/ws/ros2_ws/install/action_tutorials_interfaces/local/lib/python3.10/dist-packages/action_tutorials_interfaces/action_tutorials_interfaces_s__rosidl_typesupport_c.cpython-310-x86_64-linux-gnu.so
[14.498s] -- Set runtime path of "/home/max/robotics-and-automation/week2/ws/ros2_ws/install/action_tutorials_interfaces/local/lib/python3.10/dist-packages/action_tutorials_interfaces/action_tutorials_interfaces_s__rosidl_typesupport_c.cpython-310-x86_64-linux-gnu.so" to ""
[14.502s] -- Installing: /home/max/robotics-and-automation/week2/ws/ros2_ws/install/action_tutorials_interfaces/lib/libaction_tutorials_interfaces__rosidl_generator_py.so
[14.502s] -- Set runtime path of "/home/max/robotics-and-automation/week2/ws/ros2_ws/install/action_tutorials_interfaces/lib/libaction_tutorials_interfaces__rosidl_generator_py.so" to ""
[14.502s] -- Installing: /home/max/robotics-and-automation/week2/ws/ros2_ws/install/action_tutorials_interfaces/share/action_tutorials_interfaces/action/Fibonacci.idl
[14.502s] -- Installing: /home/max/robotics-and-automation/week2/ws/ros2_ws/install/action_tutorials_interfaces/share/action_tutorials_interfaces/action/Fibonacci.action
[14.502s] -- Installing: /home/max/robotics-and-automation/week2/ws/ros2_ws/install/action_tutorials_interfaces/share/ament_index/resource_index/package_run_dependencies/action_tutorials_interfaces
[14.502s] -- Installing: /home/max/robotics-and-automation/week2/ws/ros2_ws/install/action_tutorials_interfaces/share/ament_index/resource_index/parent_prefix_path/action_tutorials_interfaces
[14.503s] -- Installing: /home/max/robotics-and-automation/week2/ws/ros2_ws/install/action_tutorials_interfaces/share/action_tutorials_interfaces/environment/ament_prefix_path.sh
[14.503s] -- Installing: /home/max/robotics-and-automation/week2/ws/ros2_ws/install/action_tutorials_interfaces/share/action_tutorials_interfaces/environment/ament_prefix_path.dsv
[14.503s] -- Installing: /home/max/robotics-and-automation/week2/ws/ros2_ws/install/action_tutorials_interfaces/share/action_tutorials_interfaces/environment/path.sh
[14.503s] -- Installing: /home/max/robotics-and-automation/week2/ws/ros2_ws/install/action_tutorials_interfaces/share/action_tutorials_interfaces/environment/path.dsv
[14.503s] -- Installing: /home/max/robotics-and-automation/week2/ws/ros2_ws/install/action_tutorials_interfaces/share/action_tutorials_interfaces/local_setup.bash
[14.503s] -- Installing: /home/max/robotics-and-automation/week2/ws/ros2_ws/install/action_tutorials_interfaces/share/action_tutorials_interfaces/local_setup.sh
[14.503s] -- Installing: /home/max/robotics-and-automation/week2/ws/ros2_ws/install/action_tutorials_interfaces/share/action_tutorials_interfaces/local_setup.zsh
[14.503s] -- Installing: /home/max/robotics-and-automation/week2/ws/ros2_ws/install/action_tutorials_interfaces/share/action_tutorials_interfaces/local_setup.dsv
[14.503s] -- Installing: /home/max/robotics-and-automation/week2/ws/ros2_ws/install/action_tutorials_interfaces/share/action_tutorials_interfaces/package.dsv
[14.503s] -- Installing: /home/max/robotics-and-automation/week2/ws/ros2_ws/install/action_tutorials_interfaces/share/ament_index/resource_index/packages/action_tutorials_interfaces
[14.503s] -- Installing: /home/max/robotics-and-automation/week2/ws/ros2_ws/install/action_tutorials_interfaces/share/action_tutorials_interfaces/cmake/export_action_tutorials_interfaces__rosidl_generator_cExport.cmake
[14.503s] -- Installing: /home/max/robotics-and-automation/week2/ws/ros2_ws/install/action_tutorials_interfaces/share/action_tutorials_interfaces/cmake/export_action_tutorials_interfaces__rosidl_generator_cExport-noconfig.cmake
[14.503s] -- Installing: /home/max/robotics-and-automation/week2/ws/ros2_ws/install/action_tutorials_interfaces/share/action_tutorials_interfaces/cmake/export_action_tutorials_interfaces__rosidl_typesupport_fastrtps_cExport.cmake
[14.503s] -- Installing: /home/max/robotics-and-automation/week2/ws/ros2_ws/install/action_tutorials_interfaces/share/action_tutorials_interfaces/cmake/export_action_tutorials_interfaces__rosidl_typesupport_fastrtps_cExport-noconfig.cmake
[14.503s] -- Installing: /home/max/robotics-and-automation/week2/ws/ros2_ws/install/action_tutorials_interfaces/share/action_tutorials_interfaces/cmake/action_tutorials_interfaces__rosidl_typesupport_introspection_cExport.cmake
[14.503s] -- Installing: /home/max/robotics-and-automation/week2/ws/ros2_ws/install/action_tutorials_interfaces/share/action_tutorials_interfaces/cmake/action_tutorials_interfaces__rosidl_typesupport_introspection_cExport-noconfig.cmake
[14.503s] -- Installing: /home/max/robotics-and-automation/week2/ws/ros2_ws/install/action_tutorials_interfaces/share/action_tutorials_interfaces/cmake/action_tutorials_interfaces__rosidl_typesupport_cExport.cmake
[14.504s] -- Installing: /home/max/robotics-and-automation/week2/ws/ros2_ws/install/action_tutorials_interfaces/share/action_tutorials_interfaces/cmake/action_tutorials_interfaces__rosidl_typesupport_cExport-noconfig.cmake
[14.504s] -- Installing: /home/max/robotics-and-automation/week2/ws/ros2_ws/install/action_tutorials_interfaces/share/action_tutorials_interfaces/cmake/export_action_tutorials_interfaces__rosidl_generator_cppExport.cmake
[14.504s] -- Installing: /home/max/robotics-and-automation/week2/ws/ros2_ws/install/action_tutorials_interfaces/share/action_tutorials_interfaces/cmake/export_action_tutorials_interfaces__rosidl_typesupport_fastrtps_cppExport.cmake
[14.504s] -- Installing: /home/max/robotics-and-automation/week2/ws/ros2_ws/install/action_tutorials_interfaces/share/action_tutorials_interfaces/cmake/export_action_tutorials_interfaces__rosidl_typesupport_fastrtps_cppExport-noconfig.cmake
[14.504s] -- Installing: /home/max/robotics-and-automation/week2/ws/ros2_ws/install/action_tutorials_interfaces/share/action_tutorials_interfaces/cmake/action_tutorials_interfaces__rosidl_typesupport_introspection_cppExport.cmake
[14.505s] -- Installing: /home/max/robotics-and-automation/week2/ws/ros2_ws/install/action_tutorials_interfaces/share/action_tutorials_interfaces/cmake/action_tutorials_interfaces__rosidl_typesupport_introspection_cppExport-noconfig.cmake
[14.505s] -- Installing: /home/max/robotics-and-automation/week2/ws/ros2_ws/install/action_tutorials_interfaces/share/action_tutorials_interfaces/cmake/action_tutorials_interfaces__rosidl_typesupport_cppExport.cmake
[14.505s] -- Installing: /home/max/robotics-and-automation/week2/ws/ros2_ws/install/action_tutorials_interfaces/share/action_tutorials_interfaces/cmake/action_tutorials_interfaces__rosidl_typesupport_cppExport-noconfig.cmake
[14.505s] -- Installing: /home/max/robotics-and-automation/week2/ws/ros2_ws/install/action_tutorials_interfaces/share/action_tutorials_interfaces/cmake/export_action_tutorials_interfaces__rosidl_generator_pyExport.cmake
[14.505s] -- Installing: /home/max/robotics-and-automation/week2/ws/ros2_ws/install/action_tutorials_interfaces/share/action_tutorials_interfaces/cmake/export_action_tutorials_interfaces__rosidl_generator_pyExport-noconfig.cmake
[14.505s] -- Installing: /home/max/robotics-and-automation/week2/ws/ros2_ws/install/action_tutorials_interfaces/share/action_tutorials_interfaces/cmake/rosidl_cmake-extras.cmake
[14.508s] -- Installing: /home/max/robotics-and-automation/week2/ws/ros2_ws/install/action_tutorials_interfaces/share/action_tutorials_interfaces/cmake/ament_cmake_export_dependencies-extras.cmake
[14.508s] -- Installing: /home/max/robotics-and-automation/week2/ws/ros2_ws/install/action_tutorials_interfaces/share/action_tutorials_interfaces/cmake/ament_cmake_export_include_directories-extras.cmake
[14.508s] -- Installing: /home/max/robotics-and-automation/week2/ws/ros2_ws/install/action_tutorials_interfaces/share/action_tutorials_interfaces/cmake/ament_cmake_export_libraries-extras.cmake
[14.508s] -- Installing: /home/max/robotics-and-automation/week2/ws/ros2_ws/install/action_tutorials_interfaces/share/action_tutorials_interfaces/cmake/ament_cmake_export_targets-extras.cmake
[14.508s] -- Installing: /home/max/robotics-and-automation/week2/ws/ros2_ws/install/action_tutorials_interfaces/share/action_tutorials_interfaces/cmake/rosidl_cmake_export_typesupport_targets-extras.cmake
[14.508s] -- Installing: /home/max/robotics-and-automation/week2/ws/ros2_ws/install/action_tutorials_interfaces/share/action_tutorials_interfaces/cmake/rosidl_cmake_export_typesupport_libraries-extras.cmake
[14.508s] -- Installing: /home/max/robotics-and-automation/week2/ws/ros2_ws/install/action_tutorials_interfaces/share/action_tutorials_interfaces/cmake/action_tutorials_interfacesConfig.cmake
[14.509s] -- Installing: /home/max/robotics-and-automation/week2/ws/ros2_ws/install/action_tutorials_interfaces/share/action_tutorials_interfaces/cmake/action_tutorials_interfacesConfig-version.cmake
[14.509s] -- Installing: /home/max/robotics-and-automation/week2/ws/ros2_ws/install/action_tutorials_interfaces/share/action_tutorials_interfaces/package.xml
[14.568s] Invoked command in '/home/max/robotics-and-automation/week2/ws/ros2_ws/build/action_tutorials_interfaces' returned '0': CMAKE_PREFIX_PATH=/opt/ros/humble /usr/bin/cmake --install /home/max/robotics-and-automation/week2/ws/ros2_ws/build/action_tutorials_interfaces
