[0.278s] Invoking command in '/home/max/robotics-and-automation/week3/ros2_ws/src/my_robot_controller': PYTHONPATH=/home/max/robotics-and-automation/week3/ros2_ws/build/my_robot_controller/prefix_override:/usr/lib/python3/dist-packages/colcon_core/task/python/colcon_distutils_commands:/home/max/robotics-and-automation/week3/ros2_ws/install/my_robot_controller/lib/python3.10/site-packages:${PYTHONPATH} /usr/bin/python3 -W ignore:setup.py install is deprecated setup.py egg_info --egg-base ../../build/my_robot_controller build --build-base /home/max/robotics-and-automation/week3/ros2_ws/build/my_robot_controller/build install --record /home/max/robotics-and-automation/week3/ros2_ws/build/my_robot_controller/install.log --single-version-externally-managed install_data
[0.390s] running egg_info
[0.390s] creating ../../build/my_robot_controller/my_robot_controller.egg-info
[0.390s] writing ../../build/my_robot_controller/my_robot_controller.egg-info/PKG-INFO
[0.390s] writing dependency_links to ../../build/my_robot_controller/my_robot_controller.egg-info/dependency_links.txt
[0.390s] writing entry points to ../../build/my_robot_controller/my_robot_controller.egg-info/entry_points.txt
[0.390s] writing requirements to ../../build/my_robot_controller/my_robot_controller.egg-info/requires.txt
[0.390s] writing top-level names to ../../build/my_robot_controller/my_robot_controller.egg-info/top_level.txt
[0.390s] writing manifest file '../../build/my_robot_controller/my_robot_controller.egg-info/SOURCES.txt'
[0.391s] reading manifest file '../../build/my_robot_controller/my_robot_controller.egg-info/SOURCES.txt'
[0.391s] writing manifest file '../../build/my_robot_controller/my_robot_controller.egg-info/SOURCES.txt'
[0.391s] running build
[0.391s] running build_py
[0.391s] creating /home/max/robotics-and-automation/week3/ros2_ws/build/my_robot_controller/build
[0.391s] creating /home/max/robotics-and-automation/week3/ros2_ws/build/my_robot_controller/build/lib
[0.391s] creating /home/max/robotics-and-automation/week3/ros2_ws/build/my_robot_controller/build/lib/my_robot_controller
[0.391s] copying my_robot_controller/draw_circle.py -> /home/max/robotics-and-automation/week3/ros2_ws/build/my_robot_controller/build/lib/my_robot_controller
[0.391s] copying my_robot_controller/__init__.py -> /home/max/robotics-and-automation/week3/ros2_ws/build/my_robot_controller/build/lib/my_robot_controller
[0.392s] running install
[0.392s] running install_lib
[0.392s] creating /home/max/robotics-and-automation/week3/ros2_ws/install/my_robot_controller/lib/python3.10/site-packages/my_robot_controller
[0.392s] copying /home/max/robotics-and-automation/week3/ros2_ws/build/my_robot_controller/build/lib/my_robot_controller/draw_circle.py -> /home/max/robotics-and-automation/week3/ros2_ws/install/my_robot_controller/lib/python3.10/site-packages/my_robot_controller
[0.392s] copying /home/max/robotics-and-automation/week3/ros2_ws/build/my_robot_controller/build/lib/my_robot_controller/__init__.py -> /home/max/robotics-and-automation/week3/ros2_ws/install/my_robot_controller/lib/python3.10/site-packages/my_robot_controller
[0.392s] byte-compiling /home/max/robotics-and-automation/week3/ros2_ws/install/my_robot_controller/lib/python3.10/site-packages/my_robot_controller/draw_circle.py to draw_circle.cpython-310.pyc
[0.393s] byte-compiling /home/max/robotics-and-automation/week3/ros2_ws/install/my_robot_controller/lib/python3.10/site-packages/my_robot_controller/__init__.py to __init__.cpython-310.pyc
[0.393s] running install_data
[0.393s] creating /home/max/robotics-and-automation/week3/ros2_ws/install/my_robot_controller/share/ament_index
[0.393s] creating /home/max/robotics-and-automation/week3/ros2_ws/install/my_robot_controller/share/ament_index/resource_index
[0.393s] creating /home/max/robotics-and-automation/week3/ros2_ws/install/my_robot_controller/share/ament_index/resource_index/packages
[0.393s] copying resource/my_robot_controller -> /home/max/robotics-and-automation/week3/ros2_ws/install/my_robot_controller/share/ament_index/resource_index/packages
[0.393s] copying package.xml -> /home/max/robotics-and-automation/week3/ros2_ws/install/my_robot_controller/share/my_robot_controller
[0.393s] running install_egg_info
[0.394s] Copying ../../build/my_robot_controller/my_robot_controller.egg-info to /home/max/robotics-and-automation/week3/ros2_ws/install/my_robot_controller/lib/python3.10/site-packages/my_robot_controller-0.0.0-py3.10.egg-info
[0.394s] running install_scripts
[0.405s] Installing draw_circle script to /home/max/robotics-and-automation/week3/ros2_ws/install/my_robot_controller/lib/my_robot_controller
[0.405s] writing list of installed files to '/home/max/robotics-and-automation/week3/ros2_ws/build/my_robot_controller/install.log'
[0.416s] Invoked command in '/home/max/robotics-and-automation/week3/ros2_ws/src/my_robot_controller' returned '0': PYTHONPATH=/home/max/robotics-and-automation/week3/ros2_ws/build/my_robot_controller/prefix_override:/usr/lib/python3/dist-packages/colcon_core/task/python/colcon_distutils_commands:/home/max/robotics-and-automation/week3/ros2_ws/install/my_robot_controller/lib/python3.10/site-packages:${PYTHONPATH} /usr/bin/python3 -W ignore:setup.py install is deprecated setup.py egg_info --egg-base ../../build/my_robot_controller build --build-base /home/max/robotics-and-automation/week3/ros2_ws/build/my_robot_controller/build install --record /home/max/robotics-and-automation/week3/ros2_ws/build/my_robot_controller/install.log --single-version-externally-managed install_data
