[0.281s] Invoking command in '/home/max/robotics-and-automation/week3/ros2_ws/src/my_robot_controller': PYTHONPATH=/home/max/robotics-and-automation/week3/ros2_ws/build/my_robot_controller/prefix_override:/usr/lib/python3/dist-packages/colcon_core/task/python/colcon_distutils_commands:/home/max/robotics-and-automation/week3/ros2_ws/install/my_robot_controller/lib/python3.10/site-packages:${PYTHONPATH} /usr/bin/python3 -W ignore:setup.py install is deprecated setup.py egg_info --egg-base ../../build/my_robot_controller build --build-base /home/max/robotics-and-automation/week3/ros2_ws/build/my_robot_controller/build install --record /home/max/robotics-and-automation/week3/ros2_ws/build/my_robot_controller/install.log --single-version-externally-managed install_data
[0.392s] running egg_info
[0.392s] writing ../../build/my_robot_controller/my_robot_controller.egg-info/PKG-INFO
[0.392s] writing dependency_links to ../../build/my_robot_controller/my_robot_controller.egg-info/dependency_links.txt
[0.392s] writing entry points to ../../build/my_robot_controller/my_robot_controller.egg-info/entry_points.txt
[0.392s] writing requirements to ../../build/my_robot_controller/my_robot_controller.egg-info/requires.txt
[0.393s] writing top-level names to ../../build/my_robot_controller/my_robot_controller.egg-info/top_level.txt
[0.393s] reading manifest file '../../build/my_robot_controller/my_robot_controller.egg-info/SOURCES.txt'
[0.394s] writing manifest file '../../build/my_robot_controller/my_robot_controller.egg-info/SOURCES.txt'
[0.394s] running build
[0.394s] running build_py
[0.394s] copying my_robot_controller/turtle_controller.py -> /home/max/robotics-and-automation/week3/ros2_ws/build/my_robot_controller/build/lib/my_robot_controller
[0.394s] running install
[0.394s] running install_lib
[0.395s] copying /home/max/robotics-and-automation/week3/ros2_ws/build/my_robot_controller/build/lib/my_robot_controller/turtle_controller.py -> /home/max/robotics-and-automation/week3/ros2_ws/install/my_robot_controller/lib/python3.10/site-packages/my_robot_controller
[0.395s] byte-compiling /home/max/robotics-and-automation/week3/ros2_ws/install/my_robot_controller/lib/python3.10/site-packages/my_robot_controller/turtle_controller.py to turtle_controller.cpython-310.pyc
[0.395s] running install_data
[0.395s] running install_egg_info
[0.396s] removing '/home/max/robotics-and-automation/week3/ros2_ws/install/my_robot_controller/lib/python3.10/site-packages/my_robot_controller-0.0.0-py3.10.egg-info' (and everything under it)
[0.396s] Copying ../../build/my_robot_controller/my_robot_controller.egg-info to /home/max/robotics-and-automation/week3/ros2_ws/install/my_robot_controller/lib/python3.10/site-packages/my_robot_controller-0.0.0-py3.10.egg-info
[0.397s] running install_scripts
[0.407s] Installing draw_circle script to /home/max/robotics-and-automation/week3/ros2_ws/install/my_robot_controller/lib/my_robot_controller
[0.407s] writing list of installed files to '/home/max/robotics-and-automation/week3/ros2_ws/build/my_robot_controller/install.log'
[0.418s] Invoked command in '/home/max/robotics-and-automation/week3/ros2_ws/src/my_robot_controller' returned '0': PYTHONPATH=/home/max/robotics-and-automation/week3/ros2_ws/build/my_robot_controller/prefix_override:/usr/lib/python3/dist-packages/colcon_core/task/python/colcon_distutils_commands:/home/max/robotics-and-automation/week3/ros2_ws/install/my_robot_controller/lib/python3.10/site-packages:${PYTHONPATH} /usr/bin/python3 -W ignore:setup.py install is deprecated setup.py egg_info --egg-base ../../build/my_robot_controller build --build-base /home/max/robotics-and-automation/week3/ros2_ws/build/my_robot_controller/build install --record /home/max/robotics-and-automation/week3/ros2_ws/build/my_robot_controller/install.log --single-version-externally-managed install_data
