[0.027s] Invoking command in '/home/max/robotics-and-automation/week2/ws/ros2_ws/build/dummy_sensors': CMAKE_PREFIX_PATH=/opt/ros/humble /usr/bin/cmake /home/max/robotics-and-automation/week2/ws/ros2_ws/src/demos/dummy_robot/dummy_sensors -DCMAKE_INSTALL_PREFIX=/home/max/robotics-and-automation/week2/ws/ros2_ws/install/dummy_sensors
[0.182s] -- The C compiler identification is GNU 11.4.0
[0.182s] -- The CXX compiler identification is GNU 11.4.0
[0.182s] -- Detecting C compiler ABI info
[0.205s] -- Detecting C compiler ABI info - done
[0.211s] -- Check for working C compiler: /usr/bin/cc - skipped
[0.211s] -- Detecting C compile features
[0.211s] -- Detecting C compile features - done
[0.219s] -- Detecting CXX compiler ABI info
[0.281s] -- Detecting CXX compiler ABI info - done
[0.287s] -- Check for working CXX compiler: /usr/bin/c++ - skipped
[0.288s] -- Detecting CXX compile features
[0.288s] -- Detecting CXX compile features - done
[0.291s] -- Found ament_cmake: 1.3.10 (/opt/ros/humble/share/ament_cmake/cmake)
[0.409s] -- Found Python3: /usr/bin/python3 (found version "3.10.12") found components: Interpreter 
[0.481s] -- Found rclcpp: 16.0.10 (/opt/ros/humble/share/rclcpp/cmake)
[0.514s] -- Found rosidl_generator_c: 3.1.5 (/opt/ros/humble/share/rosidl_generator_c/cmake)
[0.517s] -- Found rosidl_adapter: 3.1.5 (/opt/ros/humble/share/rosidl_adapter/cmake)
[0.527s] -- Found rosidl_generator_cpp: 3.1.5 (/opt/ros/humble/share/rosidl_generator_cpp/cmake)
[0.532s] -- Using all available rosidl_typesupport_c: rosidl_typesupport_fastrtps_c;rosidl_typesupport_introspection_c
[0.544s] -- Using all available rosidl_typesupport_cpp: rosidl_typesupport_fastrtps_cpp;rosidl_typesupport_introspection_cpp
[0.584s] -- Found rmw_implementation_cmake: 6.1.2 (/opt/ros/humble/share/rmw_implementation_cmake/cmake)
[0.586s] -- Found rmw_fastrtps_cpp: 6.2.7 (/opt/ros/humble/share/rmw_fastrtps_cpp/cmake)
[0.648s] -- Found OpenSSL: /usr/lib/x86_64-linux-gnu/libcrypto.so (found version "3.0.2")  
[0.669s] -- Found FastRTPS: /opt/ros/humble/include  
[0.698s] -- Using RMW implementation 'rmw_fastrtps_cpp' as default
[0.707s] -- Looking for pthread.h
[0.764s] -- Looking for pthread.h - found
[0.764s] -- Performing Test CMAKE_HAVE_LIBC_PTHREAD
[0.816s] -- Performing Test CMAKE_HAVE_LIBC_PTHREAD - Success
[0.817s] -- Found Threads: TRUE  
[0.860s] -- Found sensor_msgs: 4.2.4 (/opt/ros/humble/share/sensor_msgs/cmake)
[0.887s] -- Found ament_lint_auto: 0.12.11 (/opt/ros/humble/share/ament_lint_auto/cmake)
[0.943s] -- Added test 'copyright' to check source files copyright and LICENSE
[0.943s] -- Added test 'cppcheck' to perform static code analysis on C / C++ code
[0.944s] -- Configured cppcheck include dirs: 
[0.944s] -- Configured cppcheck exclude dirs and/or files: 
[0.944s] -- Added test 'cpplint' to check C / C++ code against the Google style
[0.944s] -- Configured cpplint exclude dirs and/or files: 
[0.945s] -- Added test 'lint_cmake' to check CMake code style
[0.945s] -- Added test 'uncrustify' to check C / C++ code style
[0.945s] -- Configured uncrustify additional arguments: 
[0.946s] -- Added test 'xmllint' to check XML markup files
[0.947s] -- Configuring done
[0.957s] -- Generating done
[0.959s] -- Build files have been written to: /home/max/robotics-and-automation/week2/ws/ros2_ws/build/dummy_sensors
[0.974s] Invoked command in '/home/max/robotics-and-automation/week2/ws/ros2_ws/build/dummy_sensors' returned '0': CMAKE_PREFIX_PATH=/opt/ros/humble /usr/bin/cmake /home/max/robotics-and-automation/week2/ws/ros2_ws/src/demos/dummy_robot/dummy_sensors -DCMAKE_INSTALL_PREFIX=/home/max/robotics-and-automation/week2/ws/ros2_ws/install/dummy_sensors
[0.974s] Invoking command in '/home/max/robotics-and-automation/week2/ws/ros2_ws/build/dummy_sensors': CMAKE_PREFIX_PATH=/opt/ros/humble /usr/bin/cmake --build /home/max/robotics-and-automation/week2/ws/ros2_ws/build/dummy_sensors -- -j16 -l16
[1.040s] [ 25%] [32mBuilding CXX object CMakeFiles/dummy_joint_states.dir/src/dummy_joint_states.cpp.o[0m
[1.040s] [ 50%] [32mBuilding CXX object CMakeFiles/dummy_laser.dir/src/dummy_laser.cpp.o[0m
[13.672s] [ 75%] [32m[1mLinking CXX executable dummy_laser[0m
[13.969s] [ 75%] Built target dummy_laser
[14.232s] [100%] [32m[1mLinking CXX executable dummy_joint_states[0m
[14.669s] [100%] Built target dummy_joint_states
[14.769s] Invoked command in '/home/max/robotics-and-automation/week2/ws/ros2_ws/build/dummy_sensors' returned '0': CMAKE_PREFIX_PATH=/opt/ros/humble /usr/bin/cmake --build /home/max/robotics-and-automation/week2/ws/ros2_ws/build/dummy_sensors -- -j16 -l16
[15.160s] Invoking command in '/home/max/robotics-and-automation/week2/ws/ros2_ws/build/dummy_sensors': CMAKE_PREFIX_PATH=/opt/ros/humble /usr/bin/cmake --install /home/max/robotics-and-automation/week2/ws/ros2_ws/build/dummy_sensors
[16.484s] -- Install configuration: ""
[16.484s] -- Installing: /home/max/robotics-and-automation/week2/ws/ros2_ws/install/dummy_sensors/lib/dummy_sensors/dummy_joint_states
[16.484s] -- Set runtime path of "/home/max/robotics-and-automation/week2/ws/ros2_ws/install/dummy_sensors/lib/dummy_sensors/dummy_joint_states" to ""
[16.484s] -- Installing: /home/max/robotics-and-automation/week2/ws/ros2_ws/install/dummy_sensors/lib/dummy_sensors/dummy_laser
[16.484s] -- Set runtime path of "/home/max/robotics-and-automation/week2/ws/ros2_ws/install/dummy_sensors/lib/dummy_sensors/dummy_laser" to ""
[16.484s] -- Installing: /home/max/robotics-and-automation/week2/ws/ros2_ws/install/dummy_sensors/share/ament_index/resource_index/package_run_dependencies/dummy_sensors
[16.484s] -- Installing: /home/max/robotics-and-automation/week2/ws/ros2_ws/install/dummy_sensors/share/ament_index/resource_index/parent_prefix_path/dummy_sensors
[16.484s] -- Installing: /home/max/robotics-and-automation/week2/ws/ros2_ws/install/dummy_sensors/share/dummy_sensors/environment/ament_prefix_path.sh
[16.484s] -- Installing: /home/max/robotics-and-automation/week2/ws/ros2_ws/install/dummy_sensors/share/dummy_sensors/environment/ament_prefix_path.dsv
[16.484s] -- Installing: /home/max/robotics-and-automation/week2/ws/ros2_ws/install/dummy_sensors/share/dummy_sensors/environment/path.sh
[16.484s] -- Installing: /home/max/robotics-and-automation/week2/ws/ros2_ws/install/dummy_sensors/share/dummy_sensors/environment/path.dsv
[16.484s] -- Installing: /home/max/robotics-and-automation/week2/ws/ros2_ws/install/dummy_sensors/share/dummy_sensors/local_setup.bash
[16.484s] -- Installing: /home/max/robotics-and-automation/week2/ws/ros2_ws/install/dummy_sensors/share/dummy_sensors/local_setup.sh
[16.484s] -- Installing: /home/max/robotics-and-automation/week2/ws/ros2_ws/install/dummy_sensors/share/dummy_sensors/local_setup.zsh
[16.484s] -- Installing: /home/max/robotics-and-automation/week2/ws/ros2_ws/install/dummy_sensors/share/dummy_sensors/local_setup.dsv
[16.484s] -- Installing: /home/max/robotics-and-automation/week2/ws/ros2_ws/install/dummy_sensors/share/dummy_sensors/package.dsv
[16.484s] -- Installing: /home/max/robotics-and-automation/week2/ws/ros2_ws/install/dummy_sensors/share/ament_index/resource_index/packages/dummy_sensors
[16.484s] -- Installing: /home/max/robotics-and-automation/week2/ws/ros2_ws/install/dummy_sensors/share/dummy_sensors/cmake/dummy_sensorsConfig.cmake
[16.484s] -- Installing: /home/max/robotics-and-automation/week2/ws/ros2_ws/install/dummy_sensors/share/dummy_sensors/cmake/dummy_sensorsConfig-version.cmake
[16.484s] -- Installing: /home/max/robotics-and-automation/week2/ws/ros2_ws/install/dummy_sensors/share/dummy_sensors/package.xml
[16.528s] Invoked command in '/home/max/robotics-and-automation/week2/ws/ros2_ws/build/dummy_sensors' returned '0': CMAKE_PREFIX_PATH=/opt/ros/humble /usr/bin/cmake --install /home/max/robotics-and-automation/week2/ws/ros2_ws/build/dummy_sensors
