[0.005s] Invoking command in '/home/max/robotics-and-automation/week7/build/robot_localization': CMAKE_PREFIX_PATH=/opt/ros/humble /usr/bin/cmake /home/max/robotics-and-automation/week7/src/robot_localization -DAMENT_CMAKE_SYMLINK_INSTALL=1 -DCMAKE_INSTALL_PREFIX=/home/max/robotics-and-automation/week7/install/robot_localization
[0.037s] -- The C compiler identification is GNU 11.4.0
[0.068s] -- The CXX compiler identification is GNU 11.4.0
[0.072s] -- Detecting C compiler ABI info
[0.113s] -- Detecting C compiler ABI info - done
[0.116s] -- Check for working C compiler: /usr/bin/cc - skipped
[0.116s] -- Detecting C compile features
[0.117s] -- Detecting C compile features - done
[0.118s] -- Detecting CXX compiler ABI info
[0.164s] -- Detecting CXX compiler ABI info - done
[0.169s] -- Check for working CXX compiler: /usr/bin/c++ - skipped
[0.169s] -- Detecting CXX compile features
[0.169s] -- Detecting CXX compile features - done
[0.170s] -- robot_localization: You did not request a specific build type: selecting 'RelWithDebInfo'.
[0.171s] -- Found ament_cmake: 1.3.10 (/opt/ros/humble/share/ament_cmake/cmake)
[0.246s] -- Found Python3: /usr/bin/python3 (found version "3.10.12") found components: Interpreter 
[0.276s] -- Override CMake install command with custom implementation using symlinks instead of copying resources
[0.289s] -- Found angles: 1.15.0 (/opt/ros/humble/share/angles/cmake)
[0.290s] -- Found rclcpp: 16.0.10 (/opt/ros/humble/share/rclcpp/cmake)
[0.313s] -- Found rosidl_generator_c: 3.1.5 (/opt/ros/humble/share/rosidl_generator_c/cmake)
[0.315s] -- Found rosidl_adapter: 3.1.5 (/opt/ros/humble/share/rosidl_adapter/cmake)
[0.319s] -- Found rosidl_generator_cpp: 3.1.5 (/opt/ros/humble/share/rosidl_generator_cpp/cmake)
[0.325s] -- Using all available rosidl_typesupport_c: rosidl_typesupport_fastrtps_c;rosidl_typesupport_introspection_c
[0.334s] -- Using all available rosidl_typesupport_cpp: rosidl_typesupport_fastrtps_cpp;rosidl_typesupport_introspection_cpp
[0.355s] -- Found rmw_implementation_cmake: 6.1.2 (/opt/ros/humble/share/rmw_implementation_cmake/cmake)
[0.357s] -- Found rmw_fastrtps_cpp: 6.2.7 (/opt/ros/humble/share/rmw_fastrtps_cpp/cmake)
[0.407s] -- Found OpenSSL: /usr/lib/x86_64-linux-gnu/libcrypto.so (found version "3.0.2")  
[0.422s] -- Found FastRTPS: /opt/ros/humble/include  
[0.446s] -- Using RMW implementation 'rmw_fastrtps_cpp' as default
[0.450s] -- Looking for pthread.h
[0.493s] -- Looking for pthread.h - found
[0.493s] -- Performing Test CMAKE_HAVE_LIBC_PTHREAD
[0.536s] -- Performing Test CMAKE_HAVE_LIBC_PTHREAD - Success
[0.537s] -- Found Threads: TRUE  
[0.561s] -- Found diagnostic_msgs: 4.2.4 (/opt/ros/humble/share/diagnostic_msgs/cmake)
[0.568s] -- Found diagnostic_updater: 4.0.0 (/opt/ros/humble/share/diagnostic_updater/cmake)
[0.576s] [31mCMake Error at CMakeLists.txt:22 (find_package):
[0.576s]   By not providing "Findgeographic_msgs.cmake" in CMAKE_MODULE_PATH this
[0.576s]   project has asked CMake to find a package configuration file provided by
[0.576s]   "geographic_msgs", but CMake did not find one.
[0.576s] 
[0.576s]   Could not find a package configuration file provided by "geographic_msgs"
[0.576s]   with any of the following names:
[0.576s] 
[0.576s]     geographic_msgsConfig.cmake
[0.576s]     geographic_msgs-config.cmake
[0.576s] 
[0.576s]   Add the installation prefix of "geographic_msgs" to CMAKE_PREFIX_PATH or
[0.576s]   set "geographic_msgs_DIR" to a directory containing one of the above files.
[0.576s]   If "geographic_msgs" provides a separate development package or SDK, be
[0.576s]   sure it has been installed.
[0.576s] 
[0.576s] [0m
[0.576s] -- Configuring incomplete, errors occurred!
[0.577s] See also "/home/max/robotics-and-automation/week7/build/robot_localization/CMakeFiles/CMakeOutput.log".
[0.582s] Invoked command in '/home/max/robotics-and-automation/week7/build/robot_localization' returned '1': CMAKE_PREFIX_PATH=/opt/ros/humble /usr/bin/cmake /home/max/robotics-and-automation/week7/src/robot_localization -DAMENT_CMAKE_SYMLINK_INSTALL=1 -DCMAKE_INSTALL_PREFIX=/home/max/robotics-and-automation/week7/install/robot_localization
