[2.738s] Invoking command in '/home/max/robotics-and-automation/week2/ws/ros2_ws/src/examples/rclpy/actions/minimal_action_server': PYTHONPATH=/home/max/robotics-and-automation/week2/ws/ros2_ws/build/examples_rclpy_minimal_action_server/prefix_override:/usr/lib/python3/dist-packages/colcon_core/task/python/colcon_distutils_commands:/home/max/robotics-and-automation/week2/ws/ros2_ws/install/examples_rclpy_minimal_action_server/lib/python3.10/site-packages:${PYTHONPATH} /usr/bin/python3 -W ignore:setup.py install is deprecated setup.py egg_info --egg-base ../../../../../build/examples_rclpy_minimal_action_server build --build-base /home/max/robotics-and-automation/week2/ws/ros2_ws/build/examples_rclpy_minimal_action_server/build install --record /home/max/robotics-and-automation/week2/ws/ros2_ws/build/examples_rclpy_minimal_action_server/install.log --single-version-externally-managed install_data
[3.240s] running egg_info
[3.241s] creating ../../../../../build/examples_rclpy_minimal_action_server/examples_rclpy_minimal_action_server.egg-info
[3.242s] writing ../../../../../build/examples_rclpy_minimal_action_server/examples_rclpy_minimal_action_server.egg-info/PKG-INFO
[3.243s] writing dependency_links to ../../../../../build/examples_rclpy_minimal_action_server/examples_rclpy_minimal_action_server.egg-info/dependency_links.txt
[3.243s] writing entry points to ../../../../../build/examples_rclpy_minimal_action_server/examples_rclpy_minimal_action_server.egg-info/entry_points.txt
[3.243s] writing requirements to ../../../../../build/examples_rclpy_minimal_action_server/examples_rclpy_minimal_action_server.egg-info/requires.txt
[3.243s] writing top-level names to ../../../../../build/examples_rclpy_minimal_action_server/examples_rclpy_minimal_action_server.egg-info/top_level.txt
[3.244s] writing manifest file '../../../../../build/examples_rclpy_minimal_action_server/examples_rclpy_minimal_action_server.egg-info/SOURCES.txt'
[3.247s] reading manifest file '../../../../../build/examples_rclpy_minimal_action_server/examples_rclpy_minimal_action_server.egg-info/SOURCES.txt'
[3.249s] writing manifest file '../../../../../build/examples_rclpy_minimal_action_server/examples_rclpy_minimal_action_server.egg-info/SOURCES.txt'
[3.249s] running build
[3.249s] running build_py
[3.249s] creating /home/max/robotics-and-automation/week2/ws/ros2_ws/build/examples_rclpy_minimal_action_server/build
[3.249s] creating /home/max/robotics-and-automation/week2/ws/ros2_ws/build/examples_rclpy_minimal_action_server/build/lib
[3.249s] creating /home/max/robotics-and-automation/week2/ws/ros2_ws/build/examples_rclpy_minimal_action_server/build/lib/examples_rclpy_minimal_action_server
[3.249s] copying examples_rclpy_minimal_action_server/server_single_goal.py -> /home/max/robotics-and-automation/week2/ws/ros2_ws/build/examples_rclpy_minimal_action_server/build/lib/examples_rclpy_minimal_action_server
[3.251s] copying examples_rclpy_minimal_action_server/__init__.py -> /home/max/robotics-and-automation/week2/ws/ros2_ws/build/examples_rclpy_minimal_action_server/build/lib/examples_rclpy_minimal_action_server
[3.251s] copying examples_rclpy_minimal_action_server/server_queue_goals.py -> /home/max/robotics-and-automation/week2/ws/ros2_ws/build/examples_rclpy_minimal_action_server/build/lib/examples_rclpy_minimal_action_server
[3.251s] copying examples_rclpy_minimal_action_server/server.py -> /home/max/robotics-and-automation/week2/ws/ros2_ws/build/examples_rclpy_minimal_action_server/build/lib/examples_rclpy_minimal_action_server
[3.251s] copying examples_rclpy_minimal_action_server/server_defer.py -> /home/max/robotics-and-automation/week2/ws/ros2_ws/build/examples_rclpy_minimal_action_server/build/lib/examples_rclpy_minimal_action_server
[3.253s] copying examples_rclpy_minimal_action_server/server_not_composable.py -> /home/max/robotics-and-automation/week2/ws/ros2_ws/build/examples_rclpy_minimal_action_server/build/lib/examples_rclpy_minimal_action_server
[3.253s] running install
[3.253s] running install_lib
[3.253s] creating /home/max/robotics-and-automation/week2/ws/ros2_ws/install/examples_rclpy_minimal_action_server/lib/python3.10/site-packages/examples_rclpy_minimal_action_server
[3.253s] copying /home/max/robotics-and-automation/week2/ws/ros2_ws/build/examples_rclpy_minimal_action_server/build/lib/examples_rclpy_minimal_action_server/server_single_goal.py -> /home/max/robotics-and-automation/week2/ws/ros2_ws/install/examples_rclpy_minimal_action_server/lib/python3.10/site-packages/examples_rclpy_minimal_action_server
[3.254s] copying /home/max/robotics-and-automation/week2/ws/ros2_ws/build/examples_rclpy_minimal_action_server/build/lib/examples_rclpy_minimal_action_server/__init__.py -> /home/max/robotics-and-automation/week2/ws/ros2_ws/install/examples_rclpy_minimal_action_server/lib/python3.10/site-packages/examples_rclpy_minimal_action_server
[3.254s] copying /home/max/robotics-and-automation/week2/ws/ros2_ws/build/examples_rclpy_minimal_action_server/build/lib/examples_rclpy_minimal_action_server/server_queue_goals.py -> /home/max/robotics-and-automation/week2/ws/ros2_ws/install/examples_rclpy_minimal_action_server/lib/python3.10/site-packages/examples_rclpy_minimal_action_server
[3.254s] copying /home/max/robotics-and-automation/week2/ws/ros2_ws/build/examples_rclpy_minimal_action_server/build/lib/examples_rclpy_minimal_action_server/server.py -> /home/max/robotics-and-automation/week2/ws/ros2_ws/install/examples_rclpy_minimal_action_server/lib/python3.10/site-packages/examples_rclpy_minimal_action_server
[3.254s] copying /home/max/robotics-and-automation/week2/ws/ros2_ws/build/examples_rclpy_minimal_action_server/build/lib/examples_rclpy_minimal_action_server/server_defer.py -> /home/max/robotics-and-automation/week2/ws/ros2_ws/install/examples_rclpy_minimal_action_server/lib/python3.10/site-packages/examples_rclpy_minimal_action_server
[3.254s] copying /home/max/robotics-and-automation/week2/ws/ros2_ws/build/examples_rclpy_minimal_action_server/build/lib/examples_rclpy_minimal_action_server/server_not_composable.py -> /home/max/robotics-and-automation/week2/ws/ros2_ws/install/examples_rclpy_minimal_action_server/lib/python3.10/site-packages/examples_rclpy_minimal_action_server
[3.256s] byte-compiling /home/max/robotics-and-automation/week2/ws/ros2_ws/install/examples_rclpy_minimal_action_server/lib/python3.10/site-packages/examples_rclpy_minimal_action_server/server_single_goal.py to server_single_goal.cpython-310.pyc
[3.257s] byte-compiling /home/max/robotics-and-automation/week2/ws/ros2_ws/install/examples_rclpy_minimal_action_server/lib/python3.10/site-packages/examples_rclpy_minimal_action_server/__init__.py to __init__.cpython-310.pyc
[3.257s] byte-compiling /home/max/robotics-and-automation/week2/ws/ros2_ws/install/examples_rclpy_minimal_action_server/lib/python3.10/site-packages/examples_rclpy_minimal_action_server/server_queue_goals.py to server_queue_goals.cpython-310.pyc
[3.259s] byte-compiling /home/max/robotics-and-automation/week2/ws/ros2_ws/install/examples_rclpy_minimal_action_server/lib/python3.10/site-packages/examples_rclpy_minimal_action_server/server.py to server.cpython-310.pyc
[3.260s] byte-compiling /home/max/robotics-and-automation/week2/ws/ros2_ws/install/examples_rclpy_minimal_action_server/lib/python3.10/site-packages/examples_rclpy_minimal_action_server/server_defer.py to server_defer.cpython-310.pyc
[3.262s] byte-compiling /home/max/robotics-and-automation/week2/ws/ros2_ws/install/examples_rclpy_minimal_action_server/lib/python3.10/site-packages/examples_rclpy_minimal_action_server/server_not_composable.py to server_not_composable.cpython-310.pyc
[3.262s] running install_data
[3.262s] creating /home/max/robotics-and-automation/week2/ws/ros2_ws/install/examples_rclpy_minimal_action_server/share/ament_index
[3.262s] creating /home/max/robotics-and-automation/week2/ws/ros2_ws/install/examples_rclpy_minimal_action_server/share/ament_index/resource_index
[3.262s] creating /home/max/robotics-and-automation/week2/ws/ros2_ws/install/examples_rclpy_minimal_action_server/share/ament_index/resource_index/packages
[3.262s] copying resource/examples_rclpy_minimal_action_server -> /home/max/robotics-and-automation/week2/ws/ros2_ws/install/examples_rclpy_minimal_action_server/share/ament_index/resource_index/packages
[3.262s] copying package.xml -> /home/max/robotics-and-automation/week2/ws/ros2_ws/install/examples_rclpy_minimal_action_server/share/examples_rclpy_minimal_action_server
[3.262s] running install_egg_info
[3.265s] Copying ../../../../../build/examples_rclpy_minimal_action_server/examples_rclpy_minimal_action_server.egg-info to /home/max/robotics-and-automation/week2/ws/ros2_ws/install/examples_rclpy_minimal_action_server/lib/python3.10/site-packages/examples_rclpy_minimal_action_server-0.15.2-py3.10.egg-info
[3.267s] running install_scripts
[3.313s] Installing server script to /home/max/robotics-and-automation/week2/ws/ros2_ws/install/examples_rclpy_minimal_action_server/lib/examples_rclpy_minimal_action_server
[3.313s] Installing server_defer script to /home/max/robotics-and-automation/week2/ws/ros2_ws/install/examples_rclpy_minimal_action_server/lib/examples_rclpy_minimal_action_server
[3.313s] Installing server_not_composable script to /home/max/robotics-and-automation/week2/ws/ros2_ws/install/examples_rclpy_minimal_action_server/lib/examples_rclpy_minimal_action_server
[3.314s] Installing server_queue_goals script to /home/max/robotics-and-automation/week2/ws/ros2_ws/install/examples_rclpy_minimal_action_server/lib/examples_rclpy_minimal_action_server
[3.314s] Installing server_single_goal script to /home/max/robotics-and-automation/week2/ws/ros2_ws/install/examples_rclpy_minimal_action_server/lib/examples_rclpy_minimal_action_server
[3.315s] writing list of installed files to '/home/max/robotics-and-automation/week2/ws/ros2_ws/build/examples_rclpy_minimal_action_server/install.log'
[3.470s] Invoked command in '/home/max/robotics-and-automation/week2/ws/ros2_ws/src/examples/rclpy/actions/minimal_action_server' returned '0': PYTHONPATH=/home/max/robotics-and-automation/week2/ws/ros2_ws/build/examples_rclpy_minimal_action_server/prefix_override:/usr/lib/python3/dist-packages/colcon_core/task/python/colcon_distutils_commands:/home/max/robotics-and-automation/week2/ws/ros2_ws/install/examples_rclpy_minimal_action_server/lib/python3.10/site-packages:${PYTHONPATH} /usr/bin/python3 -W ignore:setup.py install is deprecated setup.py egg_info --egg-base ../../../../../build/examples_rclpy_minimal_action_server build --build-base /home/max/robotics-and-automation/week2/ws/ros2_ws/build/examples_rclpy_minimal_action_server/build install --record /home/max/robotics-and-automation/week2/ws/ros2_ws/build/examples_rclpy_minimal_action_server/install.log --single-version-externally-managed install_data
