[0.035s] Invoking command in '/home/max/robotics-and-automation/week2/ws/ros2_ws/build/dummy_robot_bringup': AMENT_PREFIX_PATH=/home/max/robotics-and-automation/week2/ws/ros2_ws/install/dummy_sensors:/home/max/robotics-and-automation/week2/ws/ros2_ws/install/dummy_map_server:${AMENT_PREFIX_PATH} CMAKE_PREFIX_PATH=/home/max/robotics-and-automation/week2/ws/ros2_ws/install/dummy_sensors:/home/max/robotics-and-automation/week2/ws/ros2_ws/install/dummy_map_server:/opt/ros/humble /usr/bin/cmake /home/max/robotics-and-automation/week2/ws/ros2_ws/src/demos/dummy_robot/dummy_robot_bringup -DCMAKE_INSTALL_PREFIX=/home/max/robotics-and-automation/week2/ws/ros2_ws/install/dummy_robot_bringup
[9.178s] -- The C compiler identification is GNU 11.4.0
[9.178s] -- The CXX compiler identification is GNU 11.4.0
[9.178s] -- Detecting C compiler ABI info
[9.178s] -- Detecting C compiler ABI info - done
[9.179s] -- Check for working C compiler: /usr/bin/cc - skipped
[9.179s] -- Detecting C compile features
[9.179s] -- Detecting C compile features - done
[9.179s] -- Detecting CXX compiler ABI info
[9.179s] -- Detecting CXX compiler ABI info - done
[9.179s] -- Check for working CXX compiler: /usr/bin/c++ - skipped
[9.179s] -- Detecting CXX compile features
[9.179s] -- Detecting CXX compile features - done
[9.179s] -- Found ament_cmake: 1.3.10 (/opt/ros/humble/share/ament_cmake/cmake)
[9.179s] -- Found Python3: /usr/bin/python3 (found version "3.10.12") found components: Interpreter 
[9.179s] -- Found ament_lint_auto: 0.12.11 (/opt/ros/humble/share/ament_lint_auto/cmake)
[9.179s] -- Added test 'copyright' to check source files copyright and LICENSE
[9.179s] -- Added test 'flake8' to check Python code syntax and style conventions
[9.179s] -- Added test 'lint_cmake' to check CMake code style
[9.179s] -- Added test 'pep257' to check Python code against some of the docstring style conventions in PEP 257
[9.179s] -- Added test 'xmllint' to check XML markup files
[9.179s] -- Configuring done
[9.179s] -- Generating done
[9.179s] -- Build files have been written to: /home/max/robotics-and-automation/week2/ws/ros2_ws/build/dummy_robot_bringup
[9.211s] Invoked command in '/home/max/robotics-and-automation/week2/ws/ros2_ws/build/dummy_robot_bringup' returned '0': AMENT_PREFIX_PATH=/home/max/robotics-and-automation/week2/ws/ros2_ws/install/dummy_sensors:/home/max/robotics-and-automation/week2/ws/ros2_ws/install/dummy_map_server:${AMENT_PREFIX_PATH} CMAKE_PREFIX_PATH=/home/max/robotics-and-automation/week2/ws/ros2_ws/install/dummy_sensors:/home/max/robotics-and-automation/week2/ws/ros2_ws/install/dummy_map_server:/opt/ros/humble /usr/bin/cmake /home/max/robotics-and-automation/week2/ws/ros2_ws/src/demos/dummy_robot/dummy_robot_bringup -DCMAKE_INSTALL_PREFIX=/home/max/robotics-and-automation/week2/ws/ros2_ws/install/dummy_robot_bringup
[9.211s] Invoking command in '/home/max/robotics-and-automation/week2/ws/ros2_ws/build/dummy_robot_bringup': AMENT_PREFIX_PATH=/home/max/robotics-and-automation/week2/ws/ros2_ws/install/dummy_sensors:/home/max/robotics-and-automation/week2/ws/ros2_ws/install/dummy_map_server:${AMENT_PREFIX_PATH} CMAKE_PREFIX_PATH=/home/max/robotics-and-automation/week2/ws/ros2_ws/install/dummy_sensors:/home/max/robotics-and-automation/week2/ws/ros2_ws/install/dummy_map_server:/opt/ros/humble /usr/bin/cmake --build /home/max/robotics-and-automation/week2/ws/ros2_ws/build/dummy_robot_bringup -- -j16 -l16
[11.294s] Invoked command in '/home/max/robotics-and-automation/week2/ws/ros2_ws/build/dummy_robot_bringup' returned '0': AMENT_PREFIX_PATH=/home/max/robotics-and-automation/week2/ws/ros2_ws/install/dummy_sensors:/home/max/robotics-and-automation/week2/ws/ros2_ws/install/dummy_map_server:${AMENT_PREFIX_PATH} CMAKE_PREFIX_PATH=/home/max/robotics-and-automation/week2/ws/ros2_ws/install/dummy_sensors:/home/max/robotics-and-automation/week2/ws/ros2_ws/install/dummy_map_server:/opt/ros/humble /usr/bin/cmake --build /home/max/robotics-and-automation/week2/ws/ros2_ws/build/dummy_robot_bringup -- -j16 -l16
[11.365s] Invoking command in '/home/max/robotics-and-automation/week2/ws/ros2_ws/build/dummy_robot_bringup': AMENT_PREFIX_PATH=/home/max/robotics-and-automation/week2/ws/ros2_ws/install/dummy_sensors:/home/max/robotics-and-automation/week2/ws/ros2_ws/install/dummy_map_server:${AMENT_PREFIX_PATH} CMAKE_PREFIX_PATH=/home/max/robotics-and-automation/week2/ws/ros2_ws/install/dummy_sensors:/home/max/robotics-and-automation/week2/ws/ros2_ws/install/dummy_map_server:/opt/ros/humble /usr/bin/cmake --install /home/max/robotics-and-automation/week2/ws/ros2_ws/build/dummy_robot_bringup
[11.796s] -- Install configuration: ""
[11.796s] -- Installing: /home/max/robotics-and-automation/week2/ws/ros2_ws/install/dummy_robot_bringup/share/dummy_robot_bringup/launch
[11.796s] -- Installing: /home/max/robotics-and-automation/week2/ws/ros2_ws/install/dummy_robot_bringup/share/dummy_robot_bringup/launch/dummy_robot_bringup.launch.py
[11.796s] -- Installing: /home/max/robotics-and-automation/week2/ws/ros2_ws/install/dummy_robot_bringup/share/dummy_robot_bringup/launch/dummy_robot_bringup_launch.xml
[11.796s] -- Installing: /home/max/robotics-and-automation/week2/ws/ros2_ws/install/dummy_robot_bringup/share/dummy_robot_bringup/launch/dummy_robot_bringup_launch.yaml
[11.796s] -- Installing: /home/max/robotics-and-automation/week2/ws/ros2_ws/install/dummy_robot_bringup/share/dummy_robot_bringup/launch/single_rrbot.urdf
[11.796s] -- Installing: /home/max/robotics-and-automation/week2/ws/ros2_ws/install/dummy_robot_bringup/share/ament_index/resource_index/package_run_dependencies/dummy_robot_bringup
[11.796s] -- Installing: /home/max/robotics-and-automation/week2/ws/ros2_ws/install/dummy_robot_bringup/share/ament_index/resource_index/parent_prefix_path/dummy_robot_bringup
[11.796s] -- Installing: /home/max/robotics-and-automation/week2/ws/ros2_ws/install/dummy_robot_bringup/share/dummy_robot_bringup/environment/ament_prefix_path.sh
[11.796s] -- Installing: /home/max/robotics-and-automation/week2/ws/ros2_ws/install/dummy_robot_bringup/share/dummy_robot_bringup/environment/ament_prefix_path.dsv
[11.796s] -- Installing: /home/max/robotics-and-automation/week2/ws/ros2_ws/install/dummy_robot_bringup/share/dummy_robot_bringup/environment/path.sh
[11.796s] -- Installing: /home/max/robotics-and-automation/week2/ws/ros2_ws/install/dummy_robot_bringup/share/dummy_robot_bringup/environment/path.dsv
[11.796s] -- Installing: /home/max/robotics-and-automation/week2/ws/ros2_ws/install/dummy_robot_bringup/share/dummy_robot_bringup/local_setup.bash
[11.796s] -- Installing: /home/max/robotics-and-automation/week2/ws/ros2_ws/install/dummy_robot_bringup/share/dummy_robot_bringup/local_setup.sh
[11.796s] -- Installing: /home/max/robotics-and-automation/week2/ws/ros2_ws/install/dummy_robot_bringup/share/dummy_robot_bringup/local_setup.zsh
[11.797s] -- Installing: /home/max/robotics-and-automation/week2/ws/ros2_ws/install/dummy_robot_bringup/share/dummy_robot_bringup/local_setup.dsv
[11.797s] -- Installing: /home/max/robotics-and-automation/week2/ws/ros2_ws/install/dummy_robot_bringup/share/dummy_robot_bringup/package.dsv
[11.797s] -- Installing: /home/max/robotics-and-automation/week2/ws/ros2_ws/install/dummy_robot_bringup/share/ament_index/resource_index/packages/dummy_robot_bringup
[11.797s] -- Installing: /home/max/robotics-and-automation/week2/ws/ros2_ws/install/dummy_robot_bringup/share/dummy_robot_bringup/cmake/dummy_robot_bringupConfig.cmake
[11.797s] -- Installing: /home/max/robotics-and-automation/week2/ws/ros2_ws/install/dummy_robot_bringup/share/dummy_robot_bringup/cmake/dummy_robot_bringupConfig-version.cmake
[11.797s] -- Installing: /home/max/robotics-and-automation/week2/ws/ros2_ws/install/dummy_robot_bringup/share/dummy_robot_bringup/package.xml
[11.798s] Invoked command in '/home/max/robotics-and-automation/week2/ws/ros2_ws/build/dummy_robot_bringup' returned '0': AMENT_PREFIX_PATH=/home/max/robotics-and-automation/week2/ws/ros2_ws/install/dummy_sensors:/home/max/robotics-and-automation/week2/ws/ros2_ws/install/dummy_map_server:${AMENT_PREFIX_PATH} CMAKE_PREFIX_PATH=/home/max/robotics-and-automation/week2/ws/ros2_ws/install/dummy_sensors:/home/max/robotics-and-automation/week2/ws/ros2_ws/install/dummy_map_server:/opt/ros/humble /usr/bin/cmake --install /home/max/robotics-and-automation/week2/ws/ros2_ws/build/dummy_robot_bringup
