[0.053s] DEBUG:colcon:Command line arguments: ['/usr/bin/colcon', 'list', '-p', '--base-paths', '/home/max/robotics-and-automation/week2/ws/ros2_tutorial_workspace']
[0.053s] DEBUG:colcon:Parsed command line arguments: Namespace(log_base=None, log_level=None, verb_name='list', build_base='build', ignore_user_meta=False, metas=['./colcon.meta'], base_paths=['/home/max/robotics-and-automation/week2/ws/ros2_tutorial_workspace'], packages_ignore=None, packages_ignore_regex=None, paths=None, packages_up_to=None, packages_up_to_regex=None, packages_above=None, packages_above_and_dependencies=None, packages_above_depth=None, packages_select_by_dep=None, packages_skip_by_dep=None, packages_skip_up_to=None, packages_select_build_failed=False, packages_skip_build_finished=False, packages_select_test_failures=False, packages_skip_test_passed=False, packages_select=None, packages_skip=None, packages_select_regex=None, packages_skip_regex=None, packages_start=None, packages_end=None, allow_overriding=[], topological_order=False, names_only=False, paths_only=True, topological_graph=False, topological_graph_dot=False, topological_graph_density=False, topological_graph_legend=False, topological_graph_dot_cluster=False, topological_graph_dot_include_skipped=False, mixin_files=None, mixin=None, verb_parser=<colcon_mixin.mixin.mixin_argument.MixinArgumentDecorator object at 0x7820f3256c20>, verb_extension=<colcon_package_information.verb.list.ListVerb object at 0x7820f3255a80>, main=<bound method ListVerb.main of <colcon_package_information.verb.list.ListVerb object at 0x7820f3255a80>>, mixin_verb=('list',))
[0.138s] Level 1:colcon.colcon_core.package_discovery:discover_packages(colcon_meta) check parameters
[0.138s] Level 1:colcon.colcon_core.package_discovery:discover_packages(recursive) check parameters
[0.138s] Level 1:colcon.colcon_core.package_discovery:discover_packages(ignore) check parameters
[0.138s] Level 1:colcon.colcon_core.package_discovery:discover_packages(path) check parameters
[0.138s] Level 1:colcon.colcon_core.package_discovery:discover_packages(recursive) discover
[0.138s] INFO:colcon.colcon_core.package_discovery:Crawling recursively for packages in '/home/max/robotics-and-automation/week2/ws/ros2_tutorial_workspace'
[0.138s] Level 1:colcon.colcon_core.package_identification:_identify(/home/max/robotics-and-automation/week2/ws/ros2_tutorial_workspace) by extensions ['ignore', 'ignore_ament_install']
[0.138s] Level 1:colcon.colcon_core.package_identification:_identify(/home/max/robotics-and-automation/week2/ws/ros2_tutorial_workspace) by extension 'ignore'
[0.138s] Level 1:colcon.colcon_core.package_identification:_identify(/home/max/robotics-and-automation/week2/ws/ros2_tutorial_workspace) by extension 'ignore_ament_install'
[0.138s] Level 1:colcon.colcon_core.package_identification:_identify(/home/max/robotics-and-automation/week2/ws/ros2_tutorial_workspace) by extensions ['colcon_pkg']
[0.138s] Level 1:colcon.colcon_core.package_identification:_identify(/home/max/robotics-and-automation/week2/ws/ros2_tutorial_workspace) by extension 'colcon_pkg'
[0.138s] Level 1:colcon.colcon_core.package_identification:_identify(/home/max/robotics-and-automation/week2/ws/ros2_tutorial_workspace) by extensions ['colcon_meta']
[0.138s] Level 1:colcon.colcon_core.package_identification:_identify(/home/max/robotics-and-automation/week2/ws/ros2_tutorial_workspace) by extension 'colcon_meta'
[0.138s] Level 1:colcon.colcon_core.package_identification:_identify(/home/max/robotics-and-automation/week2/ws/ros2_tutorial_workspace) by extensions ['ros']
[0.138s] Level 1:colcon.colcon_core.package_identification:_identify(/home/max/robotics-and-automation/week2/ws/ros2_tutorial_workspace) by extension 'ros'
[0.144s] Level 1:colcon.colcon_core.package_identification:_identify(/home/max/robotics-and-automation/week2/ws/ros2_tutorial_workspace) by extensions ['cmake', 'python']
[0.144s] Level 1:colcon.colcon_core.package_identification:_identify(/home/max/robotics-and-automation/week2/ws/ros2_tutorial_workspace) by extension 'cmake'
[0.145s] Level 1:colcon.colcon_core.package_identification:_identify(/home/max/robotics-and-automation/week2/ws/ros2_tutorial_workspace) by extension 'python'
[0.145s] Level 1:colcon.colcon_core.package_identification:_identify(/home/max/robotics-and-automation/week2/ws/ros2_tutorial_workspace) by extensions ['python_setup_py']
[0.145s] Level 1:colcon.colcon_core.package_identification:_identify(/home/max/robotics-and-automation/week2/ws/ros2_tutorial_workspace) by extension 'python_setup_py'
[0.145s] Level 1:colcon.colcon_core.package_identification:_identify(/home/max/robotics-and-automation/week2/ws/ros2_tutorial_workspace/build) by extensions ['ignore', 'ignore_ament_install']
[0.145s] Level 1:colcon.colcon_core.package_identification:_identify(/home/max/robotics-and-automation/week2/ws/ros2_tutorial_workspace/build) by extension 'ignore'
[0.145s] Level 1:colcon.colcon_core.package_identification:_identify(/home/max/robotics-and-automation/week2/ws/ros2_tutorial_workspace/build) ignored
[0.145s] Level 1:colcon.colcon_core.package_identification:_identify(/home/max/robotics-and-automation/week2/ws/ros2_tutorial_workspace/install) by extensions ['ignore', 'ignore_ament_install']
[0.145s] Level 1:colcon.colcon_core.package_identification:_identify(/home/max/robotics-and-automation/week2/ws/ros2_tutorial_workspace/install) by extension 'ignore'
[0.145s] Level 1:colcon.colcon_core.package_identification:_identify(/home/max/robotics-and-automation/week2/ws/ros2_tutorial_workspace/install) ignored
[0.145s] Level 1:colcon.colcon_core.package_identification:_identify(/home/max/robotics-and-automation/week2/ws/ros2_tutorial_workspace/log) by extensions ['ignore', 'ignore_ament_install']
[0.145s] Level 1:colcon.colcon_core.package_identification:_identify(/home/max/robotics-and-automation/week2/ws/ros2_tutorial_workspace/log) by extension 'ignore'
[0.145s] Level 1:colcon.colcon_core.package_identification:_identify(/home/max/robotics-and-automation/week2/ws/ros2_tutorial_workspace/log) ignored
[0.145s] Level 1:colcon.colcon_core.package_identification:_identify(/home/max/robotics-and-automation/week2/ws/ros2_tutorial_workspace/src) by extensions ['ignore', 'ignore_ament_install']
[0.145s] Level 1:colcon.colcon_core.package_identification:_identify(/home/max/robotics-and-automation/week2/ws/ros2_tutorial_workspace/src) by extension 'ignore'
[0.145s] Level 1:colcon.colcon_core.package_identification:_identify(/home/max/robotics-and-automation/week2/ws/ros2_tutorial_workspace/src) by extension 'ignore_ament_install'
[0.145s] Level 1:colcon.colcon_core.package_identification:_identify(/home/max/robotics-and-automation/week2/ws/ros2_tutorial_workspace/src) by extensions ['colcon_pkg']
[0.145s] Level 1:colcon.colcon_core.package_identification:_identify(/home/max/robotics-and-automation/week2/ws/ros2_tutorial_workspace/src) by extension 'colcon_pkg'
[0.145s] Level 1:colcon.colcon_core.package_identification:_identify(/home/max/robotics-and-automation/week2/ws/ros2_tutorial_workspace/src) by extensions ['colcon_meta']
[0.145s] Level 1:colcon.colcon_core.package_identification:_identify(/home/max/robotics-and-automation/week2/ws/ros2_tutorial_workspace/src) by extension 'colcon_meta'
[0.145s] Level 1:colcon.colcon_core.package_identification:_identify(/home/max/robotics-and-automation/week2/ws/ros2_tutorial_workspace/src) by extensions ['ros']
[0.145s] Level 1:colcon.colcon_core.package_identification:_identify(/home/max/robotics-and-automation/week2/ws/ros2_tutorial_workspace/src) by extension 'ros'
[0.145s] Level 1:colcon.colcon_core.package_identification:_identify(/home/max/robotics-and-automation/week2/ws/ros2_tutorial_workspace/src) by extensions ['cmake', 'python']
[0.145s] Level 1:colcon.colcon_core.package_identification:_identify(/home/max/robotics-and-automation/week2/ws/ros2_tutorial_workspace/src) by extension 'cmake'
[0.145s] Level 1:colcon.colcon_core.package_identification:_identify(/home/max/robotics-and-automation/week2/ws/ros2_tutorial_workspace/src) by extension 'python'
[0.145s] Level 1:colcon.colcon_core.package_identification:_identify(/home/max/robotics-and-automation/week2/ws/ros2_tutorial_workspace/src) by extensions ['python_setup_py']
[0.145s] Level 1:colcon.colcon_core.package_identification:_identify(/home/max/robotics-and-automation/week2/ws/ros2_tutorial_workspace/src) by extension 'python_setup_py'
[0.145s] Level 1:colcon.colcon_core.package_identification:_identify(/home/max/robotics-and-automation/week2/ws/ros2_tutorial_workspace/src/packages_with_interfaces) by extensions ['ignore', 'ignore_ament_install']
[0.145s] Level 1:colcon.colcon_core.package_identification:_identify(/home/max/robotics-and-automation/week2/ws/ros2_tutorial_workspace/src/packages_with_interfaces) by extension 'ignore'
[0.145s] Level 1:colcon.colcon_core.package_identification:_identify(/home/max/robotics-and-automation/week2/ws/ros2_tutorial_workspace/src/packages_with_interfaces) by extension 'ignore_ament_install'
[0.145s] Level 1:colcon.colcon_core.package_identification:_identify(/home/max/robotics-and-automation/week2/ws/ros2_tutorial_workspace/src/packages_with_interfaces) by extensions ['colcon_pkg']
[0.145s] Level 1:colcon.colcon_core.package_identification:_identify(/home/max/robotics-and-automation/week2/ws/ros2_tutorial_workspace/src/packages_with_interfaces) by extension 'colcon_pkg'
[0.146s] Level 1:colcon.colcon_core.package_identification:_identify(/home/max/robotics-and-automation/week2/ws/ros2_tutorial_workspace/src/packages_with_interfaces) by extensions ['colcon_meta']
[0.146s] Level 1:colcon.colcon_core.package_identification:_identify(/home/max/robotics-and-automation/week2/ws/ros2_tutorial_workspace/src/packages_with_interfaces) by extension 'colcon_meta'
[0.146s] Level 1:colcon.colcon_core.package_identification:_identify(/home/max/robotics-and-automation/week2/ws/ros2_tutorial_workspace/src/packages_with_interfaces) by extensions ['ros']
[0.146s] Level 1:colcon.colcon_core.package_identification:_identify(/home/max/robotics-and-automation/week2/ws/ros2_tutorial_workspace/src/packages_with_interfaces) by extension 'ros'
[0.147s] DEBUG:colcon.colcon_core.package_identification:Package '/home/max/robotics-and-automation/week2/ws/ros2_tutorial_workspace/src/packages_with_interfaces' with type 'ros.ament_cmake' and name 'packages_with_interfaces'
[0.147s] Level 1:colcon.colcon_core.package_identification:_identify(/home/max/robotics-and-automation/week2/ws/ros2_tutorial_workspace/src/python_package_that_uses_the_messages) by extensions ['ignore', 'ignore_ament_install']
[0.147s] Level 1:colcon.colcon_core.package_identification:_identify(/home/max/robotics-and-automation/week2/ws/ros2_tutorial_workspace/src/python_package_that_uses_the_messages) by extension 'ignore'
[0.147s] Level 1:colcon.colcon_core.package_identification:_identify(/home/max/robotics-and-automation/week2/ws/ros2_tutorial_workspace/src/python_package_that_uses_the_messages) by extension 'ignore_ament_install'
[0.147s] Level 1:colcon.colcon_core.package_identification:_identify(/home/max/robotics-and-automation/week2/ws/ros2_tutorial_workspace/src/python_package_that_uses_the_messages) by extensions ['colcon_pkg']
[0.147s] Level 1:colcon.colcon_core.package_identification:_identify(/home/max/robotics-and-automation/week2/ws/ros2_tutorial_workspace/src/python_package_that_uses_the_messages) by extension 'colcon_pkg'
[0.147s] Level 1:colcon.colcon_core.package_identification:_identify(/home/max/robotics-and-automation/week2/ws/ros2_tutorial_workspace/src/python_package_that_uses_the_messages) by extensions ['colcon_meta']
[0.147s] Level 1:colcon.colcon_core.package_identification:_identify(/home/max/robotics-and-automation/week2/ws/ros2_tutorial_workspace/src/python_package_that_uses_the_messages) by extension 'colcon_meta'
[0.147s] Level 1:colcon.colcon_core.package_identification:_identify(/home/max/robotics-and-automation/week2/ws/ros2_tutorial_workspace/src/python_package_that_uses_the_messages) by extensions ['ros']
[0.147s] Level 1:colcon.colcon_core.package_identification:_identify(/home/max/robotics-and-automation/week2/ws/ros2_tutorial_workspace/src/python_package_that_uses_the_messages) by extension 'ros'
[0.148s] DEBUG:colcon.colcon_core.package_identification:Package '/home/max/robotics-and-automation/week2/ws/ros2_tutorial_workspace/src/python_package_that_uses_the_messages' with type 'ros.ament_python' and name 'python_package_that_uses_the_messages'
[0.148s] Level 1:colcon.colcon_core.package_identification:_identify(/home/max/robotics-and-automation/week2/ws/ros2_tutorial_workspace/src/python_package_with_a_node) by extensions ['ignore', 'ignore_ament_install']
[0.148s] Level 1:colcon.colcon_core.package_identification:_identify(/home/max/robotics-and-automation/week2/ws/ros2_tutorial_workspace/src/python_package_with_a_node) by extension 'ignore'
[0.148s] Level 1:colcon.colcon_core.package_identification:_identify(/home/max/robotics-and-automation/week2/ws/ros2_tutorial_workspace/src/python_package_with_a_node) by extension 'ignore_ament_install'
[0.148s] Level 1:colcon.colcon_core.package_identification:_identify(/home/max/robotics-and-automation/week2/ws/ros2_tutorial_workspace/src/python_package_with_a_node) by extensions ['colcon_pkg']
[0.148s] Level 1:colcon.colcon_core.package_identification:_identify(/home/max/robotics-and-automation/week2/ws/ros2_tutorial_workspace/src/python_package_with_a_node) by extension 'colcon_pkg'
[0.148s] Level 1:colcon.colcon_core.package_identification:_identify(/home/max/robotics-and-automation/week2/ws/ros2_tutorial_workspace/src/python_package_with_a_node) by extensions ['colcon_meta']
[0.148s] Level 1:colcon.colcon_core.package_identification:_identify(/home/max/robotics-and-automation/week2/ws/ros2_tutorial_workspace/src/python_package_with_a_node) by extension 'colcon_meta'
[0.148s] Level 1:colcon.colcon_core.package_identification:_identify(/home/max/robotics-and-automation/week2/ws/ros2_tutorial_workspace/src/python_package_with_a_node) by extensions ['ros']
[0.148s] Level 1:colcon.colcon_core.package_identification:_identify(/home/max/robotics-and-automation/week2/ws/ros2_tutorial_workspace/src/python_package_with_a_node) by extension 'ros'
[0.148s] DEBUG:colcon.colcon_core.package_identification:Package '/home/max/robotics-and-automation/week2/ws/ros2_tutorial_workspace/src/python_package_with_a_node' with type 'ros.ament_python' and name 'python_package_with_a_node'
[0.148s] Level 1:colcon.colcon_core.package_identification:_identify(/home/max/robotics-and-automation/week2/ws/ros2_tutorial_workspace/src/the_simplest_python_package) by extensions ['ignore', 'ignore_ament_install']
[0.148s] Level 1:colcon.colcon_core.package_identification:_identify(/home/max/robotics-and-automation/week2/ws/ros2_tutorial_workspace/src/the_simplest_python_package) by extension 'ignore'
[0.148s] Level 1:colcon.colcon_core.package_identification:_identify(/home/max/robotics-and-automation/week2/ws/ros2_tutorial_workspace/src/the_simplest_python_package) by extension 'ignore_ament_install'
[0.148s] Level 1:colcon.colcon_core.package_identification:_identify(/home/max/robotics-and-automation/week2/ws/ros2_tutorial_workspace/src/the_simplest_python_package) by extensions ['colcon_pkg']
[0.148s] Level 1:colcon.colcon_core.package_identification:_identify(/home/max/robotics-and-automation/week2/ws/ros2_tutorial_workspace/src/the_simplest_python_package) by extension 'colcon_pkg'
[0.148s] Level 1:colcon.colcon_core.package_identification:_identify(/home/max/robotics-and-automation/week2/ws/ros2_tutorial_workspace/src/the_simplest_python_package) by extensions ['colcon_meta']
[0.148s] Level 1:colcon.colcon_core.package_identification:_identify(/home/max/robotics-and-automation/week2/ws/ros2_tutorial_workspace/src/the_simplest_python_package) by extension 'colcon_meta'
[0.148s] Level 1:colcon.colcon_core.package_identification:_identify(/home/max/robotics-and-automation/week2/ws/ros2_tutorial_workspace/src/the_simplest_python_package) by extensions ['ros']
[0.148s] Level 1:colcon.colcon_core.package_identification:_identify(/home/max/robotics-and-automation/week2/ws/ros2_tutorial_workspace/src/the_simplest_python_package) by extension 'ros'
[0.149s] DEBUG:colcon.colcon_core.package_identification:Package '/home/max/robotics-and-automation/week2/ws/ros2_tutorial_workspace/src/the_simplest_python_package' with type 'ros.ament_python' and name 'the_simplest_python_package'
[0.149s] Level 1:colcon.colcon_core.package_discovery:discover_packages(recursive) using defaults
