[1.081s] Invoking command in '/home/max/robotics-and-automation/week2/ws/ros2_ws/src/demos/lifecycle_py': AMENT_PREFIX_PATH=/home/max/robotics-and-automation/week2/ws/ros2_ws/install/lifecycle:${AMENT_PREFIX_PATH} CMAKE_PREFIX_PATH=/home/max/robotics-and-automation/week2/ws/ros2_ws/install/lifecycle PYTHONPATH=/home/max/robotics-and-automation/week2/ws/ros2_ws/build/lifecycle_py/prefix_override:/usr/lib/python3/dist-packages/colcon_core/task/python/colcon_distutils_commands:/home/max/robotics-and-automation/week2/ws/ros2_ws/install/lifecycle_py/lib/python3.10/site-packages:${PYTHONPATH} /usr/bin/python3 -W ignore:setup.py install is deprecated setup.py egg_info --egg-base ../../../build/lifecycle_py build --build-base /home/max/robotics-and-automation/week2/ws/ros2_ws/build/lifecycle_py/build install --record /home/max/robotics-and-automation/week2/ws/ros2_ws/build/lifecycle_py/install.log --single-version-externally-managed install_data
[5.918s] running egg_info
[5.918s] creating ../../../build/lifecycle_py/lifecycle_py.egg-info
[5.918s] writing ../../../build/lifecycle_py/lifecycle_py.egg-info/PKG-INFO
[5.918s] writing dependency_links to ../../../build/lifecycle_py/lifecycle_py.egg-info/dependency_links.txt
[5.918s] writing entry points to ../../../build/lifecycle_py/lifecycle_py.egg-info/entry_points.txt
[5.918s] writing requirements to ../../../build/lifecycle_py/lifecycle_py.egg-info/requires.txt
[5.918s] writing top-level names to ../../../build/lifecycle_py/lifecycle_py.egg-info/top_level.txt
[5.918s] writing manifest file '../../../build/lifecycle_py/lifecycle_py.egg-info/SOURCES.txt'
[5.918s] reading manifest file '../../../build/lifecycle_py/lifecycle_py.egg-info/SOURCES.txt'
[5.918s] writing manifest file '../../../build/lifecycle_py/lifecycle_py.egg-info/SOURCES.txt'
[5.918s] running build
[5.918s] running build_py
[5.918s] creating /home/max/robotics-and-automation/week2/ws/ros2_ws/build/lifecycle_py/build
[5.918s] creating /home/max/robotics-and-automation/week2/ws/ros2_ws/build/lifecycle_py/build/lib
[5.918s] creating /home/max/robotics-and-automation/week2/ws/ros2_ws/build/lifecycle_py/build/lib/lifecycle_py
[5.918s] copying lifecycle_py/__init__.py -> /home/max/robotics-and-automation/week2/ws/ros2_ws/build/lifecycle_py/build/lib/lifecycle_py
[5.918s] copying lifecycle_py/talker.py -> /home/max/robotics-and-automation/week2/ws/ros2_ws/build/lifecycle_py/build/lib/lifecycle_py
[5.919s] running install
[5.919s] running install_lib
[5.919s] creating /home/max/robotics-and-automation/week2/ws/ros2_ws/install/lifecycle_py/lib/python3.10/site-packages/lifecycle_py
[5.919s] copying /home/max/robotics-and-automation/week2/ws/ros2_ws/build/lifecycle_py/build/lib/lifecycle_py/__init__.py -> /home/max/robotics-and-automation/week2/ws/ros2_ws/install/lifecycle_py/lib/python3.10/site-packages/lifecycle_py
[5.919s] copying /home/max/robotics-and-automation/week2/ws/ros2_ws/build/lifecycle_py/build/lib/lifecycle_py/talker.py -> /home/max/robotics-and-automation/week2/ws/ros2_ws/install/lifecycle_py/lib/python3.10/site-packages/lifecycle_py
[5.919s] byte-compiling /home/max/robotics-and-automation/week2/ws/ros2_ws/install/lifecycle_py/lib/python3.10/site-packages/lifecycle_py/__init__.py to __init__.cpython-310.pyc
[5.919s] byte-compiling /home/max/robotics-and-automation/week2/ws/ros2_ws/install/lifecycle_py/lib/python3.10/site-packages/lifecycle_py/talker.py to talker.cpython-310.pyc
[5.919s] running install_data
[5.919s] creating /home/max/robotics-and-automation/week2/ws/ros2_ws/install/lifecycle_py/share/ament_index
[5.919s] creating /home/max/robotics-and-automation/week2/ws/ros2_ws/install/lifecycle_py/share/ament_index/resource_index
[5.919s] creating /home/max/robotics-and-automation/week2/ws/ros2_ws/install/lifecycle_py/share/ament_index/resource_index/packages
[5.919s] copying resource/lifecycle_py -> /home/max/robotics-and-automation/week2/ws/ros2_ws/install/lifecycle_py/share/ament_index/resource_index/packages
[5.919s] copying package.xml -> /home/max/robotics-and-automation/week2/ws/ros2_ws/install/lifecycle_py/share/lifecycle_py
[5.919s] running install_egg_info
[5.919s] Copying ../../../build/lifecycle_py/lifecycle_py.egg-info to /home/max/robotics-and-automation/week2/ws/ros2_ws/install/lifecycle_py/lib/python3.10/site-packages/lifecycle_py-0.20.5-py3.10.egg-info
[5.919s] running install_scripts
[5.919s] Installing lifecycle_talker script to /home/max/robotics-and-automation/week2/ws/ros2_ws/install/lifecycle_py/lib/lifecycle_py
[5.919s] writing list of installed files to '/home/max/robotics-and-automation/week2/ws/ros2_ws/build/lifecycle_py/install.log'
[5.983s] Invoked command in '/home/max/robotics-and-automation/week2/ws/ros2_ws/src/demos/lifecycle_py' returned '0': AMENT_PREFIX_PATH=/home/max/robotics-and-automation/week2/ws/ros2_ws/install/lifecycle:${AMENT_PREFIX_PATH} CMAKE_PREFIX_PATH=/home/max/robotics-and-automation/week2/ws/ros2_ws/install/lifecycle PYTHONPATH=/home/max/robotics-and-automation/week2/ws/ros2_ws/build/lifecycle_py/prefix_override:/usr/lib/python3/dist-packages/colcon_core/task/python/colcon_distutils_commands:/home/max/robotics-and-automation/week2/ws/ros2_ws/install/lifecycle_py/lib/python3.10/site-packages:${PYTHONPATH} /usr/bin/python3 -W ignore:setup.py install is deprecated setup.py egg_info --egg-base ../../../build/lifecycle_py build --build-base /home/max/robotics-and-automation/week2/ws/ros2_ws/build/lifecycle_py/build install --record /home/max/robotics-and-automation/week2/ws/ros2_ws/build/lifecycle_py/install.log --single-version-externally-managed install_data
