[0.039s] Invoking command in '/home/max/robotics-and-automation/week2/ws/ros2_ws/build/action_tutorials_cpp': AMENT_PREFIX_PATH=/home/max/robotics-and-automation/week2/ws/ros2_ws/install/action_tutorials_interfaces:${AMENT_PREFIX_PATH} CMAKE_PREFIX_PATH=/home/max/robotics-and-automation/week2/ws/ros2_ws/install/action_tutorials_interfaces:/opt/ros/humble LD_LIBRARY_PATH=/home/max/robotics-and-automation/week2/ws/ros2_ws/install/action_tutorials_interfaces/lib:${LD_LIBRARY_PATH} PYTHONPATH=/home/max/robotics-and-automation/week2/ws/ros2_ws/install/action_tutorials_interfaces/local/lib/python3.10/dist-packages:${PYTHONPATH} /usr/bin/cmake /home/max/robotics-and-automation/week2/ws/ros2_ws/src/demos/action_tutorials/action_tutorials_cpp -DCMAKE_INSTALL_PREFIX=/home/max/robotics-and-automation/week2/ws/ros2_ws/install/action_tutorials_cpp
[9.872s] -- The C compiler identification is GNU 11.4.0
[9.872s] -- The CXX compiler identification is GNU 11.4.0
[9.872s] -- Detecting C compiler ABI info
[9.872s] -- Detecting C compiler ABI info - done
[9.872s] -- Check for working C compiler: /usr/bin/cc - skipped
[9.872s] -- Detecting C compile features
[9.872s] -- Detecting C compile features - done
[9.872s] -- Detecting CXX compiler ABI info
[9.872s] -- Detecting CXX compiler ABI info - done
[9.872s] -- Check for working CXX compiler: /usr/bin/c++ - skipped
[9.872s] -- Detecting CXX compile features
[9.872s] -- Detecting CXX compile features - done
[9.872s] -- Found ament_cmake: 1.3.10 (/opt/ros/humble/share/ament_cmake/cmake)
[9.872s] -- Found Python3: /usr/bin/python3 (found version "3.10.12") found components: Interpreter 
[9.872s] -- Found action_tutorials_interfaces: 0.20.5 (/home/max/robotics-and-automation/week2/ws/ros2_ws/install/action_tutorials_interfaces/share/action_tutorials_interfaces/cmake)
[9.872s] -- Found rosidl_generator_c: 3.1.5 (/opt/ros/humble/share/rosidl_generator_c/cmake)
[9.872s] -- Found rosidl_adapter: 3.1.5 (/opt/ros/humble/share/rosidl_adapter/cmake)
[9.872s] -- Found rosidl_generator_cpp: 3.1.5 (/opt/ros/humble/share/rosidl_generator_cpp/cmake)
[9.872s] -- Using all available rosidl_typesupport_c: rosidl_typesupport_fastrtps_c;rosidl_typesupport_introspection_c
[9.872s] -- Using all available rosidl_typesupport_cpp: rosidl_typesupport_fastrtps_cpp;rosidl_typesupport_introspection_cpp
[9.873s] -- Found rclcpp: 16.0.10 (/opt/ros/humble/share/rclcpp/cmake)
[9.873s] -- Found rmw_implementation_cmake: 6.1.2 (/opt/ros/humble/share/rmw_implementation_cmake/cmake)
[9.873s] -- Found rmw_fastrtps_cpp: 6.2.7 (/opt/ros/humble/share/rmw_fastrtps_cpp/cmake)
[9.873s] -- Found OpenSSL: /usr/lib/x86_64-linux-gnu/libcrypto.so (found version "3.0.2")  
[9.873s] -- Found FastRTPS: /opt/ros/humble/include  
[9.873s] -- Using RMW implementation 'rmw_fastrtps_cpp' as default
[9.873s] -- Looking for pthread.h
[9.873s] -- Looking for pthread.h - found
[9.874s] -- Performing Test CMAKE_HAVE_LIBC_PTHREAD
[9.874s] -- Performing Test CMAKE_HAVE_LIBC_PTHREAD - Success
[9.874s] -- Found Threads: TRUE  
[9.874s] -- Found rclcpp_action: 16.0.10 (/opt/ros/humble/share/rclcpp_action/cmake)
[9.874s] -- Found rclcpp_components: 16.0.10 (/opt/ros/humble/share/rclcpp_components/cmake)
[9.874s] -- Found ament_lint_auto: 0.12.11 (/opt/ros/humble/share/ament_lint_auto/cmake)
[9.874s] -- Added test 'copyright' to check source files copyright and LICENSE
[9.874s] -- Added test 'cppcheck' to perform static code analysis on C / C++ code
[9.874s] -- Configured cppcheck include dirs: /home/max/robotics-and-automation/week2/ws/ros2_ws/src/demos/action_tutorials/action_tutorials_cpp/include
[9.874s] -- Configured cppcheck exclude dirs and/or files: 
[9.874s] -- Added test 'cpplint' to check C / C++ code against the Google style
[9.874s] -- Configured cpplint exclude dirs and/or files: 
[9.874s] -- Added test 'lint_cmake' to check CMake code style
[9.874s] -- Added test 'uncrustify' to check C / C++ code style
[9.874s] -- Configured uncrustify additional arguments: 
[9.874s] -- Added test 'xmllint' to check XML markup files
[9.874s] -- Configuring done
[9.874s] -- Generating done
[9.874s] -- Build files have been written to: /home/max/robotics-and-automation/week2/ws/ros2_ws/build/action_tutorials_cpp
[9.901s] Invoked command in '/home/max/robotics-and-automation/week2/ws/ros2_ws/build/action_tutorials_cpp' returned '0': AMENT_PREFIX_PATH=/home/max/robotics-and-automation/week2/ws/ros2_ws/install/action_tutorials_interfaces:${AMENT_PREFIX_PATH} CMAKE_PREFIX_PATH=/home/max/robotics-and-automation/week2/ws/ros2_ws/install/action_tutorials_interfaces:/opt/ros/humble LD_LIBRARY_PATH=/home/max/robotics-and-automation/week2/ws/ros2_ws/install/action_tutorials_interfaces/lib:${LD_LIBRARY_PATH} PYTHONPATH=/home/max/robotics-and-automation/week2/ws/ros2_ws/install/action_tutorials_interfaces/local/lib/python3.10/dist-packages:${PYTHONPATH} /usr/bin/cmake /home/max/robotics-and-automation/week2/ws/ros2_ws/src/demos/action_tutorials/action_tutorials_cpp -DCMAKE_INSTALL_PREFIX=/home/max/robotics-and-automation/week2/ws/ros2_ws/install/action_tutorials_cpp
[9.902s] Invoking command in '/home/max/robotics-and-automation/week2/ws/ros2_ws/build/action_tutorials_cpp': AMENT_PREFIX_PATH=/home/max/robotics-and-automation/week2/ws/ros2_ws/install/action_tutorials_interfaces:${AMENT_PREFIX_PATH} CMAKE_PREFIX_PATH=/home/max/robotics-and-automation/week2/ws/ros2_ws/install/action_tutorials_interfaces:/opt/ros/humble LD_LIBRARY_PATH=/home/max/robotics-and-automation/week2/ws/ros2_ws/install/action_tutorials_interfaces/lib:${LD_LIBRARY_PATH} PYTHONPATH=/home/max/robotics-and-automation/week2/ws/ros2_ws/install/action_tutorials_interfaces/local/lib/python3.10/dist-packages:${PYTHONPATH} /usr/bin/cmake --build /home/max/robotics-and-automation/week2/ws/ros2_ws/build/action_tutorials_cpp -- -j16 -l16
[10.026s] [ 14%] [32mBuilding CXX object CMakeFiles/action_tutorials.dir/src/fibonacci_action_client.cpp.o[0m
[14.026s] [ 28%] [32mBuilding CXX object CMakeFiles/action_tutorials.dir/src/fibonacci_action_server.cpp.o[0m
[16.171s] [ 42%] [32m[1mLinking CXX shared library libaction_tutorials.so[0m
[16.285s] [ 42%] Built target action_tutorials
[16.297s] [ 57%] [32mBuilding CXX object CMakeFiles/fibonacci_action_server.dir/rclcpp_components/node_main_fibonacci_action_server.cpp.o[0m
[17.980s] [ 71%] [32m[1mLinking CXX executable fibonacci_action_server[0m
[18.045s] [ 71%] Built target fibonacci_action_server
[18.058s] [ 85%] [32mBuilding CXX object CMakeFiles/fibonacci_action_client.dir/rclcpp_components/node_main_fibonacci_action_client.cpp.o[0m
[19.704s] [100%] [32m[1mLinking CXX executable fibonacci_action_client[0m
[19.766s] [100%] Built target fibonacci_action_client
[19.774s] Invoked command in '/home/max/robotics-and-automation/week2/ws/ros2_ws/build/action_tutorials_cpp' returned '0': AMENT_PREFIX_PATH=/home/max/robotics-and-automation/week2/ws/ros2_ws/install/action_tutorials_interfaces:${AMENT_PREFIX_PATH} CMAKE_PREFIX_PATH=/home/max/robotics-and-automation/week2/ws/ros2_ws/install/action_tutorials_interfaces:/opt/ros/humble LD_LIBRARY_PATH=/home/max/robotics-and-automation/week2/ws/ros2_ws/install/action_tutorials_interfaces/lib:${LD_LIBRARY_PATH} PYTHONPATH=/home/max/robotics-and-automation/week2/ws/ros2_ws/install/action_tutorials_interfaces/local/lib/python3.10/dist-packages:${PYTHONPATH} /usr/bin/cmake --build /home/max/robotics-and-automation/week2/ws/ros2_ws/build/action_tutorials_cpp -- -j16 -l16
[19.793s] Invoking command in '/home/max/robotics-and-automation/week2/ws/ros2_ws/build/action_tutorials_cpp': AMENT_PREFIX_PATH=/home/max/robotics-and-automation/week2/ws/ros2_ws/install/action_tutorials_interfaces:${AMENT_PREFIX_PATH} CMAKE_PREFIX_PATH=/home/max/robotics-and-automation/week2/ws/ros2_ws/install/action_tutorials_interfaces:/opt/ros/humble LD_LIBRARY_PATH=/home/max/robotics-and-automation/week2/ws/ros2_ws/install/action_tutorials_interfaces/lib:${LD_LIBRARY_PATH} PYTHONPATH=/home/max/robotics-and-automation/week2/ws/ros2_ws/install/action_tutorials_interfaces/local/lib/python3.10/dist-packages:${PYTHONPATH} /usr/bin/cmake --install /home/max/robotics-and-automation/week2/ws/ros2_ws/build/action_tutorials_cpp
[19.798s] -- Install configuration: ""
[19.798s] -- Installing: /home/max/robotics-and-automation/week2/ws/ros2_ws/install/action_tutorials_cpp/lib/action_tutorials_cpp/fibonacci_action_client
[19.798s] -- Set runtime path of "/home/max/robotics-and-automation/week2/ws/ros2_ws/install/action_tutorials_cpp/lib/action_tutorials_cpp/fibonacci_action_client" to ""
[19.798s] -- Installing: /home/max/robotics-and-automation/week2/ws/ros2_ws/install/action_tutorials_cpp/lib/action_tutorials_cpp/fibonacci_action_server
[19.799s] -- Set runtime path of "/home/max/robotics-and-automation/week2/ws/ros2_ws/install/action_tutorials_cpp/lib/action_tutorials_cpp/fibonacci_action_server" to ""
[19.799s] -- Installing: /home/max/robotics-and-automation/week2/ws/ros2_ws/install/action_tutorials_cpp/lib/libaction_tutorials.so
[19.800s] -- Set runtime path of "/home/max/robotics-and-automation/week2/ws/ros2_ws/install/action_tutorials_cpp/lib/libaction_tutorials.so" to ""
[19.800s] -- Installing: /home/max/robotics-and-automation/week2/ws/ros2_ws/install/action_tutorials_cpp/share/ament_index/resource_index/package_run_dependencies/action_tutorials_cpp
[19.801s] -- Installing: /home/max/robotics-and-automation/week2/ws/ros2_ws/install/action_tutorials_cpp/share/ament_index/resource_index/parent_prefix_path/action_tutorials_cpp
[19.801s] -- Installing: /home/max/robotics-and-automation/week2/ws/ros2_ws/install/action_tutorials_cpp/share/action_tutorials_cpp/environment/ament_prefix_path.sh
[19.801s] -- Installing: /home/max/robotics-and-automation/week2/ws/ros2_ws/install/action_tutorials_cpp/share/action_tutorials_cpp/environment/ament_prefix_path.dsv
[19.801s] -- Installing: /home/max/robotics-and-automation/week2/ws/ros2_ws/install/action_tutorials_cpp/share/action_tutorials_cpp/environment/path.sh
[19.801s] -- Installing: /home/max/robotics-and-automation/week2/ws/ros2_ws/install/action_tutorials_cpp/share/action_tutorials_cpp/environment/path.dsv
[19.801s] -- Installing: /home/max/robotics-and-automation/week2/ws/ros2_ws/install/action_tutorials_cpp/share/action_tutorials_cpp/local_setup.bash
[19.801s] -- Installing: /home/max/robotics-and-automation/week2/ws/ros2_ws/install/action_tutorials_cpp/share/action_tutorials_cpp/local_setup.sh
[19.801s] -- Installing: /home/max/robotics-and-automation/week2/ws/ros2_ws/install/action_tutorials_cpp/share/action_tutorials_cpp/local_setup.zsh
[19.801s] -- Installing: /home/max/robotics-and-automation/week2/ws/ros2_ws/install/action_tutorials_cpp/share/action_tutorials_cpp/local_setup.dsv
[19.801s] -- Installing: /home/max/robotics-and-automation/week2/ws/ros2_ws/install/action_tutorials_cpp/share/action_tutorials_cpp/package.dsv
[19.801s] -- Installing: /home/max/robotics-and-automation/week2/ws/ros2_ws/install/action_tutorials_cpp/share/ament_index/resource_index/packages/action_tutorials_cpp
[19.801s] -- Installing: /home/max/robotics-and-automation/week2/ws/ros2_ws/install/action_tutorials_cpp/share/ament_index/resource_index/rclcpp_components/action_tutorials_cpp
[19.802s] -- Installing: /home/max/robotics-and-automation/week2/ws/ros2_ws/install/action_tutorials_cpp/share/action_tutorials_cpp/cmake/action_tutorials_cppConfig.cmake
[19.802s] -- Installing: /home/max/robotics-and-automation/week2/ws/ros2_ws/install/action_tutorials_cpp/share/action_tutorials_cpp/cmake/action_tutorials_cppConfig-version.cmake
[19.802s] -- Installing: /home/max/robotics-and-automation/week2/ws/ros2_ws/install/action_tutorials_cpp/share/action_tutorials_cpp/package.xml
[19.803s] Invoked command in '/home/max/robotics-and-automation/week2/ws/ros2_ws/build/action_tutorials_cpp' returned '0': AMENT_PREFIX_PATH=/home/max/robotics-and-automation/week2/ws/ros2_ws/install/action_tutorials_interfaces:${AMENT_PREFIX_PATH} CMAKE_PREFIX_PATH=/home/max/robotics-and-automation/week2/ws/ros2_ws/install/action_tutorials_interfaces:/opt/ros/humble LD_LIBRARY_PATH=/home/max/robotics-and-automation/week2/ws/ros2_ws/install/action_tutorials_interfaces/lib:${LD_LIBRARY_PATH} PYTHONPATH=/home/max/robotics-and-automation/week2/ws/ros2_ws/install/action_tutorials_interfaces/local/lib/python3.10/dist-packages:${PYTHONPATH} /usr/bin/cmake --install /home/max/robotics-and-automation/week2/ws/ros2_ws/build/action_tutorials_cpp
