[0.114s] Invoking command in '/home/max/robotics-and-automation/week7/build/robot_localization': CMAKE_PREFIX_PATH=/home/max/robotics-and-automation/week7/install/add_noise:/opt/ros/humble /usr/bin/cmake /home/max/robotics-and-automation/week7/src/robot_localization -DCMAKE_INSTALL_PREFIX=/home/max/robotics-and-automation/week7/install/robot_localization
[0.120s] -- robot_localization: You did not request a specific build type: selecting 'RelWithDebInfo'.
[0.120s] -- Found ament_cmake: 1.3.10 (/opt/ros/humble/share/ament_cmake/cmake)
[0.180s] -- Override CMake install command with custom implementation using symlinks instead of copying resources
[0.184s] -- Found angles: 1.15.0 (/opt/ros/humble/share/angles/cmake)
[0.185s] -- Found rclcpp: 16.0.10 (/opt/ros/humble/share/rclcpp/cmake)
[0.198s] -- Found rosidl_generator_c: 3.1.5 (/opt/ros/humble/share/rosidl_generator_c/cmake)
[0.200s] -- Found rosidl_adapter: 3.1.5 (/opt/ros/humble/share/rosidl_adapter/cmake)
[0.202s] -- Found rosidl_generator_cpp: 3.1.5 (/opt/ros/humble/share/rosidl_generator_cpp/cmake)
[0.206s] -- Using all available rosidl_typesupport_c: rosidl_typesupport_fastrtps_c;rosidl_typesupport_introspection_c
[0.212s] -- Using all available rosidl_typesupport_cpp: rosidl_typesupport_fastrtps_cpp;rosidl_typesupport_introspection_cpp
[0.227s] -- Found rmw_implementation_cmake: 6.1.2 (/opt/ros/humble/share/rmw_implementation_cmake/cmake)
[0.227s] -- Found rmw_fastrtps_cpp: 6.2.7 (/opt/ros/humble/share/rmw_fastrtps_cpp/cmake)
[0.285s] -- Using RMW implementation 'rmw_fastrtps_cpp' as default
[0.308s] -- Found diagnostic_msgs: 4.2.4 (/opt/ros/humble/share/diagnostic_msgs/cmake)
[0.314s] -- Found diagnostic_updater: 4.0.0 (/opt/ros/humble/share/diagnostic_updater/cmake)
[0.322s] CMake Error at CMakeLists.txt:22 (find_package):
[0.322s]   By not providing "Findgeographic_msgs.cmake" in CMAKE_MODULE_PATH this
[0.322s]   project has asked CMake to find a package configuration file provided by
[0.322s]   "geographic_msgs", but CMake did not find one.
[0.322s] 
[0.322s]   Could not find a package configuration file provided by "geographic_msgs"
[0.322s]   with any of the following names:
[0.322s] 
[0.322s]     geographic_msgsConfig.cmake
[0.322s]     geographic_msgs-config.cmake
[0.322s] 
[0.322s]   Add the installation prefix of "geographic_msgs" to CMAKE_PREFIX_PATH or
[0.322s]   set "geographic_msgs_DIR" to a directory containing one of the above files.
[0.322s]   If "geographic_msgs" provides a separate development package or SDK, be
[0.322s]   sure it has been installed.
[0.322s] 
[0.322s] 
[0.322s] -- Configuring incomplete, errors occurred!
[0.322s] See also "/home/max/robotics-and-automation/week7/build/robot_localization/CMakeFiles/CMakeOutput.log".
[0.328s] Invoked command in '/home/max/robotics-and-automation/week7/build/robot_localization' returned '1': CMAKE_PREFIX_PATH=/home/max/robotics-and-automation/week7/install/add_noise:/opt/ros/humble /usr/bin/cmake /home/max/robotics-and-automation/week7/src/robot_localization -DCMAKE_INSTALL_PREFIX=/home/max/robotics-and-automation/week7/install/robot_localization
