-- The C compiler identification is GNU 11.4.0
-- The CXX compiler identification is GNU 11.4.0
-- Detecting C compiler ABI info
-- Detecting C compiler ABI info - done
-- Check for working C compiler: /usr/bin/cc - skipped
-- Detecting C compile features
-- Detecting C compile features - done
-- Detecting CXX compiler ABI info
-- Detecting CXX compiler ABI info - done
-- Check for working CXX compiler: /usr/bin/c++ - skipped
-- Detecting CXX compile features
-- Detecting CXX compile features - done
-- Found ament_cmake: 1.3.10 (/opt/ros/humble/share/ament_cmake/cmake)
-- Found Python3: /usr/bin/python3 (found version "3.10.12") found components: Interpreter 
-- Found example_interfaces: 0.9.3 (/opt/ros/humble/share/example_interfaces/cmake)
-- Found rosidl_generator_c: 3.1.5 (/opt/ros/humble/share/rosidl_generator_c/cmake)
-- Found rosidl_adapter: 3.1.5 (/opt/ros/humble/share/rosidl_adapter/cmake)
-- Found rosidl_generator_cpp: 3.1.5 (/opt/ros/humble/share/rosidl_generator_cpp/cmake)
-- Using all available rosidl_typesupport_c: rosidl_typesupport_fastrtps_c;rosidl_typesupport_introspection_c
-- Using all available rosidl_typesupport_cpp: rosidl_typesupport_fastrtps_cpp;rosidl_typesupport_introspection_cpp
-- Found rclcpp: 16.0.10 (/opt/ros/humble/share/rclcpp/cmake)
-- Found rmw_implementation_cmake: 6.1.2 (/opt/ros/humble/share/rmw_implementation_cmake/cmake)
-- Found rmw_fastrtps_cpp: 6.2.7 (/opt/ros/humble/share/rmw_fastrtps_cpp/cmake)
-- Found OpenSSL: /usr/lib/x86_64-linux-gnu/libcrypto.so (found version "3.0.2")  
-- Found FastRTPS: /opt/ros/humble/include  
-- Using RMW implementation 'rmw_fastrtps_cpp' as default
-- Looking for pthread.h
-- Looking for pthread.h - found
-- Performing Test CMAKE_HAVE_LIBC_PTHREAD
-- Performing Test CMAKE_HAVE_LIBC_PTHREAD - Success
-- Found Threads: TRUE  
-- Found rclcpp_components: 16.0.10 (/opt/ros/humble/share/rclcpp_components/cmake)
-- Found ament_lint_auto: 0.12.11 (/opt/ros/humble/share/ament_lint_auto/cmake)
-- Found python_cmake_module: 0.10.0 (/opt/ros/humble/share/python_cmake_module/cmake)
-- Found PythonInterp: /usr/bin/python3 (found suitable version "3.10.12", minimum required is "3.6") 
-- Found PythonLibs: /usr/lib/x86_64-linux-gnu/libpython3.10.so (found suitable version "3.10.12", minimum required is "3.5") 
-- Using PYTHON_EXECUTABLE: /usr/bin/python3
-- Using PYTHON_INCLUDE_DIRS: /usr/include/python3.10
-- Using PYTHON_LIBRARIES: /usr/lib/x86_64-linux-gnu/libpython3.10.so
-- Found PythonExtra: .so  
-- Added test 'copyright' to check source files copyright and LICENSE
-- Added test 'cppcheck' to perform static code analysis on C / C++ code
-- Configured cppcheck include dirs: /home/max/robotics-and-automation/week2/ws/ros2_ws/src/demos/composition/include
-- Configured cppcheck exclude dirs and/or files: 
-- Added test 'cpplint' to check C / C++ code against the Google style
-- Configured cpplint exclude dirs and/or files: 
-- Added test 'flake8' to check Python code syntax and style conventions
-- Added test 'lint_cmake' to check CMake code style
-- Added test 'pep257' to check Python code against some of the docstring style conventions in PEP 257
-- Added test 'uncrustify' to check C / C++ code style
-- Configured uncrustify additional arguments: 
-- Added test 'xmllint' to check XML markup files
-- Configuring done
-- Generating done
-- Build files have been written to: /home/max/robotics-and-automation/week2/ws/ros2_ws/build/composition
[  6%] [32mBuilding CXX object CMakeFiles/talker_component.dir/src/talker_component.cpp.o[0m
[ 12%] [32mBuilding CXX object CMakeFiles/listener_component.dir/src/listener_component.cpp.o[0m
[ 18%] [32mBuilding CXX object CMakeFiles/node_like_listener_component.dir/src/node_like_listener_component.cpp.o[0m
[ 25%] [32mBuilding CXX object CMakeFiles/server_component.dir/src/server_component.cpp.o[0m
[ 31%] [32mBuilding CXX object CMakeFiles/client_component.dir/src/client_component.cpp.o[0m
[ 37%] [32mBuilding CXX object CMakeFiles/dlopen_composition.dir/src/dlopen_composition.cpp.o[0m
[ 43%] [32m[1mLinking CXX shared library libclient_component.so[0m
[ 43%] Built target client_component
[ 50%] [32m[1mLinking CXX executable dlopen_composition[0m
[ 50%] Built target dlopen_composition
[ 56%] [32m[1mLinking CXX shared library libserver_component.so[0m
[ 56%] Built target server_component
[ 62%] [32m[1mLinking CXX shared library libtalker_component.so[0m
[ 62%] Built target talker_component
[ 68%] [32m[1mLinking CXX shared library libnode_like_listener_component.so[0m
[ 68%] Built target node_like_listener_component
[ 75%] [32m[1mLinking CXX shared library liblistener_component.so[0m
[ 75%] Built target listener_component
[ 81%] [32mBuilding CXX object CMakeFiles/manual_composition.dir/src/manual_composition.cpp.o[0m
[ 87%] [32m[1mLinking CXX executable manual_composition[0m
[ 87%] Built target manual_composition
[ 93%] [32mBuilding CXX object CMakeFiles/linktime_composition.dir/src/linktime_composition.cpp.o[0m
[100%] [32m[1mLinking CXX executable linktime_composition[0m
[100%] Built target linktime_composition
-- Install configuration: ""
-- Installing: /home/max/robotics-and-automation/week2/ws/ros2_ws/install/composition/share/composition/environment/library_path.sh
-- Installing: /home/max/robotics-and-automation/week2/ws/ros2_ws/install/composition/share/composition/environment/library_path.dsv
-- Installing: /home/max/robotics-and-automation/week2/ws/ros2_ws/install/composition/lib/libtalker_component.so
-- Set runtime path of "/home/max/robotics-and-automation/week2/ws/ros2_ws/install/composition/lib/libtalker_component.so" to ""
-- Installing: /home/max/robotics-and-automation/week2/ws/ros2_ws/install/composition/lib/liblistener_component.so
-- Set runtime path of "/home/max/robotics-and-automation/week2/ws/ros2_ws/install/composition/lib/liblistener_component.so" to ""
-- Installing: /home/max/robotics-and-automation/week2/ws/ros2_ws/install/composition/lib/libnode_like_listener_component.so
-- Set runtime path of "/home/max/robotics-and-automation/week2/ws/ros2_ws/install/composition/lib/libnode_like_listener_component.so" to ""
-- Installing: /home/max/robotics-and-automation/week2/ws/ros2_ws/install/composition/lib/libserver_component.so
-- Set runtime path of "/home/max/robotics-and-automation/week2/ws/ros2_ws/install/composition/lib/libserver_component.so" to ""
-- Installing: /home/max/robotics-and-automation/week2/ws/ros2_ws/install/composition/lib/libclient_component.so
-- Set runtime path of "/home/max/robotics-and-automation/week2/ws/ros2_ws/install/composition/lib/libclient_component.so" to ""
-- Installing: /home/max/robotics-and-automation/week2/ws/ros2_ws/install/composition/lib/composition/manual_composition
-- Set runtime path of "/home/max/robotics-and-automation/week2/ws/ros2_ws/install/composition/lib/composition/manual_composition" to ""
-- Installing: /home/max/robotics-and-automation/week2/ws/ros2_ws/install/composition/lib/composition/linktime_composition
-- Set runtime path of "/home/max/robotics-and-automation/week2/ws/ros2_ws/install/composition/lib/composition/linktime_composition" to ""
-- Installing: /home/max/robotics-and-automation/week2/ws/ros2_ws/install/composition/lib/composition/dlopen_composition
-- Set runtime path of "/home/max/robotics-and-automation/week2/ws/ros2_ws/install/composition/lib/composition/dlopen_composition" to ""
-- Installing: /home/max/robotics-and-automation/week2/ws/ros2_ws/install/composition/share/composition/launch
-- Installing: /home/max/robotics-and-automation/week2/ws/ros2_ws/install/composition/share/composition/launch/composition_demo.launch.py
-- Installing: /home/max/robotics-and-automation/week2/ws/ros2_ws/install/composition/share/ament_index/resource_index/package_run_dependencies/composition
-- Installing: /home/max/robotics-and-automation/week2/ws/ros2_ws/install/composition/share/ament_index/resource_index/parent_prefix_path/composition
-- Installing: /home/max/robotics-and-automation/week2/ws/ros2_ws/install/composition/share/composition/environment/ament_prefix_path.sh
-- Installing: /home/max/robotics-and-automation/week2/ws/ros2_ws/install/composition/share/composition/environment/ament_prefix_path.dsv
-- Installing: /home/max/robotics-and-automation/week2/ws/ros2_ws/install/composition/share/composition/environment/path.sh
-- Installing: /home/max/robotics-and-automation/week2/ws/ros2_ws/install/composition/share/composition/environment/path.dsv
-- Installing: /home/max/robotics-and-automation/week2/ws/ros2_ws/install/composition/share/composition/local_setup.bash
-- Installing: /home/max/robotics-and-automation/week2/ws/ros2_ws/install/composition/share/composition/local_setup.sh
-- Installing: /home/max/robotics-and-automation/week2/ws/ros2_ws/install/composition/share/composition/local_setup.zsh
-- Installing: /home/max/robotics-and-automation/week2/ws/ros2_ws/install/composition/share/composition/local_setup.dsv
-- Installing: /home/max/robotics-and-automation/week2/ws/ros2_ws/install/composition/share/composition/package.dsv
-- Installing: /home/max/robotics-and-automation/week2/ws/ros2_ws/install/composition/share/ament_index/resource_index/packages/composition
-- Installing: /home/max/robotics-and-automation/week2/ws/ros2_ws/install/composition/share/ament_index/resource_index/rclcpp_components/composition
-- Installing: /home/max/robotics-and-automation/week2/ws/ros2_ws/install/composition/share/composition/cmake/compositionConfig.cmake
-- Installing: /home/max/robotics-and-automation/week2/ws/ros2_ws/install/composition/share/composition/cmake/compositionConfig-version.cmake
-- Installing: /home/max/robotics-and-automation/week2/ws/ros2_ws/install/composition/share/composition/package.xml
