[0.026s] Invoking command in '/home/max/robotics-and-automation/week2/ws/ros2_ws/build/composition': CMAKE_PREFIX_PATH=/opt/ros/humble /usr/bin/cmake /home/max/robotics-and-automation/week2/ws/ros2_ws/src/demos/composition -DCMAKE_INSTALL_PREFIX=/home/max/robotics-and-automation/week2/ws/ros2_ws/install/composition
[0.182s] -- The C compiler identification is GNU 11.4.0
[0.182s] -- The CXX compiler identification is GNU 11.4.0
[0.182s] -- Detecting C compiler ABI info
[0.200s] -- Detecting C compiler ABI info - done
[0.207s] -- Check for working C compiler: /usr/bin/cc - skipped
[0.207s] -- Detecting C compile features
[0.207s] -- Detecting C compile features - done
[0.210s] -- Detecting CXX compiler ABI info
[0.277s] -- Detecting CXX compiler ABI info - done
[0.284s] -- Check for working CXX compiler: /usr/bin/c++ - skipped
[0.284s] -- Detecting CXX compile features
[0.285s] -- Detecting CXX compile features - done
[0.286s] -- Found ament_cmake: 1.3.10 (/opt/ros/humble/share/ament_cmake/cmake)
[0.409s] -- Found Python3: /usr/bin/python3 (found version "3.10.12") found components: Interpreter 
[0.477s] -- Found example_interfaces: 0.9.3 (/opt/ros/humble/share/example_interfaces/cmake)
[0.502s] -- Found rosidl_generator_c: 3.1.5 (/opt/ros/humble/share/rosidl_generator_c/cmake)
[0.506s] -- Found rosidl_adapter: 3.1.5 (/opt/ros/humble/share/rosidl_adapter/cmake)
[0.512s] -- Found rosidl_generator_cpp: 3.1.5 (/opt/ros/humble/share/rosidl_generator_cpp/cmake)
[0.523s] -- Using all available rosidl_typesupport_c: rosidl_typesupport_fastrtps_c;rosidl_typesupport_introspection_c
[0.532s] -- Using all available rosidl_typesupport_cpp: rosidl_typesupport_fastrtps_cpp;rosidl_typesupport_introspection_cpp
[0.580s] -- Found rclcpp: 16.0.10 (/opt/ros/humble/share/rclcpp/cmake)
[0.602s] -- Found rmw_implementation_cmake: 6.1.2 (/opt/ros/humble/share/rmw_implementation_cmake/cmake)
[0.604s] -- Found rmw_fastrtps_cpp: 6.2.7 (/opt/ros/humble/share/rmw_fastrtps_cpp/cmake)
[0.672s] -- Found OpenSSL: /usr/lib/x86_64-linux-gnu/libcrypto.so (found version "3.0.2")  
[0.692s] -- Found FastRTPS: /opt/ros/humble/include  
[0.725s] -- Using RMW implementation 'rmw_fastrtps_cpp' as default
[0.732s] -- Looking for pthread.h
[0.782s] -- Looking for pthread.h - found
[0.782s] -- Performing Test CMAKE_HAVE_LIBC_PTHREAD
[0.837s] -- Performing Test CMAKE_HAVE_LIBC_PTHREAD - Success
[0.837s] -- Found Threads: TRUE  
[0.873s] -- Found rclcpp_components: 16.0.10 (/opt/ros/humble/share/rclcpp_components/cmake)
[0.897s] -- Found ament_lint_auto: 0.12.11 (/opt/ros/humble/share/ament_lint_auto/cmake)
[0.975s] -- Found python_cmake_module: 0.10.0 (/opt/ros/humble/share/python_cmake_module/cmake)
[0.994s] -- Found PythonInterp: /usr/bin/python3 (found suitable version "3.10.12", minimum required is "3.6") 
[0.996s] -- Found PythonLibs: /usr/lib/x86_64-linux-gnu/libpython3.10.so (found suitable version "3.10.12", minimum required is "3.5") 
[0.996s] -- Using PYTHON_EXECUTABLE: /usr/bin/python3
[0.996s] -- Using PYTHON_INCLUDE_DIRS: /usr/include/python3.10
[0.996s] -- Using PYTHON_LIBRARIES: /usr/lib/x86_64-linux-gnu/libpython3.10.so
[1.013s] -- Found PythonExtra: .so  
[1.018s] -- Added test 'copyright' to check source files copyright and LICENSE
[1.021s] -- Added test 'cppcheck' to perform static code analysis on C / C++ code
[1.021s] -- Configured cppcheck include dirs: /home/max/robotics-and-automation/week2/ws/ros2_ws/src/demos/composition/include
[1.021s] -- Configured cppcheck exclude dirs and/or files: 
[1.021s] -- Added test 'cpplint' to check C / C++ code against the Google style
[1.021s] -- Configured cpplint exclude dirs and/or files: 
[1.021s] -- Added test 'flake8' to check Python code syntax and style conventions
[1.021s] -- Added test 'lint_cmake' to check CMake code style
[1.021s] -- Added test 'pep257' to check Python code against some of the docstring style conventions in PEP 257
[1.022s] -- Added test 'uncrustify' to check C / C++ code style
[1.022s] -- Configured uncrustify additional arguments: 
[1.022s] -- Added test 'xmllint' to check XML markup files
[1.024s] -- Configuring done
[1.053s] -- Generating done
[1.053s] -- Build files have been written to: /home/max/robotics-and-automation/week2/ws/ros2_ws/build/composition
[1.106s] Invoked command in '/home/max/robotics-and-automation/week2/ws/ros2_ws/build/composition' returned '0': CMAKE_PREFIX_PATH=/opt/ros/humble /usr/bin/cmake /home/max/robotics-and-automation/week2/ws/ros2_ws/src/demos/composition -DCMAKE_INSTALL_PREFIX=/home/max/robotics-and-automation/week2/ws/ros2_ws/install/composition
[1.107s] Invoking command in '/home/max/robotics-and-automation/week2/ws/ros2_ws/build/composition': CMAKE_PREFIX_PATH=/opt/ros/humble /usr/bin/cmake --build /home/max/robotics-and-automation/week2/ws/ros2_ws/build/composition -- -j16 -l16
[13.547s] [  6%] [32mBuilding CXX object CMakeFiles/talker_component.dir/src/talker_component.cpp.o[0m
[13.547s] [ 12%] [32mBuilding CXX object CMakeFiles/listener_component.dir/src/listener_component.cpp.o[0m
[13.547s] [ 18%] [32mBuilding CXX object CMakeFiles/node_like_listener_component.dir/src/node_like_listener_component.cpp.o[0m
[13.547s] [ 25%] [32mBuilding CXX object CMakeFiles/server_component.dir/src/server_component.cpp.o[0m
[13.547s] [ 31%] [32mBuilding CXX object CMakeFiles/client_component.dir/src/client_component.cpp.o[0m
[13.547s] [ 37%] [32mBuilding CXX object CMakeFiles/dlopen_composition.dir/src/dlopen_composition.cpp.o[0m
[13.547s] [ 43%] [32m[1mLinking CXX shared library libclient_component.so[0m
[13.547s] [ 43%] Built target client_component
[13.547s] [ 50%] [32m[1mLinking CXX executable dlopen_composition[0m
[13.547s] [ 50%] Built target dlopen_composition
[13.547s] [ 56%] [32m[1mLinking CXX shared library libserver_component.so[0m
[13.547s] [ 56%] Built target server_component
[15.303s] [ 62%] [32m[1mLinking CXX shared library libtalker_component.so[0m
[15.750s] [ 62%] Built target talker_component
[19.254s] [ 68%] [32m[1mLinking CXX shared library libnode_like_listener_component.so[0m
[19.802s] [ 68%] Built target node_like_listener_component
[24.818s] [ 75%] [32m[1mLinking CXX shared library liblistener_component.so[0m
[26.399s] [ 75%] Built target listener_component
[26.476s] [ 81%] [32mBuilding CXX object CMakeFiles/manual_composition.dir/src/manual_composition.cpp.o[0m
[33.633s] [ 87%] [32m[1mLinking CXX executable manual_composition[0m
[33.925s] [ 87%] Built target manual_composition
[33.973s] [ 93%] [32mBuilding CXX object CMakeFiles/linktime_composition.dir/src/linktime_composition.cpp.o[0m
[40.371s] [100%] [32m[1mLinking CXX executable linktime_composition[0m
[40.697s] [100%] Built target linktime_composition
[40.724s] Invoked command in '/home/max/robotics-and-automation/week2/ws/ros2_ws/build/composition' returned '0': CMAKE_PREFIX_PATH=/opt/ros/humble /usr/bin/cmake --build /home/max/robotics-and-automation/week2/ws/ros2_ws/build/composition -- -j16 -l16
[40.862s] Invoking command in '/home/max/robotics-and-automation/week2/ws/ros2_ws/build/composition': CMAKE_PREFIX_PATH=/opt/ros/humble /usr/bin/cmake --install /home/max/robotics-and-automation/week2/ws/ros2_ws/build/composition
[41.239s] -- Install configuration: ""
[41.239s] -- Installing: /home/max/robotics-and-automation/week2/ws/ros2_ws/install/composition/share/composition/environment/library_path.sh
[41.239s] -- Installing: /home/max/robotics-and-automation/week2/ws/ros2_ws/install/composition/share/composition/environment/library_path.dsv
[41.239s] -- Installing: /home/max/robotics-and-automation/week2/ws/ros2_ws/install/composition/lib/libtalker_component.so
[41.239s] -- Set runtime path of "/home/max/robotics-and-automation/week2/ws/ros2_ws/install/composition/lib/libtalker_component.so" to ""
[41.240s] -- Installing: /home/max/robotics-and-automation/week2/ws/ros2_ws/install/composition/lib/liblistener_component.so
[41.240s] -- Set runtime path of "/home/max/robotics-and-automation/week2/ws/ros2_ws/install/composition/lib/liblistener_component.so" to ""
[41.240s] -- Installing: /home/max/robotics-and-automation/week2/ws/ros2_ws/install/composition/lib/libnode_like_listener_component.so
[41.240s] -- Set runtime path of "/home/max/robotics-and-automation/week2/ws/ros2_ws/install/composition/lib/libnode_like_listener_component.so" to ""
[41.240s] -- Installing: /home/max/robotics-and-automation/week2/ws/ros2_ws/install/composition/lib/libserver_component.so
[41.240s] -- Set runtime path of "/home/max/robotics-and-automation/week2/ws/ros2_ws/install/composition/lib/libserver_component.so" to ""
[41.240s] -- Installing: /home/max/robotics-and-automation/week2/ws/ros2_ws/install/composition/lib/libclient_component.so
[41.240s] -- Set runtime path of "/home/max/robotics-and-automation/week2/ws/ros2_ws/install/composition/lib/libclient_component.so" to ""
[41.240s] -- Installing: /home/max/robotics-and-automation/week2/ws/ros2_ws/install/composition/lib/composition/manual_composition
[41.240s] -- Set runtime path of "/home/max/robotics-and-automation/week2/ws/ros2_ws/install/composition/lib/composition/manual_composition" to ""
[41.240s] -- Installing: /home/max/robotics-and-automation/week2/ws/ros2_ws/install/composition/lib/composition/linktime_composition
[41.240s] -- Set runtime path of "/home/max/robotics-and-automation/week2/ws/ros2_ws/install/composition/lib/composition/linktime_composition" to ""
[41.240s] -- Installing: /home/max/robotics-and-automation/week2/ws/ros2_ws/install/composition/lib/composition/dlopen_composition
[41.240s] -- Set runtime path of "/home/max/robotics-and-automation/week2/ws/ros2_ws/install/composition/lib/composition/dlopen_composition" to ""
[41.240s] -- Installing: /home/max/robotics-and-automation/week2/ws/ros2_ws/install/composition/share/composition/launch
[41.240s] -- Installing: /home/max/robotics-and-automation/week2/ws/ros2_ws/install/composition/share/composition/launch/composition_demo.launch.py
[41.240s] -- Installing: /home/max/robotics-and-automation/week2/ws/ros2_ws/install/composition/share/ament_index/resource_index/package_run_dependencies/composition
[41.240s] -- Installing: /home/max/robotics-and-automation/week2/ws/ros2_ws/install/composition/share/ament_index/resource_index/parent_prefix_path/composition
[41.240s] -- Installing: /home/max/robotics-and-automation/week2/ws/ros2_ws/install/composition/share/composition/environment/ament_prefix_path.sh
[41.240s] -- Installing: /home/max/robotics-and-automation/week2/ws/ros2_ws/install/composition/share/composition/environment/ament_prefix_path.dsv
[41.240s] -- Installing: /home/max/robotics-and-automation/week2/ws/ros2_ws/install/composition/share/composition/environment/path.sh
[41.240s] -- Installing: /home/max/robotics-and-automation/week2/ws/ros2_ws/install/composition/share/composition/environment/path.dsv
[41.240s] -- Installing: /home/max/robotics-and-automation/week2/ws/ros2_ws/install/composition/share/composition/local_setup.bash
[41.240s] -- Installing: /home/max/robotics-and-automation/week2/ws/ros2_ws/install/composition/share/composition/local_setup.sh
[41.240s] -- Installing: /home/max/robotics-and-automation/week2/ws/ros2_ws/install/composition/share/composition/local_setup.zsh
[41.240s] -- Installing: /home/max/robotics-and-automation/week2/ws/ros2_ws/install/composition/share/composition/local_setup.dsv
[41.240s] -- Installing: /home/max/robotics-and-automation/week2/ws/ros2_ws/install/composition/share/composition/package.dsv
[41.240s] -- Installing: /home/max/robotics-and-automation/week2/ws/ros2_ws/install/composition/share/ament_index/resource_index/packages/composition
[41.240s] -- Installing: /home/max/robotics-and-automation/week2/ws/ros2_ws/install/composition/share/ament_index/resource_index/rclcpp_components/composition
[41.240s] -- Installing: /home/max/robotics-and-automation/week2/ws/ros2_ws/install/composition/share/composition/cmake/compositionConfig.cmake
[41.240s] -- Installing: /home/max/robotics-and-automation/week2/ws/ros2_ws/install/composition/share/composition/cmake/compositionConfig-version.cmake
[41.240s] -- Installing: /home/max/robotics-and-automation/week2/ws/ros2_ws/install/composition/share/composition/package.xml
[41.246s] Invoked command in '/home/max/robotics-and-automation/week2/ws/ros2_ws/build/composition' returned '0': CMAKE_PREFIX_PATH=/opt/ros/humble /usr/bin/cmake --install /home/max/robotics-and-automation/week2/ws/ros2_ws/build/composition
