[0.051s] Invoking command in '/home/max/robotics-and-automation/week2/ws/ros2_ws/build/examples_rclcpp_multithreaded_executor': CMAKE_PREFIX_PATH=/opt/ros/humble /usr/bin/cmake /home/max/robotics-and-automation/week2/ws/ros2_ws/src/examples/rclcpp/executors/multithreaded_executor -DCMAKE_INSTALL_PREFIX=/home/max/robotics-and-automation/week2/ws/ros2_ws/install/examples_rclcpp_multithreaded_executor
[0.543s] -- The C compiler identification is GNU 11.4.0
[0.543s] -- The CXX compiler identification is GNU 11.4.0
[0.543s] -- Detecting C compiler ABI info
[0.543s] -- Detecting C compiler ABI info - done
[0.543s] -- Check for working C compiler: /usr/bin/cc - skipped
[0.543s] -- Detecting C compile features
[0.543s] -- Detecting C compile features - done
[0.543s] -- Detecting CXX compiler ABI info
[0.606s] -- Detecting CXX compiler ABI info - done
[0.612s] -- Check for working CXX compiler: /usr/bin/c++ - skipped
[0.612s] -- Detecting CXX compile features
[0.613s] -- Detecting CXX compile features - done
[0.621s] -- Found ament_cmake: 1.3.10 (/opt/ros/humble/share/ament_cmake/cmake)
[0.837s] -- Found Python3: /usr/bin/python3 (found version "3.10.12") found components: Interpreter 
[0.913s] -- Found rclcpp: 16.0.10 (/opt/ros/humble/share/rclcpp/cmake)
[0.945s] -- Found rosidl_generator_c: 3.1.5 (/opt/ros/humble/share/rosidl_generator_c/cmake)
[0.949s] -- Found rosidl_adapter: 3.1.5 (/opt/ros/humble/share/rosidl_adapter/cmake)
[0.956s] -- Found rosidl_generator_cpp: 3.1.5 (/opt/ros/humble/share/rosidl_generator_cpp/cmake)
[0.966s] -- Using all available rosidl_typesupport_c: rosidl_typesupport_fastrtps_c;rosidl_typesupport_introspection_c
[0.983s] -- Using all available rosidl_typesupport_cpp: rosidl_typesupport_fastrtps_cpp;rosidl_typesupport_introspection_cpp
[1.016s] -- Found rmw_implementation_cmake: 6.1.2 (/opt/ros/humble/share/rmw_implementation_cmake/cmake)
[1.016s] -- Found rmw_fastrtps_cpp: 6.2.7 (/opt/ros/humble/share/rmw_fastrtps_cpp/cmake)
[1.137s] -- Found OpenSSL: /usr/lib/x86_64-linux-gnu/libcrypto.so (found version "3.0.2")  
[1.182s] -- Found FastRTPS: /opt/ros/humble/include  
[1.258s] -- Using RMW implementation 'rmw_fastrtps_cpp' as default
[1.272s] -- Looking for pthread.h
[1.410s] -- Looking for pthread.h - found
[1.410s] -- Performing Test CMAKE_HAVE_LIBC_PTHREAD
[1.574s] -- Performing Test CMAKE_HAVE_LIBC_PTHREAD - Success
[1.575s] -- Found Threads: TRUE  
[1.670s] -- Found ament_lint_auto: 0.12.11 (/opt/ros/humble/share/ament_lint_auto/cmake)
[1.805s] -- Added test 'copyright' to check source files copyright and LICENSE
[1.805s] -- Added test 'cppcheck' to perform static code analysis on C / C++ code
[1.809s] -- Configured cppcheck include dirs: 
[1.809s] -- Configured cppcheck exclude dirs and/or files: 
[1.813s] -- Added test 'cpplint' to check C / C++ code against the Google style
[1.813s] -- Configured cpplint exclude dirs and/or files: 
[1.813s] -- Added test 'lint_cmake' to check CMake code style
[1.813s] -- Added test 'uncrustify' to check C / C++ code style
[1.813s] -- Configured uncrustify additional arguments: 
[1.817s] -- Added test 'xmllint' to check XML markup files
[1.821s] -- Configuring done
[1.834s] -- Generating done
[1.838s] -- Build files have been written to: /home/max/robotics-and-automation/week2/ws/ros2_ws/build/examples_rclcpp_multithreaded_executor
[1.871s] Invoked command in '/home/max/robotics-and-automation/week2/ws/ros2_ws/build/examples_rclcpp_multithreaded_executor' returned '0': CMAKE_PREFIX_PATH=/opt/ros/humble /usr/bin/cmake /home/max/robotics-and-automation/week2/ws/ros2_ws/src/examples/rclcpp/executors/multithreaded_executor -DCMAKE_INSTALL_PREFIX=/home/max/robotics-and-automation/week2/ws/ros2_ws/install/examples_rclcpp_multithreaded_executor
[1.871s] Invoking command in '/home/max/robotics-and-automation/week2/ws/ros2_ws/build/examples_rclcpp_multithreaded_executor': CMAKE_PREFIX_PATH=/opt/ros/humble /usr/bin/cmake --build /home/max/robotics-and-automation/week2/ws/ros2_ws/build/examples_rclcpp_multithreaded_executor -- -j16 -l16
[2.423s] [ 50%] [32mBuilding CXX object CMakeFiles/multithreaded_executor.dir/multithreaded_executor.cpp.o[0m
[23.527s] [100%] [32m[1mLinking CXX executable multithreaded_executor[0m
[23.977s] [100%] Built target multithreaded_executor
[24.078s] Invoked command in '/home/max/robotics-and-automation/week2/ws/ros2_ws/build/examples_rclcpp_multithreaded_executor' returned '0': CMAKE_PREFIX_PATH=/opt/ros/humble /usr/bin/cmake --build /home/max/robotics-and-automation/week2/ws/ros2_ws/build/examples_rclcpp_multithreaded_executor -- -j16 -l16
[24.164s] Invoking command in '/home/max/robotics-and-automation/week2/ws/ros2_ws/build/examples_rclcpp_multithreaded_executor': CMAKE_PREFIX_PATH=/opt/ros/humble /usr/bin/cmake --install /home/max/robotics-and-automation/week2/ws/ros2_ws/build/examples_rclcpp_multithreaded_executor
[26.155s] -- Install configuration: ""
[26.155s] -- Installing: /home/max/robotics-and-automation/week2/ws/ros2_ws/install/examples_rclcpp_multithreaded_executor/lib/examples_rclcpp_multithreaded_executor/multithreaded_executor
[26.155s] -- Set runtime path of "/home/max/robotics-and-automation/week2/ws/ros2_ws/install/examples_rclcpp_multithreaded_executor/lib/examples_rclcpp_multithreaded_executor/multithreaded_executor" to ""
[26.155s] -- Installing: /home/max/robotics-and-automation/week2/ws/ros2_ws/install/examples_rclcpp_multithreaded_executor/share/ament_index/resource_index/package_run_dependencies/examples_rclcpp_multithreaded_executor
[26.155s] -- Installing: /home/max/robotics-and-automation/week2/ws/ros2_ws/install/examples_rclcpp_multithreaded_executor/share/ament_index/resource_index/parent_prefix_path/examples_rclcpp_multithreaded_executor
[26.155s] -- Installing: /home/max/robotics-and-automation/week2/ws/ros2_ws/install/examples_rclcpp_multithreaded_executor/share/examples_rclcpp_multithreaded_executor/environment/ament_prefix_path.sh
[26.155s] -- Installing: /home/max/robotics-and-automation/week2/ws/ros2_ws/install/examples_rclcpp_multithreaded_executor/share/examples_rclcpp_multithreaded_executor/environment/ament_prefix_path.dsv
[26.155s] -- Installing: /home/max/robotics-and-automation/week2/ws/ros2_ws/install/examples_rclcpp_multithreaded_executor/share/examples_rclcpp_multithreaded_executor/environment/path.sh
[26.155s] -- Installing: /home/max/robotics-and-automation/week2/ws/ros2_ws/install/examples_rclcpp_multithreaded_executor/share/examples_rclcpp_multithreaded_executor/environment/path.dsv
[26.156s] -- Installing: /home/max/robotics-and-automation/week2/ws/ros2_ws/install/examples_rclcpp_multithreaded_executor/share/examples_rclcpp_multithreaded_executor/local_setup.bash
[26.156s] -- Installing: /home/max/robotics-and-automation/week2/ws/ros2_ws/install/examples_rclcpp_multithreaded_executor/share/examples_rclcpp_multithreaded_executor/local_setup.sh
[26.156s] -- Installing: /home/max/robotics-and-automation/week2/ws/ros2_ws/install/examples_rclcpp_multithreaded_executor/share/examples_rclcpp_multithreaded_executor/local_setup.zsh
[26.156s] -- Installing: /home/max/robotics-and-automation/week2/ws/ros2_ws/install/examples_rclcpp_multithreaded_executor/share/examples_rclcpp_multithreaded_executor/local_setup.dsv
[26.156s] -- Installing: /home/max/robotics-and-automation/week2/ws/ros2_ws/install/examples_rclcpp_multithreaded_executor/share/examples_rclcpp_multithreaded_executor/package.dsv
[26.156s] -- Installing: /home/max/robotics-and-automation/week2/ws/ros2_ws/install/examples_rclcpp_multithreaded_executor/share/ament_index/resource_index/packages/examples_rclcpp_multithreaded_executor
[26.156s] -- Installing: /home/max/robotics-and-automation/week2/ws/ros2_ws/install/examples_rclcpp_multithreaded_executor/share/examples_rclcpp_multithreaded_executor/cmake/examples_rclcpp_multithreaded_executorConfig.cmake
[26.156s] -- Installing: /home/max/robotics-and-automation/week2/ws/ros2_ws/install/examples_rclcpp_multithreaded_executor/share/examples_rclcpp_multithreaded_executor/cmake/examples_rclcpp_multithreaded_executorConfig-version.cmake
[26.156s] -- Installing: /home/max/robotics-and-automation/week2/ws/ros2_ws/install/examples_rclcpp_multithreaded_executor/share/examples_rclcpp_multithreaded_executor/package.xml
[26.159s] Invoked command in '/home/max/robotics-and-automation/week2/ws/ros2_ws/build/examples_rclcpp_multithreaded_executor' returned '0': CMAKE_PREFIX_PATH=/opt/ros/humble /usr/bin/cmake --install /home/max/robotics-and-automation/week2/ws/ros2_ws/build/examples_rclcpp_multithreaded_executor
