[2.938s] Invoking command in '/home/max/robotics-and-automation/week2/ws/ros2_ws/src/examples/rclpy/services/minimal_service': PYTHONPATH=/home/max/robotics-and-automation/week2/ws/ros2_ws/build/examples_rclpy_minimal_service/prefix_override:/usr/lib/python3/dist-packages/colcon_core/task/python/colcon_distutils_commands:/home/max/robotics-and-automation/week2/ws/ros2_ws/install/examples_rclpy_minimal_service/lib/python3.10/site-packages:${PYTHONPATH} /usr/bin/python3 -W ignore:setup.py install is deprecated setup.py egg_info --egg-base ../../../../../build/examples_rclpy_minimal_service build --build-base /home/max/robotics-and-automation/week2/ws/ros2_ws/build/examples_rclpy_minimal_service/build install --record /home/max/robotics-and-automation/week2/ws/ros2_ws/build/examples_rclpy_minimal_service/install.log --single-version-externally-managed install_data
[3.771s] running egg_info
[3.775s] creating ../../../../../build/examples_rclpy_minimal_service/examples_rclpy_minimal_service.egg-info
[3.776s] writing ../../../../../build/examples_rclpy_minimal_service/examples_rclpy_minimal_service.egg-info/PKG-INFO
[3.776s] writing dependency_links to ../../../../../build/examples_rclpy_minimal_service/examples_rclpy_minimal_service.egg-info/dependency_links.txt
[3.782s] writing entry points to ../../../../../build/examples_rclpy_minimal_service/examples_rclpy_minimal_service.egg-info/entry_points.txt
[3.782s] writing requirements to ../../../../../build/examples_rclpy_minimal_service/examples_rclpy_minimal_service.egg-info/requires.txt
[3.782s] writing top-level names to ../../../../../build/examples_rclpy_minimal_service/examples_rclpy_minimal_service.egg-info/top_level.txt
[3.782s] writing manifest file '../../../../../build/examples_rclpy_minimal_service/examples_rclpy_minimal_service.egg-info/SOURCES.txt'
[3.787s] reading manifest file '../../../../../build/examples_rclpy_minimal_service/examples_rclpy_minimal_service.egg-info/SOURCES.txt'
[3.790s] writing manifest file '../../../../../build/examples_rclpy_minimal_service/examples_rclpy_minimal_service.egg-info/SOURCES.txt'
[3.801s] running build
[3.801s] running build_py
[3.801s] creating /home/max/robotics-and-automation/week2/ws/ros2_ws/build/examples_rclpy_minimal_service/build
[3.801s] creating /home/max/robotics-and-automation/week2/ws/ros2_ws/build/examples_rclpy_minimal_service/build/lib
[3.801s] creating /home/max/robotics-and-automation/week2/ws/ros2_ws/build/examples_rclpy_minimal_service/build/lib/examples_rclpy_minimal_service
[3.801s] copying examples_rclpy_minimal_service/__init__.py -> /home/max/robotics-and-automation/week2/ws/ros2_ws/build/examples_rclpy_minimal_service/build/lib/examples_rclpy_minimal_service
[3.801s] copying examples_rclpy_minimal_service/service.py -> /home/max/robotics-and-automation/week2/ws/ros2_ws/build/examples_rclpy_minimal_service/build/lib/examples_rclpy_minimal_service
[3.801s] copying examples_rclpy_minimal_service/service_member_function.py -> /home/max/robotics-and-automation/week2/ws/ros2_ws/build/examples_rclpy_minimal_service/build/lib/examples_rclpy_minimal_service
[3.801s] running install
[3.801s] running install_lib
[3.802s] creating /home/max/robotics-and-automation/week2/ws/ros2_ws/install/examples_rclpy_minimal_service/lib/python3.10/site-packages/examples_rclpy_minimal_service
[3.803s] copying /home/max/robotics-and-automation/week2/ws/ros2_ws/build/examples_rclpy_minimal_service/build/lib/examples_rclpy_minimal_service/__init__.py -> /home/max/robotics-and-automation/week2/ws/ros2_ws/install/examples_rclpy_minimal_service/lib/python3.10/site-packages/examples_rclpy_minimal_service
[3.804s] copying /home/max/robotics-and-automation/week2/ws/ros2_ws/build/examples_rclpy_minimal_service/build/lib/examples_rclpy_minimal_service/service.py -> /home/max/robotics-and-automation/week2/ws/ros2_ws/install/examples_rclpy_minimal_service/lib/python3.10/site-packages/examples_rclpy_minimal_service
[3.804s] copying /home/max/robotics-and-automation/week2/ws/ros2_ws/build/examples_rclpy_minimal_service/build/lib/examples_rclpy_minimal_service/service_member_function.py -> /home/max/robotics-and-automation/week2/ws/ros2_ws/install/examples_rclpy_minimal_service/lib/python3.10/site-packages/examples_rclpy_minimal_service
[3.804s] byte-compiling /home/max/robotics-and-automation/week2/ws/ros2_ws/install/examples_rclpy_minimal_service/lib/python3.10/site-packages/examples_rclpy_minimal_service/__init__.py to __init__.cpython-310.pyc
[3.804s] byte-compiling /home/max/robotics-and-automation/week2/ws/ros2_ws/install/examples_rclpy_minimal_service/lib/python3.10/site-packages/examples_rclpy_minimal_service/service.py to service.cpython-310.pyc
[3.804s] byte-compiling /home/max/robotics-and-automation/week2/ws/ros2_ws/install/examples_rclpy_minimal_service/lib/python3.10/site-packages/examples_rclpy_minimal_service/service_member_function.py to service_member_function.cpython-310.pyc
[3.804s] running install_data
[3.804s] creating /home/max/robotics-and-automation/week2/ws/ros2_ws/install/examples_rclpy_minimal_service/share/ament_index
[3.805s] creating /home/max/robotics-and-automation/week2/ws/ros2_ws/install/examples_rclpy_minimal_service/share/ament_index/resource_index
[3.805s] creating /home/max/robotics-and-automation/week2/ws/ros2_ws/install/examples_rclpy_minimal_service/share/ament_index/resource_index/packages
[3.808s] copying resource/examples_rclpy_minimal_service -> /home/max/robotics-and-automation/week2/ws/ros2_ws/install/examples_rclpy_minimal_service/share/ament_index/resource_index/packages
[3.808s] copying package.xml -> /home/max/robotics-and-automation/week2/ws/ros2_ws/install/examples_rclpy_minimal_service/share/examples_rclpy_minimal_service
[3.808s] running install_egg_info
[3.812s] Copying ../../../../../build/examples_rclpy_minimal_service/examples_rclpy_minimal_service.egg-info to /home/max/robotics-and-automation/week2/ws/ros2_ws/install/examples_rclpy_minimal_service/lib/python3.10/site-packages/examples_rclpy_minimal_service-0.15.2-py3.10.egg-info
[3.814s] running install_scripts
[3.872s] Installing service script to /home/max/robotics-and-automation/week2/ws/ros2_ws/install/examples_rclpy_minimal_service/lib/examples_rclpy_minimal_service
[3.875s] Installing service_member_function script to /home/max/robotics-and-automation/week2/ws/ros2_ws/install/examples_rclpy_minimal_service/lib/examples_rclpy_minimal_service
[3.876s] writing list of installed files to '/home/max/robotics-and-automation/week2/ws/ros2_ws/build/examples_rclpy_minimal_service/install.log'
[4.016s] Invoked command in '/home/max/robotics-and-automation/week2/ws/ros2_ws/src/examples/rclpy/services/minimal_service' returned '0': PYTHONPATH=/home/max/robotics-and-automation/week2/ws/ros2_ws/build/examples_rclpy_minimal_service/prefix_override:/usr/lib/python3/dist-packages/colcon_core/task/python/colcon_distutils_commands:/home/max/robotics-and-automation/week2/ws/ros2_ws/install/examples_rclpy_minimal_service/lib/python3.10/site-packages:${PYTHONPATH} /usr/bin/python3 -W ignore:setup.py install is deprecated setup.py egg_info --egg-base ../../../../../build/examples_rclpy_minimal_service build --build-base /home/max/robotics-and-automation/week2/ws/ros2_ws/build/examples_rclpy_minimal_service/build install --record /home/max/robotics-and-automation/week2/ws/ros2_ws/build/examples_rclpy_minimal_service/install.log --single-version-externally-managed install_data
