[0.063s] Invoking command in '/home/max/robotics-and-automation/week2/ws/ros2_ws/build/examples_rclcpp_minimal_timer': CMAKE_PREFIX_PATH=/opt/ros/humble /usr/bin/cmake /home/max/robotics-and-automation/week2/ws/ros2_ws/src/examples/rclcpp/timers/minimal_timer -DCMAKE_INSTALL_PREFIX=/home/max/robotics-and-automation/week2/ws/ros2_ws/install/examples_rclcpp_minimal_timer
[0.191s] -- The C compiler identification is GNU 11.4.0
[0.315s] -- The CXX compiler identification is GNU 11.4.0
[0.330s] -- Detecting C compiler ABI info
[0.483s] -- Detecting C compiler ABI info - done
[0.490s] -- Check for working C compiler: /usr/bin/cc - skipped
[0.491s] -- Detecting C compile features
[0.491s] -- Detecting C compile features - done
[0.495s] -- Detecting CXX compiler ABI info
[0.646s] -- Detecting CXX compiler ABI info - done
[0.663s] -- Check for working CXX compiler: /usr/bin/c++ - skipped
[0.663s] -- Detecting CXX compile features
[0.664s] -- Detecting CXX compile features - done
[0.669s] -- Found ament_cmake: 1.3.10 (/opt/ros/humble/share/ament_cmake/cmake)
[0.903s] -- Found Python3: /usr/bin/python3 (found version "3.10.12") found components: Interpreter 
[1.060s] -- Found rclcpp: 16.0.10 (/opt/ros/humble/share/rclcpp/cmake)
[1.161s] -- Found rosidl_generator_c: 3.1.5 (/opt/ros/humble/share/rosidl_generator_c/cmake)
[1.161s] -- Found rosidl_adapter: 3.1.5 (/opt/ros/humble/share/rosidl_adapter/cmake)
[1.185s] -- Found rosidl_generator_cpp: 3.1.5 (/opt/ros/humble/share/rosidl_generator_cpp/cmake)
[1.206s] -- Using all available rosidl_typesupport_c: rosidl_typesupport_fastrtps_c;rosidl_typesupport_introspection_c
[1.227s] -- Using all available rosidl_typesupport_cpp: rosidl_typesupport_fastrtps_cpp;rosidl_typesupport_introspection_cpp
[1.322s] -- Found rmw_implementation_cmake: 6.1.2 (/opt/ros/humble/share/rmw_implementation_cmake/cmake)
[1.322s] -- Found rmw_fastrtps_cpp: 6.2.7 (/opt/ros/humble/share/rmw_fastrtps_cpp/cmake)
[1.500s] -- Found OpenSSL: /usr/lib/x86_64-linux-gnu/libcrypto.so (found version "3.0.2")  
[1.553s] -- Found FastRTPS: /opt/ros/humble/include  
[1.619s] -- Using RMW implementation 'rmw_fastrtps_cpp' as default
[1.635s] -- Looking for pthread.h
[1.778s] -- Looking for pthread.h - found
[1.778s] -- Performing Test CMAKE_HAVE_LIBC_PTHREAD
[1.939s] -- Performing Test CMAKE_HAVE_LIBC_PTHREAD - Success
[1.939s] -- Found Threads: TRUE  
[2.041s] -- Found ament_lint_auto: 0.12.11 (/opt/ros/humble/share/ament_lint_auto/cmake)
[2.177s] -- Added test 'copyright' to check source files copyright and LICENSE
[2.178s] -- Added test 'cppcheck' to perform static code analysis on C / C++ code
[2.178s] -- Configured cppcheck include dirs: 
[2.178s] -- Configured cppcheck exclude dirs and/or files: 
[2.179s] -- Added test 'cpplint' to check C / C++ code against the Google style
[2.179s] -- Configured cpplint exclude dirs and/or files: 
[2.179s] -- Added test 'lint_cmake' to check CMake code style
[2.182s] -- Added test 'uncrustify' to check C / C++ code style
[2.182s] -- Configured uncrustify additional arguments: 
[2.187s] -- Added test 'xmllint' to check XML markup files
[2.189s] -- Configuring done
[2.221s] -- Generating done
[2.222s] -- Build files have been written to: /home/max/robotics-and-automation/week2/ws/ros2_ws/build/examples_rclcpp_minimal_timer
[2.480s] Invoked command in '/home/max/robotics-and-automation/week2/ws/ros2_ws/build/examples_rclcpp_minimal_timer' returned '0': CMAKE_PREFIX_PATH=/opt/ros/humble /usr/bin/cmake /home/max/robotics-and-automation/week2/ws/ros2_ws/src/examples/rclcpp/timers/minimal_timer -DCMAKE_INSTALL_PREFIX=/home/max/robotics-and-automation/week2/ws/ros2_ws/install/examples_rclcpp_minimal_timer
[2.481s] Invoking command in '/home/max/robotics-and-automation/week2/ws/ros2_ws/build/examples_rclcpp_minimal_timer': CMAKE_PREFIX_PATH=/opt/ros/humble /usr/bin/cmake --build /home/max/robotics-and-automation/week2/ws/ros2_ws/build/examples_rclcpp_minimal_timer -- -j16 -l16
[2.617s] [ 25%] [32mBuilding CXX object CMakeFiles/timer_lambda.dir/lambda.cpp.o[0m
[2.617s] [ 50%] [32mBuilding CXX object CMakeFiles/timer_member_function.dir/member_function.cpp.o[0m
[13.192s] [ 75%] [32m[1mLinking CXX executable timer_member_function[0m
[13.486s] [ 75%] Built target timer_member_function
[13.518s] [100%] [32m[1mLinking CXX executable timer_lambda[0m
[13.983s] [100%] Built target timer_lambda
[14.031s] Invoked command in '/home/max/robotics-and-automation/week2/ws/ros2_ws/build/examples_rclcpp_minimal_timer' returned '0': CMAKE_PREFIX_PATH=/opt/ros/humble /usr/bin/cmake --build /home/max/robotics-and-automation/week2/ws/ros2_ws/build/examples_rclcpp_minimal_timer -- -j16 -l16
[14.175s] Invoking command in '/home/max/robotics-and-automation/week2/ws/ros2_ws/build/examples_rclcpp_minimal_timer': CMAKE_PREFIX_PATH=/opt/ros/humble /usr/bin/cmake --install /home/max/robotics-and-automation/week2/ws/ros2_ws/build/examples_rclcpp_minimal_timer
[24.029s] -- Install configuration: ""
[24.029s] -- Installing: /home/max/robotics-and-automation/week2/ws/ros2_ws/install/examples_rclcpp_minimal_timer/lib/examples_rclcpp_minimal_timer/timer_lambda
[24.029s] -- Set runtime path of "/home/max/robotics-and-automation/week2/ws/ros2_ws/install/examples_rclcpp_minimal_timer/lib/examples_rclcpp_minimal_timer/timer_lambda" to ""
[24.029s] -- Installing: /home/max/robotics-and-automation/week2/ws/ros2_ws/install/examples_rclcpp_minimal_timer/lib/examples_rclcpp_minimal_timer/timer_member_function
[24.029s] -- Set runtime path of "/home/max/robotics-and-automation/week2/ws/ros2_ws/install/examples_rclcpp_minimal_timer/lib/examples_rclcpp_minimal_timer/timer_member_function" to ""
[24.029s] -- Installing: /home/max/robotics-and-automation/week2/ws/ros2_ws/install/examples_rclcpp_minimal_timer/share/ament_index/resource_index/package_run_dependencies/examples_rclcpp_minimal_timer
[24.029s] -- Installing: /home/max/robotics-and-automation/week2/ws/ros2_ws/install/examples_rclcpp_minimal_timer/share/ament_index/resource_index/parent_prefix_path/examples_rclcpp_minimal_timer
[24.029s] -- Installing: /home/max/robotics-and-automation/week2/ws/ros2_ws/install/examples_rclcpp_minimal_timer/share/examples_rclcpp_minimal_timer/environment/ament_prefix_path.sh
[24.029s] -- Installing: /home/max/robotics-and-automation/week2/ws/ros2_ws/install/examples_rclcpp_minimal_timer/share/examples_rclcpp_minimal_timer/environment/ament_prefix_path.dsv
[24.029s] -- Installing: /home/max/robotics-and-automation/week2/ws/ros2_ws/install/examples_rclcpp_minimal_timer/share/examples_rclcpp_minimal_timer/environment/path.sh
[24.029s] -- Installing: /home/max/robotics-and-automation/week2/ws/ros2_ws/install/examples_rclcpp_minimal_timer/share/examples_rclcpp_minimal_timer/environment/path.dsv
[24.029s] -- Installing: /home/max/robotics-and-automation/week2/ws/ros2_ws/install/examples_rclcpp_minimal_timer/share/examples_rclcpp_minimal_timer/local_setup.bash
[24.030s] -- Installing: /home/max/robotics-and-automation/week2/ws/ros2_ws/install/examples_rclcpp_minimal_timer/share/examples_rclcpp_minimal_timer/local_setup.sh
[24.030s] -- Installing: /home/max/robotics-and-automation/week2/ws/ros2_ws/install/examples_rclcpp_minimal_timer/share/examples_rclcpp_minimal_timer/local_setup.zsh
[24.030s] -- Installing: /home/max/robotics-and-automation/week2/ws/ros2_ws/install/examples_rclcpp_minimal_timer/share/examples_rclcpp_minimal_timer/local_setup.dsv
[24.030s] -- Installing: /home/max/robotics-and-automation/week2/ws/ros2_ws/install/examples_rclcpp_minimal_timer/share/examples_rclcpp_minimal_timer/package.dsv
[24.030s] -- Installing: /home/max/robotics-and-automation/week2/ws/ros2_ws/install/examples_rclcpp_minimal_timer/share/ament_index/resource_index/packages/examples_rclcpp_minimal_timer
[24.030s] -- Installing: /home/max/robotics-and-automation/week2/ws/ros2_ws/install/examples_rclcpp_minimal_timer/share/examples_rclcpp_minimal_timer/cmake/examples_rclcpp_minimal_timerConfig.cmake
[24.030s] -- Installing: /home/max/robotics-and-automation/week2/ws/ros2_ws/install/examples_rclcpp_minimal_timer/share/examples_rclcpp_minimal_timer/cmake/examples_rclcpp_minimal_timerConfig-version.cmake
[24.030s] -- Installing: /home/max/robotics-and-automation/week2/ws/ros2_ws/install/examples_rclcpp_minimal_timer/share/examples_rclcpp_minimal_timer/package.xml
[24.042s] Invoked command in '/home/max/robotics-and-automation/week2/ws/ros2_ws/build/examples_rclcpp_minimal_timer' returned '0': CMAKE_PREFIX_PATH=/opt/ros/humble /usr/bin/cmake --install /home/max/robotics-and-automation/week2/ws/ros2_ws/build/examples_rclcpp_minimal_timer
