-- The C compiler identification is GNU 11.4.0
-- The CXX compiler identification is GNU 11.4.0
-- Detecting C compiler ABI info
-- Detecting C compiler ABI info - done
-- Check for working C compiler: /usr/bin/cc - skipped
-- Detecting C compile features
-- Detecting C compile features - done
-- Detecting CXX compiler ABI info
-- Detecting CXX compiler ABI info - done
-- Check for working CXX compiler: /usr/bin/c++ - skipped
-- Detecting CXX compile features
-- Detecting CXX compile features - done
-- Found ament_cmake: 1.3.10 (/opt/ros/humble/share/ament_cmake/cmake)
-- Found Python3: /usr/bin/python3 (found version "3.10.12") found components: Interpreter 
-- Found rclcpp: 16.0.10 (/opt/ros/humble/share/rclcpp/cmake)
-- Found rosidl_generator_c: 3.1.5 (/opt/ros/humble/share/rosidl_generator_c/cmake)
-- Found rosidl_adapter: 3.1.5 (/opt/ros/humble/share/rosidl_adapter/cmake)
-- Found rosidl_generator_cpp: 3.1.5 (/opt/ros/humble/share/rosidl_generator_cpp/cmake)
-- Using all available rosidl_typesupport_c: rosidl_typesupport_fastrtps_c;rosidl_typesupport_introspection_c
-- Using all available rosidl_typesupport_cpp: rosidl_typesupport_fastrtps_cpp;rosidl_typesupport_introspection_cpp
-- Found rmw_implementation_cmake: 6.1.2 (/opt/ros/humble/share/rmw_implementation_cmake/cmake)
-- Found rmw_fastrtps_cpp: 6.2.7 (/opt/ros/humble/share/rmw_fastrtps_cpp/cmake)
-- Found OpenSSL: /usr/lib/x86_64-linux-gnu/libcrypto.so (found version "3.0.2")  
-- Found FastRTPS: /opt/ros/humble/include  
-- Using RMW implementation 'rmw_fastrtps_cpp' as default
-- Looking for pthread.h
-- Looking for pthread.h - found
-- Performing Test CMAKE_HAVE_LIBC_PTHREAD
-- Performing Test CMAKE_HAVE_LIBC_PTHREAD - Success
-- Found Threads: TRUE  
-- Found sensor_msgs: 4.2.4 (/opt/ros/humble/share/sensor_msgs/cmake)
-- Found ament_lint_auto: 0.12.11 (/opt/ros/humble/share/ament_lint_auto/cmake)
-- Added test 'copyright' to check source files copyright and LICENSE
-- Added test 'cppcheck' to perform static code analysis on C / C++ code
-- Configured cppcheck include dirs: /home/max/robotics-and-automation/week2/ws/ros2_ws/src/demos/topic_statistics_demo/include
-- Configured cppcheck exclude dirs and/or files: 
-- Added test 'cpplint' to check C / C++ code against the Google style
-- Configured cpplint exclude dirs and/or files: 
-- Added test 'lint_cmake' to check CMake code style
-- Added test 'uncrustify' to check C / C++ code style
-- Configured uncrustify additional arguments: 
-- Added test 'xmllint' to check XML markup files
-- Configuring done
-- Generating done
-- Build files have been written to: /home/max/robotics-and-automation/week2/ws/ros2_ws/build/topic_statistics_demo
[ 20%] [32mBuilding CXX object CMakeFiles/display_topic_statistics.dir/src/imu_talker_listener_nodes.cpp.o[0m
[ 40%] [32mBuilding CXX object CMakeFiles/display_topic_statistics.dir/src/topic_statistics_listener.cpp.o[0m
[ 60%] [32mBuilding CXX object CMakeFiles/display_topic_statistics.dir/src/string_talker_listener_nodes.cpp.o[0m
[ 80%] [32mBuilding CXX object CMakeFiles/display_topic_statistics.dir/src/display_topic_statistics.cpp.o[0m
[100%] [32m[1mLinking CXX executable display_topic_statistics[0m
[100%] Built target display_topic_statistics
-- Install configuration: ""
-- Installing: /home/max/robotics-and-automation/week2/ws/ros2_ws/install/topic_statistics_demo/lib/topic_statistics_demo/display_topic_statistics
-- Set runtime path of "/home/max/robotics-and-automation/week2/ws/ros2_ws/install/topic_statistics_demo/lib/topic_statistics_demo/display_topic_statistics" to ""
-- Installing: /home/max/robotics-and-automation/week2/ws/ros2_ws/install/topic_statistics_demo/share/ament_index/resource_index/package_run_dependencies/topic_statistics_demo
-- Installing: /home/max/robotics-and-automation/week2/ws/ros2_ws/install/topic_statistics_demo/share/ament_index/resource_index/parent_prefix_path/topic_statistics_demo
-- Installing: /home/max/robotics-and-automation/week2/ws/ros2_ws/install/topic_statistics_demo/share/topic_statistics_demo/environment/ament_prefix_path.sh
-- Installing: /home/max/robotics-and-automation/week2/ws/ros2_ws/install/topic_statistics_demo/share/topic_statistics_demo/environment/ament_prefix_path.dsv
-- Installing: /home/max/robotics-and-automation/week2/ws/ros2_ws/install/topic_statistics_demo/share/topic_statistics_demo/environment/path.sh
-- Installing: /home/max/robotics-and-automation/week2/ws/ros2_ws/install/topic_statistics_demo/share/topic_statistics_demo/environment/path.dsv
-- Installing: /home/max/robotics-and-automation/week2/ws/ros2_ws/install/topic_statistics_demo/share/topic_statistics_demo/local_setup.bash
-- Installing: /home/max/robotics-and-automation/week2/ws/ros2_ws/install/topic_statistics_demo/share/topic_statistics_demo/local_setup.sh
-- Installing: /home/max/robotics-and-automation/week2/ws/ros2_ws/install/topic_statistics_demo/share/topic_statistics_demo/local_setup.zsh
-- Installing: /home/max/robotics-and-automation/week2/ws/ros2_ws/install/topic_statistics_demo/share/topic_statistics_demo/local_setup.dsv
-- Installing: /home/max/robotics-and-automation/week2/ws/ros2_ws/install/topic_statistics_demo/share/topic_statistics_demo/package.dsv
-- Installing: /home/max/robotics-and-automation/week2/ws/ros2_ws/install/topic_statistics_demo/share/ament_index/resource_index/packages/topic_statistics_demo
-- Installing: /home/max/robotics-and-automation/week2/ws/ros2_ws/install/topic_statistics_demo/share/topic_statistics_demo/cmake/ament_cmake_export_include_directories-extras.cmake
-- Installing: /home/max/robotics-and-automation/week2/ws/ros2_ws/install/topic_statistics_demo/share/topic_statistics_demo/cmake/topic_statistics_demoConfig.cmake
-- Installing: /home/max/robotics-and-automation/week2/ws/ros2_ws/install/topic_statistics_demo/share/topic_statistics_demo/cmake/topic_statistics_demoConfig-version.cmake
-- Installing: /home/max/robotics-and-automation/week2/ws/ros2_ws/install/topic_statistics_demo/share/topic_statistics_demo/package.xml
