[0.048s] Invoking command in '/home/max/robotics-and-automation/week2/ws/ros2_ws/build/topic_statistics_demo': CMAKE_PREFIX_PATH=/opt/ros/humble /usr/bin/cmake /home/max/robotics-and-automation/week2/ws/ros2_ws/src/demos/topic_statistics_demo -DCMAKE_INSTALL_PREFIX=/home/max/robotics-and-automation/week2/ws/ros2_ws/install/topic_statistics_demo
[2.999s] -- The C compiler identification is GNU 11.4.0
[2.999s] -- The CXX compiler identification is GNU 11.4.0
[2.999s] -- Detecting C compiler ABI info
[2.999s] -- Detecting C compiler ABI info - done
[2.999s] -- Check for working C compiler: /usr/bin/cc - skipped
[2.999s] -- Detecting C compile features
[2.999s] -- Detecting C compile features - done
[2.999s] -- Detecting CXX compiler ABI info
[2.999s] -- Detecting CXX compiler ABI info - done
[2.999s] -- Check for working CXX compiler: /usr/bin/c++ - skipped
[2.999s] -- Detecting CXX compile features
[2.999s] -- Detecting CXX compile features - done
[2.999s] -- Found ament_cmake: 1.3.10 (/opt/ros/humble/share/ament_cmake/cmake)
[2.999s] -- Found Python3: /usr/bin/python3 (found version "3.10.12") found components: Interpreter 
[2.999s] -- Found rclcpp: 16.0.10 (/opt/ros/humble/share/rclcpp/cmake)
[2.999s] -- Found rosidl_generator_c: 3.1.5 (/opt/ros/humble/share/rosidl_generator_c/cmake)
[2.999s] -- Found rosidl_adapter: 3.1.5 (/opt/ros/humble/share/rosidl_adapter/cmake)
[2.999s] -- Found rosidl_generator_cpp: 3.1.5 (/opt/ros/humble/share/rosidl_generator_cpp/cmake)
[2.999s] -- Using all available rosidl_typesupport_c: rosidl_typesupport_fastrtps_c;rosidl_typesupport_introspection_c
[2.999s] -- Using all available rosidl_typesupport_cpp: rosidl_typesupport_fastrtps_cpp;rosidl_typesupport_introspection_cpp
[2.999s] -- Found rmw_implementation_cmake: 6.1.2 (/opt/ros/humble/share/rmw_implementation_cmake/cmake)
[2.999s] -- Found rmw_fastrtps_cpp: 6.2.7 (/opt/ros/humble/share/rmw_fastrtps_cpp/cmake)
[2.999s] -- Found OpenSSL: /usr/lib/x86_64-linux-gnu/libcrypto.so (found version "3.0.2")  
[3.000s] -- Found FastRTPS: /opt/ros/humble/include  
[3.000s] -- Using RMW implementation 'rmw_fastrtps_cpp' as default
[3.000s] -- Looking for pthread.h
[3.000s] -- Looking for pthread.h - found
[3.000s] -- Performing Test CMAKE_HAVE_LIBC_PTHREAD
[3.000s] -- Performing Test CMAKE_HAVE_LIBC_PTHREAD - Success
[3.000s] -- Found Threads: TRUE  
[3.000s] -- Found sensor_msgs: 4.2.4 (/opt/ros/humble/share/sensor_msgs/cmake)
[3.000s] -- Found ament_lint_auto: 0.12.11 (/opt/ros/humble/share/ament_lint_auto/cmake)
[3.000s] -- Added test 'copyright' to check source files copyright and LICENSE
[3.000s] -- Added test 'cppcheck' to perform static code analysis on C / C++ code
[3.000s] -- Configured cppcheck include dirs: /home/max/robotics-and-automation/week2/ws/ros2_ws/src/demos/topic_statistics_demo/include
[3.000s] -- Configured cppcheck exclude dirs and/or files: 
[3.000s] -- Added test 'cpplint' to check C / C++ code against the Google style
[3.000s] -- Configured cpplint exclude dirs and/or files: 
[3.000s] -- Added test 'lint_cmake' to check CMake code style
[3.000s] -- Added test 'uncrustify' to check C / C++ code style
[3.000s] -- Configured uncrustify additional arguments: 
[3.000s] -- Added test 'xmllint' to check XML markup files
[3.000s] -- Configuring done
[3.013s] -- Generating done
[3.015s] -- Build files have been written to: /home/max/robotics-and-automation/week2/ws/ros2_ws/build/topic_statistics_demo
[3.131s] Invoked command in '/home/max/robotics-and-automation/week2/ws/ros2_ws/build/topic_statistics_demo' returned '0': CMAKE_PREFIX_PATH=/opt/ros/humble /usr/bin/cmake /home/max/robotics-and-automation/week2/ws/ros2_ws/src/demos/topic_statistics_demo -DCMAKE_INSTALL_PREFIX=/home/max/robotics-and-automation/week2/ws/ros2_ws/install/topic_statistics_demo
[3.133s] Invoking command in '/home/max/robotics-and-automation/week2/ws/ros2_ws/build/topic_statistics_demo': CMAKE_PREFIX_PATH=/opt/ros/humble /usr/bin/cmake --build /home/max/robotics-and-automation/week2/ws/ros2_ws/build/topic_statistics_demo -- -j16 -l16
[7.076s] [ 20%] [32mBuilding CXX object CMakeFiles/display_topic_statistics.dir/src/imu_talker_listener_nodes.cpp.o[0m
[15.985s] [ 40%] [32mBuilding CXX object CMakeFiles/display_topic_statistics.dir/src/topic_statistics_listener.cpp.o[0m
[20.476s] [ 60%] [32mBuilding CXX object CMakeFiles/display_topic_statistics.dir/src/string_talker_listener_nodes.cpp.o[0m
[24.751s] [ 80%] [32mBuilding CXX object CMakeFiles/display_topic_statistics.dir/src/display_topic_statistics.cpp.o[0m
[26.322s] [100%] [32m[1mLinking CXX executable display_topic_statistics[0m
[26.708s] [100%] Built target display_topic_statistics
[26.718s] Invoked command in '/home/max/robotics-and-automation/week2/ws/ros2_ws/build/topic_statistics_demo' returned '0': CMAKE_PREFIX_PATH=/opt/ros/humble /usr/bin/cmake --build /home/max/robotics-and-automation/week2/ws/ros2_ws/build/topic_statistics_demo -- -j16 -l16
[26.737s] Invoking command in '/home/max/robotics-and-automation/week2/ws/ros2_ws/build/topic_statistics_demo': CMAKE_PREFIX_PATH=/opt/ros/humble /usr/bin/cmake --install /home/max/robotics-and-automation/week2/ws/ros2_ws/build/topic_statistics_demo
[26.741s] -- Install configuration: ""
[26.741s] -- Installing: /home/max/robotics-and-automation/week2/ws/ros2_ws/install/topic_statistics_demo/lib/topic_statistics_demo/display_topic_statistics
[26.746s] -- Set runtime path of "/home/max/robotics-and-automation/week2/ws/ros2_ws/install/topic_statistics_demo/lib/topic_statistics_demo/display_topic_statistics" to ""
[26.746s] -- Installing: /home/max/robotics-and-automation/week2/ws/ros2_ws/install/topic_statistics_demo/share/ament_index/resource_index/package_run_dependencies/topic_statistics_demo
[26.746s] -- Installing: /home/max/robotics-and-automation/week2/ws/ros2_ws/install/topic_statistics_demo/share/ament_index/resource_index/parent_prefix_path/topic_statistics_demo
[26.746s] -- Installing: /home/max/robotics-and-automation/week2/ws/ros2_ws/install/topic_statistics_demo/share/topic_statistics_demo/environment/ament_prefix_path.sh
[26.746s] -- Installing: /home/max/robotics-and-automation/week2/ws/ros2_ws/install/topic_statistics_demo/share/topic_statistics_demo/environment/ament_prefix_path.dsv
[26.746s] -- Installing: /home/max/robotics-and-automation/week2/ws/ros2_ws/install/topic_statistics_demo/share/topic_statistics_demo/environment/path.sh
[26.746s] -- Installing: /home/max/robotics-and-automation/week2/ws/ros2_ws/install/topic_statistics_demo/share/topic_statistics_demo/environment/path.dsv
[26.746s] -- Installing: /home/max/robotics-and-automation/week2/ws/ros2_ws/install/topic_statistics_demo/share/topic_statistics_demo/local_setup.bash
[26.746s] -- Installing: /home/max/robotics-and-automation/week2/ws/ros2_ws/install/topic_statistics_demo/share/topic_statistics_demo/local_setup.sh
[26.746s] -- Installing: /home/max/robotics-and-automation/week2/ws/ros2_ws/install/topic_statistics_demo/share/topic_statistics_demo/local_setup.zsh
[26.746s] -- Installing: /home/max/robotics-and-automation/week2/ws/ros2_ws/install/topic_statistics_demo/share/topic_statistics_demo/local_setup.dsv
[26.747s] -- Installing: /home/max/robotics-and-automation/week2/ws/ros2_ws/install/topic_statistics_demo/share/topic_statistics_demo/package.dsv
[26.747s] -- Installing: /home/max/robotics-and-automation/week2/ws/ros2_ws/install/topic_statistics_demo/share/ament_index/resource_index/packages/topic_statistics_demo
[26.747s] -- Installing: /home/max/robotics-and-automation/week2/ws/ros2_ws/install/topic_statistics_demo/share/topic_statistics_demo/cmake/ament_cmake_export_include_directories-extras.cmake
[26.747s] -- Installing: /home/max/robotics-and-automation/week2/ws/ros2_ws/install/topic_statistics_demo/share/topic_statistics_demo/cmake/topic_statistics_demoConfig.cmake
[26.747s] -- Installing: /home/max/robotics-and-automation/week2/ws/ros2_ws/install/topic_statistics_demo/share/topic_statistics_demo/cmake/topic_statistics_demoConfig-version.cmake
[26.747s] -- Installing: /home/max/robotics-and-automation/week2/ws/ros2_ws/install/topic_statistics_demo/share/topic_statistics_demo/package.xml
[26.748s] Invoked command in '/home/max/robotics-and-automation/week2/ws/ros2_ws/build/topic_statistics_demo' returned '0': CMAKE_PREFIX_PATH=/opt/ros/humble /usr/bin/cmake --install /home/max/robotics-and-automation/week2/ws/ros2_ws/build/topic_statistics_demo
