[0.027s] Invoking command in '/home/max/robotics-and-automation/week2/ws/ros2_ws/build/pendulum_msgs': CMAKE_PREFIX_PATH=/opt/ros/humble /usr/bin/cmake /home/max/robotics-and-automation/week2/ws/ros2_ws/src/demos/pendulum_msgs -DCMAKE_INSTALL_PREFIX=/home/max/robotics-and-automation/week2/ws/ros2_ws/install/pendulum_msgs
[0.180s] -- The C compiler identification is GNU 11.4.0
[0.180s] -- The CXX compiler identification is GNU 11.4.0
[0.180s] -- Detecting C compiler ABI info
[0.206s] -- Detecting C compiler ABI info - done
[0.218s] -- Check for working C compiler: /usr/bin/cc - skipped
[0.218s] -- Detecting C compile features
[0.218s] -- Detecting C compile features - done
[0.218s] -- Detecting CXX compiler ABI info
[0.284s] -- Detecting CXX compiler ABI info - done
[0.289s] -- Check for working CXX compiler: /usr/bin/c++ - skipped
[0.289s] -- Detecting CXX compile features
[0.290s] -- Detecting CXX compile features - done
[0.293s] -- Found ament_cmake: 1.3.10 (/opt/ros/humble/share/ament_cmake/cmake)
[0.407s] -- Found Python3: /usr/bin/python3 (found version "3.10.12") found components: Interpreter 
[0.478s] -- Found builtin_interfaces: 1.2.1 (/opt/ros/humble/share/builtin_interfaces/cmake)
[0.504s] -- Found rosidl_generator_c: 3.1.5 (/opt/ros/humble/share/rosidl_generator_c/cmake)
[0.507s] -- Found rosidl_adapter: 3.1.5 (/opt/ros/humble/share/rosidl_adapter/cmake)
[0.513s] -- Found rosidl_generator_cpp: 3.1.5 (/opt/ros/humble/share/rosidl_generator_cpp/cmake)
[0.524s] -- Using all available rosidl_typesupport_c: rosidl_typesupport_fastrtps_c;rosidl_typesupport_introspection_c
[0.536s] -- Using all available rosidl_typesupport_cpp: rosidl_typesupport_fastrtps_cpp;rosidl_typesupport_introspection_cpp
[0.546s] -- Found rosidl_default_generators: 1.2.0 (/opt/ros/humble/share/rosidl_default_generators/cmake)
[0.726s] -- Found ament_cmake_ros: 0.10.0 (/opt/ros/humble/share/ament_cmake_ros/cmake)
[0.941s] -- Using all available rosidl_typesupport_c: rosidl_typesupport_fastrtps_c;rosidl_typesupport_introspection_c
[1.029s] -- Using all available rosidl_typesupport_cpp: rosidl_typesupport_fastrtps_cpp;rosidl_typesupport_introspection_cpp
[1.051s] -- Found PythonInterp: /usr/bin/python3 (found suitable version "3.10.12", minimum required is "3.6") 
[1.051s] -- Found python_cmake_module: 0.10.0 (/opt/ros/humble/share/python_cmake_module/cmake)
[1.077s] -- Found PythonLibs: /usr/lib/x86_64-linux-gnu/libpython3.10.so (found suitable version "3.10.12", minimum required is "3.5") 
[1.077s] -- Using PYTHON_EXECUTABLE: /usr/bin/python3
[1.077s] -- Using PYTHON_INCLUDE_DIRS: /usr/include/python3.10
[1.077s] -- Using PYTHON_LIBRARIES: /usr/lib/x86_64-linux-gnu/libpython3.10.so
[1.084s] -- Found PythonExtra: .so  
[1.173s] -- Configuring done
[1.225s] -- Generating done
[1.227s] -- Build files have been written to: /home/max/robotics-and-automation/week2/ws/ros2_ws/build/pendulum_msgs
[1.257s] Invoked command in '/home/max/robotics-and-automation/week2/ws/ros2_ws/build/pendulum_msgs' returned '0': CMAKE_PREFIX_PATH=/opt/ros/humble /usr/bin/cmake /home/max/robotics-and-automation/week2/ws/ros2_ws/src/demos/pendulum_msgs -DCMAKE_INSTALL_PREFIX=/home/max/robotics-and-automation/week2/ws/ros2_ws/install/pendulum_msgs
[1.257s] Invoking command in '/home/max/robotics-and-automation/week2/ws/ros2_ws/build/pendulum_msgs': CMAKE_PREFIX_PATH=/opt/ros/humble /usr/bin/cmake --build /home/max/robotics-and-automation/week2/ws/ros2_ws/build/pendulum_msgs -- -j16 -l16
[14.200s] [  2%] [34m[1mGenerating C code for ROS interfaces[0m
[14.200s] [  4%] [34m[1mGenerating C++ code for ROS interfaces[0m
[14.200s] [  4%] Built target ament_cmake_python_copy_pendulum_msgs
[14.200s] running egg_info
[14.200s] creating pendulum_msgs.egg-info
[14.200s] writing pendulum_msgs.egg-info/PKG-INFO
[14.201s] writing dependency_links to pendulum_msgs.egg-info/dependency_links.txt
[14.201s] writing top-level names to pendulum_msgs.egg-info/top_level.txt
[14.201s] writing manifest file 'pendulum_msgs.egg-info/SOURCES.txt'
[14.201s] reading manifest file 'pendulum_msgs.egg-info/SOURCES.txt'
[14.201s] writing manifest file 'pendulum_msgs.egg-info/SOURCES.txt'
[14.201s] [  4%] Built target ament_cmake_python_build_pendulum_msgs_egg
[14.201s] [  6%] [32mBuilding C object CMakeFiles/pendulum_msgs__rosidl_generator_c.dir/rosidl_generator_c/pendulum_msgs/msg/detail/joint_state__functions.c.o[0m
[14.201s] [  8%] [32mBuilding C object CMakeFiles/pendulum_msgs__rosidl_generator_c.dir/rosidl_generator_c/pendulum_msgs/msg/detail/rttest_results__functions.c.o[0m
[14.201s] [  8%] Built target pendulum_msgs__cpp
[14.201s] [ 10%] [32mBuilding C object CMakeFiles/pendulum_msgs__rosidl_generator_c.dir/rosidl_generator_c/pendulum_msgs/msg/detail/joint_command__functions.c.o[0m
[14.201s] [ 12%] [34m[1mGenerating C++ type support for eProsima Fast-RTPS[0m
[14.201s] [ 14%] [34m[1mGenerating C++ introspection for ROS interfaces[0m
[14.201s] [ 17%] [34m[1mGenerating C++ type support dispatch for ROS interfaces[0m
[14.201s] [ 19%] [32m[1mLinking C shared library libpendulum_msgs__rosidl_generator_c.so[0m
[14.201s] [ 19%] Built target pendulum_msgs__rosidl_generator_c
[14.201s] [ 21%] [34m[1mGenerating C type support for eProsima Fast-RTPS[0m
[14.201s] [ 23%] [34m[1mGenerating C introspection for ROS interfaces[0m
[14.201s] [ 25%] [34m[1mGenerating C type support dispatch for ROS interfaces[0m
[14.201s] [ 27%] [32mBuilding CXX object CMakeFiles/pendulum_msgs__rosidl_typesupport_introspection_cpp.dir/rosidl_typesupport_introspection_cpp/pendulum_msgs/msg/detail/joint_command__type_support.cpp.o[0m
[14.201s] [ 29%] [32mBuilding CXX object CMakeFiles/pendulum_msgs__rosidl_typesupport_introspection_cpp.dir/rosidl_typesupport_introspection_cpp/pendulum_msgs/msg/detail/joint_state__type_support.cpp.o[0m
[14.201s] [ 31%] [32mBuilding CXX object CMakeFiles/pendulum_msgs__rosidl_typesupport_introspection_cpp.dir/rosidl_typesupport_introspection_cpp/pendulum_msgs/msg/detail/rttest_results__type_support.cpp.o[0m
[14.201s] [ 34%] [32mBuilding CXX object CMakeFiles/pendulum_msgs__rosidl_typesupport_fastrtps_cpp.dir/rosidl_typesupport_fastrtps_cpp/pendulum_msgs/msg/detail/dds_fastrtps/joint_command__type_support.cpp.o[0m
[14.201s] [ 36%] [32mBuilding CXX object CMakeFiles/pendulum_msgs__rosidl_typesupport_fastrtps_cpp.dir/rosidl_typesupport_fastrtps_cpp/pendulum_msgs/msg/detail/dds_fastrtps/joint_state__type_support.cpp.o[0m
[14.201s] [ 38%] [32mBuilding CXX object CMakeFiles/pendulum_msgs__rosidl_typesupport_fastrtps_cpp.dir/rosidl_typesupport_fastrtps_cpp/pendulum_msgs/msg/detail/dds_fastrtps/rttest_results__type_support.cpp.o[0m
[14.201s] [ 40%] [32mBuilding CXX object CMakeFiles/pendulum_msgs__rosidl_typesupport_c.dir/rosidl_typesupport_c/pendulum_msgs/msg/joint_state__type_support.cpp.o[0m
[14.201s] [ 42%] [32mBuilding CXX object CMakeFiles/pendulum_msgs__rosidl_typesupport_cpp.dir/rosidl_typesupport_cpp/pendulum_msgs/msg/joint_state__type_support.cpp.o[0m
[14.201s] [ 44%] [32mBuilding CXX object CMakeFiles/pendulum_msgs__rosidl_typesupport_cpp.dir/rosidl_typesupport_cpp/pendulum_msgs/msg/joint_command__type_support.cpp.o[0m
[14.201s] [ 46%] [32mBuilding CXX object CMakeFiles/pendulum_msgs__rosidl_typesupport_c.dir/rosidl_typesupport_c/pendulum_msgs/msg/joint_command__type_support.cpp.o[0m
[14.201s] [ 48%] [32mBuilding CXX object CMakeFiles/pendulum_msgs__rosidl_typesupport_c.dir/rosidl_typesupport_c/pendulum_msgs/msg/rttest_results__type_support.cpp.o[0m
[14.201s] [ 51%] [32mBuilding C object CMakeFiles/pendulum_msgs__rosidl_typesupport_introspection_c.dir/rosidl_typesupport_introspection_c/pendulum_msgs/msg/detail/joint_command__type_support.c.o[0m
[14.201s] [ 55%] [32mBuilding C object CMakeFiles/pendulum_msgs__rosidl_typesupport_introspection_c.dir/rosidl_typesupport_introspection_c/pendulum_msgs/msg/detail/joint_state__type_support.c.o[0m
[14.201s] [ 55%] [32mBuilding CXX object CMakeFiles/pendulum_msgs__rosidl_typesupport_cpp.dir/rosidl_typesupport_cpp/pendulum_msgs/msg/rttest_results__type_support.cpp.o[0m
[14.201s] [ 57%] [32mBuilding C object CMakeFiles/pendulum_msgs__rosidl_typesupport_introspection_c.dir/rosidl_typesupport_introspection_c/pendulum_msgs/msg/detail/rttest_results__type_support.c.o[0m
[14.201s] [ 59%] [32m[1mLinking CXX shared library libpendulum_msgs__rosidl_typesupport_c.so[0m
[14.201s] [ 61%] [32m[1mLinking C shared library libpendulum_msgs__rosidl_typesupport_introspection_c.so[0m
[14.202s] [ 61%] Built target pendulum_msgs__rosidl_typesupport_introspection_c
[14.202s] [ 61%] Built target pendulum_msgs__rosidl_typesupport_c
[14.202s] [ 63%] [32mBuilding CXX object CMakeFiles/pendulum_msgs__rosidl_typesupport_fastrtps_c.dir/rosidl_typesupport_fastrtps_c/pendulum_msgs/msg/detail/joint_state__type_support_c.cpp.o[0m
[14.202s] [ 65%] [32mBuilding CXX object CMakeFiles/pendulum_msgs__rosidl_typesupport_fastrtps_c.dir/rosidl_typesupport_fastrtps_c/pendulum_msgs/msg/detail/joint_command__type_support_c.cpp.o[0m
[14.202s] [ 68%] [32mBuilding CXX object CMakeFiles/pendulum_msgs__rosidl_typesupport_fastrtps_c.dir/rosidl_typesupport_fastrtps_c/pendulum_msgs/msg/detail/rttest_results__type_support_c.cpp.o[0m
[14.202s] [ 70%] [32m[1mLinking CXX shared library libpendulum_msgs__rosidl_typesupport_cpp.so[0m
[14.202s] [ 70%] Built target pendulum_msgs__rosidl_typesupport_cpp
[14.202s] [ 72%] [32m[1mLinking CXX shared library libpendulum_msgs__rosidl_typesupport_introspection_cpp.so[0m
[14.202s] [ 74%] [32m[1mLinking CXX shared library libpendulum_msgs__rosidl_typesupport_fastrtps_cpp.so[0m
[14.202s] [ 74%] Built target pendulum_msgs__rosidl_typesupport_introspection_cpp
[14.202s] [ 76%] [32m[1mLinking CXX shared library libpendulum_msgs__rosidl_typesupport_fastrtps_c.so[0m
[14.202s] [ 76%] Built target pendulum_msgs__rosidl_typesupport_fastrtps_cpp
[14.202s] [ 76%] Built target pendulum_msgs__rosidl_typesupport_fastrtps_c
[14.202s] [ 76%] Built target pendulum_msgs
[14.202s] [ 78%] [34m[1mGenerating Python code for ROS interfaces[0m
[14.202s] [ 78%] Built target pendulum_msgs__py
[14.202s] [ 80%] [32mBuilding C object CMakeFiles/pendulum_msgs__rosidl_generator_py.dir/rosidl_generator_py/pendulum_msgs/msg/_joint_state_s.c.o[0m
[14.202s] [ 82%] [32mBuilding C object CMakeFiles/pendulum_msgs__rosidl_generator_py.dir/rosidl_generator_py/pendulum_msgs/msg/_joint_command_s.c.o[0m
[14.202s] [ 85%] [32mBuilding C object CMakeFiles/pendulum_msgs__rosidl_generator_py.dir/rosidl_generator_py/pendulum_msgs/msg/_rttest_results_s.c.o[0m
[14.202s] [ 87%] [32m[1mLinking C shared library rosidl_generator_py/pendulum_msgs/libpendulum_msgs__rosidl_generator_py.so[0m
[14.202s] [ 87%] Built target pendulum_msgs__rosidl_generator_py
[14.202s] [ 89%] [32mBuilding C object CMakeFiles/pendulum_msgs__rosidl_typesupport_fastrtps_c__pyext.dir/rosidl_generator_py/pendulum_msgs/_pendulum_msgs_s.ep.rosidl_typesupport_fastrtps_c.c.o[0m
[14.202s] [ 91%] [32mBuilding C object CMakeFiles/pendulum_msgs__rosidl_typesupport_introspection_c__pyext.dir/rosidl_generator_py/pendulum_msgs/_pendulum_msgs_s.ep.rosidl_typesupport_introspection_c.c.o[0m
[14.202s] [ 93%] [32mBuilding C object CMakeFiles/pendulum_msgs__rosidl_typesupport_c__pyext.dir/rosidl_generator_py/pendulum_msgs/_pendulum_msgs_s.ep.rosidl_typesupport_c.c.o[0m
[14.202s] [ 95%] [32m[1mLinking C shared library rosidl_generator_py/pendulum_msgs/pendulum_msgs_s__rosidl_typesupport_fastrtps_c.cpython-310-x86_64-linux-gnu.so[0m
[14.202s] [ 97%] [32m[1mLinking C shared library rosidl_generator_py/pendulum_msgs/pendulum_msgs_s__rosidl_typesupport_c.cpython-310-x86_64-linux-gnu.so[0m
[14.202s] [ 97%] Built target pendulum_msgs__rosidl_typesupport_fastrtps_c__pyext
[14.202s] [100%] [32m[1mLinking C shared library rosidl_generator_py/pendulum_msgs/pendulum_msgs_s__rosidl_typesupport_introspection_c.cpython-310-x86_64-linux-gnu.so[0m
[14.202s] [100%] Built target pendulum_msgs__rosidl_typesupport_c__pyext
[14.202s] [100%] Built target pendulum_msgs__rosidl_typesupport_introspection_c__pyext
[14.208s] Invoked command in '/home/max/robotics-and-automation/week2/ws/ros2_ws/build/pendulum_msgs' returned '0': CMAKE_PREFIX_PATH=/opt/ros/humble /usr/bin/cmake --build /home/max/robotics-and-automation/week2/ws/ros2_ws/build/pendulum_msgs -- -j16 -l16
[14.496s] Invoking command in '/home/max/robotics-and-automation/week2/ws/ros2_ws/build/pendulum_msgs': CMAKE_PREFIX_PATH=/opt/ros/humble /usr/bin/cmake --install /home/max/robotics-and-automation/week2/ws/ros2_ws/build/pendulum_msgs
[14.531s] -- Install configuration: ""
[14.532s] -- Installing: /home/max/robotics-and-automation/week2/ws/ros2_ws/install/pendulum_msgs/share/ament_index/resource_index/rosidl_interfaces/pendulum_msgs
[14.532s] -- Installing: /home/max/robotics-and-automation/week2/ws/ros2_ws/install/pendulum_msgs/include/pendulum_msgs/pendulum_msgs
[14.532s] -- Installing: /home/max/robotics-and-automation/week2/ws/ros2_ws/install/pendulum_msgs/include/pendulum_msgs/pendulum_msgs/msg
[14.532s] -- Installing: /home/max/robotics-and-automation/week2/ws/ros2_ws/install/pendulum_msgs/include/pendulum_msgs/pendulum_msgs/msg/detail
[14.532s] -- Installing: /home/max/robotics-and-automation/week2/ws/ros2_ws/install/pendulum_msgs/include/pendulum_msgs/pendulum_msgs/msg/detail/joint_state__functions.h
[14.532s] -- Installing: /home/max/robotics-and-automation/week2/ws/ros2_ws/install/pendulum_msgs/include/pendulum_msgs/pendulum_msgs/msg/detail/joint_state__type_support.h
[14.532s] -- Installing: /home/max/robotics-and-automation/week2/ws/ros2_ws/install/pendulum_msgs/include/pendulum_msgs/pendulum_msgs/msg/detail/joint_command__struct.h
[14.532s] -- Installing: /home/max/robotics-and-automation/week2/ws/ros2_ws/install/pendulum_msgs/include/pendulum_msgs/pendulum_msgs/msg/detail/joint_state__functions.c
[14.532s] -- Installing: /home/max/robotics-and-automation/week2/ws/ros2_ws/install/pendulum_msgs/include/pendulum_msgs/pendulum_msgs/msg/detail/joint_command__type_support.h
[14.532s] -- Installing: /home/max/robotics-and-automation/week2/ws/ros2_ws/install/pendulum_msgs/include/pendulum_msgs/pendulum_msgs/msg/detail/joint_command__functions.h
[14.532s] -- Installing: /home/max/robotics-and-automation/week2/ws/ros2_ws/install/pendulum_msgs/include/pendulum_msgs/pendulum_msgs/msg/detail/rttest_results__functions.h
[14.532s] -- Installing: /home/max/robotics-and-automation/week2/ws/ros2_ws/install/pendulum_msgs/include/pendulum_msgs/pendulum_msgs/msg/detail/rttest_results__functions.c
[14.532s] -- Installing: /home/max/robotics-and-automation/week2/ws/ros2_ws/install/pendulum_msgs/include/pendulum_msgs/pendulum_msgs/msg/detail/rttest_results__struct.h
[14.532s] -- Installing: /home/max/robotics-and-automation/week2/ws/ros2_ws/install/pendulum_msgs/include/pendulum_msgs/pendulum_msgs/msg/detail/joint_command__functions.c
[14.532s] -- Installing: /home/max/robotics-and-automation/week2/ws/ros2_ws/install/pendulum_msgs/include/pendulum_msgs/pendulum_msgs/msg/detail/joint_state__struct.h
[14.532s] -- Installing: /home/max/robotics-and-automation/week2/ws/ros2_ws/install/pendulum_msgs/include/pendulum_msgs/pendulum_msgs/msg/detail/rttest_results__type_support.h
[14.532s] -- Installing: /home/max/robotics-and-automation/week2/ws/ros2_ws/install/pendulum_msgs/include/pendulum_msgs/pendulum_msgs/msg/joint_state.h
[14.532s] -- Installing: /home/max/robotics-and-automation/week2/ws/ros2_ws/install/pendulum_msgs/include/pendulum_msgs/pendulum_msgs/msg/joint_command.h
[14.532s] -- Installing: /home/max/robotics-and-automation/week2/ws/ros2_ws/install/pendulum_msgs/include/pendulum_msgs/pendulum_msgs/msg/rosidl_generator_c__visibility_control.h
[14.532s] -- Installing: /home/max/robotics-and-automation/week2/ws/ros2_ws/install/pendulum_msgs/include/pendulum_msgs/pendulum_msgs/msg/rttest_results.h
[14.532s] -- Installing: /home/max/robotics-and-automation/week2/ws/ros2_ws/install/pendulum_msgs/share/pendulum_msgs/environment/library_path.sh
[14.532s] -- Installing: /home/max/robotics-and-automation/week2/ws/ros2_ws/install/pendulum_msgs/share/pendulum_msgs/environment/library_path.dsv
[14.532s] -- Installing: /home/max/robotics-and-automation/week2/ws/ros2_ws/install/pendulum_msgs/lib/libpendulum_msgs__rosidl_generator_c.so
[14.532s] -- Set runtime path of "/home/max/robotics-and-automation/week2/ws/ros2_ws/install/pendulum_msgs/lib/libpendulum_msgs__rosidl_generator_c.so" to ""
[14.532s] -- Up-to-date: /home/max/robotics-and-automation/week2/ws/ros2_ws/install/pendulum_msgs/include/pendulum_msgs/pendulum_msgs
[14.532s] -- Up-to-date: /home/max/robotics-and-automation/week2/ws/ros2_ws/install/pendulum_msgs/include/pendulum_msgs/pendulum_msgs/msg
[14.532s] -- Installing: /home/max/robotics-and-automation/week2/ws/ros2_ws/install/pendulum_msgs/include/pendulum_msgs/pendulum_msgs/msg/rosidl_typesupport_fastrtps_c__visibility_control.h
[14.532s] -- Up-to-date: /home/max/robotics-and-automation/week2/ws/ros2_ws/install/pendulum_msgs/include/pendulum_msgs/pendulum_msgs/msg/detail
[14.532s] -- Installing: /home/max/robotics-and-automation/week2/ws/ros2_ws/install/pendulum_msgs/include/pendulum_msgs/pendulum_msgs/msg/detail/joint_command__rosidl_typesupport_fastrtps_c.h
[14.532s] -- Installing: /home/max/robotics-and-automation/week2/ws/ros2_ws/install/pendulum_msgs/include/pendulum_msgs/pendulum_msgs/msg/detail/joint_state__rosidl_typesupport_fastrtps_c.h
[14.532s] -- Installing: /home/max/robotics-and-automation/week2/ws/ros2_ws/install/pendulum_msgs/include/pendulum_msgs/pendulum_msgs/msg/detail/rttest_results__rosidl_typesupport_fastrtps_c.h
[14.532s] -- Installing: /home/max/robotics-and-automation/week2/ws/ros2_ws/install/pendulum_msgs/lib/libpendulum_msgs__rosidl_typesupport_fastrtps_c.so
[14.532s] -- Set runtime path of "/home/max/robotics-and-automation/week2/ws/ros2_ws/install/pendulum_msgs/lib/libpendulum_msgs__rosidl_typesupport_fastrtps_c.so" to ""
[14.533s] -- Up-to-date: /home/max/robotics-and-automation/week2/ws/ros2_ws/install/pendulum_msgs/include/pendulum_msgs/pendulum_msgs
[14.533s] -- Up-to-date: /home/max/robotics-and-automation/week2/ws/ros2_ws/install/pendulum_msgs/include/pendulum_msgs/pendulum_msgs/msg
[14.533s] -- Installing: /home/max/robotics-and-automation/week2/ws/ros2_ws/install/pendulum_msgs/include/pendulum_msgs/pendulum_msgs/msg/joint_state.hpp
[14.533s] -- Up-to-date: /home/max/robotics-and-automation/week2/ws/ros2_ws/install/pendulum_msgs/include/pendulum_msgs/pendulum_msgs/msg/detail
[14.533s] -- Installing: /home/max/robotics-and-automation/week2/ws/ros2_ws/install/pendulum_msgs/include/pendulum_msgs/pendulum_msgs/msg/detail/joint_state__builder.hpp
[14.533s] -- Installing: /home/max/robotics-and-automation/week2/ws/ros2_ws/install/pendulum_msgs/include/pendulum_msgs/pendulum_msgs/msg/detail/joint_state__struct.hpp
[14.533s] -- Installing: /home/max/robotics-and-automation/week2/ws/ros2_ws/install/pendulum_msgs/include/pendulum_msgs/pendulum_msgs/msg/detail/joint_command__struct.hpp
[14.533s] -- Installing: /home/max/robotics-and-automation/week2/ws/ros2_ws/install/pendulum_msgs/include/pendulum_msgs/pendulum_msgs/msg/detail/rttest_results__struct.hpp
[14.533s] -- Installing: /home/max/robotics-and-automation/week2/ws/ros2_ws/install/pendulum_msgs/include/pendulum_msgs/pendulum_msgs/msg/detail/joint_state__traits.hpp
[14.533s] -- Installing: /home/max/robotics-and-automation/week2/ws/ros2_ws/install/pendulum_msgs/include/pendulum_msgs/pendulum_msgs/msg/detail/joint_command__traits.hpp
[14.533s] -- Installing: /home/max/robotics-and-automation/week2/ws/ros2_ws/install/pendulum_msgs/include/pendulum_msgs/pendulum_msgs/msg/detail/joint_command__builder.hpp
[14.533s] -- Installing: /home/max/robotics-and-automation/week2/ws/ros2_ws/install/pendulum_msgs/include/pendulum_msgs/pendulum_msgs/msg/detail/rttest_results__traits.hpp
[14.533s] -- Installing: /home/max/robotics-and-automation/week2/ws/ros2_ws/install/pendulum_msgs/include/pendulum_msgs/pendulum_msgs/msg/detail/rttest_results__builder.hpp
[14.533s] -- Installing: /home/max/robotics-and-automation/week2/ws/ros2_ws/install/pendulum_msgs/include/pendulum_msgs/pendulum_msgs/msg/joint_command.hpp
[14.533s] -- Installing: /home/max/robotics-and-automation/week2/ws/ros2_ws/install/pendulum_msgs/include/pendulum_msgs/pendulum_msgs/msg/rttest_results.hpp
[14.533s] -- Up-to-date: /home/max/robotics-and-automation/week2/ws/ros2_ws/install/pendulum_msgs/include/pendulum_msgs/pendulum_msgs
[14.533s] -- Up-to-date: /home/max/robotics-and-automation/week2/ws/ros2_ws/install/pendulum_msgs/include/pendulum_msgs/pendulum_msgs/msg
[14.533s] -- Up-to-date: /home/max/robotics-and-automation/week2/ws/ros2_ws/install/pendulum_msgs/include/pendulum_msgs/pendulum_msgs/msg/detail
[14.533s] -- Installing: /home/max/robotics-and-automation/week2/ws/ros2_ws/install/pendulum_msgs/include/pendulum_msgs/pendulum_msgs/msg/detail/joint_command__rosidl_typesupport_fastrtps_cpp.hpp
[14.533s] -- Installing: /home/max/robotics-and-automation/week2/ws/ros2_ws/install/pendulum_msgs/include/pendulum_msgs/pendulum_msgs/msg/detail/joint_state__rosidl_typesupport_fastrtps_cpp.hpp
[14.533s] -- Installing: /home/max/robotics-and-automation/week2/ws/ros2_ws/install/pendulum_msgs/include/pendulum_msgs/pendulum_msgs/msg/detail/dds_fastrtps
[14.533s] -- Installing: /home/max/robotics-and-automation/week2/ws/ros2_ws/install/pendulum_msgs/include/pendulum_msgs/pendulum_msgs/msg/detail/rttest_results__rosidl_typesupport_fastrtps_cpp.hpp
[14.533s] -- Installing: /home/max/robotics-and-automation/week2/ws/ros2_ws/install/pendulum_msgs/include/pendulum_msgs/pendulum_msgs/msg/rosidl_typesupport_fastrtps_cpp__visibility_control.h
[14.533s] -- Installing: /home/max/robotics-and-automation/week2/ws/ros2_ws/install/pendulum_msgs/lib/libpendulum_msgs__rosidl_typesupport_fastrtps_cpp.so
[14.542s] -- Set runtime path of "/home/max/robotics-and-automation/week2/ws/ros2_ws/install/pendulum_msgs/lib/libpendulum_msgs__rosidl_typesupport_fastrtps_cpp.so" to ""
[14.543s] -- Up-to-date: /home/max/robotics-and-automation/week2/ws/ros2_ws/install/pendulum_msgs/include/pendulum_msgs/pendulum_msgs
[14.543s] -- Up-to-date: /home/max/robotics-and-automation/week2/ws/ros2_ws/install/pendulum_msgs/include/pendulum_msgs/pendulum_msgs/msg
[14.543s] -- Installing: /home/max/robotics-and-automation/week2/ws/ros2_ws/install/pendulum_msgs/include/pendulum_msgs/pendulum_msgs/msg/rosidl_typesupport_introspection_c__visibility_control.h
[14.543s] -- Up-to-date: /home/max/robotics-and-automation/week2/ws/ros2_ws/install/pendulum_msgs/include/pendulum_msgs/pendulum_msgs/msg/detail
[14.543s] -- Installing: /home/max/robotics-and-automation/week2/ws/ros2_ws/install/pendulum_msgs/include/pendulum_msgs/pendulum_msgs/msg/detail/rttest_results__rosidl_typesupport_introspection_c.h
[14.543s] -- Installing: /home/max/robotics-and-automation/week2/ws/ros2_ws/install/pendulum_msgs/include/pendulum_msgs/pendulum_msgs/msg/detail/joint_state__rosidl_typesupport_introspection_c.h
[14.543s] -- Installing: /home/max/robotics-and-automation/week2/ws/ros2_ws/install/pendulum_msgs/include/pendulum_msgs/pendulum_msgs/msg/detail/joint_command__rosidl_typesupport_introspection_c.h
[14.543s] -- Installing: /home/max/robotics-and-automation/week2/ws/ros2_ws/install/pendulum_msgs/include/pendulum_msgs/pendulum_msgs/msg/detail/joint_command__type_support.c
[14.543s] -- Installing: /home/max/robotics-and-automation/week2/ws/ros2_ws/install/pendulum_msgs/include/pendulum_msgs/pendulum_msgs/msg/detail/rttest_results__type_support.c
[14.543s] -- Installing: /home/max/robotics-and-automation/week2/ws/ros2_ws/install/pendulum_msgs/include/pendulum_msgs/pendulum_msgs/msg/detail/joint_state__type_support.c
[14.543s] -- Installing: /home/max/robotics-and-automation/week2/ws/ros2_ws/install/pendulum_msgs/lib/libpendulum_msgs__rosidl_typesupport_introspection_c.so
[14.543s] -- Set runtime path of "/home/max/robotics-and-automation/week2/ws/ros2_ws/install/pendulum_msgs/lib/libpendulum_msgs__rosidl_typesupport_introspection_c.so" to ""
[14.543s] -- Installing: /home/max/robotics-and-automation/week2/ws/ros2_ws/install/pendulum_msgs/lib/libpendulum_msgs__rosidl_typesupport_c.so
[14.543s] -- Set runtime path of "/home/max/robotics-and-automation/week2/ws/ros2_ws/install/pendulum_msgs/lib/libpendulum_msgs__rosidl_typesupport_c.so" to ""
[14.543s] -- Up-to-date: /home/max/robotics-and-automation/week2/ws/ros2_ws/install/pendulum_msgs/include/pendulum_msgs/pendulum_msgs
[14.543s] -- Up-to-date: /home/max/robotics-and-automation/week2/ws/ros2_ws/install/pendulum_msgs/include/pendulum_msgs/pendulum_msgs/msg
[14.543s] -- Up-to-date: /home/max/robotics-and-automation/week2/ws/ros2_ws/install/pendulum_msgs/include/pendulum_msgs/pendulum_msgs/msg/detail
[14.543s] -- Installing: /home/max/robotics-and-automation/week2/ws/ros2_ws/install/pendulum_msgs/include/pendulum_msgs/pendulum_msgs/msg/detail/joint_command__rosidl_typesupport_introspection_cpp.hpp
[14.544s] -- Installing: /home/max/robotics-and-automation/week2/ws/ros2_ws/install/pendulum_msgs/include/pendulum_msgs/pendulum_msgs/msg/detail/joint_command__type_support.cpp
[14.544s] -- Installing: /home/max/robotics-and-automation/week2/ws/ros2_ws/install/pendulum_msgs/include/pendulum_msgs/pendulum_msgs/msg/detail/joint_state__rosidl_typesupport_introspection_cpp.hpp
[14.544s] -- Installing: /home/max/robotics-and-automation/week2/ws/ros2_ws/install/pendulum_msgs/include/pendulum_msgs/pendulum_msgs/msg/detail/rttest_results__type_support.cpp
[14.544s] -- Installing: /home/max/robotics-and-automation/week2/ws/ros2_ws/install/pendulum_msgs/include/pendulum_msgs/pendulum_msgs/msg/detail/rttest_results__rosidl_typesupport_introspection_cpp.hpp
[14.544s] -- Installing: /home/max/robotics-and-automation/week2/ws/ros2_ws/install/pendulum_msgs/include/pendulum_msgs/pendulum_msgs/msg/detail/joint_state__type_support.cpp
[14.544s] -- Installing: /home/max/robotics-and-automation/week2/ws/ros2_ws/install/pendulum_msgs/lib/libpendulum_msgs__rosidl_typesupport_introspection_cpp.so
[14.544s] -- Set runtime path of "/home/max/robotics-and-automation/week2/ws/ros2_ws/install/pendulum_msgs/lib/libpendulum_msgs__rosidl_typesupport_introspection_cpp.so" to ""
[14.544s] -- Installing: /home/max/robotics-and-automation/week2/ws/ros2_ws/install/pendulum_msgs/lib/libpendulum_msgs__rosidl_typesupport_cpp.so
[14.544s] -- Set runtime path of "/home/max/robotics-and-automation/week2/ws/ros2_ws/install/pendulum_msgs/lib/libpendulum_msgs__rosidl_typesupport_cpp.so" to ""
[14.544s] -- Installing: /home/max/robotics-and-automation/week2/ws/ros2_ws/install/pendulum_msgs/share/pendulum_msgs/environment/pythonpath.sh
[14.544s] -- Installing: /home/max/robotics-and-automation/week2/ws/ros2_ws/install/pendulum_msgs/share/pendulum_msgs/environment/pythonpath.dsv
[14.544s] -- Installing: /home/max/robotics-and-automation/week2/ws/ros2_ws/install/pendulum_msgs/local/lib/python3.10/dist-packages/pendulum_msgs-0.20.5-py3.10.egg-info
[14.544s] -- Installing: /home/max/robotics-and-automation/week2/ws/ros2_ws/install/pendulum_msgs/local/lib/python3.10/dist-packages/pendulum_msgs-0.20.5-py3.10.egg-info/SOURCES.txt
[14.544s] -- Installing: /home/max/robotics-and-automation/week2/ws/ros2_ws/install/pendulum_msgs/local/lib/python3.10/dist-packages/pendulum_msgs-0.20.5-py3.10.egg-info/dependency_links.txt
[14.544s] -- Installing: /home/max/robotics-and-automation/week2/ws/ros2_ws/install/pendulum_msgs/local/lib/python3.10/dist-packages/pendulum_msgs-0.20.5-py3.10.egg-info/top_level.txt
[14.544s] -- Installing: /home/max/robotics-and-automation/week2/ws/ros2_ws/install/pendulum_msgs/local/lib/python3.10/dist-packages/pendulum_msgs-0.20.5-py3.10.egg-info/PKG-INFO
[14.544s] -- Installing: /home/max/robotics-and-automation/week2/ws/ros2_ws/install/pendulum_msgs/local/lib/python3.10/dist-packages/pendulum_msgs
[14.544s] -- Installing: /home/max/robotics-and-automation/week2/ws/ros2_ws/install/pendulum_msgs/local/lib/python3.10/dist-packages/pendulum_msgs/__init__.py
[14.544s] -- Installing: /home/max/robotics-and-automation/week2/ws/ros2_ws/install/pendulum_msgs/local/lib/python3.10/dist-packages/pendulum_msgs/libpendulum_msgs__rosidl_generator_py.so
[14.544s] -- Installing: /home/max/robotics-and-automation/week2/ws/ros2_ws/install/pendulum_msgs/local/lib/python3.10/dist-packages/pendulum_msgs/msg
[14.544s] -- Installing: /home/max/robotics-and-automation/week2/ws/ros2_ws/install/pendulum_msgs/local/lib/python3.10/dist-packages/pendulum_msgs/msg/_joint_command_s.c
[14.544s] -- Installing: /home/max/robotics-and-automation/week2/ws/ros2_ws/install/pendulum_msgs/local/lib/python3.10/dist-packages/pendulum_msgs/msg/__init__.py
[14.544s] -- Installing: /home/max/robotics-and-automation/week2/ws/ros2_ws/install/pendulum_msgs/local/lib/python3.10/dist-packages/pendulum_msgs/msg/_joint_command.py
[14.544s] -- Installing: /home/max/robotics-and-automation/week2/ws/ros2_ws/install/pendulum_msgs/local/lib/python3.10/dist-packages/pendulum_msgs/msg/_rttest_results_s.c
[14.544s] -- Installing: /home/max/robotics-and-automation/week2/ws/ros2_ws/install/pendulum_msgs/local/lib/python3.10/dist-packages/pendulum_msgs/msg/_joint_state.py
[14.544s] -- Installing: /home/max/robotics-and-automation/week2/ws/ros2_ws/install/pendulum_msgs/local/lib/python3.10/dist-packages/pendulum_msgs/msg/_joint_state_s.c
[14.544s] -- Installing: /home/max/robotics-and-automation/week2/ws/ros2_ws/install/pendulum_msgs/local/lib/python3.10/dist-packages/pendulum_msgs/msg/_rttest_results.py
[14.544s] -- Installing: /home/max/robotics-and-automation/week2/ws/ros2_ws/install/pendulum_msgs/local/lib/python3.10/dist-packages/pendulum_msgs/pendulum_msgs_s__rosidl_typesupport_introspection_c.cpython-310-x86_64-linux-gnu.so
[14.544s] -- Installing: /home/max/robotics-and-automation/week2/ws/ros2_ws/install/pendulum_msgs/local/lib/python3.10/dist-packages/pendulum_msgs/pendulum_msgs_s__rosidl_typesupport_c.cpython-310-x86_64-linux-gnu.so
[14.544s] -- Installing: /home/max/robotics-and-automation/week2/ws/ros2_ws/install/pendulum_msgs/local/lib/python3.10/dist-packages/pendulum_msgs/pendulum_msgs_s__rosidl_typesupport_fastrtps_c.cpython-310-x86_64-linux-gnu.so
[14.545s] -- Installing: /home/max/robotics-and-automation/week2/ws/ros2_ws/install/pendulum_msgs/local/lib/python3.10/dist-packages/pendulum_msgs/_pendulum_msgs_s.ep.rosidl_typesupport_c.c
[14.545s] -- Installing: /home/max/robotics-and-automation/week2/ws/ros2_ws/install/pendulum_msgs/local/lib/python3.10/dist-packages/pendulum_msgs/_pendulum_msgs_s.ep.rosidl_typesupport_introspection_c.c
[14.545s] -- Installing: /home/max/robotics-and-automation/week2/ws/ros2_ws/install/pendulum_msgs/local/lib/python3.10/dist-packages/pendulum_msgs/_pendulum_msgs_s.ep.rosidl_typesupport_fastrtps_c.c
[14.638s] Listing '/home/max/robotics-and-automation/week2/ws/ros2_ws/install/pendulum_msgs/local/lib/python3.10/dist-packages/pendulum_msgs'...
[14.638s] Compiling '/home/max/robotics-and-automation/week2/ws/ros2_ws/install/pendulum_msgs/local/lib/python3.10/dist-packages/pendulum_msgs/__init__.py'...
[14.638s] Listing '/home/max/robotics-and-automation/week2/ws/ros2_ws/install/pendulum_msgs/local/lib/python3.10/dist-packages/pendulum_msgs/msg'...
[14.638s] Compiling '/home/max/robotics-and-automation/week2/ws/ros2_ws/install/pendulum_msgs/local/lib/python3.10/dist-packages/pendulum_msgs/msg/__init__.py'...
[14.638s] Compiling '/home/max/robotics-and-automation/week2/ws/ros2_ws/install/pendulum_msgs/local/lib/python3.10/dist-packages/pendulum_msgs/msg/_joint_command.py'...
[14.638s] Compiling '/home/max/robotics-and-automation/week2/ws/ros2_ws/install/pendulum_msgs/local/lib/python3.10/dist-packages/pendulum_msgs/msg/_joint_state.py'...
[14.638s] Compiling '/home/max/robotics-and-automation/week2/ws/ros2_ws/install/pendulum_msgs/local/lib/python3.10/dist-packages/pendulum_msgs/msg/_rttest_results.py'...
[14.653s] -- Installing: /home/max/robotics-and-automation/week2/ws/ros2_ws/install/pendulum_msgs/local/lib/python3.10/dist-packages/pendulum_msgs/pendulum_msgs_s__rosidl_typesupport_fastrtps_c.cpython-310-x86_64-linux-gnu.so
[14.653s] -- Set runtime path of "/home/max/robotics-and-automation/week2/ws/ros2_ws/install/pendulum_msgs/local/lib/python3.10/dist-packages/pendulum_msgs/pendulum_msgs_s__rosidl_typesupport_fastrtps_c.cpython-310-x86_64-linux-gnu.so" to ""
[14.653s] -- Installing: /home/max/robotics-and-automation/week2/ws/ros2_ws/install/pendulum_msgs/local/lib/python3.10/dist-packages/pendulum_msgs/pendulum_msgs_s__rosidl_typesupport_introspection_c.cpython-310-x86_64-linux-gnu.so
[14.653s] -- Set runtime path of "/home/max/robotics-and-automation/week2/ws/ros2_ws/install/pendulum_msgs/local/lib/python3.10/dist-packages/pendulum_msgs/pendulum_msgs_s__rosidl_typesupport_introspection_c.cpython-310-x86_64-linux-gnu.so" to ""
[14.653s] -- Installing: /home/max/robotics-and-automation/week2/ws/ros2_ws/install/pendulum_msgs/local/lib/python3.10/dist-packages/pendulum_msgs/pendulum_msgs_s__rosidl_typesupport_c.cpython-310-x86_64-linux-gnu.so
[14.653s] -- Set runtime path of "/home/max/robotics-and-automation/week2/ws/ros2_ws/install/pendulum_msgs/local/lib/python3.10/dist-packages/pendulum_msgs/pendulum_msgs_s__rosidl_typesupport_c.cpython-310-x86_64-linux-gnu.so" to ""
[14.653s] -- Installing: /home/max/robotics-and-automation/week2/ws/ros2_ws/install/pendulum_msgs/lib/libpendulum_msgs__rosidl_generator_py.so
[14.653s] -- Set runtime path of "/home/max/robotics-and-automation/week2/ws/ros2_ws/install/pendulum_msgs/lib/libpendulum_msgs__rosidl_generator_py.so" to ""
[14.653s] -- Installing: /home/max/robotics-and-automation/week2/ws/ros2_ws/install/pendulum_msgs/share/pendulum_msgs/msg/JointState.idl
[14.653s] -- Installing: /home/max/robotics-and-automation/week2/ws/ros2_ws/install/pendulum_msgs/share/pendulum_msgs/msg/JointCommand.idl
[14.653s] -- Installing: /home/max/robotics-and-automation/week2/ws/ros2_ws/install/pendulum_msgs/share/pendulum_msgs/msg/RttestResults.idl
[14.653s] -- Installing: /home/max/robotics-and-automation/week2/ws/ros2_ws/install/pendulum_msgs/share/pendulum_msgs/msg/JointState.msg
[14.654s] -- Installing: /home/max/robotics-and-automation/week2/ws/ros2_ws/install/pendulum_msgs/share/pendulum_msgs/msg/JointCommand.msg
[14.654s] -- Installing: /home/max/robotics-and-automation/week2/ws/ros2_ws/install/pendulum_msgs/share/pendulum_msgs/msg/RttestResults.msg
[14.654s] -- Installing: /home/max/robotics-and-automation/week2/ws/ros2_ws/install/pendulum_msgs/share/ament_index/resource_index/package_run_dependencies/pendulum_msgs
[14.654s] -- Installing: /home/max/robotics-and-automation/week2/ws/ros2_ws/install/pendulum_msgs/share/ament_index/resource_index/parent_prefix_path/pendulum_msgs
[14.654s] -- Installing: /home/max/robotics-and-automation/week2/ws/ros2_ws/install/pendulum_msgs/share/pendulum_msgs/environment/ament_prefix_path.sh
[14.654s] -- Installing: /home/max/robotics-and-automation/week2/ws/ros2_ws/install/pendulum_msgs/share/pendulum_msgs/environment/ament_prefix_path.dsv
[14.654s] -- Installing: /home/max/robotics-and-automation/week2/ws/ros2_ws/install/pendulum_msgs/share/pendulum_msgs/environment/path.sh
[14.654s] -- Installing: /home/max/robotics-and-automation/week2/ws/ros2_ws/install/pendulum_msgs/share/pendulum_msgs/environment/path.dsv
[14.654s] -- Installing: /home/max/robotics-and-automation/week2/ws/ros2_ws/install/pendulum_msgs/share/pendulum_msgs/local_setup.bash
[14.654s] -- Installing: /home/max/robotics-and-automation/week2/ws/ros2_ws/install/pendulum_msgs/share/pendulum_msgs/local_setup.sh
[14.654s] -- Installing: /home/max/robotics-and-automation/week2/ws/ros2_ws/install/pendulum_msgs/share/pendulum_msgs/local_setup.zsh
[14.654s] -- Installing: /home/max/robotics-and-automation/week2/ws/ros2_ws/install/pendulum_msgs/share/pendulum_msgs/local_setup.dsv
[14.654s] -- Installing: /home/max/robotics-and-automation/week2/ws/ros2_ws/install/pendulum_msgs/share/pendulum_msgs/package.dsv
[14.654s] -- Installing: /home/max/robotics-and-automation/week2/ws/ros2_ws/install/pendulum_msgs/share/ament_index/resource_index/packages/pendulum_msgs
[14.654s] -- Installing: /home/max/robotics-and-automation/week2/ws/ros2_ws/install/pendulum_msgs/share/pendulum_msgs/cmake/export_pendulum_msgs__rosidl_generator_cExport.cmake
[14.654s] -- Installing: /home/max/robotics-and-automation/week2/ws/ros2_ws/install/pendulum_msgs/share/pendulum_msgs/cmake/export_pendulum_msgs__rosidl_generator_cExport-noconfig.cmake
[14.654s] -- Installing: /home/max/robotics-and-automation/week2/ws/ros2_ws/install/pendulum_msgs/share/pendulum_msgs/cmake/export_pendulum_msgs__rosidl_typesupport_fastrtps_cExport.cmake
[14.654s] -- Installing: /home/max/robotics-and-automation/week2/ws/ros2_ws/install/pendulum_msgs/share/pendulum_msgs/cmake/export_pendulum_msgs__rosidl_typesupport_fastrtps_cExport-noconfig.cmake
[14.654s] -- Installing: /home/max/robotics-and-automation/week2/ws/ros2_ws/install/pendulum_msgs/share/pendulum_msgs/cmake/export_pendulum_msgs__rosidl_generator_cppExport.cmake
[14.654s] -- Installing: /home/max/robotics-and-automation/week2/ws/ros2_ws/install/pendulum_msgs/share/pendulum_msgs/cmake/export_pendulum_msgs__rosidl_typesupport_fastrtps_cppExport.cmake
[14.654s] -- Installing: /home/max/robotics-and-automation/week2/ws/ros2_ws/install/pendulum_msgs/share/pendulum_msgs/cmake/export_pendulum_msgs__rosidl_typesupport_fastrtps_cppExport-noconfig.cmake
[14.654s] -- Installing: /home/max/robotics-and-automation/week2/ws/ros2_ws/install/pendulum_msgs/share/pendulum_msgs/cmake/pendulum_msgs__rosidl_typesupport_introspection_cExport.cmake
[14.654s] -- Installing: /home/max/robotics-and-automation/week2/ws/ros2_ws/install/pendulum_msgs/share/pendulum_msgs/cmake/pendulum_msgs__rosidl_typesupport_introspection_cExport-noconfig.cmake
[14.654s] -- Installing: /home/max/robotics-and-automation/week2/ws/ros2_ws/install/pendulum_msgs/share/pendulum_msgs/cmake/pendulum_msgs__rosidl_typesupport_cExport.cmake
[14.654s] -- Installing: /home/max/robotics-and-automation/week2/ws/ros2_ws/install/pendulum_msgs/share/pendulum_msgs/cmake/pendulum_msgs__rosidl_typesupport_cExport-noconfig.cmake
[14.654s] -- Installing: /home/max/robotics-and-automation/week2/ws/ros2_ws/install/pendulum_msgs/share/pendulum_msgs/cmake/pendulum_msgs__rosidl_typesupport_introspection_cppExport.cmake
[14.655s] -- Installing: /home/max/robotics-and-automation/week2/ws/ros2_ws/install/pendulum_msgs/share/pendulum_msgs/cmake/pendulum_msgs__rosidl_typesupport_introspection_cppExport-noconfig.cmake
[14.655s] -- Installing: /home/max/robotics-and-automation/week2/ws/ros2_ws/install/pendulum_msgs/share/pendulum_msgs/cmake/pendulum_msgs__rosidl_typesupport_cppExport.cmake
[14.655s] -- Installing: /home/max/robotics-and-automation/week2/ws/ros2_ws/install/pendulum_msgs/share/pendulum_msgs/cmake/pendulum_msgs__rosidl_typesupport_cppExport-noconfig.cmake
[14.655s] -- Installing: /home/max/robotics-and-automation/week2/ws/ros2_ws/install/pendulum_msgs/share/pendulum_msgs/cmake/export_pendulum_msgs__rosidl_generator_pyExport.cmake
[14.655s] -- Installing: /home/max/robotics-and-automation/week2/ws/ros2_ws/install/pendulum_msgs/share/pendulum_msgs/cmake/export_pendulum_msgs__rosidl_generator_pyExport-noconfig.cmake
[14.655s] -- Installing: /home/max/robotics-and-automation/week2/ws/ros2_ws/install/pendulum_msgs/share/pendulum_msgs/cmake/rosidl_cmake-extras.cmake
[14.655s] -- Installing: /home/max/robotics-and-automation/week2/ws/ros2_ws/install/pendulum_msgs/share/pendulum_msgs/cmake/ament_cmake_export_dependencies-extras.cmake
[14.655s] -- Installing: /home/max/robotics-and-automation/week2/ws/ros2_ws/install/pendulum_msgs/share/pendulum_msgs/cmake/ament_cmake_export_include_directories-extras.cmake
[14.655s] -- Installing: /home/max/robotics-and-automation/week2/ws/ros2_ws/install/pendulum_msgs/share/pendulum_msgs/cmake/ament_cmake_export_libraries-extras.cmake
[14.655s] -- Installing: /home/max/robotics-and-automation/week2/ws/ros2_ws/install/pendulum_msgs/share/pendulum_msgs/cmake/ament_cmake_export_targets-extras.cmake
[14.655s] -- Installing: /home/max/robotics-and-automation/week2/ws/ros2_ws/install/pendulum_msgs/share/pendulum_msgs/cmake/rosidl_cmake_export_typesupport_targets-extras.cmake
[14.655s] -- Installing: /home/max/robotics-and-automation/week2/ws/ros2_ws/install/pendulum_msgs/share/pendulum_msgs/cmake/rosidl_cmake_export_typesupport_libraries-extras.cmake
[14.666s] -- Installing: /home/max/robotics-and-automation/week2/ws/ros2_ws/install/pendulum_msgs/share/pendulum_msgs/cmake/pendulum_msgsConfig.cmake
[14.666s] -- Installing: /home/max/robotics-and-automation/week2/ws/ros2_ws/install/pendulum_msgs/share/pendulum_msgs/cmake/pendulum_msgsConfig-version.cmake
[14.666s] -- Installing: /home/max/robotics-and-automation/week2/ws/ros2_ws/install/pendulum_msgs/share/pendulum_msgs/package.xml
[14.700s] Invoked command in '/home/max/robotics-and-automation/week2/ws/ros2_ws/build/pendulum_msgs' returned '0': CMAKE_PREFIX_PATH=/opt/ros/humble /usr/bin/cmake --install /home/max/robotics-and-automation/week2/ws/ros2_ws/build/pendulum_msgs
