-- The C compiler identification is GNU 11.4.0
-- The CXX compiler identification is GNU 11.4.0
-- Detecting C compiler ABI info
-- Detecting C compiler ABI info - done
-- Check for working C compiler: /usr/bin/cc - skipped
-- Detecting C compile features
-- Detecting C compile features - done
-- Detecting CXX compiler ABI info
-- Detecting CXX compiler ABI info - done
-- Check for working CXX compiler: /usr/bin/c++ - skipped
-- Detecting CXX compile features
-- Detecting CXX compile features - done
-- Found ament_cmake: 1.3.10 (/opt/ros/humble/share/ament_cmake/cmake)
-- Found Python3: /usr/bin/python3 (found version "3.10.12") found components: Interpreter 
-- Found rclcpp: 16.0.10 (/opt/ros/humble/share/rclcpp/cmake)
-- Found rosidl_generator_c: 3.1.5 (/opt/ros/humble/share/rosidl_generator_c/cmake)
-- Found rosidl_adapter: 3.1.5 (/opt/ros/humble/share/rosidl_adapter/cmake)
-- Found rosidl_generator_cpp: 3.1.5 (/opt/ros/humble/share/rosidl_generator_cpp/cmake)
-- Using all available rosidl_typesupport_c: rosidl_typesupport_fastrtps_c;rosidl_typesupport_introspection_c
-- Using all available rosidl_typesupport_cpp: rosidl_typesupport_fastrtps_cpp;rosidl_typesupport_introspection_cpp
-- Found rmw_implementation_cmake: 6.1.2 (/opt/ros/humble/share/rmw_implementation_cmake/cmake)
-- Found rmw_fastrtps_cpp: 6.2.7 (/opt/ros/humble/share/rmw_fastrtps_cpp/cmake)
-- Found OpenSSL: /usr/lib/x86_64-linux-gnu/libcrypto.so (found version "3.0.2")  
-- Found FastRTPS: /opt/ros/humble/include  
-- Using RMW implementation 'rmw_fastrtps_cpp' as default
-- Looking for pthread.h
-- Looking for pthread.h - found
-- Performing Test CMAKE_HAVE_LIBC_PTHREAD
-- Performing Test CMAKE_HAVE_LIBC_PTHREAD - Success
-- Found Threads: TRUE  
-- Found rclcpp_components: 16.0.10 (/opt/ros/humble/share/rclcpp_components/cmake)
-- Found rosidl_default_generators: 1.2.0 (/opt/ros/humble/share/rosidl_default_generators/cmake)
-- Found ament_cmake_ros: 0.10.0 (/opt/ros/humble/share/ament_cmake_ros/cmake)
-- Using all available rosidl_typesupport_c: rosidl_typesupport_fastrtps_c;rosidl_typesupport_introspection_c
-- Using all available rosidl_typesupport_cpp: rosidl_typesupport_fastrtps_cpp;rosidl_typesupport_introspection_cpp
-- Found PythonInterp: /usr/bin/python3 (found suitable version "3.10.12", minimum required is "3.6") 
-- Found python_cmake_module: 0.10.0 (/opt/ros/humble/share/python_cmake_module/cmake)
-- Found PythonLibs: /usr/lib/x86_64-linux-gnu/libpython3.10.so (found suitable version "3.10.12", minimum required is "3.5") 
-- Using PYTHON_EXECUTABLE: /usr/bin/python3
-- Using PYTHON_INCLUDE_DIRS: /usr/include/python3.10
-- Using PYTHON_LIBRARIES: /usr/lib/x86_64-linux-gnu/libpython3.10.so
-- Found PythonExtra: .so  
-- Found ament_lint_auto: 0.12.11 (/opt/ros/humble/share/ament_lint_auto/cmake)
-- Using PYTHON_EXECUTABLE: /usr/bin/python3
-- Using PYTHON_INCLUDE_DIRS: /usr/include/python3.10
-- Using PYTHON_LIBRARIES: /usr/lib/x86_64-linux-gnu/libpython3.10.so
-- Added test 'copyright' to check source files copyright and LICENSE
-- Added test 'cppcheck' to perform static code analysis on C / C++ code
-- Configured cppcheck include dirs: /home/max/robotics-and-automation/week2/ws/ros2_ws/src/demos/logging_demo/include
-- Configured cppcheck exclude dirs and/or files: 
-- Added test 'cpplint' to check C / C++ code against the Google style
-- Configured cpplint exclude dirs and/or files: 
-- Added test 'lint_cmake' to check CMake code style
-- Added test 'uncrustify' to check C / C++ code style
-- Configured uncrustify additional arguments: 
-- Added test 'xmllint' to check XML markup files
-- Configuring done
-- Generating done
-- Build files have been written to: /home/max/robotics-and-automation/week2/ws/ros2_ws/build/logging_demo
[  2%] [34m[1mGenerating C++ code for ROS interfaces[0m
[  2%] Built target logging_demo__cpp
[  5%] [32mBuilding CXX object CMakeFiles/logger_usage_component.dir/src/logger_usage_component.cpp.o[0m
[  8%] [32m[1mLinking CXX shared library liblogger_usage_component.so[0m
[  8%] Built target logger_usage_component
[ 10%] [34m[1mGenerating C++ introspection for ROS interfaces[0m
[ 13%] [32mBuilding CXX object CMakeFiles/logging_demo__rosidl_typesupport_introspection_cpp.dir/rosidl_typesupport_introspection_cpp/logging_demo/srv/detail/config_logger__type_support.cpp.o[0m
[ 16%] [32m[1mLinking CXX shared library liblogging_demo__rosidl_typesupport_introspection_cpp.so[0m
[ 16%] Built target logging_demo__rosidl_typesupport_introspection_cpp
[ 18%] [34m[1mGenerating C++ type support for eProsima Fast-RTPS[0m
[ 21%] [32mBuilding CXX object CMakeFiles/logging_demo__rosidl_typesupport_fastrtps_cpp.dir/rosidl_typesupport_fastrtps_cpp/logging_demo/srv/detail/dds_fastrtps/config_logger__type_support.cpp.o[0m
[ 24%] [32m[1mLinking CXX shared library liblogging_demo__rosidl_typesupport_fastrtps_cpp.so[0m
[ 24%] Built target logging_demo__rosidl_typesupport_fastrtps_cpp
[ 27%] [34m[1mGenerating C++ type support dispatch for ROS interfaces[0m
[ 29%] [32mBuilding CXX object CMakeFiles/logging_demo__rosidl_typesupport_cpp.dir/rosidl_typesupport_cpp/logging_demo/srv/config_logger__type_support.cpp.o[0m
[ 32%] [32m[1mLinking CXX shared library liblogging_demo__rosidl_typesupport_cpp.so[0m
[ 32%] Built target logging_demo__rosidl_typesupport_cpp
[ 32%] Built target ament_cmake_python_copy_logging_demo
[ 35%] [32mBuilding CXX object CMakeFiles/logger_config_component.dir/src/logger_config_component.cpp.o[0m
[ 37%] [32m[1mLinking CXX shared library liblogger_config_component.so[0m
[ 37%] Built target logger_config_component
running egg_info
creating logging_demo.egg-info
writing logging_demo.egg-info/PKG-INFO
writing dependency_links to logging_demo.egg-info/dependency_links.txt
writing top-level names to logging_demo.egg-info/top_level.txt
writing manifest file 'logging_demo.egg-info/SOURCES.txt'
reading manifest file 'logging_demo.egg-info/SOURCES.txt'
writing manifest file 'logging_demo.egg-info/SOURCES.txt'
[ 37%] Built target ament_cmake_python_build_logging_demo_egg
[ 40%] [32mBuilding CXX object CMakeFiles/logging_demo_main.dir/src/logging_demo_main.cpp.o[0m
[ 43%] [32m[1mLinking CXX executable logging_demo_main[0m
[ 43%] Built target logging_demo_main
[ 45%] [34m[1mGenerating C code for ROS interfaces[0m
[ 48%] [32mBuilding C object CMakeFiles/logging_demo__rosidl_generator_c.dir/rosidl_generator_c/logging_demo/srv/detail/config_logger__functions.c.o[0m
[ 51%] [32m[1mLinking C shared library liblogging_demo__rosidl_generator_c.so[0m
[ 51%] Built target logging_demo__rosidl_generator_c
[ 54%] [34m[1mGenerating C type support for eProsima Fast-RTPS[0m
[ 56%] [32mBuilding CXX object CMakeFiles/logging_demo__rosidl_typesupport_fastrtps_c.dir/rosidl_typesupport_fastrtps_c/logging_demo/srv/detail/config_logger__type_support_c.cpp.o[0m
[ 59%] [32m[1mLinking CXX shared library liblogging_demo__rosidl_typesupport_fastrtps_c.so[0m
[ 59%] Built target logging_demo__rosidl_typesupport_fastrtps_c
[ 62%] [34m[1mGenerating C type support dispatch for ROS interfaces[0m
[ 64%] [32mBuilding CXX object CMakeFiles/logging_demo__rosidl_typesupport_c.dir/rosidl_typesupport_c/logging_demo/srv/config_logger__type_support.cpp.o[0m
[ 67%] [32m[1mLinking CXX shared library liblogging_demo__rosidl_typesupport_c.so[0m
[ 67%] Built target logging_demo__rosidl_typesupport_c
[ 70%] [34m[1mGenerating C introspection for ROS interfaces[0m
[ 72%] [32mBuilding C object CMakeFiles/logging_demo__rosidl_typesupport_introspection_c.dir/rosidl_typesupport_introspection_c/logging_demo/srv/detail/config_logger__type_support.c.o[0m
[ 75%] [32m[1mLinking C shared library liblogging_demo__rosidl_typesupport_introspection_c.so[0m
[ 75%] Built target logging_demo__rosidl_typesupport_introspection_c
[ 75%] Built target logging_demo
[ 78%] [34m[1mGenerating Python code for ROS interfaces[0m
[ 78%] Built target logging_demo__py
[ 81%] [32mBuilding C object CMakeFiles/logging_demo__rosidl_generator_py.dir/rosidl_generator_py/logging_demo/srv/_config_logger_s.c.o[0m
[ 83%] [32m[1mLinking C shared library rosidl_generator_py/logging_demo/liblogging_demo__rosidl_generator_py.so[0m
[ 83%] Built target logging_demo__rosidl_generator_py
[ 86%] [32mBuilding C object CMakeFiles/logging_demo__rosidl_typesupport_fastrtps_c__pyext.dir/rosidl_generator_py/logging_demo/_logging_demo_s.ep.rosidl_typesupport_fastrtps_c.c.o[0m
[ 89%] [32m[1mLinking C shared library rosidl_generator_py/logging_demo/logging_demo_s__rosidl_typesupport_fastrtps_c.cpython-310-x86_64-linux-gnu.so[0m
[ 89%] Built target logging_demo__rosidl_typesupport_fastrtps_c__pyext
[ 91%] [32mBuilding C object CMakeFiles/logging_demo__rosidl_typesupport_c__pyext.dir/rosidl_generator_py/logging_demo/_logging_demo_s.ep.rosidl_typesupport_c.c.o[0m
[ 94%] [32m[1mLinking C shared library rosidl_generator_py/logging_demo/logging_demo_s__rosidl_typesupport_c.cpython-310-x86_64-linux-gnu.so[0m
[ 94%] Built target logging_demo__rosidl_typesupport_c__pyext
[ 97%] [32mBuilding C object CMakeFiles/logging_demo__rosidl_typesupport_introspection_c__pyext.dir/rosidl_generator_py/logging_demo/_logging_demo_s.ep.rosidl_typesupport_introspection_c.c.o[0m
[100%] [32m[1mLinking C shared library rosidl_generator_py/logging_demo/logging_demo_s__rosidl_typesupport_introspection_c.cpython-310-x86_64-linux-gnu.so[0m
[100%] Built target logging_demo__rosidl_typesupport_introspection_c__pyext
-- Install configuration: ""
-- Installing: /home/max/robotics-and-automation/week2/ws/ros2_ws/install/logging_demo/share/ament_index/resource_index/rosidl_interfaces/logging_demo
-- Installing: /home/max/robotics-and-automation/week2/ws/ros2_ws/install/logging_demo/include/logging_demo/logging_demo
-- Installing: /home/max/robotics-and-automation/week2/ws/ros2_ws/install/logging_demo/include/logging_demo/logging_demo/srv
-- Installing: /home/max/robotics-and-automation/week2/ws/ros2_ws/install/logging_demo/include/logging_demo/logging_demo/srv/detail
-- Installing: /home/max/robotics-and-automation/week2/ws/ros2_ws/install/logging_demo/include/logging_demo/logging_demo/srv/detail/config_logger__struct.h
-- Installing: /home/max/robotics-and-automation/week2/ws/ros2_ws/install/logging_demo/include/logging_demo/logging_demo/srv/detail/config_logger__functions.c
-- Installing: /home/max/robotics-and-automation/week2/ws/ros2_ws/install/logging_demo/include/logging_demo/logging_demo/srv/detail/config_logger__functions.h
-- Installing: /home/max/robotics-and-automation/week2/ws/ros2_ws/install/logging_demo/include/logging_demo/logging_demo/srv/detail/config_logger__type_support.h
-- Installing: /home/max/robotics-and-automation/week2/ws/ros2_ws/install/logging_demo/include/logging_demo/logging_demo/srv/config_logger.h
-- Installing: /home/max/robotics-and-automation/week2/ws/ros2_ws/install/logging_demo/include/logging_demo/logging_demo/msg
-- Installing: /home/max/robotics-and-automation/week2/ws/ros2_ws/install/logging_demo/include/logging_demo/logging_demo/msg/rosidl_generator_c__visibility_control.h
-- Installing: /home/max/robotics-and-automation/week2/ws/ros2_ws/install/logging_demo/share/logging_demo/environment/library_path.sh
-- Installing: /home/max/robotics-and-automation/week2/ws/ros2_ws/install/logging_demo/share/logging_demo/environment/library_path.dsv
-- Installing: /home/max/robotics-and-automation/week2/ws/ros2_ws/install/logging_demo/lib/liblogging_demo__rosidl_generator_c.so
-- Set runtime path of "/home/max/robotics-and-automation/week2/ws/ros2_ws/install/logging_demo/lib/liblogging_demo__rosidl_generator_c.so" to ""
-- Up-to-date: /home/max/robotics-and-automation/week2/ws/ros2_ws/install/logging_demo/include/logging_demo/logging_demo
-- Up-to-date: /home/max/robotics-and-automation/week2/ws/ros2_ws/install/logging_demo/include/logging_demo/logging_demo/srv
-- Up-to-date: /home/max/robotics-and-automation/week2/ws/ros2_ws/install/logging_demo/include/logging_demo/logging_demo/srv/detail
-- Installing: /home/max/robotics-and-automation/week2/ws/ros2_ws/install/logging_demo/include/logging_demo/logging_demo/srv/detail/config_logger__rosidl_typesupport_fastrtps_c.h
-- Up-to-date: /home/max/robotics-and-automation/week2/ws/ros2_ws/install/logging_demo/include/logging_demo/logging_demo/msg
-- Installing: /home/max/robotics-and-automation/week2/ws/ros2_ws/install/logging_demo/include/logging_demo/logging_demo/msg/rosidl_typesupport_fastrtps_c__visibility_control.h
-- Installing: /home/max/robotics-and-automation/week2/ws/ros2_ws/install/logging_demo/lib/liblogging_demo__rosidl_typesupport_fastrtps_c.so
-- Set runtime path of "/home/max/robotics-and-automation/week2/ws/ros2_ws/install/logging_demo/lib/liblogging_demo__rosidl_typesupport_fastrtps_c.so" to ""
-- Up-to-date: /home/max/robotics-and-automation/week2/ws/ros2_ws/install/logging_demo/include/logging_demo/logging_demo
-- Up-to-date: /home/max/robotics-and-automation/week2/ws/ros2_ws/install/logging_demo/include/logging_demo/logging_demo/srv
-- Up-to-date: /home/max/robotics-and-automation/week2/ws/ros2_ws/install/logging_demo/include/logging_demo/logging_demo/srv/detail
-- Installing: /home/max/robotics-and-automation/week2/ws/ros2_ws/install/logging_demo/include/logging_demo/logging_demo/srv/detail/config_logger__builder.hpp
-- Installing: /home/max/robotics-and-automation/week2/ws/ros2_ws/install/logging_demo/include/logging_demo/logging_demo/srv/detail/config_logger__traits.hpp
-- Installing: /home/max/robotics-and-automation/week2/ws/ros2_ws/install/logging_demo/include/logging_demo/logging_demo/srv/detail/config_logger__struct.hpp
-- Installing: /home/max/robotics-and-automation/week2/ws/ros2_ws/install/logging_demo/include/logging_demo/logging_demo/srv/config_logger.hpp
-- Up-to-date: /home/max/robotics-and-automation/week2/ws/ros2_ws/install/logging_demo/include/logging_demo/logging_demo
-- Up-to-date: /home/max/robotics-and-automation/week2/ws/ros2_ws/install/logging_demo/include/logging_demo/logging_demo/srv
-- Up-to-date: /home/max/robotics-and-automation/week2/ws/ros2_ws/install/logging_demo/include/logging_demo/logging_demo/srv/detail
-- Installing: /home/max/robotics-and-automation/week2/ws/ros2_ws/install/logging_demo/include/logging_demo/logging_demo/srv/detail/dds_fastrtps
-- Installing: /home/max/robotics-and-automation/week2/ws/ros2_ws/install/logging_demo/include/logging_demo/logging_demo/srv/detail/config_logger__rosidl_typesupport_fastrtps_cpp.hpp
-- Up-to-date: /home/max/robotics-and-automation/week2/ws/ros2_ws/install/logging_demo/include/logging_demo/logging_demo/msg
-- Installing: /home/max/robotics-and-automation/week2/ws/ros2_ws/install/logging_demo/include/logging_demo/logging_demo/msg/rosidl_typesupport_fastrtps_cpp__visibility_control.h
-- Installing: /home/max/robotics-and-automation/week2/ws/ros2_ws/install/logging_demo/lib/liblogging_demo__rosidl_typesupport_fastrtps_cpp.so
-- Set runtime path of "/home/max/robotics-and-automation/week2/ws/ros2_ws/install/logging_demo/lib/liblogging_demo__rosidl_typesupport_fastrtps_cpp.so" to ""
-- Up-to-date: /home/max/robotics-and-automation/week2/ws/ros2_ws/install/logging_demo/include/logging_demo/logging_demo
-- Up-to-date: /home/max/robotics-and-automation/week2/ws/ros2_ws/install/logging_demo/include/logging_demo/logging_demo/srv
-- Up-to-date: /home/max/robotics-and-automation/week2/ws/ros2_ws/install/logging_demo/include/logging_demo/logging_demo/srv/detail
-- Installing: /home/max/robotics-and-automation/week2/ws/ros2_ws/install/logging_demo/include/logging_demo/logging_demo/srv/detail/config_logger__rosidl_typesupport_introspection_c.h
-- Installing: /home/max/robotics-and-automation/week2/ws/ros2_ws/install/logging_demo/include/logging_demo/logging_demo/srv/detail/config_logger__type_support.c
-- Up-to-date: /home/max/robotics-and-automation/week2/ws/ros2_ws/install/logging_demo/include/logging_demo/logging_demo/msg
-- Installing: /home/max/robotics-and-automation/week2/ws/ros2_ws/install/logging_demo/include/logging_demo/logging_demo/msg/rosidl_typesupport_introspection_c__visibility_control.h
-- Installing: /home/max/robotics-and-automation/week2/ws/ros2_ws/install/logging_demo/lib/liblogging_demo__rosidl_typesupport_introspection_c.so
-- Set runtime path of "/home/max/robotics-and-automation/week2/ws/ros2_ws/install/logging_demo/lib/liblogging_demo__rosidl_typesupport_introspection_c.so" to ""
-- Installing: /home/max/robotics-and-automation/week2/ws/ros2_ws/install/logging_demo/lib/liblogging_demo__rosidl_typesupport_c.so
-- Set runtime path of "/home/max/robotics-and-automation/week2/ws/ros2_ws/install/logging_demo/lib/liblogging_demo__rosidl_typesupport_c.so" to ""
-- Up-to-date: /home/max/robotics-and-automation/week2/ws/ros2_ws/install/logging_demo/include/logging_demo/logging_demo
-- Up-to-date: /home/max/robotics-and-automation/week2/ws/ros2_ws/install/logging_demo/include/logging_demo/logging_demo/srv
-- Up-to-date: /home/max/robotics-and-automation/week2/ws/ros2_ws/install/logging_demo/include/logging_demo/logging_demo/srv/detail
-- Installing: /home/max/robotics-and-automation/week2/ws/ros2_ws/install/logging_demo/include/logging_demo/logging_demo/srv/detail/config_logger__type_support.cpp
-- Installing: /home/max/robotics-and-automation/week2/ws/ros2_ws/install/logging_demo/include/logging_demo/logging_demo/srv/detail/config_logger__rosidl_typesupport_introspection_cpp.hpp
-- Installing: /home/max/robotics-and-automation/week2/ws/ros2_ws/install/logging_demo/lib/liblogging_demo__rosidl_typesupport_introspection_cpp.so
-- Set runtime path of "/home/max/robotics-and-automation/week2/ws/ros2_ws/install/logging_demo/lib/liblogging_demo__rosidl_typesupport_introspection_cpp.so" to ""
-- Installing: /home/max/robotics-and-automation/week2/ws/ros2_ws/install/logging_demo/lib/liblogging_demo__rosidl_typesupport_cpp.so
-- Set runtime path of "/home/max/robotics-and-automation/week2/ws/ros2_ws/install/logging_demo/lib/liblogging_demo__rosidl_typesupport_cpp.so" to ""
-- Installing: /home/max/robotics-and-automation/week2/ws/ros2_ws/install/logging_demo/share/logging_demo/environment/pythonpath.sh
-- Installing: /home/max/robotics-and-automation/week2/ws/ros2_ws/install/logging_demo/share/logging_demo/environment/pythonpath.dsv
-- Installing: /home/max/robotics-and-automation/week2/ws/ros2_ws/install/logging_demo/local/lib/python3.10/dist-packages/logging_demo-0.20.5-py3.10.egg-info
-- Installing: /home/max/robotics-and-automation/week2/ws/ros2_ws/install/logging_demo/local/lib/python3.10/dist-packages/logging_demo-0.20.5-py3.10.egg-info/SOURCES.txt
-- Installing: /home/max/robotics-and-automation/week2/ws/ros2_ws/install/logging_demo/local/lib/python3.10/dist-packages/logging_demo-0.20.5-py3.10.egg-info/dependency_links.txt
-- Installing: /home/max/robotics-and-automation/week2/ws/ros2_ws/install/logging_demo/local/lib/python3.10/dist-packages/logging_demo-0.20.5-py3.10.egg-info/top_level.txt
-- Installing: /home/max/robotics-and-automation/week2/ws/ros2_ws/install/logging_demo/local/lib/python3.10/dist-packages/logging_demo-0.20.5-py3.10.egg-info/PKG-INFO
-- Installing: /home/max/robotics-and-automation/week2/ws/ros2_ws/install/logging_demo/local/lib/python3.10/dist-packages/logging_demo
-- Installing: /home/max/robotics-and-automation/week2/ws/ros2_ws/install/logging_demo/local/lib/python3.10/dist-packages/logging_demo/__init__.py
-- Installing: /home/max/robotics-and-automation/week2/ws/ros2_ws/install/logging_demo/local/lib/python3.10/dist-packages/logging_demo/srv
-- Installing: /home/max/robotics-and-automation/week2/ws/ros2_ws/install/logging_demo/local/lib/python3.10/dist-packages/logging_demo/srv/__init__.py
-- Installing: /home/max/robotics-and-automation/week2/ws/ros2_ws/install/logging_demo/local/lib/python3.10/dist-packages/logging_demo/srv/_config_logger.py
-- Installing: /home/max/robotics-and-automation/week2/ws/ros2_ws/install/logging_demo/local/lib/python3.10/dist-packages/logging_demo/srv/_config_logger_s.c
-- Installing: /home/max/robotics-and-automation/week2/ws/ros2_ws/install/logging_demo/local/lib/python3.10/dist-packages/logging_demo/_logging_demo_s.ep.rosidl_typesupport_c.c
-- Installing: /home/max/robotics-and-automation/week2/ws/ros2_ws/install/logging_demo/local/lib/python3.10/dist-packages/logging_demo/_logging_demo_s.ep.rosidl_typesupport_fastrtps_c.c
-- Installing: /home/max/robotics-and-automation/week2/ws/ros2_ws/install/logging_demo/local/lib/python3.10/dist-packages/logging_demo/logging_demo_s__rosidl_typesupport_c.cpython-310-x86_64-linux-gnu.so
-- Installing: /home/max/robotics-and-automation/week2/ws/ros2_ws/install/logging_demo/local/lib/python3.10/dist-packages/logging_demo/logging_demo_s__rosidl_typesupport_introspection_c.cpython-310-x86_64-linux-gnu.so
-- Installing: /home/max/robotics-and-automation/week2/ws/ros2_ws/install/logging_demo/local/lib/python3.10/dist-packages/logging_demo/liblogging_demo__rosidl_generator_py.so
-- Installing: /home/max/robotics-and-automation/week2/ws/ros2_ws/install/logging_demo/local/lib/python3.10/dist-packages/logging_demo/_logging_demo_s.ep.rosidl_typesupport_introspection_c.c
-- Installing: /home/max/robotics-and-automation/week2/ws/ros2_ws/install/logging_demo/local/lib/python3.10/dist-packages/logging_demo/logging_demo_s__rosidl_typesupport_fastrtps_c.cpython-310-x86_64-linux-gnu.so
Listing '/home/max/robotics-and-automation/week2/ws/ros2_ws/install/logging_demo/local/lib/python3.10/dist-packages/logging_demo'...
Compiling '/home/max/robotics-and-automation/week2/ws/ros2_ws/install/logging_demo/local/lib/python3.10/dist-packages/logging_demo/__init__.py'...
Listing '/home/max/robotics-and-automation/week2/ws/ros2_ws/install/logging_demo/local/lib/python3.10/dist-packages/logging_demo/srv'...
Compiling '/home/max/robotics-and-automation/week2/ws/ros2_ws/install/logging_demo/local/lib/python3.10/dist-packages/logging_demo/srv/__init__.py'...
Compiling '/home/max/robotics-and-automation/week2/ws/ros2_ws/install/logging_demo/local/lib/python3.10/dist-packages/logging_demo/srv/_config_logger.py'...
-- Installing: /home/max/robotics-and-automation/week2/ws/ros2_ws/install/logging_demo/local/lib/python3.10/dist-packages/logging_demo/logging_demo_s__rosidl_typesupport_fastrtps_c.cpython-310-x86_64-linux-gnu.so
-- Set runtime path of "/home/max/robotics-and-automation/week2/ws/ros2_ws/install/logging_demo/local/lib/python3.10/dist-packages/logging_demo/logging_demo_s__rosidl_typesupport_fastrtps_c.cpython-310-x86_64-linux-gnu.so" to ""
-- Installing: /home/max/robotics-and-automation/week2/ws/ros2_ws/install/logging_demo/local/lib/python3.10/dist-packages/logging_demo/logging_demo_s__rosidl_typesupport_introspection_c.cpython-310-x86_64-linux-gnu.so
-- Set runtime path of "/home/max/robotics-and-automation/week2/ws/ros2_ws/install/logging_demo/local/lib/python3.10/dist-packages/logging_demo/logging_demo_s__rosidl_typesupport_introspection_c.cpython-310-x86_64-linux-gnu.so" to ""
-- Installing: /home/max/robotics-and-automation/week2/ws/ros2_ws/install/logging_demo/local/lib/python3.10/dist-packages/logging_demo/logging_demo_s__rosidl_typesupport_c.cpython-310-x86_64-linux-gnu.so
-- Set runtime path of "/home/max/robotics-and-automation/week2/ws/ros2_ws/install/logging_demo/local/lib/python3.10/dist-packages/logging_demo/logging_demo_s__rosidl_typesupport_c.cpython-310-x86_64-linux-gnu.so" to ""
-- Installing: /home/max/robotics-and-automation/week2/ws/ros2_ws/install/logging_demo/lib/liblogging_demo__rosidl_generator_py.so
-- Set runtime path of "/home/max/robotics-and-automation/week2/ws/ros2_ws/install/logging_demo/lib/liblogging_demo__rosidl_generator_py.so" to ""
-- Installing: /home/max/robotics-and-automation/week2/ws/ros2_ws/install/logging_demo/share/logging_demo/srv/ConfigLogger.idl
-- Installing: /home/max/robotics-and-automation/week2/ws/ros2_ws/install/logging_demo/share/logging_demo/srv/ConfigLogger.srv
-- Installing: /home/max/robotics-and-automation/week2/ws/ros2_ws/install/logging_demo/share/logging_demo/srv/ConfigLogger_Request.msg
-- Installing: /home/max/robotics-and-automation/week2/ws/ros2_ws/install/logging_demo/share/logging_demo/srv/ConfigLogger_Response.msg
-- Installing: /home/max/robotics-and-automation/week2/ws/ros2_ws/install/logging_demo/lib/liblogger_config_component.so
-- Set runtime path of "/home/max/robotics-and-automation/week2/ws/ros2_ws/install/logging_demo/lib/liblogger_config_component.so" to ""
-- Installing: /home/max/robotics-and-automation/week2/ws/ros2_ws/install/logging_demo/lib/liblogger_usage_component.so
-- Set runtime path of "/home/max/robotics-and-automation/week2/ws/ros2_ws/install/logging_demo/lib/liblogger_usage_component.so" to ""
-- Installing: /home/max/robotics-and-automation/week2/ws/ros2_ws/install/logging_demo/lib/logging_demo/logging_demo_main
-- Set runtime path of "/home/max/robotics-and-automation/week2/ws/ros2_ws/install/logging_demo/lib/logging_demo/logging_demo_main" to ""
-- Installing: /home/max/robotics-and-automation/week2/ws/ros2_ws/install/logging_demo/share/ament_index/resource_index/package_run_dependencies/logging_demo
-- Installing: /home/max/robotics-and-automation/week2/ws/ros2_ws/install/logging_demo/share/ament_index/resource_index/parent_prefix_path/logging_demo
-- Installing: /home/max/robotics-and-automation/week2/ws/ros2_ws/install/logging_demo/share/logging_demo/environment/ament_prefix_path.sh
-- Installing: /home/max/robotics-and-automation/week2/ws/ros2_ws/install/logging_demo/share/logging_demo/environment/ament_prefix_path.dsv
-- Installing: /home/max/robotics-and-automation/week2/ws/ros2_ws/install/logging_demo/share/logging_demo/environment/path.sh
-- Installing: /home/max/robotics-and-automation/week2/ws/ros2_ws/install/logging_demo/share/logging_demo/environment/path.dsv
-- Installing: /home/max/robotics-and-automation/week2/ws/ros2_ws/install/logging_demo/share/logging_demo/local_setup.bash
-- Installing: /home/max/robotics-and-automation/week2/ws/ros2_ws/install/logging_demo/share/logging_demo/local_setup.sh
-- Installing: /home/max/robotics-and-automation/week2/ws/ros2_ws/install/logging_demo/share/logging_demo/local_setup.zsh
-- Installing: /home/max/robotics-and-automation/week2/ws/ros2_ws/install/logging_demo/share/logging_demo/local_setup.dsv
-- Installing: /home/max/robotics-and-automation/week2/ws/ros2_ws/install/logging_demo/share/logging_demo/package.dsv
-- Installing: /home/max/robotics-and-automation/week2/ws/ros2_ws/install/logging_demo/share/ament_index/resource_index/packages/logging_demo
-- Installing: /home/max/robotics-and-automation/week2/ws/ros2_ws/install/logging_demo/share/logging_demo/cmake/export_logging_demo__rosidl_generator_cExport.cmake
-- Installing: /home/max/robotics-and-automation/week2/ws/ros2_ws/install/logging_demo/share/logging_demo/cmake/export_logging_demo__rosidl_generator_cExport-noconfig.cmake
-- Installing: /home/max/robotics-and-automation/week2/ws/ros2_ws/install/logging_demo/share/logging_demo/cmake/export_logging_demo__rosidl_typesupport_fastrtps_cExport.cmake
-- Installing: /home/max/robotics-and-automation/week2/ws/ros2_ws/install/logging_demo/share/logging_demo/cmake/export_logging_demo__rosidl_typesupport_fastrtps_cExport-noconfig.cmake
-- Installing: /home/max/robotics-and-automation/week2/ws/ros2_ws/install/logging_demo/share/logging_demo/cmake/export_logging_demo__rosidl_generator_cppExport.cmake
-- Installing: /home/max/robotics-and-automation/week2/ws/ros2_ws/install/logging_demo/share/logging_demo/cmake/export_logging_demo__rosidl_typesupport_fastrtps_cppExport.cmake
-- Installing: /home/max/robotics-and-automation/week2/ws/ros2_ws/install/logging_demo/share/logging_demo/cmake/export_logging_demo__rosidl_typesupport_fastrtps_cppExport-noconfig.cmake
-- Installing: /home/max/robotics-and-automation/week2/ws/ros2_ws/install/logging_demo/share/logging_demo/cmake/logging_demo__rosidl_typesupport_introspection_cExport.cmake
-- Installing: /home/max/robotics-and-automation/week2/ws/ros2_ws/install/logging_demo/share/logging_demo/cmake/logging_demo__rosidl_typesupport_introspection_cExport-noconfig.cmake
-- Installing: /home/max/robotics-and-automation/week2/ws/ros2_ws/install/logging_demo/share/logging_demo/cmake/logging_demo__rosidl_typesupport_cExport.cmake
-- Installing: /home/max/robotics-and-automation/week2/ws/ros2_ws/install/logging_demo/share/logging_demo/cmake/logging_demo__rosidl_typesupport_cExport-noconfig.cmake
-- Installing: /home/max/robotics-and-automation/week2/ws/ros2_ws/install/logging_demo/share/logging_demo/cmake/logging_demo__rosidl_typesupport_introspection_cppExport.cmake
-- Installing: /home/max/robotics-and-automation/week2/ws/ros2_ws/install/logging_demo/share/logging_demo/cmake/logging_demo__rosidl_typesupport_introspection_cppExport-noconfig.cmake
-- Installing: /home/max/robotics-and-automation/week2/ws/ros2_ws/install/logging_demo/share/logging_demo/cmake/logging_demo__rosidl_typesupport_cppExport.cmake
-- Installing: /home/max/robotics-and-automation/week2/ws/ros2_ws/install/logging_demo/share/logging_demo/cmake/logging_demo__rosidl_typesupport_cppExport-noconfig.cmake
-- Installing: /home/max/robotics-and-automation/week2/ws/ros2_ws/install/logging_demo/share/logging_demo/cmake/export_logging_demo__rosidl_generator_pyExport.cmake
-- Installing: /home/max/robotics-and-automation/week2/ws/ros2_ws/install/logging_demo/share/logging_demo/cmake/export_logging_demo__rosidl_generator_pyExport-noconfig.cmake
-- Installing: /home/max/robotics-and-automation/week2/ws/ros2_ws/install/logging_demo/share/ament_index/resource_index/rclcpp_components/logging_demo
-- Installing: /home/max/robotics-and-automation/week2/ws/ros2_ws/install/logging_demo/share/logging_demo/cmake/rosidl_cmake-extras.cmake
-- Installing: /home/max/robotics-and-automation/week2/ws/ros2_ws/install/logging_demo/share/logging_demo/cmake/ament_cmake_export_include_directories-extras.cmake
-- Installing: /home/max/robotics-and-automation/week2/ws/ros2_ws/install/logging_demo/share/logging_demo/cmake/ament_cmake_export_libraries-extras.cmake
-- Installing: /home/max/robotics-and-automation/week2/ws/ros2_ws/install/logging_demo/share/logging_demo/cmake/ament_cmake_export_targets-extras.cmake
-- Installing: /home/max/robotics-and-automation/week2/ws/ros2_ws/install/logging_demo/share/logging_demo/cmake/rosidl_cmake_export_typesupport_targets-extras.cmake
-- Installing: /home/max/robotics-and-automation/week2/ws/ros2_ws/install/logging_demo/share/logging_demo/cmake/ament_cmake_export_dependencies-extras.cmake
-- Installing: /home/max/robotics-and-automation/week2/ws/ros2_ws/install/logging_demo/share/logging_demo/cmake/rosidl_cmake_export_typesupport_libraries-extras.cmake
-- Installing: /home/max/robotics-and-automation/week2/ws/ros2_ws/install/logging_demo/share/logging_demo/cmake/logging_demoConfig.cmake
-- Installing: /home/max/robotics-and-automation/week2/ws/ros2_ws/install/logging_demo/share/logging_demo/cmake/logging_demoConfig-version.cmake
-- Installing: /home/max/robotics-and-automation/week2/ws/ros2_ws/install/logging_demo/share/logging_demo/package.xml
