[0.047s] Invoking command in '/home/max/robotics-and-automation/week2/ws/ros2_ws/build/logging_demo': CMAKE_PREFIX_PATH=/opt/ros/humble /usr/bin/cmake /home/max/robotics-and-automation/week2/ws/ros2_ws/src/demos/logging_demo -DCMAKE_INSTALL_PREFIX=/home/max/robotics-and-automation/week2/ws/ros2_ws/install/logging_demo
[2.488s] -- The C compiler identification is GNU 11.4.0
[2.488s] -- The CXX compiler identification is GNU 11.4.0
[2.488s] -- Detecting C compiler ABI info
[2.488s] -- Detecting C compiler ABI info - done
[2.488s] -- Check for working C compiler: /usr/bin/cc - skipped
[2.488s] -- Detecting C compile features
[2.488s] -- Detecting C compile features - done
[2.488s] -- Detecting CXX compiler ABI info
[2.488s] -- Detecting CXX compiler ABI info - done
[2.488s] -- Check for working CXX compiler: /usr/bin/c++ - skipped
[2.488s] -- Detecting CXX compile features
[2.488s] -- Detecting CXX compile features - done
[2.488s] -- Found ament_cmake: 1.3.10 (/opt/ros/humble/share/ament_cmake/cmake)
[2.488s] -- Found Python3: /usr/bin/python3 (found version "3.10.12") found components: Interpreter 
[2.488s] -- Found rclcpp: 16.0.10 (/opt/ros/humble/share/rclcpp/cmake)
[2.488s] -- Found rosidl_generator_c: 3.1.5 (/opt/ros/humble/share/rosidl_generator_c/cmake)
[2.489s] -- Found rosidl_adapter: 3.1.5 (/opt/ros/humble/share/rosidl_adapter/cmake)
[2.489s] -- Found rosidl_generator_cpp: 3.1.5 (/opt/ros/humble/share/rosidl_generator_cpp/cmake)
[2.489s] -- Using all available rosidl_typesupport_c: rosidl_typesupport_fastrtps_c;rosidl_typesupport_introspection_c
[2.489s] -- Using all available rosidl_typesupport_cpp: rosidl_typesupport_fastrtps_cpp;rosidl_typesupport_introspection_cpp
[2.489s] -- Found rmw_implementation_cmake: 6.1.2 (/opt/ros/humble/share/rmw_implementation_cmake/cmake)
[2.489s] -- Found rmw_fastrtps_cpp: 6.2.7 (/opt/ros/humble/share/rmw_fastrtps_cpp/cmake)
[2.489s] -- Found OpenSSL: /usr/lib/x86_64-linux-gnu/libcrypto.so (found version "3.0.2")  
[2.489s] -- Found FastRTPS: /opt/ros/humble/include  
[2.489s] -- Using RMW implementation 'rmw_fastrtps_cpp' as default
[2.489s] -- Looking for pthread.h
[2.525s] -- Looking for pthread.h - found
[2.525s] -- Performing Test CMAKE_HAVE_LIBC_PTHREAD
[2.736s] -- Performing Test CMAKE_HAVE_LIBC_PTHREAD - Success
[2.737s] -- Found Threads: TRUE  
[2.897s] -- Found rclcpp_components: 16.0.10 (/opt/ros/humble/share/rclcpp_components/cmake)
[2.982s] -- Found rosidl_default_generators: 1.2.0 (/opt/ros/humble/share/rosidl_default_generators/cmake)
[3.578s] -- Found ament_cmake_ros: 0.10.0 (/opt/ros/humble/share/ament_cmake_ros/cmake)
[4.454s] -- Using all available rosidl_typesupport_c: rosidl_typesupport_fastrtps_c;rosidl_typesupport_introspection_c
[4.835s] -- Using all available rosidl_typesupport_cpp: rosidl_typesupport_fastrtps_cpp;rosidl_typesupport_introspection_cpp
[4.868s] -- Found PythonInterp: /usr/bin/python3 (found suitable version "3.10.12", minimum required is "3.6") 
[4.869s] -- Found python_cmake_module: 0.10.0 (/opt/ros/humble/share/python_cmake_module/cmake)
[4.924s] -- Found PythonLibs: /usr/lib/x86_64-linux-gnu/libpython3.10.so (found suitable version "3.10.12", minimum required is "3.5") 
[4.924s] -- Using PYTHON_EXECUTABLE: /usr/bin/python3
[4.924s] -- Using PYTHON_INCLUDE_DIRS: /usr/include/python3.10
[4.924s] -- Using PYTHON_LIBRARIES: /usr/lib/x86_64-linux-gnu/libpython3.10.so
[4.960s] -- Found PythonExtra: .so  
[5.013s] -- Found ament_lint_auto: 0.12.11 (/opt/ros/humble/share/ament_lint_auto/cmake)
[5.117s] -- Using PYTHON_EXECUTABLE: /usr/bin/python3
[5.117s] -- Using PYTHON_INCLUDE_DIRS: /usr/include/python3.10
[5.117s] -- Using PYTHON_LIBRARIES: /usr/lib/x86_64-linux-gnu/libpython3.10.so
[5.146s] -- Added test 'copyright' to check source files copyright and LICENSE
[5.150s] -- Added test 'cppcheck' to perform static code analysis on C / C++ code
[5.151s] -- Configured cppcheck include dirs: /home/max/robotics-and-automation/week2/ws/ros2_ws/src/demos/logging_demo/include
[5.151s] -- Configured cppcheck exclude dirs and/or files: 
[5.155s] -- Added test 'cpplint' to check C / C++ code against the Google style
[5.155s] -- Configured cpplint exclude dirs and/or files: 
[5.156s] -- Added test 'lint_cmake' to check CMake code style
[5.161s] -- Added test 'uncrustify' to check C / C++ code style
[5.161s] -- Configured uncrustify additional arguments: 
[5.162s] -- Added test 'xmllint' to check XML markup files
[5.164s] -- Configuring done
[5.246s] -- Generating done
[5.249s] -- Build files have been written to: /home/max/robotics-and-automation/week2/ws/ros2_ws/build/logging_demo
[5.284s] Invoked command in '/home/max/robotics-and-automation/week2/ws/ros2_ws/build/logging_demo' returned '0': CMAKE_PREFIX_PATH=/opt/ros/humble /usr/bin/cmake /home/max/robotics-and-automation/week2/ws/ros2_ws/src/demos/logging_demo -DCMAKE_INSTALL_PREFIX=/home/max/robotics-and-automation/week2/ws/ros2_ws/install/logging_demo
[5.284s] Invoking command in '/home/max/robotics-and-automation/week2/ws/ros2_ws/build/logging_demo': CMAKE_PREFIX_PATH=/opt/ros/humble /usr/bin/cmake --build /home/max/robotics-and-automation/week2/ws/ros2_ws/build/logging_demo -- -j16 -l16
[7.485s] [  2%] [34m[1mGenerating C++ code for ROS interfaces[0m
[7.485s] [  2%] Built target logging_demo__cpp
[7.485s] [  5%] [32mBuilding CXX object CMakeFiles/logger_usage_component.dir/src/logger_usage_component.cpp.o[0m
[15.480s] [  8%] [32m[1mLinking CXX shared library liblogger_usage_component.so[0m
[15.933s] [  8%] Built target logger_usage_component
[15.957s] [ 10%] [34m[1mGenerating C++ introspection for ROS interfaces[0m
[16.278s] [ 13%] [32mBuilding CXX object CMakeFiles/logging_demo__rosidl_typesupport_introspection_cpp.dir/rosidl_typesupport_introspection_cpp/logging_demo/srv/detail/config_logger__type_support.cpp.o[0m
[16.708s] [ 16%] [32m[1mLinking CXX shared library liblogging_demo__rosidl_typesupport_introspection_cpp.so[0m
[16.835s] [ 16%] Built target logging_demo__rosidl_typesupport_introspection_cpp
[16.853s] [ 18%] [34m[1mGenerating C++ type support for eProsima Fast-RTPS[0m
[17.221s] [ 21%] [32mBuilding CXX object CMakeFiles/logging_demo__rosidl_typesupport_fastrtps_cpp.dir/rosidl_typesupport_fastrtps_cpp/logging_demo/srv/detail/dds_fastrtps/config_logger__type_support.cpp.o[0m
[17.700s] [ 24%] [32m[1mLinking CXX shared library liblogging_demo__rosidl_typesupport_fastrtps_cpp.so[0m
[17.836s] [ 24%] Built target logging_demo__rosidl_typesupport_fastrtps_cpp
[17.857s] [ 27%] [34m[1mGenerating C++ type support dispatch for ROS interfaces[0m
[18.124s] [ 29%] [32mBuilding CXX object CMakeFiles/logging_demo__rosidl_typesupport_cpp.dir/rosidl_typesupport_cpp/logging_demo/srv/config_logger__type_support.cpp.o[0m
[18.568s] [ 32%] [32m[1mLinking CXX shared library liblogging_demo__rosidl_typesupport_cpp.so[0m
[18.652s] [ 32%] Built target logging_demo__rosidl_typesupport_cpp
[18.722s] [ 32%] Built target ament_cmake_python_copy_logging_demo
[18.762s] [ 35%] [32mBuilding CXX object CMakeFiles/logger_config_component.dir/src/logger_config_component.cpp.o[0m
[21.837s] [ 37%] [32m[1mLinking CXX shared library liblogger_config_component.so[0m
[21.921s] [ 37%] Built target logger_config_component
[22.033s] running egg_info
[22.034s] creating logging_demo.egg-info
[22.034s] writing logging_demo.egg-info/PKG-INFO
[22.034s] writing dependency_links to logging_demo.egg-info/dependency_links.txt
[22.034s] writing top-level names to logging_demo.egg-info/top_level.txt
[22.034s] writing manifest file 'logging_demo.egg-info/SOURCES.txt'
[22.035s] reading manifest file 'logging_demo.egg-info/SOURCES.txt'
[22.035s] writing manifest file 'logging_demo.egg-info/SOURCES.txt'
[22.053s] [ 37%] Built target ament_cmake_python_build_logging_demo_egg
[22.065s] [ 40%] [32mBuilding CXX object CMakeFiles/logging_demo_main.dir/src/logging_demo_main.cpp.o[0m
[23.654s] [ 43%] [32m[1mLinking CXX executable logging_demo_main[0m
[23.737s] [ 43%] Built target logging_demo_main
[23.744s] [ 45%] [34m[1mGenerating C code for ROS interfaces[0m
[23.888s] [ 48%] [32mBuilding C object CMakeFiles/logging_demo__rosidl_generator_c.dir/rosidl_generator_c/logging_demo/srv/detail/config_logger__functions.c.o[0m
[23.918s] [ 51%] [32m[1mLinking C shared library liblogging_demo__rosidl_generator_c.so[0m
[23.940s] [ 51%] Built target logging_demo__rosidl_generator_c
[23.946s] [ 54%] [34m[1mGenerating C type support for eProsima Fast-RTPS[0m
[24.067s] [ 56%] [32mBuilding CXX object CMakeFiles/logging_demo__rosidl_typesupport_fastrtps_c.dir/rosidl_typesupport_fastrtps_c/logging_demo/srv/detail/config_logger__type_support_c.cpp.o[0m
[24.233s] [ 59%] [32m[1mLinking CXX shared library liblogging_demo__rosidl_typesupport_fastrtps_c.so[0m
[24.273s] [ 59%] Built target logging_demo__rosidl_typesupport_fastrtps_c
[24.279s] [ 62%] [34m[1mGenerating C type support dispatch for ROS interfaces[0m
[24.388s] [ 64%] [32mBuilding CXX object CMakeFiles/logging_demo__rosidl_typesupport_c.dir/rosidl_typesupport_c/logging_demo/srv/config_logger__type_support.cpp.o[0m
[24.407s] [ 67%] [32m[1mLinking CXX shared library liblogging_demo__rosidl_typesupport_c.so[0m
[24.430s] [ 67%] Built target logging_demo__rosidl_typesupport_c
[24.436s] [ 70%] [34m[1mGenerating C introspection for ROS interfaces[0m
[24.556s] [ 72%] [32mBuilding C object CMakeFiles/logging_demo__rosidl_typesupport_introspection_c.dir/rosidl_typesupport_introspection_c/logging_demo/srv/detail/config_logger__type_support.c.o[0m
[24.584s] [ 75%] [32m[1mLinking C shared library liblogging_demo__rosidl_typesupport_introspection_c.so[0m
[24.602s] [ 75%] Built target logging_demo__rosidl_typesupport_introspection_c
[24.615s] [ 75%] Built target logging_demo
[24.627s] [ 78%] [34m[1mGenerating Python code for ROS interfaces[0m
[24.803s] [ 78%] Built target logging_demo__py
[24.816s] [ 81%] [32mBuilding C object CMakeFiles/logging_demo__rosidl_generator_py.dir/rosidl_generator_py/logging_demo/srv/_config_logger_s.c.o[0m
[24.870s] [ 83%] [32m[1mLinking C shared library rosidl_generator_py/logging_demo/liblogging_demo__rosidl_generator_py.so[0m
[24.893s] [ 83%] Built target logging_demo__rosidl_generator_py
[24.906s] [ 86%] [32mBuilding C object CMakeFiles/logging_demo__rosidl_typesupport_fastrtps_c__pyext.dir/rosidl_generator_py/logging_demo/_logging_demo_s.ep.rosidl_typesupport_fastrtps_c.c.o[0m
[24.958s] [ 89%] [32m[1mLinking C shared library rosidl_generator_py/logging_demo/logging_demo_s__rosidl_typesupport_fastrtps_c.cpython-310-x86_64-linux-gnu.so[0m
[24.979s] [ 89%] Built target logging_demo__rosidl_typesupport_fastrtps_c__pyext
[24.992s] [ 91%] [32mBuilding C object CMakeFiles/logging_demo__rosidl_typesupport_c__pyext.dir/rosidl_generator_py/logging_demo/_logging_demo_s.ep.rosidl_typesupport_c.c.o[0m
[25.044s] [ 94%] [32m[1mLinking C shared library rosidl_generator_py/logging_demo/logging_demo_s__rosidl_typesupport_c.cpython-310-x86_64-linux-gnu.so[0m
[25.065s] [ 94%] Built target logging_demo__rosidl_typesupport_c__pyext
[25.078s] [ 97%] [32mBuilding C object CMakeFiles/logging_demo__rosidl_typesupport_introspection_c__pyext.dir/rosidl_generator_py/logging_demo/_logging_demo_s.ep.rosidl_typesupport_introspection_c.c.o[0m
[25.129s] [100%] [32m[1mLinking C shared library rosidl_generator_py/logging_demo/logging_demo_s__rosidl_typesupport_introspection_c.cpython-310-x86_64-linux-gnu.so[0m
[25.149s] [100%] Built target logging_demo__rosidl_typesupport_introspection_c__pyext
[25.157s] Invoked command in '/home/max/robotics-and-automation/week2/ws/ros2_ws/build/logging_demo' returned '0': CMAKE_PREFIX_PATH=/opt/ros/humble /usr/bin/cmake --build /home/max/robotics-and-automation/week2/ws/ros2_ws/build/logging_demo -- -j16 -l16
[25.193s] Invoking command in '/home/max/robotics-and-automation/week2/ws/ros2_ws/build/logging_demo': CMAKE_PREFIX_PATH=/opt/ros/humble /usr/bin/cmake --install /home/max/robotics-and-automation/week2/ws/ros2_ws/build/logging_demo
[25.198s] -- Install configuration: ""
[25.199s] -- Installing: /home/max/robotics-and-automation/week2/ws/ros2_ws/install/logging_demo/share/ament_index/resource_index/rosidl_interfaces/logging_demo
[25.199s] -- Installing: /home/max/robotics-and-automation/week2/ws/ros2_ws/install/logging_demo/include/logging_demo/logging_demo
[25.199s] -- Installing: /home/max/robotics-and-automation/week2/ws/ros2_ws/install/logging_demo/include/logging_demo/logging_demo/srv
[25.199s] -- Installing: /home/max/robotics-and-automation/week2/ws/ros2_ws/install/logging_demo/include/logging_demo/logging_demo/srv/detail
[25.199s] -- Installing: /home/max/robotics-and-automation/week2/ws/ros2_ws/install/logging_demo/include/logging_demo/logging_demo/srv/detail/config_logger__struct.h
[25.199s] -- Installing: /home/max/robotics-and-automation/week2/ws/ros2_ws/install/logging_demo/include/logging_demo/logging_demo/srv/detail/config_logger__functions.c
[25.199s] -- Installing: /home/max/robotics-and-automation/week2/ws/ros2_ws/install/logging_demo/include/logging_demo/logging_demo/srv/detail/config_logger__functions.h
[25.199s] -- Installing: /home/max/robotics-and-automation/week2/ws/ros2_ws/install/logging_demo/include/logging_demo/logging_demo/srv/detail/config_logger__type_support.h
[25.199s] -- Installing: /home/max/robotics-and-automation/week2/ws/ros2_ws/install/logging_demo/include/logging_demo/logging_demo/srv/config_logger.h
[25.199s] -- Installing: /home/max/robotics-and-automation/week2/ws/ros2_ws/install/logging_demo/include/logging_demo/logging_demo/msg
[25.199s] -- Installing: /home/max/robotics-and-automation/week2/ws/ros2_ws/install/logging_demo/include/logging_demo/logging_demo/msg/rosidl_generator_c__visibility_control.h
[25.199s] -- Installing: /home/max/robotics-and-automation/week2/ws/ros2_ws/install/logging_demo/share/logging_demo/environment/library_path.sh
[25.199s] -- Installing: /home/max/robotics-and-automation/week2/ws/ros2_ws/install/logging_demo/share/logging_demo/environment/library_path.dsv
[25.200s] -- Installing: /home/max/robotics-and-automation/week2/ws/ros2_ws/install/logging_demo/lib/liblogging_demo__rosidl_generator_c.so
[25.200s] -- Set runtime path of "/home/max/robotics-and-automation/week2/ws/ros2_ws/install/logging_demo/lib/liblogging_demo__rosidl_generator_c.so" to ""
[25.200s] -- Up-to-date: /home/max/robotics-and-automation/week2/ws/ros2_ws/install/logging_demo/include/logging_demo/logging_demo
[25.200s] -- Up-to-date: /home/max/robotics-and-automation/week2/ws/ros2_ws/install/logging_demo/include/logging_demo/logging_demo/srv
[25.200s] -- Up-to-date: /home/max/robotics-and-automation/week2/ws/ros2_ws/install/logging_demo/include/logging_demo/logging_demo/srv/detail
[25.200s] -- Installing: /home/max/robotics-and-automation/week2/ws/ros2_ws/install/logging_demo/include/logging_demo/logging_demo/srv/detail/config_logger__rosidl_typesupport_fastrtps_c.h
[25.200s] -- Up-to-date: /home/max/robotics-and-automation/week2/ws/ros2_ws/install/logging_demo/include/logging_demo/logging_demo/msg
[25.200s] -- Installing: /home/max/robotics-and-automation/week2/ws/ros2_ws/install/logging_demo/include/logging_demo/logging_demo/msg/rosidl_typesupport_fastrtps_c__visibility_control.h
[25.200s] -- Installing: /home/max/robotics-and-automation/week2/ws/ros2_ws/install/logging_demo/lib/liblogging_demo__rosidl_typesupport_fastrtps_c.so
[25.200s] -- Set runtime path of "/home/max/robotics-and-automation/week2/ws/ros2_ws/install/logging_demo/lib/liblogging_demo__rosidl_typesupport_fastrtps_c.so" to ""
[25.200s] -- Up-to-date: /home/max/robotics-and-automation/week2/ws/ros2_ws/install/logging_demo/include/logging_demo/logging_demo
[25.200s] -- Up-to-date: /home/max/robotics-and-automation/week2/ws/ros2_ws/install/logging_demo/include/logging_demo/logging_demo/srv
[25.200s] -- Up-to-date: /home/max/robotics-and-automation/week2/ws/ros2_ws/install/logging_demo/include/logging_demo/logging_demo/srv/detail
[25.200s] -- Installing: /home/max/robotics-and-automation/week2/ws/ros2_ws/install/logging_demo/include/logging_demo/logging_demo/srv/detail/config_logger__builder.hpp
[25.200s] -- Installing: /home/max/robotics-and-automation/week2/ws/ros2_ws/install/logging_demo/include/logging_demo/logging_demo/srv/detail/config_logger__traits.hpp
[25.201s] -- Installing: /home/max/robotics-and-automation/week2/ws/ros2_ws/install/logging_demo/include/logging_demo/logging_demo/srv/detail/config_logger__struct.hpp
[25.201s] -- Installing: /home/max/robotics-and-automation/week2/ws/ros2_ws/install/logging_demo/include/logging_demo/logging_demo/srv/config_logger.hpp
[25.201s] -- Up-to-date: /home/max/robotics-and-automation/week2/ws/ros2_ws/install/logging_demo/include/logging_demo/logging_demo
[25.201s] -- Up-to-date: /home/max/robotics-and-automation/week2/ws/ros2_ws/install/logging_demo/include/logging_demo/logging_demo/srv
[25.201s] -- Up-to-date: /home/max/robotics-and-automation/week2/ws/ros2_ws/install/logging_demo/include/logging_demo/logging_demo/srv/detail
[25.201s] -- Installing: /home/max/robotics-and-automation/week2/ws/ros2_ws/install/logging_demo/include/logging_demo/logging_demo/srv/detail/dds_fastrtps
[25.201s] -- Installing: /home/max/robotics-and-automation/week2/ws/ros2_ws/install/logging_demo/include/logging_demo/logging_demo/srv/detail/config_logger__rosidl_typesupport_fastrtps_cpp.hpp
[25.201s] -- Up-to-date: /home/max/robotics-and-automation/week2/ws/ros2_ws/install/logging_demo/include/logging_demo/logging_demo/msg
[25.201s] -- Installing: /home/max/robotics-and-automation/week2/ws/ros2_ws/install/logging_demo/include/logging_demo/logging_demo/msg/rosidl_typesupport_fastrtps_cpp__visibility_control.h
[25.201s] -- Installing: /home/max/robotics-and-automation/week2/ws/ros2_ws/install/logging_demo/lib/liblogging_demo__rosidl_typesupport_fastrtps_cpp.so
[25.201s] -- Set runtime path of "/home/max/robotics-and-automation/week2/ws/ros2_ws/install/logging_demo/lib/liblogging_demo__rosidl_typesupport_fastrtps_cpp.so" to ""
[25.201s] -- Up-to-date: /home/max/robotics-and-automation/week2/ws/ros2_ws/install/logging_demo/include/logging_demo/logging_demo
[25.201s] -- Up-to-date: /home/max/robotics-and-automation/week2/ws/ros2_ws/install/logging_demo/include/logging_demo/logging_demo/srv
[25.201s] -- Up-to-date: /home/max/robotics-and-automation/week2/ws/ros2_ws/install/logging_demo/include/logging_demo/logging_demo/srv/detail
[25.201s] -- Installing: /home/max/robotics-and-automation/week2/ws/ros2_ws/install/logging_demo/include/logging_demo/logging_demo/srv/detail/config_logger__rosidl_typesupport_introspection_c.h
[25.201s] -- Installing: /home/max/robotics-and-automation/week2/ws/ros2_ws/install/logging_demo/include/logging_demo/logging_demo/srv/detail/config_logger__type_support.c
[25.201s] -- Up-to-date: /home/max/robotics-and-automation/week2/ws/ros2_ws/install/logging_demo/include/logging_demo/logging_demo/msg
[25.201s] -- Installing: /home/max/robotics-and-automation/week2/ws/ros2_ws/install/logging_demo/include/logging_demo/logging_demo/msg/rosidl_typesupport_introspection_c__visibility_control.h
[25.202s] -- Installing: /home/max/robotics-and-automation/week2/ws/ros2_ws/install/logging_demo/lib/liblogging_demo__rosidl_typesupport_introspection_c.so
[25.202s] -- Set runtime path of "/home/max/robotics-and-automation/week2/ws/ros2_ws/install/logging_demo/lib/liblogging_demo__rosidl_typesupport_introspection_c.so" to ""
[25.202s] -- Installing: /home/max/robotics-and-automation/week2/ws/ros2_ws/install/logging_demo/lib/liblogging_demo__rosidl_typesupport_c.so
[25.202s] -- Set runtime path of "/home/max/robotics-and-automation/week2/ws/ros2_ws/install/logging_demo/lib/liblogging_demo__rosidl_typesupport_c.so" to ""
[25.202s] -- Up-to-date: /home/max/robotics-and-automation/week2/ws/ros2_ws/install/logging_demo/include/logging_demo/logging_demo
[25.202s] -- Up-to-date: /home/max/robotics-and-automation/week2/ws/ros2_ws/install/logging_demo/include/logging_demo/logging_demo/srv
[25.202s] -- Up-to-date: /home/max/robotics-and-automation/week2/ws/ros2_ws/install/logging_demo/include/logging_demo/logging_demo/srv/detail
[25.202s] -- Installing: /home/max/robotics-and-automation/week2/ws/ros2_ws/install/logging_demo/include/logging_demo/logging_demo/srv/detail/config_logger__type_support.cpp
[25.202s] -- Installing: /home/max/robotics-and-automation/week2/ws/ros2_ws/install/logging_demo/include/logging_demo/logging_demo/srv/detail/config_logger__rosidl_typesupport_introspection_cpp.hpp
[25.202s] -- Installing: /home/max/robotics-and-automation/week2/ws/ros2_ws/install/logging_demo/lib/liblogging_demo__rosidl_typesupport_introspection_cpp.so
[25.202s] -- Set runtime path of "/home/max/robotics-and-automation/week2/ws/ros2_ws/install/logging_demo/lib/liblogging_demo__rosidl_typesupport_introspection_cpp.so" to ""
[25.202s] -- Installing: /home/max/robotics-and-automation/week2/ws/ros2_ws/install/logging_demo/lib/liblogging_demo__rosidl_typesupport_cpp.so
[25.203s] -- Set runtime path of "/home/max/robotics-and-automation/week2/ws/ros2_ws/install/logging_demo/lib/liblogging_demo__rosidl_typesupport_cpp.so" to ""
[25.203s] -- Installing: /home/max/robotics-and-automation/week2/ws/ros2_ws/install/logging_demo/share/logging_demo/environment/pythonpath.sh
[25.203s] -- Installing: /home/max/robotics-and-automation/week2/ws/ros2_ws/install/logging_demo/share/logging_demo/environment/pythonpath.dsv
[25.203s] -- Installing: /home/max/robotics-and-automation/week2/ws/ros2_ws/install/logging_demo/local/lib/python3.10/dist-packages/logging_demo-0.20.5-py3.10.egg-info
[25.203s] -- Installing: /home/max/robotics-and-automation/week2/ws/ros2_ws/install/logging_demo/local/lib/python3.10/dist-packages/logging_demo-0.20.5-py3.10.egg-info/SOURCES.txt
[25.203s] -- Installing: /home/max/robotics-and-automation/week2/ws/ros2_ws/install/logging_demo/local/lib/python3.10/dist-packages/logging_demo-0.20.5-py3.10.egg-info/dependency_links.txt
[25.203s] -- Installing: /home/max/robotics-and-automation/week2/ws/ros2_ws/install/logging_demo/local/lib/python3.10/dist-packages/logging_demo-0.20.5-py3.10.egg-info/top_level.txt
[25.203s] -- Installing: /home/max/robotics-and-automation/week2/ws/ros2_ws/install/logging_demo/local/lib/python3.10/dist-packages/logging_demo-0.20.5-py3.10.egg-info/PKG-INFO
[25.203s] -- Installing: /home/max/robotics-and-automation/week2/ws/ros2_ws/install/logging_demo/local/lib/python3.10/dist-packages/logging_demo
[25.203s] -- Installing: /home/max/robotics-and-automation/week2/ws/ros2_ws/install/logging_demo/local/lib/python3.10/dist-packages/logging_demo/__init__.py
[25.203s] -- Installing: /home/max/robotics-and-automation/week2/ws/ros2_ws/install/logging_demo/local/lib/python3.10/dist-packages/logging_demo/srv
[25.203s] -- Installing: /home/max/robotics-and-automation/week2/ws/ros2_ws/install/logging_demo/local/lib/python3.10/dist-packages/logging_demo/srv/__init__.py
[25.203s] -- Installing: /home/max/robotics-and-automation/week2/ws/ros2_ws/install/logging_demo/local/lib/python3.10/dist-packages/logging_demo/srv/_config_logger.py
[25.204s] -- Installing: /home/max/robotics-and-automation/week2/ws/ros2_ws/install/logging_demo/local/lib/python3.10/dist-packages/logging_demo/srv/_config_logger_s.c
[25.204s] -- Installing: /home/max/robotics-and-automation/week2/ws/ros2_ws/install/logging_demo/local/lib/python3.10/dist-packages/logging_demo/_logging_demo_s.ep.rosidl_typesupport_c.c
[25.204s] -- Installing: /home/max/robotics-and-automation/week2/ws/ros2_ws/install/logging_demo/local/lib/python3.10/dist-packages/logging_demo/_logging_demo_s.ep.rosidl_typesupport_fastrtps_c.c
[25.204s] -- Installing: /home/max/robotics-and-automation/week2/ws/ros2_ws/install/logging_demo/local/lib/python3.10/dist-packages/logging_demo/logging_demo_s__rosidl_typesupport_c.cpython-310-x86_64-linux-gnu.so
[25.204s] -- Installing: /home/max/robotics-and-automation/week2/ws/ros2_ws/install/logging_demo/local/lib/python3.10/dist-packages/logging_demo/logging_demo_s__rosidl_typesupport_introspection_c.cpython-310-x86_64-linux-gnu.so
[25.204s] -- Installing: /home/max/robotics-and-automation/week2/ws/ros2_ws/install/logging_demo/local/lib/python3.10/dist-packages/logging_demo/liblogging_demo__rosidl_generator_py.so
[25.204s] -- Installing: /home/max/robotics-and-automation/week2/ws/ros2_ws/install/logging_demo/local/lib/python3.10/dist-packages/logging_demo/_logging_demo_s.ep.rosidl_typesupport_introspection_c.c
[25.204s] -- Installing: /home/max/robotics-and-automation/week2/ws/ros2_ws/install/logging_demo/local/lib/python3.10/dist-packages/logging_demo/logging_demo_s__rosidl_typesupport_fastrtps_c.cpython-310-x86_64-linux-gnu.so
[25.221s] Listing '/home/max/robotics-and-automation/week2/ws/ros2_ws/install/logging_demo/local/lib/python3.10/dist-packages/logging_demo'...
[25.221s] Compiling '/home/max/robotics-and-automation/week2/ws/ros2_ws/install/logging_demo/local/lib/python3.10/dist-packages/logging_demo/__init__.py'...
[25.221s] Listing '/home/max/robotics-and-automation/week2/ws/ros2_ws/install/logging_demo/local/lib/python3.10/dist-packages/logging_demo/srv'...
[25.221s] Compiling '/home/max/robotics-and-automation/week2/ws/ros2_ws/install/logging_demo/local/lib/python3.10/dist-packages/logging_demo/srv/__init__.py'...
[25.221s] Compiling '/home/max/robotics-and-automation/week2/ws/ros2_ws/install/logging_demo/local/lib/python3.10/dist-packages/logging_demo/srv/_config_logger.py'...
[25.223s] -- Installing: /home/max/robotics-and-automation/week2/ws/ros2_ws/install/logging_demo/local/lib/python3.10/dist-packages/logging_demo/logging_demo_s__rosidl_typesupport_fastrtps_c.cpython-310-x86_64-linux-gnu.so
[25.223s] -- Set runtime path of "/home/max/robotics-and-automation/week2/ws/ros2_ws/install/logging_demo/local/lib/python3.10/dist-packages/logging_demo/logging_demo_s__rosidl_typesupport_fastrtps_c.cpython-310-x86_64-linux-gnu.so" to ""
[25.224s] -- Installing: /home/max/robotics-and-automation/week2/ws/ros2_ws/install/logging_demo/local/lib/python3.10/dist-packages/logging_demo/logging_demo_s__rosidl_typesupport_introspection_c.cpython-310-x86_64-linux-gnu.so
[25.224s] -- Set runtime path of "/home/max/robotics-and-automation/week2/ws/ros2_ws/install/logging_demo/local/lib/python3.10/dist-packages/logging_demo/logging_demo_s__rosidl_typesupport_introspection_c.cpython-310-x86_64-linux-gnu.so" to ""
[25.224s] -- Installing: /home/max/robotics-and-automation/week2/ws/ros2_ws/install/logging_demo/local/lib/python3.10/dist-packages/logging_demo/logging_demo_s__rosidl_typesupport_c.cpython-310-x86_64-linux-gnu.so
[25.224s] -- Set runtime path of "/home/max/robotics-and-automation/week2/ws/ros2_ws/install/logging_demo/local/lib/python3.10/dist-packages/logging_demo/logging_demo_s__rosidl_typesupport_c.cpython-310-x86_64-linux-gnu.so" to ""
[25.224s] -- Installing: /home/max/robotics-and-automation/week2/ws/ros2_ws/install/logging_demo/lib/liblogging_demo__rosidl_generator_py.so
[25.224s] -- Set runtime path of "/home/max/robotics-and-automation/week2/ws/ros2_ws/install/logging_demo/lib/liblogging_demo__rosidl_generator_py.so" to ""
[25.224s] -- Installing: /home/max/robotics-and-automation/week2/ws/ros2_ws/install/logging_demo/share/logging_demo/srv/ConfigLogger.idl
[25.225s] -- Installing: /home/max/robotics-and-automation/week2/ws/ros2_ws/install/logging_demo/share/logging_demo/srv/ConfigLogger.srv
[25.225s] -- Installing: /home/max/robotics-and-automation/week2/ws/ros2_ws/install/logging_demo/share/logging_demo/srv/ConfigLogger_Request.msg
[25.225s] -- Installing: /home/max/robotics-and-automation/week2/ws/ros2_ws/install/logging_demo/share/logging_demo/srv/ConfigLogger_Response.msg
[25.225s] -- Installing: /home/max/robotics-and-automation/week2/ws/ros2_ws/install/logging_demo/lib/liblogger_config_component.so
[25.226s] -- Set runtime path of "/home/max/robotics-and-automation/week2/ws/ros2_ws/install/logging_demo/lib/liblogger_config_component.so" to ""
[25.226s] -- Installing: /home/max/robotics-and-automation/week2/ws/ros2_ws/install/logging_demo/lib/liblogger_usage_component.so
[25.227s] -- Set runtime path of "/home/max/robotics-and-automation/week2/ws/ros2_ws/install/logging_demo/lib/liblogger_usage_component.so" to ""
[25.227s] -- Installing: /home/max/robotics-and-automation/week2/ws/ros2_ws/install/logging_demo/lib/logging_demo/logging_demo_main
[25.227s] -- Set runtime path of "/home/max/robotics-and-automation/week2/ws/ros2_ws/install/logging_demo/lib/logging_demo/logging_demo_main" to ""
[25.227s] -- Installing: /home/max/robotics-and-automation/week2/ws/ros2_ws/install/logging_demo/share/ament_index/resource_index/package_run_dependencies/logging_demo
[25.227s] -- Installing: /home/max/robotics-and-automation/week2/ws/ros2_ws/install/logging_demo/share/ament_index/resource_index/parent_prefix_path/logging_demo
[25.228s] -- Installing: /home/max/robotics-and-automation/week2/ws/ros2_ws/install/logging_demo/share/logging_demo/environment/ament_prefix_path.sh
[25.228s] -- Installing: /home/max/robotics-and-automation/week2/ws/ros2_ws/install/logging_demo/share/logging_demo/environment/ament_prefix_path.dsv
[25.228s] -- Installing: /home/max/robotics-and-automation/week2/ws/ros2_ws/install/logging_demo/share/logging_demo/environment/path.sh
[25.228s] -- Installing: /home/max/robotics-and-automation/week2/ws/ros2_ws/install/logging_demo/share/logging_demo/environment/path.dsv
[25.228s] -- Installing: /home/max/robotics-and-automation/week2/ws/ros2_ws/install/logging_demo/share/logging_demo/local_setup.bash
[25.228s] -- Installing: /home/max/robotics-and-automation/week2/ws/ros2_ws/install/logging_demo/share/logging_demo/local_setup.sh
[25.228s] -- Installing: /home/max/robotics-and-automation/week2/ws/ros2_ws/install/logging_demo/share/logging_demo/local_setup.zsh
[25.228s] -- Installing: /home/max/robotics-and-automation/week2/ws/ros2_ws/install/logging_demo/share/logging_demo/local_setup.dsv
[25.228s] -- Installing: /home/max/robotics-and-automation/week2/ws/ros2_ws/install/logging_demo/share/logging_demo/package.dsv
[25.228s] -- Installing: /home/max/robotics-and-automation/week2/ws/ros2_ws/install/logging_demo/share/ament_index/resource_index/packages/logging_demo
[25.228s] -- Installing: /home/max/robotics-and-automation/week2/ws/ros2_ws/install/logging_demo/share/logging_demo/cmake/export_logging_demo__rosidl_generator_cExport.cmake
[25.229s] -- Installing: /home/max/robotics-and-automation/week2/ws/ros2_ws/install/logging_demo/share/logging_demo/cmake/export_logging_demo__rosidl_generator_cExport-noconfig.cmake
[25.229s] -- Installing: /home/max/robotics-and-automation/week2/ws/ros2_ws/install/logging_demo/share/logging_demo/cmake/export_logging_demo__rosidl_typesupport_fastrtps_cExport.cmake
[25.229s] -- Installing: /home/max/robotics-and-automation/week2/ws/ros2_ws/install/logging_demo/share/logging_demo/cmake/export_logging_demo__rosidl_typesupport_fastrtps_cExport-noconfig.cmake
[25.229s] -- Installing: /home/max/robotics-and-automation/week2/ws/ros2_ws/install/logging_demo/share/logging_demo/cmake/export_logging_demo__rosidl_generator_cppExport.cmake
[25.229s] -- Installing: /home/max/robotics-and-automation/week2/ws/ros2_ws/install/logging_demo/share/logging_demo/cmake/export_logging_demo__rosidl_typesupport_fastrtps_cppExport.cmake
[25.229s] -- Installing: /home/max/robotics-and-automation/week2/ws/ros2_ws/install/logging_demo/share/logging_demo/cmake/export_logging_demo__rosidl_typesupport_fastrtps_cppExport-noconfig.cmake
[25.229s] -- Installing: /home/max/robotics-and-automation/week2/ws/ros2_ws/install/logging_demo/share/logging_demo/cmake/logging_demo__rosidl_typesupport_introspection_cExport.cmake
[25.229s] -- Installing: /home/max/robotics-and-automation/week2/ws/ros2_ws/install/logging_demo/share/logging_demo/cmake/logging_demo__rosidl_typesupport_introspection_cExport-noconfig.cmake
[25.229s] -- Installing: /home/max/robotics-and-automation/week2/ws/ros2_ws/install/logging_demo/share/logging_demo/cmake/logging_demo__rosidl_typesupport_cExport.cmake
[25.230s] -- Installing: /home/max/robotics-and-automation/week2/ws/ros2_ws/install/logging_demo/share/logging_demo/cmake/logging_demo__rosidl_typesupport_cExport-noconfig.cmake
[25.230s] -- Installing: /home/max/robotics-and-automation/week2/ws/ros2_ws/install/logging_demo/share/logging_demo/cmake/logging_demo__rosidl_typesupport_introspection_cppExport.cmake
[25.230s] -- Installing: /home/max/robotics-and-automation/week2/ws/ros2_ws/install/logging_demo/share/logging_demo/cmake/logging_demo__rosidl_typesupport_introspection_cppExport-noconfig.cmake
[25.230s] -- Installing: /home/max/robotics-and-automation/week2/ws/ros2_ws/install/logging_demo/share/logging_demo/cmake/logging_demo__rosidl_typesupport_cppExport.cmake
[25.230s] -- Installing: /home/max/robotics-and-automation/week2/ws/ros2_ws/install/logging_demo/share/logging_demo/cmake/logging_demo__rosidl_typesupport_cppExport-noconfig.cmake
[25.230s] -- Installing: /home/max/robotics-and-automation/week2/ws/ros2_ws/install/logging_demo/share/logging_demo/cmake/export_logging_demo__rosidl_generator_pyExport.cmake
[25.230s] -- Installing: /home/max/robotics-and-automation/week2/ws/ros2_ws/install/logging_demo/share/logging_demo/cmake/export_logging_demo__rosidl_generator_pyExport-noconfig.cmake
[25.230s] -- Installing: /home/max/robotics-and-automation/week2/ws/ros2_ws/install/logging_demo/share/ament_index/resource_index/rclcpp_components/logging_demo
[25.230s] -- Installing: /home/max/robotics-and-automation/week2/ws/ros2_ws/install/logging_demo/share/logging_demo/cmake/rosidl_cmake-extras.cmake
[25.231s] -- Installing: /home/max/robotics-and-automation/week2/ws/ros2_ws/install/logging_demo/share/logging_demo/cmake/ament_cmake_export_include_directories-extras.cmake
[25.231s] -- Installing: /home/max/robotics-and-automation/week2/ws/ros2_ws/install/logging_demo/share/logging_demo/cmake/ament_cmake_export_libraries-extras.cmake
[25.231s] -- Installing: /home/max/robotics-and-automation/week2/ws/ros2_ws/install/logging_demo/share/logging_demo/cmake/ament_cmake_export_targets-extras.cmake
[25.231s] -- Installing: /home/max/robotics-and-automation/week2/ws/ros2_ws/install/logging_demo/share/logging_demo/cmake/rosidl_cmake_export_typesupport_targets-extras.cmake
[25.231s] -- Installing: /home/max/robotics-and-automation/week2/ws/ros2_ws/install/logging_demo/share/logging_demo/cmake/ament_cmake_export_dependencies-extras.cmake
[25.231s] -- Installing: /home/max/robotics-and-automation/week2/ws/ros2_ws/install/logging_demo/share/logging_demo/cmake/rosidl_cmake_export_typesupport_libraries-extras.cmake
[25.231s] -- Installing: /home/max/robotics-and-automation/week2/ws/ros2_ws/install/logging_demo/share/logging_demo/cmake/logging_demoConfig.cmake
[25.231s] -- Installing: /home/max/robotics-and-automation/week2/ws/ros2_ws/install/logging_demo/share/logging_demo/cmake/logging_demoConfig-version.cmake
[25.231s] -- Installing: /home/max/robotics-and-automation/week2/ws/ros2_ws/install/logging_demo/share/logging_demo/package.xml
[25.233s] Invoked command in '/home/max/robotics-and-automation/week2/ws/ros2_ws/build/logging_demo' returned '0': CMAKE_PREFIX_PATH=/opt/ros/humble /usr/bin/cmake --install /home/max/robotics-and-automation/week2/ws/ros2_ws/build/logging_demo
