[1.464s] Invoking command in '/home/max/robotics-and-automation/week2/ws/ros2_ws/src/examples/rclpy/actions/minimal_action_client': PYTHONPATH=/home/max/robotics-and-automation/week2/ws/ros2_ws/build/examples_rclpy_minimal_action_client/prefix_override:/usr/lib/python3/dist-packages/colcon_core/task/python/colcon_distutils_commands:/home/max/robotics-and-automation/week2/ws/ros2_ws/install/examples_rclpy_minimal_action_client/lib/python3.10/site-packages:${PYTHONPATH} /usr/bin/python3 -W ignore:setup.py install is deprecated setup.py egg_info --egg-base ../../../../../build/examples_rclpy_minimal_action_client build --build-base /home/max/robotics-and-automation/week2/ws/ros2_ws/build/examples_rclpy_minimal_action_client/build install --record /home/max/robotics-and-automation/week2/ws/ros2_ws/build/examples_rclpy_minimal_action_client/install.log --single-version-externally-managed install_data
[3.683s] running egg_info
[3.694s] creating ../../../../../build/examples_rclpy_minimal_action_client/examples_rclpy_minimal_action_client.egg-info
[3.694s] writing ../../../../../build/examples_rclpy_minimal_action_client/examples_rclpy_minimal_action_client.egg-info/PKG-INFO
[3.695s] writing dependency_links to ../../../../../build/examples_rclpy_minimal_action_client/examples_rclpy_minimal_action_client.egg-info/dependency_links.txt
[3.695s] writing entry points to ../../../../../build/examples_rclpy_minimal_action_client/examples_rclpy_minimal_action_client.egg-info/entry_points.txt
[3.695s] writing requirements to ../../../../../build/examples_rclpy_minimal_action_client/examples_rclpy_minimal_action_client.egg-info/requires.txt
[3.695s] writing top-level names to ../../../../../build/examples_rclpy_minimal_action_client/examples_rclpy_minimal_action_client.egg-info/top_level.txt
[3.695s] writing manifest file '../../../../../build/examples_rclpy_minimal_action_client/examples_rclpy_minimal_action_client.egg-info/SOURCES.txt'
[3.695s] reading manifest file '../../../../../build/examples_rclpy_minimal_action_client/examples_rclpy_minimal_action_client.egg-info/SOURCES.txt'
[3.695s] writing manifest file '../../../../../build/examples_rclpy_minimal_action_client/examples_rclpy_minimal_action_client.egg-info/SOURCES.txt'
[3.695s] running build
[3.695s] running build_py
[3.695s] creating /home/max/robotics-and-automation/week2/ws/ros2_ws/build/examples_rclpy_minimal_action_client/build
[3.695s] creating /home/max/robotics-and-automation/week2/ws/ros2_ws/build/examples_rclpy_minimal_action_client/build/lib
[3.695s] creating /home/max/robotics-and-automation/week2/ws/ros2_ws/build/examples_rclpy_minimal_action_client/build/lib/examples_rclpy_minimal_action_client
[3.695s] copying examples_rclpy_minimal_action_client/__init__.py -> /home/max/robotics-and-automation/week2/ws/ros2_ws/build/examples_rclpy_minimal_action_client/build/lib/examples_rclpy_minimal_action_client
[3.696s] copying examples_rclpy_minimal_action_client/client_asyncio.py -> /home/max/robotics-and-automation/week2/ws/ros2_ws/build/examples_rclpy_minimal_action_client/build/lib/examples_rclpy_minimal_action_client
[3.703s] copying examples_rclpy_minimal_action_client/client_cancel.py -> /home/max/robotics-and-automation/week2/ws/ros2_ws/build/examples_rclpy_minimal_action_client/build/lib/examples_rclpy_minimal_action_client
[3.704s] copying examples_rclpy_minimal_action_client/client.py -> /home/max/robotics-and-automation/week2/ws/ros2_ws/build/examples_rclpy_minimal_action_client/build/lib/examples_rclpy_minimal_action_client
[3.704s] copying examples_rclpy_minimal_action_client/client_not_composable.py -> /home/max/robotics-and-automation/week2/ws/ros2_ws/build/examples_rclpy_minimal_action_client/build/lib/examples_rclpy_minimal_action_client
[3.704s] running install
[3.704s] running install_lib
[3.704s] creating /home/max/robotics-and-automation/week2/ws/ros2_ws/install/examples_rclpy_minimal_action_client/lib/python3.10/site-packages/examples_rclpy_minimal_action_client
[3.704s] copying /home/max/robotics-and-automation/week2/ws/ros2_ws/build/examples_rclpy_minimal_action_client/build/lib/examples_rclpy_minimal_action_client/__init__.py -> /home/max/robotics-and-automation/week2/ws/ros2_ws/install/examples_rclpy_minimal_action_client/lib/python3.10/site-packages/examples_rclpy_minimal_action_client
[3.704s] copying /home/max/robotics-and-automation/week2/ws/ros2_ws/build/examples_rclpy_minimal_action_client/build/lib/examples_rclpy_minimal_action_client/client_asyncio.py -> /home/max/robotics-and-automation/week2/ws/ros2_ws/install/examples_rclpy_minimal_action_client/lib/python3.10/site-packages/examples_rclpy_minimal_action_client
[3.704s] copying /home/max/robotics-and-automation/week2/ws/ros2_ws/build/examples_rclpy_minimal_action_client/build/lib/examples_rclpy_minimal_action_client/client_cancel.py -> /home/max/robotics-and-automation/week2/ws/ros2_ws/install/examples_rclpy_minimal_action_client/lib/python3.10/site-packages/examples_rclpy_minimal_action_client
[3.704s] copying /home/max/robotics-and-automation/week2/ws/ros2_ws/build/examples_rclpy_minimal_action_client/build/lib/examples_rclpy_minimal_action_client/client.py -> /home/max/robotics-and-automation/week2/ws/ros2_ws/install/examples_rclpy_minimal_action_client/lib/python3.10/site-packages/examples_rclpy_minimal_action_client
[3.704s] copying /home/max/robotics-and-automation/week2/ws/ros2_ws/build/examples_rclpy_minimal_action_client/build/lib/examples_rclpy_minimal_action_client/client_not_composable.py -> /home/max/robotics-and-automation/week2/ws/ros2_ws/install/examples_rclpy_minimal_action_client/lib/python3.10/site-packages/examples_rclpy_minimal_action_client
[3.704s] byte-compiling /home/max/robotics-and-automation/week2/ws/ros2_ws/install/examples_rclpy_minimal_action_client/lib/python3.10/site-packages/examples_rclpy_minimal_action_client/__init__.py to __init__.cpython-310.pyc
[3.704s] byte-compiling /home/max/robotics-and-automation/week2/ws/ros2_ws/install/examples_rclpy_minimal_action_client/lib/python3.10/site-packages/examples_rclpy_minimal_action_client/client_asyncio.py to client_asyncio.cpython-310.pyc
[3.704s] byte-compiling /home/max/robotics-and-automation/week2/ws/ros2_ws/install/examples_rclpy_minimal_action_client/lib/python3.10/site-packages/examples_rclpy_minimal_action_client/client_cancel.py to client_cancel.cpython-310.pyc
[3.704s] byte-compiling /home/max/robotics-and-automation/week2/ws/ros2_ws/install/examples_rclpy_minimal_action_client/lib/python3.10/site-packages/examples_rclpy_minimal_action_client/client.py to client.cpython-310.pyc
[3.704s] byte-compiling /home/max/robotics-and-automation/week2/ws/ros2_ws/install/examples_rclpy_minimal_action_client/lib/python3.10/site-packages/examples_rclpy_minimal_action_client/client_not_composable.py to client_not_composable.cpython-310.pyc
[3.704s] running install_data
[3.704s] creating /home/max/robotics-and-automation/week2/ws/ros2_ws/install/examples_rclpy_minimal_action_client/share/ament_index
[3.704s] creating /home/max/robotics-and-automation/week2/ws/ros2_ws/install/examples_rclpy_minimal_action_client/share/ament_index/resource_index
[3.704s] creating /home/max/robotics-and-automation/week2/ws/ros2_ws/install/examples_rclpy_minimal_action_client/share/ament_index/resource_index/packages
[3.704s] copying resource/examples_rclpy_minimal_action_client -> /home/max/robotics-and-automation/week2/ws/ros2_ws/install/examples_rclpy_minimal_action_client/share/ament_index/resource_index/packages
[3.704s] copying package.xml -> /home/max/robotics-and-automation/week2/ws/ros2_ws/install/examples_rclpy_minimal_action_client/share/examples_rclpy_minimal_action_client
[3.704s] running install_egg_info
[3.704s] Copying ../../../../../build/examples_rclpy_minimal_action_client/examples_rclpy_minimal_action_client.egg-info to /home/max/robotics-and-automation/week2/ws/ros2_ws/install/examples_rclpy_minimal_action_client/lib/python3.10/site-packages/examples_rclpy_minimal_action_client-0.15.2-py3.10.egg-info
[3.704s] running install_scripts
[3.704s] Installing client script to /home/max/robotics-and-automation/week2/ws/ros2_ws/install/examples_rclpy_minimal_action_client/lib/examples_rclpy_minimal_action_client
[3.705s] Installing client_asyncio script to /home/max/robotics-and-automation/week2/ws/ros2_ws/install/examples_rclpy_minimal_action_client/lib/examples_rclpy_minimal_action_client
[3.705s] Installing client_cancel script to /home/max/robotics-and-automation/week2/ws/ros2_ws/install/examples_rclpy_minimal_action_client/lib/examples_rclpy_minimal_action_client
[3.705s] Installing client_not_composable script to /home/max/robotics-and-automation/week2/ws/ros2_ws/install/examples_rclpy_minimal_action_client/lib/examples_rclpy_minimal_action_client
[3.705s] writing list of installed files to '/home/max/robotics-and-automation/week2/ws/ros2_ws/build/examples_rclpy_minimal_action_client/install.log'
[3.705s] Invoked command in '/home/max/robotics-and-automation/week2/ws/ros2_ws/src/examples/rclpy/actions/minimal_action_client' returned '0': PYTHONPATH=/home/max/robotics-and-automation/week2/ws/ros2_ws/build/examples_rclpy_minimal_action_client/prefix_override:/usr/lib/python3/dist-packages/colcon_core/task/python/colcon_distutils_commands:/home/max/robotics-and-automation/week2/ws/ros2_ws/install/examples_rclpy_minimal_action_client/lib/python3.10/site-packages:${PYTHONPATH} /usr/bin/python3 -W ignore:setup.py install is deprecated setup.py egg_info --egg-base ../../../../../build/examples_rclpy_minimal_action_client build --build-base /home/max/robotics-and-automation/week2/ws/ros2_ws/build/examples_rclpy_minimal_action_client/build install --record /home/max/robotics-and-automation/week2/ws/ros2_ws/build/examples_rclpy_minimal_action_client/install.log --single-version-externally-managed install_data
