[0.404s] Invoking command in '/home/max/robotics-and-automation/week2/ws/ros2_tutorial_workspace/src/python_package_with_a_node': PYTHONPATH=/home/max/robotics-and-automation/week2/ws/ros2_tutorial_workspace/build/python_package_with_a_node/prefix_override:/usr/lib/python3/dist-packages/colcon_core/task/python/colcon_distutils_commands:/home/max/robotics-and-automation/week2/ws/ros2_tutorial_workspace/install/python_package_with_a_node/lib/python3.10/site-packages:${PYTHONPATH} /usr/bin/python3 -W ignore:setup.py install is deprecated setup.py egg_info --egg-base ../../build/python_package_with_a_node build --build-base /home/max/robotics-and-automation/week2/ws/ros2_tutorial_workspace/build/python_package_with_a_node/build install --record /home/max/robotics-and-automation/week2/ws/ros2_tutorial_workspace/build/python_package_with_a_node/install.log --single-version-externally-managed install_data
[0.517s] running egg_info
[0.517s] creating ../../build/python_package_with_a_node/python_package_with_a_node.egg-info
[0.517s] writing ../../build/python_package_with_a_node/python_package_with_a_node.egg-info/PKG-INFO
[0.517s] writing dependency_links to ../../build/python_package_with_a_node/python_package_with_a_node.egg-info/dependency_links.txt
[0.517s] writing entry points to ../../build/python_package_with_a_node/python_package_with_a_node.egg-info/entry_points.txt
[0.517s] writing requirements to ../../build/python_package_with_a_node/python_package_with_a_node.egg-info/requires.txt
[0.517s] writing top-level names to ../../build/python_package_with_a_node/python_package_with_a_node.egg-info/top_level.txt
[0.517s] writing manifest file '../../build/python_package_with_a_node/python_package_with_a_node.egg-info/SOURCES.txt'
[0.518s] reading manifest file '../../build/python_package_with_a_node/python_package_with_a_node.egg-info/SOURCES.txt'
[0.518s] writing manifest file '../../build/python_package_with_a_node/python_package_with_a_node.egg-info/SOURCES.txt'
[0.518s] running build
[0.518s] running build_py
[0.518s] creating /home/max/robotics-and-automation/week2/ws/ros2_tutorial_workspace/build/python_package_with_a_node/build
[0.519s] creating /home/max/robotics-and-automation/week2/ws/ros2_tutorial_workspace/build/python_package_with_a_node/build/lib
[0.519s] creating /home/max/robotics-and-automation/week2/ws/ros2_tutorial_workspace/build/python_package_with_a_node/build/lib/python_package_with_a_node
[0.519s] copying python_package_with_a_node/__init__.py -> /home/max/robotics-and-automation/week2/ws/ros2_tutorial_workspace/build/python_package_with_a_node/build/lib/python_package_with_a_node
[0.519s] copying python_package_with_a_node/sample_python_node.py -> /home/max/robotics-and-automation/week2/ws/ros2_tutorial_workspace/build/python_package_with_a_node/build/lib/python_package_with_a_node
[0.519s] running install
[0.519s] running install_lib
[0.519s] creating /home/max/robotics-and-automation/week2/ws/ros2_tutorial_workspace/install/python_package_with_a_node/lib/python3.10/site-packages/python_package_with_a_node
[0.519s] copying /home/max/robotics-and-automation/week2/ws/ros2_tutorial_workspace/build/python_package_with_a_node/build/lib/python_package_with_a_node/__init__.py -> /home/max/robotics-and-automation/week2/ws/ros2_tutorial_workspace/install/python_package_with_a_node/lib/python3.10/site-packages/python_package_with_a_node
[0.519s] copying /home/max/robotics-and-automation/week2/ws/ros2_tutorial_workspace/build/python_package_with_a_node/build/lib/python_package_with_a_node/sample_python_node.py -> /home/max/robotics-and-automation/week2/ws/ros2_tutorial_workspace/install/python_package_with_a_node/lib/python3.10/site-packages/python_package_with_a_node
[0.520s] byte-compiling /home/max/robotics-and-automation/week2/ws/ros2_tutorial_workspace/install/python_package_with_a_node/lib/python3.10/site-packages/python_package_with_a_node/__init__.py to __init__.cpython-310.pyc
[0.520s] byte-compiling /home/max/robotics-and-automation/week2/ws/ros2_tutorial_workspace/install/python_package_with_a_node/lib/python3.10/site-packages/python_package_with_a_node/sample_python_node.py to sample_python_node.cpython-310.pyc
[0.520s] running install_data
[0.520s] creating /home/max/robotics-and-automation/week2/ws/ros2_tutorial_workspace/install/python_package_with_a_node/share/ament_index
[0.520s] creating /home/max/robotics-and-automation/week2/ws/ros2_tutorial_workspace/install/python_package_with_a_node/share/ament_index/resource_index
[0.520s] creating /home/max/robotics-and-automation/week2/ws/ros2_tutorial_workspace/install/python_package_with_a_node/share/ament_index/resource_index/packages
[0.520s] copying resource/python_package_with_a_node -> /home/max/robotics-and-automation/week2/ws/ros2_tutorial_workspace/install/python_package_with_a_node/share/ament_index/resource_index/packages
[0.520s] copying package.xml -> /home/max/robotics-and-automation/week2/ws/ros2_tutorial_workspace/install/python_package_with_a_node/share/python_package_with_a_node
[0.520s] running install_egg_info
[0.521s] Copying ../../build/python_package_with_a_node/python_package_with_a_node.egg-info to /home/max/robotics-and-automation/week2/ws/ros2_tutorial_workspace/install/python_package_with_a_node/lib/python3.10/site-packages/python_package_with_a_node-0.0.0-py3.10.egg-info
[0.521s] running install_scripts
[0.531s] Installing sample_python_node script to /home/max/robotics-and-automation/week2/ws/ros2_tutorial_workspace/install/python_package_with_a_node/lib/python_package_with_a_node
[0.531s] writing list of installed files to '/home/max/robotics-and-automation/week2/ws/ros2_tutorial_workspace/build/python_package_with_a_node/install.log'
[0.543s] Invoked command in '/home/max/robotics-and-automation/week2/ws/ros2_tutorial_workspace/src/python_package_with_a_node' returned '0': PYTHONPATH=/home/max/robotics-and-automation/week2/ws/ros2_tutorial_workspace/build/python_package_with_a_node/prefix_override:/usr/lib/python3/dist-packages/colcon_core/task/python/colcon_distutils_commands:/home/max/robotics-and-automation/week2/ws/ros2_tutorial_workspace/install/python_package_with_a_node/lib/python3.10/site-packages:${PYTHONPATH} /usr/bin/python3 -W ignore:setup.py install is deprecated setup.py egg_info --egg-base ../../build/python_package_with_a_node build --build-base /home/max/robotics-and-automation/week2/ws/ros2_tutorial_workspace/build/python_package_with_a_node/build install --record /home/max/robotics-and-automation/week2/ws/ros2_tutorial_workspace/build/python_package_with_a_node/install.log --single-version-externally-managed install_data
