-- The C compiler identification is GNU 11.4.0
-- The CXX compiler identification is GNU 11.4.0
-- Detecting C compiler ABI info
-- Detecting C compiler ABI info - done
-- Check for working C compiler: /usr/bin/cc - skipped
-- Detecting C compile features
-- Detecting C compile features - done
-- Detecting CXX compiler ABI info
-- Detecting CXX compiler ABI info - done
-- Check for working CXX compiler: /usr/bin/c++ - skipped
-- Detecting CXX compile features
-- Detecting CXX compile features - done
-- Found ament_cmake: 1.3.10 (/opt/ros/humble/share/ament_cmake/cmake)
-- Found Python3: /usr/bin/python3 (found version "3.10.12") found components: Interpreter 
-- Found rclcpp: 16.0.10 (/opt/ros/humble/share/rclcpp/cmake)
-- Found rosidl_generator_c: 3.1.5 (/opt/ros/humble/share/rosidl_generator_c/cmake)
-- Found rosidl_adapter: 3.1.5 (/opt/ros/humble/share/rosidl_adapter/cmake)
-- Found rosidl_generator_cpp: 3.1.5 (/opt/ros/humble/share/rosidl_generator_cpp/cmake)
-- Using all available rosidl_typesupport_c: rosidl_typesupport_fastrtps_c;rosidl_typesupport_introspection_c
-- Using all available rosidl_typesupport_cpp: rosidl_typesupport_fastrtps_cpp;rosidl_typesupport_introspection_cpp
-- Found rmw_implementation_cmake: 6.1.2 (/opt/ros/humble/share/rmw_implementation_cmake/cmake)
-- Found rmw_fastrtps_cpp: 6.2.7 (/opt/ros/humble/share/rmw_fastrtps_cpp/cmake)
-- Found OpenSSL: /usr/lib/x86_64-linux-gnu/libcrypto.so (found version "3.0.2")  
-- Found FastRTPS: /opt/ros/humble/include  
-- Using RMW implementation 'rmw_fastrtps_cpp' as default
-- Looking for pthread.h
-- Looking for pthread.h - found
-- Performing Test CMAKE_HAVE_LIBC_PTHREAD
-- Performing Test CMAKE_HAVE_LIBC_PTHREAD - Success
-- Found Threads: TRUE  
-- Found rclcpp_components: 16.0.10 (/opt/ros/humble/share/rclcpp_components/cmake)
-- Found sensor_msgs: 4.2.4 (/opt/ros/humble/share/sensor_msgs/cmake)
-- Found ament_lint_auto: 0.12.11 (/opt/ros/humble/share/ament_lint_auto/cmake)
-- Added test 'copyright' to check source files copyright and LICENSE
-- Added test 'cppcheck' to perform static code analysis on C / C++ code
-- Configured cppcheck include dirs: /home/max/robotics-and-automation/week2/ws/ros2_ws/src/demos/quality_of_service_demo/rclcpp/include
-- Configured cppcheck exclude dirs and/or files: 
-- Added test 'cpplint' to check C / C++ code against the Google style
-- Configured cpplint exclude dirs and/or files: 
-- Added test 'lint_cmake' to check CMake code style
-- Added test 'uncrustify' to check C / C++ code style
-- Configured uncrustify additional arguments: 
-- Added test 'xmllint' to check XML markup files
-- Configuring done
-- Generating done
-- Build files have been written to: /home/max/robotics-and-automation/week2/ws/ros2_ws/build/quality_of_service_demo_cpp
[  2%] [32mBuilding CXX object CMakeFiles/liveliness.dir/src/liveliness.cpp.o[0m
[  5%] [32mBuilding CXX object CMakeFiles/liveliness.dir/src/utils.cpp.o[0m
[  7%] [32mBuilding CXX object CMakeFiles/liveliness.dir/src/common_nodes.cpp.o[0m
[ 10%] [32m[1mLinking CXX executable liveliness[0m
[ 10%] Built target liveliness
[ 13%] [32mBuilding CXX object CMakeFiles/qos_overrides_talker.dir/rclcpp_components/node_main_qos_overrides_talker.cpp.o[0m
[ 15%] [32m[1mLinking CXX executable qos_overrides_talker[0m
[ 15%] Built target qos_overrides_talker
[ 18%] [32mBuilding CXX object CMakeFiles/qos_overrides_listener.dir/rclcpp_components/node_main_qos_overrides_listener.cpp.o[0m
[ 21%] [32m[1mLinking CXX executable qos_overrides_listener[0m
[ 21%] Built target qos_overrides_listener
[ 23%] [32mBuilding CXX object CMakeFiles/qos_overrides.dir/src/qos_overrides_listener.cpp.o[0m
[ 26%] [32mBuilding CXX object CMakeFiles/qos_overrides.dir/src/qos_overrides_talker.cpp.o[0m
[ 28%] [32m[1mLinking CXX shared library libqos_overrides.so[0m
[ 28%] Built target qos_overrides
[ 31%] [32mBuilding CXX object CMakeFiles/message_lost_talker.dir/rclcpp_components/node_main_message_lost_talker.cpp.o[0m
[ 34%] [32m[1mLinking CXX executable message_lost_talker[0m
[ 34%] Built target message_lost_talker
[ 36%] [32mBuilding CXX object CMakeFiles/message_lost_listener.dir/rclcpp_components/node_main_message_lost_listener.cpp.o[0m
[ 39%] [32m[1mLinking CXX executable message_lost_listener[0m
[ 39%] Built target message_lost_listener
[ 42%] [32mBuilding CXX object CMakeFiles/message_lost.dir/src/message_lost_listener.cpp.o[0m
[ 44%] [32mBuilding CXX object CMakeFiles/message_lost.dir/src/message_lost_talker.cpp.o[0m
[ 47%] [32m[1mLinking CXX shared library libmessage_lost.so[0m
[ 47%] Built target message_lost
[ 50%] [32mBuilding CXX object CMakeFiles/incompatible_qos.dir/src/incompatible_qos.cpp.o[0m
[ 52%] [32mBuilding CXX object CMakeFiles/incompatible_qos.dir/src/utils.cpp.o[0m
[ 55%] [32mBuilding CXX object CMakeFiles/incompatible_qos.dir/src/common_nodes.cpp.o[0m
[ 57%] [32m[1mLinking CXX executable incompatible_qos[0m
[ 57%] Built target incompatible_qos
[ 60%] [32mBuilding CXX object CMakeFiles/interactive_subscriber.dir/src/interactive_subscriber.cpp.o[0m
[ 63%] [32mBuilding CXX object CMakeFiles/interactive_subscriber.dir/src/utils.cpp.o[0m
[ 65%] [32mBuilding CXX object CMakeFiles/interactive_subscriber.dir/src/common_nodes.cpp.o[0m
[ 68%] [32m[1mLinking CXX executable interactive_subscriber[0m
[ 68%] Built target interactive_subscriber
[ 71%] [32mBuilding CXX object CMakeFiles/interactive_publisher.dir/src/interactive_publisher.cpp.o[0m
[ 76%] [32mBuilding CXX object CMakeFiles/lifespan.dir/src/common_nodes.cpp.o[0m
[ 76%] [32mBuilding CXX object CMakeFiles/deadline.dir/src/deadline.cpp.o[0m
[ 78%] [32mBuilding CXX object CMakeFiles/deadline.dir/src/common_nodes.cpp.o[0m
[ 84%] [32mBuilding CXX object CMakeFiles/lifespan.dir/src/lifespan.cpp.o[0m
[ 84%] [32mBuilding CXX object CMakeFiles/deadline.dir/src/utils.cpp.o[0m
[ 86%] [32mBuilding CXX object CMakeFiles/interactive_publisher.dir/src/common_nodes.cpp.o[0m
[ 89%] [32mBuilding CXX object CMakeFiles/interactive_publisher.dir/src/utils.cpp.o[0m
[ 92%] [32mBuilding CXX object CMakeFiles/lifespan.dir/src/utils.cpp.o[0m
[ 94%] [32m[1mLinking CXX executable interactive_publisher[0m
[ 97%] [32m[1mLinking CXX executable deadline[0m
[100%] [32m[1mLinking CXX executable lifespan[0m
[100%] Built target interactive_publisher
[100%] Built target deadline
[100%] Built target lifespan
-- Install configuration: ""
-- Installing: /home/max/robotics-and-automation/week2/ws/ros2_ws/install/quality_of_service_demo_cpp/lib/quality_of_service_demo_cpp/liveliness
-- Set runtime path of "/home/max/robotics-and-automation/week2/ws/ros2_ws/install/quality_of_service_demo_cpp/lib/quality_of_service_demo_cpp/liveliness" to ""
-- Installing: /home/max/robotics-and-automation/week2/ws/ros2_ws/install/quality_of_service_demo_cpp/lib/quality_of_service_demo_cpp/lifespan
-- Set runtime path of "/home/max/robotics-and-automation/week2/ws/ros2_ws/install/quality_of_service_demo_cpp/lib/quality_of_service_demo_cpp/lifespan" to ""
-- Installing: /home/max/robotics-and-automation/week2/ws/ros2_ws/install/quality_of_service_demo_cpp/lib/quality_of_service_demo_cpp/deadline
-- Set runtime path of "/home/max/robotics-and-automation/week2/ws/ros2_ws/install/quality_of_service_demo_cpp/lib/quality_of_service_demo_cpp/deadline" to ""
-- Installing: /home/max/robotics-and-automation/week2/ws/ros2_ws/install/quality_of_service_demo_cpp/lib/quality_of_service_demo_cpp/interactive_publisher
-- Set runtime path of "/home/max/robotics-and-automation/week2/ws/ros2_ws/install/quality_of_service_demo_cpp/lib/quality_of_service_demo_cpp/interactive_publisher" to ""
-- Installing: /home/max/robotics-and-automation/week2/ws/ros2_ws/install/quality_of_service_demo_cpp/lib/quality_of_service_demo_cpp/interactive_subscriber
-- Set runtime path of "/home/max/robotics-and-automation/week2/ws/ros2_ws/install/quality_of_service_demo_cpp/lib/quality_of_service_demo_cpp/interactive_subscriber" to ""
-- Installing: /home/max/robotics-and-automation/week2/ws/ros2_ws/install/quality_of_service_demo_cpp/lib/quality_of_service_demo_cpp/incompatible_qos
-- Set runtime path of "/home/max/robotics-and-automation/week2/ws/ros2_ws/install/quality_of_service_demo_cpp/lib/quality_of_service_demo_cpp/incompatible_qos" to ""
-- Installing: /home/max/robotics-and-automation/week2/ws/ros2_ws/install/quality_of_service_demo_cpp/lib/quality_of_service_demo_cpp/message_lost_listener
-- Set runtime path of "/home/max/robotics-and-automation/week2/ws/ros2_ws/install/quality_of_service_demo_cpp/lib/quality_of_service_demo_cpp/message_lost_listener" to ""
-- Installing: /home/max/robotics-and-automation/week2/ws/ros2_ws/install/quality_of_service_demo_cpp/lib/quality_of_service_demo_cpp/message_lost_talker
-- Set runtime path of "/home/max/robotics-and-automation/week2/ws/ros2_ws/install/quality_of_service_demo_cpp/lib/quality_of_service_demo_cpp/message_lost_talker" to ""
-- Installing: /home/max/robotics-and-automation/week2/ws/ros2_ws/install/quality_of_service_demo_cpp/lib/quality_of_service_demo_cpp/qos_overrides_listener
-- Set runtime path of "/home/max/robotics-and-automation/week2/ws/ros2_ws/install/quality_of_service_demo_cpp/lib/quality_of_service_demo_cpp/qos_overrides_listener" to ""
-- Installing: /home/max/robotics-and-automation/week2/ws/ros2_ws/install/quality_of_service_demo_cpp/lib/quality_of_service_demo_cpp/qos_overrides_talker
-- Set runtime path of "/home/max/robotics-and-automation/week2/ws/ros2_ws/install/quality_of_service_demo_cpp/lib/quality_of_service_demo_cpp/qos_overrides_talker" to ""
-- Installing: /home/max/robotics-and-automation/week2/ws/ros2_ws/install/quality_of_service_demo_cpp/lib/libmessage_lost.so
-- Set runtime path of "/home/max/robotics-and-automation/week2/ws/ros2_ws/install/quality_of_service_demo_cpp/lib/libmessage_lost.so" to ""
-- Installing: /home/max/robotics-and-automation/week2/ws/ros2_ws/install/quality_of_service_demo_cpp/lib/libqos_overrides.so
-- Set runtime path of "/home/max/robotics-and-automation/week2/ws/ros2_ws/install/quality_of_service_demo_cpp/lib/libqos_overrides.so" to ""
-- Installing: /home/max/robotics-and-automation/week2/ws/ros2_ws/install/quality_of_service_demo_cpp/share/quality_of_service_demo_cpp/params_file
-- Installing: /home/max/robotics-and-automation/week2/ws/ros2_ws/install/quality_of_service_demo_cpp/share/quality_of_service_demo_cpp/params_file/example_qos_overrides.yaml
-- Installing: /home/max/robotics-and-automation/week2/ws/ros2_ws/install/quality_of_service_demo_cpp/share/quality_of_service_demo_cpp/params_file/example_qos_overrides_with_wildcard.yaml
-- Installing: /home/max/robotics-and-automation/week2/ws/ros2_ws/install/quality_of_service_demo_cpp/share/ament_index/resource_index/package_run_dependencies/quality_of_service_demo_cpp
-- Installing: /home/max/robotics-and-automation/week2/ws/ros2_ws/install/quality_of_service_demo_cpp/share/ament_index/resource_index/parent_prefix_path/quality_of_service_demo_cpp
-- Installing: /home/max/robotics-and-automation/week2/ws/ros2_ws/install/quality_of_service_demo_cpp/share/quality_of_service_demo_cpp/environment/ament_prefix_path.sh
-- Installing: /home/max/robotics-and-automation/week2/ws/ros2_ws/install/quality_of_service_demo_cpp/share/quality_of_service_demo_cpp/environment/ament_prefix_path.dsv
-- Installing: /home/max/robotics-and-automation/week2/ws/ros2_ws/install/quality_of_service_demo_cpp/share/quality_of_service_demo_cpp/environment/path.sh
-- Installing: /home/max/robotics-and-automation/week2/ws/ros2_ws/install/quality_of_service_demo_cpp/share/quality_of_service_demo_cpp/environment/path.dsv
-- Installing: /home/max/robotics-and-automation/week2/ws/ros2_ws/install/quality_of_service_demo_cpp/share/quality_of_service_demo_cpp/local_setup.bash
-- Installing: /home/max/robotics-and-automation/week2/ws/ros2_ws/install/quality_of_service_demo_cpp/share/quality_of_service_demo_cpp/local_setup.sh
-- Installing: /home/max/robotics-and-automation/week2/ws/ros2_ws/install/quality_of_service_demo_cpp/share/quality_of_service_demo_cpp/local_setup.zsh
-- Installing: /home/max/robotics-and-automation/week2/ws/ros2_ws/install/quality_of_service_demo_cpp/share/quality_of_service_demo_cpp/local_setup.dsv
-- Installing: /home/max/robotics-and-automation/week2/ws/ros2_ws/install/quality_of_service_demo_cpp/share/quality_of_service_demo_cpp/package.dsv
-- Installing: /home/max/robotics-and-automation/week2/ws/ros2_ws/install/quality_of_service_demo_cpp/share/ament_index/resource_index/packages/quality_of_service_demo_cpp
-- Installing: /home/max/robotics-and-automation/week2/ws/ros2_ws/install/quality_of_service_demo_cpp/share/ament_index/resource_index/rclcpp_components/quality_of_service_demo_cpp
-- Installing: /home/max/robotics-and-automation/week2/ws/ros2_ws/install/quality_of_service_demo_cpp/share/quality_of_service_demo_cpp/cmake/ament_cmake_export_include_directories-extras.cmake
-- Installing: /home/max/robotics-and-automation/week2/ws/ros2_ws/install/quality_of_service_demo_cpp/share/quality_of_service_demo_cpp/cmake/quality_of_service_demo_cppConfig.cmake
-- Installing: /home/max/robotics-and-automation/week2/ws/ros2_ws/install/quality_of_service_demo_cpp/share/quality_of_service_demo_cpp/cmake/quality_of_service_demo_cppConfig-version.cmake
-- Installing: /home/max/robotics-and-automation/week2/ws/ros2_ws/install/quality_of_service_demo_cpp/share/quality_of_service_demo_cpp/package.xml
