[0.053s] Invoking command in '/home/max/robotics-and-automation/week2/ws/ros2_ws/build/quality_of_service_demo_cpp': CMAKE_PREFIX_PATH=/opt/ros/humble /usr/bin/cmake /home/max/robotics-and-automation/week2/ws/ros2_ws/src/demos/quality_of_service_demo/rclcpp -DCMAKE_INSTALL_PREFIX=/home/max/robotics-and-automation/week2/ws/ros2_ws/install/quality_of_service_demo_cpp
[4.325s] -- The C compiler identification is GNU 11.4.0
[4.325s] -- The CXX compiler identification is GNU 11.4.0
[4.325s] -- Detecting C compiler ABI info
[4.325s] -- Detecting C compiler ABI info - done
[4.325s] -- Check for working C compiler: /usr/bin/cc - skipped
[4.325s] -- Detecting C compile features
[4.325s] -- Detecting C compile features - done
[4.325s] -- Detecting CXX compiler ABI info
[4.325s] -- Detecting CXX compiler ABI info - done
[4.325s] -- Check for working CXX compiler: /usr/bin/c++ - skipped
[4.325s] -- Detecting CXX compile features
[4.325s] -- Detecting CXX compile features - done
[4.325s] -- Found ament_cmake: 1.3.10 (/opt/ros/humble/share/ament_cmake/cmake)
[4.325s] -- Found Python3: /usr/bin/python3 (found version "3.10.12") found components: Interpreter 
[4.325s] -- Found rclcpp: 16.0.10 (/opt/ros/humble/share/rclcpp/cmake)
[4.325s] -- Found rosidl_generator_c: 3.1.5 (/opt/ros/humble/share/rosidl_generator_c/cmake)
[4.325s] -- Found rosidl_adapter: 3.1.5 (/opt/ros/humble/share/rosidl_adapter/cmake)
[4.325s] -- Found rosidl_generator_cpp: 3.1.5 (/opt/ros/humble/share/rosidl_generator_cpp/cmake)
[4.325s] -- Using all available rosidl_typesupport_c: rosidl_typesupport_fastrtps_c;rosidl_typesupport_introspection_c
[4.325s] -- Using all available rosidl_typesupport_cpp: rosidl_typesupport_fastrtps_cpp;rosidl_typesupport_introspection_cpp
[4.325s] -- Found rmw_implementation_cmake: 6.1.2 (/opt/ros/humble/share/rmw_implementation_cmake/cmake)
[4.325s] -- Found rmw_fastrtps_cpp: 6.2.7 (/opt/ros/humble/share/rmw_fastrtps_cpp/cmake)
[4.325s] -- Found OpenSSL: /usr/lib/x86_64-linux-gnu/libcrypto.so (found version "3.0.2")  
[4.325s] -- Found FastRTPS: /opt/ros/humble/include  
[4.325s] -- Using RMW implementation 'rmw_fastrtps_cpp' as default
[4.325s] -- Looking for pthread.h
[4.325s] -- Looking for pthread.h - found
[4.325s] -- Performing Test CMAKE_HAVE_LIBC_PTHREAD
[4.326s] -- Performing Test CMAKE_HAVE_LIBC_PTHREAD - Success
[4.326s] -- Found Threads: TRUE  
[4.326s] -- Found rclcpp_components: 16.0.10 (/opt/ros/humble/share/rclcpp_components/cmake)
[4.326s] -- Found sensor_msgs: 4.2.4 (/opt/ros/humble/share/sensor_msgs/cmake)
[4.326s] -- Found ament_lint_auto: 0.12.11 (/opt/ros/humble/share/ament_lint_auto/cmake)
[4.326s] -- Added test 'copyright' to check source files copyright and LICENSE
[4.326s] -- Added test 'cppcheck' to perform static code analysis on C / C++ code
[4.326s] -- Configured cppcheck include dirs: /home/max/robotics-and-automation/week2/ws/ros2_ws/src/demos/quality_of_service_demo/rclcpp/include
[4.326s] -- Configured cppcheck exclude dirs and/or files: 
[4.326s] -- Added test 'cpplint' to check C / C++ code against the Google style
[4.326s] -- Configured cpplint exclude dirs and/or files: 
[4.326s] -- Added test 'lint_cmake' to check CMake code style
[4.326s] -- Added test 'uncrustify' to check C / C++ code style
[4.326s] -- Configured uncrustify additional arguments: 
[4.326s] -- Added test 'xmllint' to check XML markup files
[4.326s] -- Configuring done
[4.326s] -- Generating done
[4.326s] -- Build files have been written to: /home/max/robotics-and-automation/week2/ws/ros2_ws/build/quality_of_service_demo_cpp
[4.340s] Invoked command in '/home/max/robotics-and-automation/week2/ws/ros2_ws/build/quality_of_service_demo_cpp' returned '0': CMAKE_PREFIX_PATH=/opt/ros/humble /usr/bin/cmake /home/max/robotics-and-automation/week2/ws/ros2_ws/src/demos/quality_of_service_demo/rclcpp -DCMAKE_INSTALL_PREFIX=/home/max/robotics-and-automation/week2/ws/ros2_ws/install/quality_of_service_demo_cpp
[4.340s] Invoking command in '/home/max/robotics-and-automation/week2/ws/ros2_ws/build/quality_of_service_demo_cpp': CMAKE_PREFIX_PATH=/opt/ros/humble /usr/bin/cmake --build /home/max/robotics-and-automation/week2/ws/ros2_ws/build/quality_of_service_demo_cpp -- -j16 -l16
[5.248s] [  2%] [32mBuilding CXX object CMakeFiles/liveliness.dir/src/liveliness.cpp.o[0m
[12.383s] [  5%] [32mBuilding CXX object CMakeFiles/liveliness.dir/src/utils.cpp.o[0m
[13.370s] [  7%] [32mBuilding CXX object CMakeFiles/liveliness.dir/src/common_nodes.cpp.o[0m
[22.293s] [ 10%] [32m[1mLinking CXX executable liveliness[0m
[22.481s] [ 10%] Built target liveliness
[22.494s] [ 13%] [32mBuilding CXX object CMakeFiles/qos_overrides_talker.dir/rclcpp_components/node_main_qos_overrides_talker.cpp.o[0m
[24.099s] [ 15%] [32m[1mLinking CXX executable qos_overrides_talker[0m
[24.162s] [ 15%] Built target qos_overrides_talker
[24.175s] [ 18%] [32mBuilding CXX object CMakeFiles/qos_overrides_listener.dir/rclcpp_components/node_main_qos_overrides_listener.cpp.o[0m
[25.892s] [ 21%] [32m[1mLinking CXX executable qos_overrides_listener[0m
[25.955s] [ 21%] Built target qos_overrides_listener
[25.968s] [ 23%] [32mBuilding CXX object CMakeFiles/qos_overrides.dir/src/qos_overrides_listener.cpp.o[0m
[30.181s] [ 26%] [32mBuilding CXX object CMakeFiles/qos_overrides.dir/src/qos_overrides_talker.cpp.o[0m
[32.357s] [ 28%] [32m[1mLinking CXX shared library libqos_overrides.so[0m
[32.562s] [ 28%] Built target qos_overrides
[32.573s] [ 31%] [32mBuilding CXX object CMakeFiles/message_lost_talker.dir/rclcpp_components/node_main_message_lost_talker.cpp.o[0m
[34.077s] [ 34%] [32m[1mLinking CXX executable message_lost_talker[0m
[34.136s] [ 34%] Built target message_lost_talker
[34.147s] [ 36%] [32mBuilding CXX object CMakeFiles/message_lost_listener.dir/rclcpp_components/node_main_message_lost_listener.cpp.o[0m
[35.562s] [ 39%] [32m[1mLinking CXX executable message_lost_listener[0m
[35.621s] [ 39%] Built target message_lost_listener
[35.633s] [ 42%] [32mBuilding CXX object CMakeFiles/message_lost.dir/src/message_lost_listener.cpp.o[0m
[39.411s] [ 44%] [32mBuilding CXX object CMakeFiles/message_lost.dir/src/message_lost_talker.cpp.o[0m
[41.417s] [ 47%] [32m[1mLinking CXX shared library libmessage_lost.so[0m
[41.614s] [ 47%] Built target message_lost
[41.624s] [ 50%] [32mBuilding CXX object CMakeFiles/incompatible_qos.dir/src/incompatible_qos.cpp.o[0m
[42.970s] [ 52%] [32mBuilding CXX object CMakeFiles/incompatible_qos.dir/src/utils.cpp.o[0m
[43.275s] [ 55%] [32mBuilding CXX object CMakeFiles/incompatible_qos.dir/src/common_nodes.cpp.o[0m
[47.176s] [ 57%] [32m[1mLinking CXX executable incompatible_qos[0m
[47.341s] [ 57%] Built target incompatible_qos
[47.352s] [ 60%] [32mBuilding CXX object CMakeFiles/interactive_subscriber.dir/src/interactive_subscriber.cpp.o[0m
[48.680s] [ 63%] [32mBuilding CXX object CMakeFiles/interactive_subscriber.dir/src/utils.cpp.o[0m
[48.992s] [ 65%] [32mBuilding CXX object CMakeFiles/interactive_subscriber.dir/src/common_nodes.cpp.o[0m
[52.979s] [ 68%] [32m[1mLinking CXX executable interactive_subscriber[0m
[53.154s] [ 68%] Built target interactive_subscriber
[53.166s] [ 71%] [32mBuilding CXX object CMakeFiles/interactive_publisher.dir/src/interactive_publisher.cpp.o[0m
[53.166s] [ 76%] [32mBuilding CXX object CMakeFiles/lifespan.dir/src/common_nodes.cpp.o[0m
[53.166s] [ 76%] [32mBuilding CXX object CMakeFiles/deadline.dir/src/deadline.cpp.o[0m
[53.166s] [ 78%] [32mBuilding CXX object CMakeFiles/deadline.dir/src/common_nodes.cpp.o[0m
[53.166s] [ 84%] [32mBuilding CXX object CMakeFiles/lifespan.dir/src/lifespan.cpp.o[0m
[53.166s] [ 84%] [32mBuilding CXX object CMakeFiles/deadline.dir/src/utils.cpp.o[0m
[53.166s] [ 86%] [32mBuilding CXX object CMakeFiles/interactive_publisher.dir/src/common_nodes.cpp.o[0m
[53.166s] [ 89%] [32mBuilding CXX object CMakeFiles/interactive_publisher.dir/src/utils.cpp.o[0m
[53.167s] [ 92%] [32mBuilding CXX object CMakeFiles/lifespan.dir/src/utils.cpp.o[0m
[57.493s] [ 94%] [32m[1mLinking CXX executable interactive_publisher[0m
[57.495s] [ 97%] [32m[1mLinking CXX executable deadline[0m
[57.531s] [100%] [32m[1mLinking CXX executable lifespan[0m
[57.671s] [100%] Built target interactive_publisher
[57.671s] [100%] Built target deadline
[57.706s] [100%] Built target lifespan
[57.715s] Invoked command in '/home/max/robotics-and-automation/week2/ws/ros2_ws/build/quality_of_service_demo_cpp' returned '0': CMAKE_PREFIX_PATH=/opt/ros/humble /usr/bin/cmake --build /home/max/robotics-and-automation/week2/ws/ros2_ws/build/quality_of_service_demo_cpp -- -j16 -l16
[57.751s] Invoking command in '/home/max/robotics-and-automation/week2/ws/ros2_ws/build/quality_of_service_demo_cpp': CMAKE_PREFIX_PATH=/opt/ros/humble /usr/bin/cmake --install /home/max/robotics-and-automation/week2/ws/ros2_ws/build/quality_of_service_demo_cpp
[57.755s] -- Install configuration: ""
[57.755s] -- Installing: /home/max/robotics-and-automation/week2/ws/ros2_ws/install/quality_of_service_demo_cpp/lib/quality_of_service_demo_cpp/liveliness
[57.757s] -- Set runtime path of "/home/max/robotics-and-automation/week2/ws/ros2_ws/install/quality_of_service_demo_cpp/lib/quality_of_service_demo_cpp/liveliness" to ""
[57.757s] -- Installing: /home/max/robotics-and-automation/week2/ws/ros2_ws/install/quality_of_service_demo_cpp/lib/quality_of_service_demo_cpp/lifespan
[57.760s] -- Set runtime path of "/home/max/robotics-and-automation/week2/ws/ros2_ws/install/quality_of_service_demo_cpp/lib/quality_of_service_demo_cpp/lifespan" to ""
[57.760s] -- Installing: /home/max/robotics-and-automation/week2/ws/ros2_ws/install/quality_of_service_demo_cpp/lib/quality_of_service_demo_cpp/deadline
[57.762s] -- Set runtime path of "/home/max/robotics-and-automation/week2/ws/ros2_ws/install/quality_of_service_demo_cpp/lib/quality_of_service_demo_cpp/deadline" to ""
[57.762s] -- Installing: /home/max/robotics-and-automation/week2/ws/ros2_ws/install/quality_of_service_demo_cpp/lib/quality_of_service_demo_cpp/interactive_publisher
[57.764s] -- Set runtime path of "/home/max/robotics-and-automation/week2/ws/ros2_ws/install/quality_of_service_demo_cpp/lib/quality_of_service_demo_cpp/interactive_publisher" to ""
[57.764s] -- Installing: /home/max/robotics-and-automation/week2/ws/ros2_ws/install/quality_of_service_demo_cpp/lib/quality_of_service_demo_cpp/interactive_subscriber
[57.766s] -- Set runtime path of "/home/max/robotics-and-automation/week2/ws/ros2_ws/install/quality_of_service_demo_cpp/lib/quality_of_service_demo_cpp/interactive_subscriber" to ""
[57.766s] -- Installing: /home/max/robotics-and-automation/week2/ws/ros2_ws/install/quality_of_service_demo_cpp/lib/quality_of_service_demo_cpp/incompatible_qos
[57.769s] -- Set runtime path of "/home/max/robotics-and-automation/week2/ws/ros2_ws/install/quality_of_service_demo_cpp/lib/quality_of_service_demo_cpp/incompatible_qos" to ""
[57.769s] -- Installing: /home/max/robotics-and-automation/week2/ws/ros2_ws/install/quality_of_service_demo_cpp/lib/quality_of_service_demo_cpp/message_lost_listener
[57.769s] -- Set runtime path of "/home/max/robotics-and-automation/week2/ws/ros2_ws/install/quality_of_service_demo_cpp/lib/quality_of_service_demo_cpp/message_lost_listener" to ""
[57.769s] -- Installing: /home/max/robotics-and-automation/week2/ws/ros2_ws/install/quality_of_service_demo_cpp/lib/quality_of_service_demo_cpp/message_lost_talker
[57.770s] -- Set runtime path of "/home/max/robotics-and-automation/week2/ws/ros2_ws/install/quality_of_service_demo_cpp/lib/quality_of_service_demo_cpp/message_lost_talker" to ""
[57.770s] -- Installing: /home/max/robotics-and-automation/week2/ws/ros2_ws/install/quality_of_service_demo_cpp/lib/quality_of_service_demo_cpp/qos_overrides_listener
[57.770s] -- Set runtime path of "/home/max/robotics-and-automation/week2/ws/ros2_ws/install/quality_of_service_demo_cpp/lib/quality_of_service_demo_cpp/qos_overrides_listener" to ""
[57.770s] -- Installing: /home/max/robotics-and-automation/week2/ws/ros2_ws/install/quality_of_service_demo_cpp/lib/quality_of_service_demo_cpp/qos_overrides_talker
[57.770s] -- Set runtime path of "/home/max/robotics-and-automation/week2/ws/ros2_ws/install/quality_of_service_demo_cpp/lib/quality_of_service_demo_cpp/qos_overrides_talker" to ""
[57.770s] -- Installing: /home/max/robotics-and-automation/week2/ws/ros2_ws/install/quality_of_service_demo_cpp/lib/libmessage_lost.so
[57.774s] -- Set runtime path of "/home/max/robotics-and-automation/week2/ws/ros2_ws/install/quality_of_service_demo_cpp/lib/libmessage_lost.so" to ""
[57.774s] -- Installing: /home/max/robotics-and-automation/week2/ws/ros2_ws/install/quality_of_service_demo_cpp/lib/libqos_overrides.so
[57.778s] -- Set runtime path of "/home/max/robotics-and-automation/week2/ws/ros2_ws/install/quality_of_service_demo_cpp/lib/libqos_overrides.so" to ""
[57.778s] -- Installing: /home/max/robotics-and-automation/week2/ws/ros2_ws/install/quality_of_service_demo_cpp/share/quality_of_service_demo_cpp/params_file
[57.779s] -- Installing: /home/max/robotics-and-automation/week2/ws/ros2_ws/install/quality_of_service_demo_cpp/share/quality_of_service_demo_cpp/params_file/example_qos_overrides.yaml
[57.779s] -- Installing: /home/max/robotics-and-automation/week2/ws/ros2_ws/install/quality_of_service_demo_cpp/share/quality_of_service_demo_cpp/params_file/example_qos_overrides_with_wildcard.yaml
[57.779s] -- Installing: /home/max/robotics-and-automation/week2/ws/ros2_ws/install/quality_of_service_demo_cpp/share/ament_index/resource_index/package_run_dependencies/quality_of_service_demo_cpp
[57.779s] -- Installing: /home/max/robotics-and-automation/week2/ws/ros2_ws/install/quality_of_service_demo_cpp/share/ament_index/resource_index/parent_prefix_path/quality_of_service_demo_cpp
[57.779s] -- Installing: /home/max/robotics-and-automation/week2/ws/ros2_ws/install/quality_of_service_demo_cpp/share/quality_of_service_demo_cpp/environment/ament_prefix_path.sh
[57.779s] -- Installing: /home/max/robotics-and-automation/week2/ws/ros2_ws/install/quality_of_service_demo_cpp/share/quality_of_service_demo_cpp/environment/ament_prefix_path.dsv
[57.779s] -- Installing: /home/max/robotics-and-automation/week2/ws/ros2_ws/install/quality_of_service_demo_cpp/share/quality_of_service_demo_cpp/environment/path.sh
[57.779s] -- Installing: /home/max/robotics-and-automation/week2/ws/ros2_ws/install/quality_of_service_demo_cpp/share/quality_of_service_demo_cpp/environment/path.dsv
[57.779s] -- Installing: /home/max/robotics-and-automation/week2/ws/ros2_ws/install/quality_of_service_demo_cpp/share/quality_of_service_demo_cpp/local_setup.bash
[57.779s] -- Installing: /home/max/robotics-and-automation/week2/ws/ros2_ws/install/quality_of_service_demo_cpp/share/quality_of_service_demo_cpp/local_setup.sh
[57.779s] -- Installing: /home/max/robotics-and-automation/week2/ws/ros2_ws/install/quality_of_service_demo_cpp/share/quality_of_service_demo_cpp/local_setup.zsh
[57.780s] -- Installing: /home/max/robotics-and-automation/week2/ws/ros2_ws/install/quality_of_service_demo_cpp/share/quality_of_service_demo_cpp/local_setup.dsv
[57.780s] -- Installing: /home/max/robotics-and-automation/week2/ws/ros2_ws/install/quality_of_service_demo_cpp/share/quality_of_service_demo_cpp/package.dsv
[57.780s] -- Installing: /home/max/robotics-and-automation/week2/ws/ros2_ws/install/quality_of_service_demo_cpp/share/ament_index/resource_index/packages/quality_of_service_demo_cpp
[57.780s] -- Installing: /home/max/robotics-and-automation/week2/ws/ros2_ws/install/quality_of_service_demo_cpp/share/ament_index/resource_index/rclcpp_components/quality_of_service_demo_cpp
[57.780s] -- Installing: /home/max/robotics-and-automation/week2/ws/ros2_ws/install/quality_of_service_demo_cpp/share/quality_of_service_demo_cpp/cmake/ament_cmake_export_include_directories-extras.cmake
[57.780s] -- Installing: /home/max/robotics-and-automation/week2/ws/ros2_ws/install/quality_of_service_demo_cpp/share/quality_of_service_demo_cpp/cmake/quality_of_service_demo_cppConfig.cmake
[57.780s] -- Installing: /home/max/robotics-and-automation/week2/ws/ros2_ws/install/quality_of_service_demo_cpp/share/quality_of_service_demo_cpp/cmake/quality_of_service_demo_cppConfig-version.cmake
[57.780s] -- Installing: /home/max/robotics-and-automation/week2/ws/ros2_ws/install/quality_of_service_demo_cpp/share/quality_of_service_demo_cpp/package.xml
[57.782s] Invoked command in '/home/max/robotics-and-automation/week2/ws/ros2_ws/build/quality_of_service_demo_cpp' returned '0': CMAKE_PREFIX_PATH=/opt/ros/humble /usr/bin/cmake --install /home/max/robotics-and-automation/week2/ws/ros2_ws/build/quality_of_service_demo_cpp
