-- The C compiler identification is GNU 11.4.0
-- The CXX compiler identification is GNU 11.4.0
-- Detecting C compiler ABI info
-- Detecting C compiler ABI info - done
-- Check for working C compiler: /usr/bin/cc - skipped
-- Detecting C compile features
-- Detecting C compile features - done
-- Detecting CXX compiler ABI info
-- Detecting CXX compiler ABI info - done
-- Check for working CXX compiler: /usr/bin/c++ - skipped
-- Detecting CXX compile features
-- Detecting CXX compile features - done
-- Found Python3: /usr/bin/python3 (found version "3.10.12") found components: Interpreter 
-- Found rosidl_generator_c: 3.1.5 (/opt/ros/humble/share/rosidl_generator_c/cmake)
-- Found rosidl_adapter: 3.1.5 (/opt/ros/humble/share/rosidl_adapter/cmake)
-- Found rosidl_generator_cpp: 3.1.5 (/opt/ros/humble/share/rosidl_generator_cpp/cmake)
-- Using all available rosidl_typesupport_c: rosidl_typesupport_fastrtps_c;rosidl_typesupport_introspection_c
-- Using all available rosidl_typesupport_cpp: rosidl_typesupport_fastrtps_cpp;rosidl_typesupport_introspection_cpp
-- Found OpenSSL: /usr/lib/x86_64-linux-gnu/libcrypto.so (found version "3.0.2")  
-- Found FastRTPS: /opt/ros/humble/include  
-- Found rclcpp: 16.0.10 (/opt/ros/humble/share/rclcpp/cmake)
-- Found rmw_implementation_cmake: 6.1.2 (/opt/ros/humble/share/rmw_implementation_cmake/cmake)
-- Using RMW implementation 'rmw_fastrtps_cpp' as default
-- Looking for pthread.h
-- Looking for pthread.h - found
-- Performing Test CMAKE_HAVE_LIBC_PTHREAD
-- Performing Test CMAKE_HAVE_LIBC_PTHREAD - Success
-- Found Threads: TRUE  
-- Found rclcpp_components: 16.0.10 (/opt/ros/humble/share/rclcpp_components/cmake)
-- Found ament_lint_auto: 0.12.11 (/opt/ros/humble/share/ament_lint_auto/cmake)
-- Found python_cmake_module: 0.10.0 (/opt/ros/humble/share/python_cmake_module/cmake)
-- Found PythonInterp: /usr/bin/python3 (found suitable version "3.10.12", minimum required is "3.6") 
-- Found PythonLibs: /usr/lib/x86_64-linux-gnu/libpython3.10.so (found suitable version "3.10.12", minimum required is "3.5") 
-- Using PYTHON_EXECUTABLE: /usr/bin/python3
-- Using PYTHON_INCLUDE_DIRS: /usr/include/python3.10
-- Using PYTHON_LIBRARIES: /usr/lib/x86_64-linux-gnu/libpython3.10.so
-- Found PythonExtra: .so  
-- Added test 'copyright' to check source files copyright and LICENSE
-- Added test 'cppcheck' to perform static code analysis on C / C++ code
-- Configured cppcheck include dirs: /home/max/robotics-and-automation/week2/ws/ros2_ws/src/demos/demo_nodes_cpp_native/include
-- Configured cppcheck exclude dirs and/or files: 
-- Added test 'cpplint' to check C / C++ code against the Google style
-- Configured cpplint exclude dirs and/or files: 
-- Added test 'lint_cmake' to check CMake code style
-- Added test 'uncrustify' to check C / C++ code style
-- Configured uncrustify additional arguments: 
-- Added test 'xmllint' to check XML markup files
-- Configuring done
-- Generating done
-- Build files have been written to: /home/max/robotics-and-automation/week2/ws/ros2_ws/build/demo_nodes_cpp_native
[ 25%] [32mBuilding CXX object CMakeFiles/talker.dir/rclcpp_components/node_main_talker.cpp.o[0m
[ 50%] [32mBuilding CXX object CMakeFiles/talker_native.dir/src/talker.cpp.o[0m
[ 75%] [32m[1mLinking CXX executable talker[0m
[ 75%] Built target talker
[100%] [32m[1mLinking CXX shared library libtalker_native.so[0m
[100%] Built target talker_native
-- Install configuration: ""
-- Installing: /home/max/robotics-and-automation/week2/ws/ros2_ws/install/demo_nodes_cpp_native/lib/demo_nodes_cpp_native/talker
-- Set runtime path of "/home/max/robotics-and-automation/week2/ws/ros2_ws/install/demo_nodes_cpp_native/lib/demo_nodes_cpp_native/talker" to ""
-- Installing: /home/max/robotics-and-automation/week2/ws/ros2_ws/install/demo_nodes_cpp_native/lib/libtalker_native.so
-- Set runtime path of "/home/max/robotics-and-automation/week2/ws/ros2_ws/install/demo_nodes_cpp_native/lib/libtalker_native.so" to ""
-- Installing: /home/max/robotics-and-automation/week2/ws/ros2_ws/install/demo_nodes_cpp_native/share/ament_index/resource_index/package_run_dependencies/demo_nodes_cpp_native
-- Installing: /home/max/robotics-and-automation/week2/ws/ros2_ws/install/demo_nodes_cpp_native/share/ament_index/resource_index/parent_prefix_path/demo_nodes_cpp_native
-- Installing: /home/max/robotics-and-automation/week2/ws/ros2_ws/install/demo_nodes_cpp_native/share/demo_nodes_cpp_native/environment/ament_prefix_path.sh
-- Installing: /home/max/robotics-and-automation/week2/ws/ros2_ws/install/demo_nodes_cpp_native/share/demo_nodes_cpp_native/environment/ament_prefix_path.dsv
-- Installing: /home/max/robotics-and-automation/week2/ws/ros2_ws/install/demo_nodes_cpp_native/share/demo_nodes_cpp_native/environment/path.sh
-- Installing: /home/max/robotics-and-automation/week2/ws/ros2_ws/install/demo_nodes_cpp_native/share/demo_nodes_cpp_native/environment/path.dsv
-- Installing: /home/max/robotics-and-automation/week2/ws/ros2_ws/install/demo_nodes_cpp_native/share/demo_nodes_cpp_native/local_setup.bash
-- Installing: /home/max/robotics-and-automation/week2/ws/ros2_ws/install/demo_nodes_cpp_native/share/demo_nodes_cpp_native/local_setup.sh
-- Installing: /home/max/robotics-and-automation/week2/ws/ros2_ws/install/demo_nodes_cpp_native/share/demo_nodes_cpp_native/local_setup.zsh
-- Installing: /home/max/robotics-and-automation/week2/ws/ros2_ws/install/demo_nodes_cpp_native/share/demo_nodes_cpp_native/local_setup.dsv
-- Installing: /home/max/robotics-and-automation/week2/ws/ros2_ws/install/demo_nodes_cpp_native/share/demo_nodes_cpp_native/package.dsv
-- Installing: /home/max/robotics-and-automation/week2/ws/ros2_ws/install/demo_nodes_cpp_native/share/ament_index/resource_index/packages/demo_nodes_cpp_native
-- Installing: /home/max/robotics-and-automation/week2/ws/ros2_ws/install/demo_nodes_cpp_native/share/ament_index/resource_index/rclcpp_components/demo_nodes_cpp_native
-- Installing: /home/max/robotics-and-automation/week2/ws/ros2_ws/install/demo_nodes_cpp_native/share/demo_nodes_cpp_native/cmake/demo_nodes_cpp_nativeConfig.cmake
-- Installing: /home/max/robotics-and-automation/week2/ws/ros2_ws/install/demo_nodes_cpp_native/share/demo_nodes_cpp_native/cmake/demo_nodes_cpp_nativeConfig-version.cmake
-- Installing: /home/max/robotics-and-automation/week2/ws/ros2_ws/install/demo_nodes_cpp_native/share/demo_nodes_cpp_native/package.xml
