[35m[1mConsolidate compiler generated dependencies of target packages_with_interfaces__rosidl_generator_c[0m
[  3%] Built target packages_with_interfaces__cpp
[ 17%] Built target packages_with_interfaces__rosidl_generator_c
[35m[1mConsolidate compiler generated dependencies of target packages_with_interfaces__rosidl_typesupport_fastrtps_cpp[0m
[35m[1mConsolidate compiler generated dependencies of target packages_with_interfaces__rosidl_typesupport_introspection_cpp[0m
[35m[1mConsolidate compiler generated dependencies of target packages_with_interfaces__rosidl_typesupport_cpp[0m
[35m[1mConsolidate compiler generated dependencies of target packages_with_interfaces__rosidl_typesupport_introspection_c[0m
[35m[1mConsolidate compiler generated dependencies of target packages_with_interfaces__rosidl_typesupport_fastrtps_c[0m
[35m[1mConsolidate compiler generated dependencies of target packages_with_interfaces__rosidl_typesupport_c[0m
[ 72%] Built target packages_with_interfaces__rosidl_typesupport_introspection_cpp
[ 72%] Built target packages_with_interfaces__rosidl_typesupport_cpp
[ 72%] Built target packages_with_interfaces__rosidl_typesupport_c
[ 72%] Built target packages_with_interfaces__rosidl_typesupport_introspection_c
[ 86%] Built target packages_with_interfaces__rosidl_typesupport_fastrtps_cpp
[100%] Built target packages_with_interfaces__rosidl_typesupport_fastrtps_c
[100%] Built target packages_with_interfaces
-- Install configuration: ""
-- Up-to-date: /home/max/robotics-and-automation/week2/ws/ros2_tutorial_workspace/install/packages_with_interfaces/share/ament_index/resource_index/rosidl_interfaces/packages_with_interfaces
-- Up-to-date: /home/max/robotics-and-automation/week2/ws/ros2_tutorial_workspace/install/packages_with_interfaces/include/packages_with_interfaces/packages_with_interfaces
-- Up-to-date: /home/max/robotics-and-automation/week2/ws/ros2_tutorial_workspace/install/packages_with_interfaces/include/packages_with_interfaces/packages_with_interfaces/srv
-- Up-to-date: /home/max/robotics-and-automation/week2/ws/ros2_tutorial_workspace/install/packages_with_interfaces/include/packages_with_interfaces/packages_with_interfaces/srv/what_is_the_point.h
-- Up-to-date: /home/max/robotics-and-automation/week2/ws/ros2_tutorial_workspace/install/packages_with_interfaces/include/packages_with_interfaces/packages_with_interfaces/srv/detail
-- Up-to-date: /home/max/robotics-and-automation/week2/ws/ros2_tutorial_workspace/install/packages_with_interfaces/include/packages_with_interfaces/packages_with_interfaces/srv/detail/what_is_the_point__functions.h
-- Up-to-date: /home/max/robotics-and-automation/week2/ws/ros2_tutorial_workspace/install/packages_with_interfaces/include/packages_with_interfaces/packages_with_interfaces/srv/detail/what_is_the_point__type_support.h
-- Up-to-date: /home/max/robotics-and-automation/week2/ws/ros2_tutorial_workspace/install/packages_with_interfaces/include/packages_with_interfaces/packages_with_interfaces/srv/detail/what_is_the_point__struct.h
-- Up-to-date: /home/max/robotics-and-automation/week2/ws/ros2_tutorial_workspace/install/packages_with_interfaces/include/packages_with_interfaces/packages_with_interfaces/srv/detail/what_is_the_point__functions.c
-- Up-to-date: /home/max/robotics-and-automation/week2/ws/ros2_tutorial_workspace/install/packages_with_interfaces/include/packages_with_interfaces/packages_with_interfaces/msg
-- Up-to-date: /home/max/robotics-and-automation/week2/ws/ros2_tutorial_workspace/install/packages_with_interfaces/include/packages_with_interfaces/packages_with_interfaces/msg/detail
-- Up-to-date: /home/max/robotics-and-automation/week2/ws/ros2_tutorial_workspace/install/packages_with_interfaces/include/packages_with_interfaces/packages_with_interfaces/msg/detail/amazing_quote__struct.h
-- Up-to-date: /home/max/robotics-and-automation/week2/ws/ros2_tutorial_workspace/install/packages_with_interfaces/include/packages_with_interfaces/packages_with_interfaces/msg/detail/amazing_quote__functions.c
-- Up-to-date: /home/max/robotics-and-automation/week2/ws/ros2_tutorial_workspace/install/packages_with_interfaces/include/packages_with_interfaces/packages_with_interfaces/msg/detail/amazing_quote__functions.h
-- Up-to-date: /home/max/robotics-and-automation/week2/ws/ros2_tutorial_workspace/install/packages_with_interfaces/include/packages_with_interfaces/packages_with_interfaces/msg/detail/amazing_quote__type_support.h
-- Up-to-date: /home/max/robotics-and-automation/week2/ws/ros2_tutorial_workspace/install/packages_with_interfaces/include/packages_with_interfaces/packages_with_interfaces/msg/amazing_quote.h
-- Up-to-date: /home/max/robotics-and-automation/week2/ws/ros2_tutorial_workspace/install/packages_with_interfaces/include/packages_with_interfaces/packages_with_interfaces/msg/rosidl_generator_c__visibility_control.h
-- Up-to-date: /home/max/robotics-and-automation/week2/ws/ros2_tutorial_workspace/install/packages_with_interfaces/share/packages_with_interfaces/environment/library_path.sh
-- Up-to-date: /home/max/robotics-and-automation/week2/ws/ros2_tutorial_workspace/install/packages_with_interfaces/share/packages_with_interfaces/environment/library_path.dsv
-- Up-to-date: /home/max/robotics-and-automation/week2/ws/ros2_tutorial_workspace/install/packages_with_interfaces/lib/libpackages_with_interfaces__rosidl_generator_c.so
-- Up-to-date: /home/max/robotics-and-automation/week2/ws/ros2_tutorial_workspace/install/packages_with_interfaces/include/packages_with_interfaces/packages_with_interfaces
-- Up-to-date: /home/max/robotics-and-automation/week2/ws/ros2_tutorial_workspace/install/packages_with_interfaces/include/packages_with_interfaces/packages_with_interfaces/srv
-- Up-to-date: /home/max/robotics-and-automation/week2/ws/ros2_tutorial_workspace/install/packages_with_interfaces/include/packages_with_interfaces/packages_with_interfaces/srv/detail
-- Up-to-date: /home/max/robotics-and-automation/week2/ws/ros2_tutorial_workspace/install/packages_with_interfaces/include/packages_with_interfaces/packages_with_interfaces/srv/detail/what_is_the_point__rosidl_typesupport_fastrtps_c.h
-- Up-to-date: /home/max/robotics-and-automation/week2/ws/ros2_tutorial_workspace/install/packages_with_interfaces/include/packages_with_interfaces/packages_with_interfaces/msg
-- Up-to-date: /home/max/robotics-and-automation/week2/ws/ros2_tutorial_workspace/install/packages_with_interfaces/include/packages_with_interfaces/packages_with_interfaces/msg/rosidl_typesupport_fastrtps_c__visibility_control.h
-- Up-to-date: /home/max/robotics-and-automation/week2/ws/ros2_tutorial_workspace/install/packages_with_interfaces/include/packages_with_interfaces/packages_with_interfaces/msg/detail
-- Up-to-date: /home/max/robotics-and-automation/week2/ws/ros2_tutorial_workspace/install/packages_with_interfaces/include/packages_with_interfaces/packages_with_interfaces/msg/detail/amazing_quote__rosidl_typesupport_fastrtps_c.h
-- Up-to-date: /home/max/robotics-and-automation/week2/ws/ros2_tutorial_workspace/install/packages_with_interfaces/lib/libpackages_with_interfaces__rosidl_typesupport_fastrtps_c.so
-- Up-to-date: /home/max/robotics-and-automation/week2/ws/ros2_tutorial_workspace/install/packages_with_interfaces/include/packages_with_interfaces/packages_with_interfaces
-- Up-to-date: /home/max/robotics-and-automation/week2/ws/ros2_tutorial_workspace/install/packages_with_interfaces/include/packages_with_interfaces/packages_with_interfaces/srv
-- Up-to-date: /home/max/robotics-and-automation/week2/ws/ros2_tutorial_workspace/install/packages_with_interfaces/include/packages_with_interfaces/packages_with_interfaces/srv/detail
-- Up-to-date: /home/max/robotics-and-automation/week2/ws/ros2_tutorial_workspace/install/packages_with_interfaces/include/packages_with_interfaces/packages_with_interfaces/srv/detail/what_is_the_point__traits.hpp
-- Up-to-date: /home/max/robotics-and-automation/week2/ws/ros2_tutorial_workspace/install/packages_with_interfaces/include/packages_with_interfaces/packages_with_interfaces/srv/detail/what_is_the_point__builder.hpp
-- Up-to-date: /home/max/robotics-and-automation/week2/ws/ros2_tutorial_workspace/install/packages_with_interfaces/include/packages_with_interfaces/packages_with_interfaces/srv/detail/what_is_the_point__struct.hpp
-- Up-to-date: /home/max/robotics-and-automation/week2/ws/ros2_tutorial_workspace/install/packages_with_interfaces/include/packages_with_interfaces/packages_with_interfaces/srv/what_is_the_point.hpp
-- Up-to-date: /home/max/robotics-and-automation/week2/ws/ros2_tutorial_workspace/install/packages_with_interfaces/include/packages_with_interfaces/packages_with_interfaces/msg
-- Up-to-date: /home/max/robotics-and-automation/week2/ws/ros2_tutorial_workspace/install/packages_with_interfaces/include/packages_with_interfaces/packages_with_interfaces/msg/amazing_quote.hpp
-- Up-to-date: /home/max/robotics-and-automation/week2/ws/ros2_tutorial_workspace/install/packages_with_interfaces/include/packages_with_interfaces/packages_with_interfaces/msg/detail
-- Up-to-date: /home/max/robotics-and-automation/week2/ws/ros2_tutorial_workspace/install/packages_with_interfaces/include/packages_with_interfaces/packages_with_interfaces/msg/detail/amazing_quote__traits.hpp
-- Up-to-date: /home/max/robotics-and-automation/week2/ws/ros2_tutorial_workspace/install/packages_with_interfaces/include/packages_with_interfaces/packages_with_interfaces/msg/detail/amazing_quote__builder.hpp
-- Up-to-date: /home/max/robotics-and-automation/week2/ws/ros2_tutorial_workspace/install/packages_with_interfaces/include/packages_with_interfaces/packages_with_interfaces/msg/detail/amazing_quote__struct.hpp
-- Up-to-date: /home/max/robotics-and-automation/week2/ws/ros2_tutorial_workspace/install/packages_with_interfaces/include/packages_with_interfaces/packages_with_interfaces
-- Up-to-date: /home/max/robotics-and-automation/week2/ws/ros2_tutorial_workspace/install/packages_with_interfaces/include/packages_with_interfaces/packages_with_interfaces/srv
-- Up-to-date: /home/max/robotics-and-automation/week2/ws/ros2_tutorial_workspace/install/packages_with_interfaces/include/packages_with_interfaces/packages_with_interfaces/srv/detail
-- Up-to-date: /home/max/robotics-and-automation/week2/ws/ros2_tutorial_workspace/install/packages_with_interfaces/include/packages_with_interfaces/packages_with_interfaces/srv/detail/dds_fastrtps
-- Up-to-date: /home/max/robotics-and-automation/week2/ws/ros2_tutorial_workspace/install/packages_with_interfaces/include/packages_with_interfaces/packages_with_interfaces/srv/detail/what_is_the_point__rosidl_typesupport_fastrtps_cpp.hpp
-- Up-to-date: /home/max/robotics-and-automation/week2/ws/ros2_tutorial_workspace/install/packages_with_interfaces/include/packages_with_interfaces/packages_with_interfaces/msg
-- Up-to-date: /home/max/robotics-and-automation/week2/ws/ros2_tutorial_workspace/install/packages_with_interfaces/include/packages_with_interfaces/packages_with_interfaces/msg/detail
-- Up-to-date: /home/max/robotics-and-automation/week2/ws/ros2_tutorial_workspace/install/packages_with_interfaces/include/packages_with_interfaces/packages_with_interfaces/msg/detail/amazing_quote__rosidl_typesupport_fastrtps_cpp.hpp
-- Up-to-date: /home/max/robotics-and-automation/week2/ws/ros2_tutorial_workspace/install/packages_with_interfaces/include/packages_with_interfaces/packages_with_interfaces/msg/detail/dds_fastrtps
-- Up-to-date: /home/max/robotics-and-automation/week2/ws/ros2_tutorial_workspace/install/packages_with_interfaces/include/packages_with_interfaces/packages_with_interfaces/msg/rosidl_typesupport_fastrtps_cpp__visibility_control.h
-- Up-to-date: /home/max/robotics-and-automation/week2/ws/ros2_tutorial_workspace/install/packages_with_interfaces/lib/libpackages_with_interfaces__rosidl_typesupport_fastrtps_cpp.so
-- Up-to-date: /home/max/robotics-and-automation/week2/ws/ros2_tutorial_workspace/install/packages_with_interfaces/include/packages_with_interfaces/packages_with_interfaces
-- Up-to-date: /home/max/robotics-and-automation/week2/ws/ros2_tutorial_workspace/install/packages_with_interfaces/include/packages_with_interfaces/packages_with_interfaces/srv
-- Up-to-date: /home/max/robotics-and-automation/week2/ws/ros2_tutorial_workspace/install/packages_with_interfaces/include/packages_with_interfaces/packages_with_interfaces/srv/detail
-- Up-to-date: /home/max/robotics-and-automation/week2/ws/ros2_tutorial_workspace/install/packages_with_interfaces/include/packages_with_interfaces/packages_with_interfaces/srv/detail/what_is_the_point__type_support.c
-- Up-to-date: /home/max/robotics-and-automation/week2/ws/ros2_tutorial_workspace/install/packages_with_interfaces/include/packages_with_interfaces/packages_with_interfaces/srv/detail/what_is_the_point__rosidl_typesupport_introspection_c.h
-- Up-to-date: /home/max/robotics-and-automation/week2/ws/ros2_tutorial_workspace/install/packages_with_interfaces/include/packages_with_interfaces/packages_with_interfaces/msg
-- Up-to-date: /home/max/robotics-and-automation/week2/ws/ros2_tutorial_workspace/install/packages_with_interfaces/include/packages_with_interfaces/packages_with_interfaces/msg/rosidl_typesupport_introspection_c__visibility_control.h
-- Up-to-date: /home/max/robotics-and-automation/week2/ws/ros2_tutorial_workspace/install/packages_with_interfaces/include/packages_with_interfaces/packages_with_interfaces/msg/detail
-- Up-to-date: /home/max/robotics-and-automation/week2/ws/ros2_tutorial_workspace/install/packages_with_interfaces/include/packages_with_interfaces/packages_with_interfaces/msg/detail/amazing_quote__type_support.c
-- Up-to-date: /home/max/robotics-and-automation/week2/ws/ros2_tutorial_workspace/install/packages_with_interfaces/include/packages_with_interfaces/packages_with_interfaces/msg/detail/amazing_quote__rosidl_typesupport_introspection_c.h
-- Up-to-date: /home/max/robotics-and-automation/week2/ws/ros2_tutorial_workspace/install/packages_with_interfaces/lib/libpackages_with_interfaces__rosidl_typesupport_introspection_c.so
-- Up-to-date: /home/max/robotics-and-automation/week2/ws/ros2_tutorial_workspace/install/packages_with_interfaces/lib/libpackages_with_interfaces__rosidl_typesupport_c.so
-- Up-to-date: /home/max/robotics-and-automation/week2/ws/ros2_tutorial_workspace/install/packages_with_interfaces/include/packages_with_interfaces/packages_with_interfaces
-- Up-to-date: /home/max/robotics-and-automation/week2/ws/ros2_tutorial_workspace/install/packages_with_interfaces/include/packages_with_interfaces/packages_with_interfaces/srv
-- Up-to-date: /home/max/robotics-and-automation/week2/ws/ros2_tutorial_workspace/install/packages_with_interfaces/include/packages_with_interfaces/packages_with_interfaces/srv/detail
-- Up-to-date: /home/max/robotics-and-automation/week2/ws/ros2_tutorial_workspace/install/packages_with_interfaces/include/packages_with_interfaces/packages_with_interfaces/srv/detail/what_is_the_point__rosidl_typesupport_introspection_cpp.hpp
-- Up-to-date: /home/max/robotics-and-automation/week2/ws/ros2_tutorial_workspace/install/packages_with_interfaces/include/packages_with_interfaces/packages_with_interfaces/srv/detail/what_is_the_point__type_support.cpp
-- Up-to-date: /home/max/robotics-and-automation/week2/ws/ros2_tutorial_workspace/install/packages_with_interfaces/include/packages_with_interfaces/packages_with_interfaces/msg
-- Up-to-date: /home/max/robotics-and-automation/week2/ws/ros2_tutorial_workspace/install/packages_with_interfaces/include/packages_with_interfaces/packages_with_interfaces/msg/detail
-- Up-to-date: /home/max/robotics-and-automation/week2/ws/ros2_tutorial_workspace/install/packages_with_interfaces/include/packages_with_interfaces/packages_with_interfaces/msg/detail/amazing_quote__type_support.cpp
-- Up-to-date: /home/max/robotics-and-automation/week2/ws/ros2_tutorial_workspace/install/packages_with_interfaces/include/packages_with_interfaces/packages_with_interfaces/msg/detail/amazing_quote__rosidl_typesupport_introspection_cpp.hpp
-- Up-to-date: /home/max/robotics-and-automation/week2/ws/ros2_tutorial_workspace/install/packages_with_interfaces/lib/libpackages_with_interfaces__rosidl_typesupport_introspection_cpp.so
-- Up-to-date: /home/max/robotics-and-automation/week2/ws/ros2_tutorial_workspace/install/packages_with_interfaces/lib/libpackages_with_interfaces__rosidl_typesupport_cpp.so
-- Up-to-date: /home/max/robotics-and-automation/week2/ws/ros2_tutorial_workspace/install/packages_with_interfaces/share/packages_with_interfaces/msg/AmazingQuote.idl
-- Up-to-date: /home/max/robotics-and-automation/week2/ws/ros2_tutorial_workspace/install/packages_with_interfaces/share/packages_with_interfaces/srv/WhatIsThePoint.idl
-- Up-to-date: /home/max/robotics-and-automation/week2/ws/ros2_tutorial_workspace/install/packages_with_interfaces/share/packages_with_interfaces/msg/AmazingQuote.msg
-- Up-to-date: /home/max/robotics-and-automation/week2/ws/ros2_tutorial_workspace/install/packages_with_interfaces/share/packages_with_interfaces/srv/WhatIsThePoint.srv
-- Up-to-date: /home/max/robotics-and-automation/week2/ws/ros2_tutorial_workspace/install/packages_with_interfaces/share/packages_with_interfaces/srv/WhatIsThePoint_Request.msg
-- Up-to-date: /home/max/robotics-and-automation/week2/ws/ros2_tutorial_workspace/install/packages_with_interfaces/share/packages_with_interfaces/srv/WhatIsThePoint_Response.msg
-- Up-to-date: /home/max/robotics-and-automation/week2/ws/ros2_tutorial_workspace/install/packages_with_interfaces/share/ament_index/resource_index/package_run_dependencies/packages_with_interfaces
-- Up-to-date: /home/max/robotics-and-automation/week2/ws/ros2_tutorial_workspace/install/packages_with_interfaces/share/ament_index/resource_index/parent_prefix_path/packages_with_interfaces
-- Up-to-date: /home/max/robotics-and-automation/week2/ws/ros2_tutorial_workspace/install/packages_with_interfaces/share/packages_with_interfaces/environment/ament_prefix_path.sh
-- Up-to-date: /home/max/robotics-and-automation/week2/ws/ros2_tutorial_workspace/install/packages_with_interfaces/share/packages_with_interfaces/environment/ament_prefix_path.dsv
-- Up-to-date: /home/max/robotics-and-automation/week2/ws/ros2_tutorial_workspace/install/packages_with_interfaces/share/packages_with_interfaces/environment/path.sh
-- Up-to-date: /home/max/robotics-and-automation/week2/ws/ros2_tutorial_workspace/install/packages_with_interfaces/share/packages_with_interfaces/environment/path.dsv
-- Up-to-date: /home/max/robotics-and-automation/week2/ws/ros2_tutorial_workspace/install/packages_with_interfaces/share/packages_with_interfaces/local_setup.bash
-- Up-to-date: /home/max/robotics-and-automation/week2/ws/ros2_tutorial_workspace/install/packages_with_interfaces/share/packages_with_interfaces/local_setup.sh
-- Up-to-date: /home/max/robotics-and-automation/week2/ws/ros2_tutorial_workspace/install/packages_with_interfaces/share/packages_with_interfaces/local_setup.zsh
-- Up-to-date: /home/max/robotics-and-automation/week2/ws/ros2_tutorial_workspace/install/packages_with_interfaces/share/packages_with_interfaces/local_setup.dsv
-- Up-to-date: /home/max/robotics-and-automation/week2/ws/ros2_tutorial_workspace/install/packages_with_interfaces/share/packages_with_interfaces/package.dsv
-- Up-to-date: /home/max/robotics-and-automation/week2/ws/ros2_tutorial_workspace/install/packages_with_interfaces/share/ament_index/resource_index/packages/packages_with_interfaces
-- Up-to-date: /home/max/robotics-and-automation/week2/ws/ros2_tutorial_workspace/install/packages_with_interfaces/share/packages_with_interfaces/cmake/export_packages_with_interfaces__rosidl_generator_cExport.cmake
-- Up-to-date: /home/max/robotics-and-automation/week2/ws/ros2_tutorial_workspace/install/packages_with_interfaces/share/packages_with_interfaces/cmake/export_packages_with_interfaces__rosidl_generator_cExport-noconfig.cmake
-- Up-to-date: /home/max/robotics-and-automation/week2/ws/ros2_tutorial_workspace/install/packages_with_interfaces/share/packages_with_interfaces/cmake/export_packages_with_interfaces__rosidl_typesupport_fastrtps_cExport.cmake
-- Up-to-date: /home/max/robotics-and-automation/week2/ws/ros2_tutorial_workspace/install/packages_with_interfaces/share/packages_with_interfaces/cmake/export_packages_with_interfaces__rosidl_typesupport_fastrtps_cExport-noconfig.cmake
-- Up-to-date: /home/max/robotics-and-automation/week2/ws/ros2_tutorial_workspace/install/packages_with_interfaces/share/packages_with_interfaces/cmake/export_packages_with_interfaces__rosidl_generator_cppExport.cmake
-- Up-to-date: /home/max/robotics-and-automation/week2/ws/ros2_tutorial_workspace/install/packages_with_interfaces/share/packages_with_interfaces/cmake/export_packages_with_interfaces__rosidl_typesupport_fastrtps_cppExport.cmake
-- Up-to-date: /home/max/robotics-and-automation/week2/ws/ros2_tutorial_workspace/install/packages_with_interfaces/share/packages_with_interfaces/cmake/export_packages_with_interfaces__rosidl_typesupport_fastrtps_cppExport-noconfig.cmake
-- Up-to-date: /home/max/robotics-and-automation/week2/ws/ros2_tutorial_workspace/install/packages_with_interfaces/share/packages_with_interfaces/cmake/packages_with_interfaces__rosidl_typesupport_introspection_cExport.cmake
-- Up-to-date: /home/max/robotics-and-automation/week2/ws/ros2_tutorial_workspace/install/packages_with_interfaces/share/packages_with_interfaces/cmake/packages_with_interfaces__rosidl_typesupport_introspection_cExport-noconfig.cmake
-- Up-to-date: /home/max/robotics-and-automation/week2/ws/ros2_tutorial_workspace/install/packages_with_interfaces/share/packages_with_interfaces/cmake/packages_with_interfaces__rosidl_typesupport_cExport.cmake
-- Up-to-date: /home/max/robotics-and-automation/week2/ws/ros2_tutorial_workspace/install/packages_with_interfaces/share/packages_with_interfaces/cmake/packages_with_interfaces__rosidl_typesupport_cExport-noconfig.cmake
-- Up-to-date: /home/max/robotics-and-automation/week2/ws/ros2_tutorial_workspace/install/packages_with_interfaces/share/packages_with_interfaces/cmake/packages_with_interfaces__rosidl_typesupport_introspection_cppExport.cmake
-- Up-to-date: /home/max/robotics-and-automation/week2/ws/ros2_tutorial_workspace/install/packages_with_interfaces/share/packages_with_interfaces/cmake/packages_with_interfaces__rosidl_typesupport_introspection_cppExport-noconfig.cmake
-- Up-to-date: /home/max/robotics-and-automation/week2/ws/ros2_tutorial_workspace/install/packages_with_interfaces/share/packages_with_interfaces/cmake/packages_with_interfaces__rosidl_typesupport_cppExport.cmake
-- Up-to-date: /home/max/robotics-and-automation/week2/ws/ros2_tutorial_workspace/install/packages_with_interfaces/share/packages_with_interfaces/cmake/packages_with_interfaces__rosidl_typesupport_cppExport-noconfig.cmake
-- Up-to-date: /home/max/robotics-and-automation/week2/ws/ros2_tutorial_workspace/install/packages_with_interfaces/share/packages_with_interfaces/cmake/rosidl_cmake-extras.cmake
-- Up-to-date: /home/max/robotics-and-automation/week2/ws/ros2_tutorial_workspace/install/packages_with_interfaces/share/packages_with_interfaces/cmake/ament_cmake_export_dependencies-extras.cmake
-- Up-to-date: /home/max/robotics-and-automation/week2/ws/ros2_tutorial_workspace/install/packages_with_interfaces/share/packages_with_interfaces/cmake/ament_cmake_export_include_directories-extras.cmake
-- Up-to-date: /home/max/robotics-and-automation/week2/ws/ros2_tutorial_workspace/install/packages_with_interfaces/share/packages_with_interfaces/cmake/ament_cmake_export_libraries-extras.cmake
-- Up-to-date: /home/max/robotics-and-automation/week2/ws/ros2_tutorial_workspace/install/packages_with_interfaces/share/packages_with_interfaces/cmake/ament_cmake_export_targets-extras.cmake
-- Up-to-date: /home/max/robotics-and-automation/week2/ws/ros2_tutorial_workspace/install/packages_with_interfaces/share/packages_with_interfaces/cmake/rosidl_cmake_export_typesupport_targets-extras.cmake
-- Up-to-date: /home/max/robotics-and-automation/week2/ws/ros2_tutorial_workspace/install/packages_with_interfaces/share/packages_with_interfaces/cmake/rosidl_cmake_export_typesupport_libraries-extras.cmake
-- Up-to-date: /home/max/robotics-and-automation/week2/ws/ros2_tutorial_workspace/install/packages_with_interfaces/share/packages_with_interfaces/cmake/packages_with_interfacesConfig.cmake
-- Up-to-date: /home/max/robotics-and-automation/week2/ws/ros2_tutorial_workspace/install/packages_with_interfaces/share/packages_with_interfaces/cmake/packages_with_interfacesConfig-version.cmake
-- Up-to-date: /home/max/robotics-and-automation/week2/ws/ros2_tutorial_workspace/install/packages_with_interfaces/share/packages_with_interfaces/package.xml
