[0.018s] Invoking command in '/home/max/robotics-and-automation/week2/ws/ros2_tutorial_workspace/build/packages_with_interfaces': CMAKE_PREFIX_PATH=${CMAKE_PREFIX_PATH}:/home/max/robotics-and-automation/week2/ws/ros2_tutorial_workspace/install/the_simplest_python_package:/home/max/robotics-and-automation/week2/ws/ros2_tutorial_workspace/install/python_package_with_a_node:/home/max/robotics-and-automation/week2/ws/ros2_ws/install/topic_monitor:/home/max/robotics-and-automation/week2/ws/ros2_ws/install/quality_of_service_demo_py:/home/max/robotics-and-automation/week2/ws/ros2_ws/install/lifecycle_py:/home/max/robotics-and-automation/week2/ws/ros2_ws/install/launch_testing_examples:/home/max/robotics-and-automation/week2/ws/ros2_ws/install/examples_rclpy_pointcloud_publisher:/home/max/robotics-and-automation/week2/ws/ros2_ws/install/examples_rclpy_minimal_subscriber:/home/max/robotics-and-automation/week2/ws/ros2_ws/install/examples_rclpy_minimal_service:/home/max/robotics-and-automation/week2/ws/ros2_ws/install/examples_rclpy_minimal_publisher:/home/max/robotics-and-automation/week2/ws/ros2_ws/install/examples_rclpy_minimal_client:/home/max/robotics-and-automation/week2/ws/ros2_ws/install/examples_rclpy_minimal_action_server:/home/max/robotics-and-automation/week2/ws/ros2_ws/install/examples_rclpy_minimal_action_client:/home/max/robotics-and-automation/week2/ws/ros2_ws/install/examples_rclpy_guard_conditions:/home/max/robotics-and-automation/week2/ws/ros2_ws/install/examples_rclpy_executors:/home/max/robotics-and-automation/week2/ws/ros2_ws/install/demo_nodes_py:/home/max/robotics-and-automation/week2/ws/ros2_ws/install/action_tutorials_py:/opt/ros/humble /usr/bin/cmake --build /home/max/robotics-and-automation/week2/ws/ros2_tutorial_workspace/build/packages_with_interfaces -- -j16 -l16
[0.267s] [35m[1mConsolidate compiler generated dependencies of target packages_with_interfaces__rosidl_generator_c[0m
[0.267s] [  3%] Built target packages_with_interfaces__cpp
[0.267s] [ 17%] Built target packages_with_interfaces__rosidl_generator_c
[0.267s] [35m[1mConsolidate compiler generated dependencies of target packages_with_interfaces__rosidl_typesupport_fastrtps_cpp[0m
[0.267s] [35m[1mConsolidate compiler generated dependencies of target packages_with_interfaces__rosidl_typesupport_introspection_cpp[0m
[0.267s] [35m[1mConsolidate compiler generated dependencies of target packages_with_interfaces__rosidl_typesupport_cpp[0m
[0.267s] [35m[1mConsolidate compiler generated dependencies of target packages_with_interfaces__rosidl_typesupport_introspection_c[0m
[0.267s] [35m[1mConsolidate compiler generated dependencies of target packages_with_interfaces__rosidl_typesupport_fastrtps_c[0m
[0.267s] [35m[1mConsolidate compiler generated dependencies of target packages_with_interfaces__rosidl_typesupport_c[0m
[0.267s] [ 72%] Built target packages_with_interfaces__rosidl_typesupport_introspection_cpp
[0.267s] [ 72%] Built target packages_with_interfaces__rosidl_typesupport_cpp
[0.267s] [ 72%] Built target packages_with_interfaces__rosidl_typesupport_c
[0.267s] [ 72%] Built target packages_with_interfaces__rosidl_typesupport_introspection_c
[0.267s] [ 86%] Built target packages_with_interfaces__rosidl_typesupport_fastrtps_cpp
[0.267s] [100%] Built target packages_with_interfaces__rosidl_typesupport_fastrtps_c
[0.267s] [100%] Built target packages_with_interfaces
[0.392s] Invoked command in '/home/max/robotics-and-automation/week2/ws/ros2_tutorial_workspace/build/packages_with_interfaces' returned '0': CMAKE_PREFIX_PATH=${CMAKE_PREFIX_PATH}:/home/max/robotics-and-automation/week2/ws/ros2_tutorial_workspace/install/the_simplest_python_package:/home/max/robotics-and-automation/week2/ws/ros2_tutorial_workspace/install/python_package_with_a_node:/home/max/robotics-and-automation/week2/ws/ros2_ws/install/topic_monitor:/home/max/robotics-and-automation/week2/ws/ros2_ws/install/quality_of_service_demo_py:/home/max/robotics-and-automation/week2/ws/ros2_ws/install/lifecycle_py:/home/max/robotics-and-automation/week2/ws/ros2_ws/install/launch_testing_examples:/home/max/robotics-and-automation/week2/ws/ros2_ws/install/examples_rclpy_pointcloud_publisher:/home/max/robotics-and-automation/week2/ws/ros2_ws/install/examples_rclpy_minimal_subscriber:/home/max/robotics-and-automation/week2/ws/ros2_ws/install/examples_rclpy_minimal_service:/home/max/robotics-and-automation/week2/ws/ros2_ws/install/examples_rclpy_minimal_publisher:/home/max/robotics-and-automation/week2/ws/ros2_ws/install/examples_rclpy_minimal_client:/home/max/robotics-and-automation/week2/ws/ros2_ws/install/examples_rclpy_minimal_action_server:/home/max/robotics-and-automation/week2/ws/ros2_ws/install/examples_rclpy_minimal_action_client:/home/max/robotics-and-automation/week2/ws/ros2_ws/install/examples_rclpy_guard_conditions:/home/max/robotics-and-automation/week2/ws/ros2_ws/install/examples_rclpy_executors:/home/max/robotics-and-automation/week2/ws/ros2_ws/install/demo_nodes_py:/home/max/robotics-and-automation/week2/ws/ros2_ws/install/action_tutorials_py:/opt/ros/humble /usr/bin/cmake --build /home/max/robotics-and-automation/week2/ws/ros2_tutorial_workspace/build/packages_with_interfaces -- -j16 -l16
[0.454s] Invoking command in '/home/max/robotics-and-automation/week2/ws/ros2_tutorial_workspace/build/packages_with_interfaces': CMAKE_PREFIX_PATH=${CMAKE_PREFIX_PATH}:/home/max/robotics-and-automation/week2/ws/ros2_tutorial_workspace/install/the_simplest_python_package:/home/max/robotics-and-automation/week2/ws/ros2_tutorial_workspace/install/python_package_with_a_node:/home/max/robotics-and-automation/week2/ws/ros2_ws/install/topic_monitor:/home/max/robotics-and-automation/week2/ws/ros2_ws/install/quality_of_service_demo_py:/home/max/robotics-and-automation/week2/ws/ros2_ws/install/lifecycle_py:/home/max/robotics-and-automation/week2/ws/ros2_ws/install/launch_testing_examples:/home/max/robotics-and-automation/week2/ws/ros2_ws/install/examples_rclpy_pointcloud_publisher:/home/max/robotics-and-automation/week2/ws/ros2_ws/install/examples_rclpy_minimal_subscriber:/home/max/robotics-and-automation/week2/ws/ros2_ws/install/examples_rclpy_minimal_service:/home/max/robotics-and-automation/week2/ws/ros2_ws/install/examples_rclpy_minimal_publisher:/home/max/robotics-and-automation/week2/ws/ros2_ws/install/examples_rclpy_minimal_client:/home/max/robotics-and-automation/week2/ws/ros2_ws/install/examples_rclpy_minimal_action_server:/home/max/robotics-and-automation/week2/ws/ros2_ws/install/examples_rclpy_minimal_action_client:/home/max/robotics-and-automation/week2/ws/ros2_ws/install/examples_rclpy_guard_conditions:/home/max/robotics-and-automation/week2/ws/ros2_ws/install/examples_rclpy_executors:/home/max/robotics-and-automation/week2/ws/ros2_ws/install/demo_nodes_py:/home/max/robotics-and-automation/week2/ws/ros2_ws/install/action_tutorials_py:/opt/ros/humble /usr/bin/cmake --install /home/max/robotics-and-automation/week2/ws/ros2_tutorial_workspace/build/packages_with_interfaces
[0.459s] -- Install configuration: ""
[0.459s] -- Up-to-date: /home/max/robotics-and-automation/week2/ws/ros2_tutorial_workspace/install/packages_with_interfaces/share/ament_index/resource_index/rosidl_interfaces/packages_with_interfaces
[0.459s] -- Up-to-date: /home/max/robotics-and-automation/week2/ws/ros2_tutorial_workspace/install/packages_with_interfaces/include/packages_with_interfaces/packages_with_interfaces
[0.459s] -- Up-to-date: /home/max/robotics-and-automation/week2/ws/ros2_tutorial_workspace/install/packages_with_interfaces/include/packages_with_interfaces/packages_with_interfaces/srv
[0.459s] -- Up-to-date: /home/max/robotics-and-automation/week2/ws/ros2_tutorial_workspace/install/packages_with_interfaces/include/packages_with_interfaces/packages_with_interfaces/srv/what_is_the_point.h
[0.459s] -- Up-to-date: /home/max/robotics-and-automation/week2/ws/ros2_tutorial_workspace/install/packages_with_interfaces/include/packages_with_interfaces/packages_with_interfaces/srv/detail
[0.459s] -- Up-to-date: /home/max/robotics-and-automation/week2/ws/ros2_tutorial_workspace/install/packages_with_interfaces/include/packages_with_interfaces/packages_with_interfaces/srv/detail/what_is_the_point__functions.h
[0.459s] -- Up-to-date: /home/max/robotics-and-automation/week2/ws/ros2_tutorial_workspace/install/packages_with_interfaces/include/packages_with_interfaces/packages_with_interfaces/srv/detail/what_is_the_point__type_support.h
[0.459s] -- Up-to-date: /home/max/robotics-and-automation/week2/ws/ros2_tutorial_workspace/install/packages_with_interfaces/include/packages_with_interfaces/packages_with_interfaces/srv/detail/what_is_the_point__struct.h
[0.459s] -- Up-to-date: /home/max/robotics-and-automation/week2/ws/ros2_tutorial_workspace/install/packages_with_interfaces/include/packages_with_interfaces/packages_with_interfaces/srv/detail/what_is_the_point__functions.c
[0.460s] -- Up-to-date: /home/max/robotics-and-automation/week2/ws/ros2_tutorial_workspace/install/packages_with_interfaces/include/packages_with_interfaces/packages_with_interfaces/msg
[0.460s] -- Up-to-date: /home/max/robotics-and-automation/week2/ws/ros2_tutorial_workspace/install/packages_with_interfaces/include/packages_with_interfaces/packages_with_interfaces/msg/detail
[0.460s] -- Up-to-date: /home/max/robotics-and-automation/week2/ws/ros2_tutorial_workspace/install/packages_with_interfaces/include/packages_with_interfaces/packages_with_interfaces/msg/detail/amazing_quote__struct.h
[0.460s] -- Up-to-date: /home/max/robotics-and-automation/week2/ws/ros2_tutorial_workspace/install/packages_with_interfaces/include/packages_with_interfaces/packages_with_interfaces/msg/detail/amazing_quote__functions.c
[0.460s] -- Up-to-date: /home/max/robotics-and-automation/week2/ws/ros2_tutorial_workspace/install/packages_with_interfaces/include/packages_with_interfaces/packages_with_interfaces/msg/detail/amazing_quote__functions.h
[0.460s] -- Up-to-date: /home/max/robotics-and-automation/week2/ws/ros2_tutorial_workspace/install/packages_with_interfaces/include/packages_with_interfaces/packages_with_interfaces/msg/detail/amazing_quote__type_support.h
[0.460s] -- Up-to-date: /home/max/robotics-and-automation/week2/ws/ros2_tutorial_workspace/install/packages_with_interfaces/include/packages_with_interfaces/packages_with_interfaces/msg/amazing_quote.h
[0.460s] -- Up-to-date: /home/max/robotics-and-automation/week2/ws/ros2_tutorial_workspace/install/packages_with_interfaces/include/packages_with_interfaces/packages_with_interfaces/msg/rosidl_generator_c__visibility_control.h
[0.460s] -- Up-to-date: /home/max/robotics-and-automation/week2/ws/ros2_tutorial_workspace/install/packages_with_interfaces/share/packages_with_interfaces/environment/library_path.sh
[0.460s] -- Up-to-date: /home/max/robotics-and-automation/week2/ws/ros2_tutorial_workspace/install/packages_with_interfaces/share/packages_with_interfaces/environment/library_path.dsv
[0.460s] -- Up-to-date: /home/max/robotics-and-automation/week2/ws/ros2_tutorial_workspace/install/packages_with_interfaces/lib/libpackages_with_interfaces__rosidl_generator_c.so
[0.460s] -- Up-to-date: /home/max/robotics-and-automation/week2/ws/ros2_tutorial_workspace/install/packages_with_interfaces/include/packages_with_interfaces/packages_with_interfaces
[0.460s] -- Up-to-date: /home/max/robotics-and-automation/week2/ws/ros2_tutorial_workspace/install/packages_with_interfaces/include/packages_with_interfaces/packages_with_interfaces/srv
[0.460s] -- Up-to-date: /home/max/robotics-and-automation/week2/ws/ros2_tutorial_workspace/install/packages_with_interfaces/include/packages_with_interfaces/packages_with_interfaces/srv/detail
[0.460s] -- Up-to-date: /home/max/robotics-and-automation/week2/ws/ros2_tutorial_workspace/install/packages_with_interfaces/include/packages_with_interfaces/packages_with_interfaces/srv/detail/what_is_the_point__rosidl_typesupport_fastrtps_c.h
[0.460s] -- Up-to-date: /home/max/robotics-and-automation/week2/ws/ros2_tutorial_workspace/install/packages_with_interfaces/include/packages_with_interfaces/packages_with_interfaces/msg
[0.460s] -- Up-to-date: /home/max/robotics-and-automation/week2/ws/ros2_tutorial_workspace/install/packages_with_interfaces/include/packages_with_interfaces/packages_with_interfaces/msg/rosidl_typesupport_fastrtps_c__visibility_control.h
[0.460s] -- Up-to-date: /home/max/robotics-and-automation/week2/ws/ros2_tutorial_workspace/install/packages_with_interfaces/include/packages_with_interfaces/packages_with_interfaces/msg/detail
[0.461s] -- Up-to-date: /home/max/robotics-and-automation/week2/ws/ros2_tutorial_workspace/install/packages_with_interfaces/include/packages_with_interfaces/packages_with_interfaces/msg/detail/amazing_quote__rosidl_typesupport_fastrtps_c.h
[0.461s] -- Up-to-date: /home/max/robotics-and-automation/week2/ws/ros2_tutorial_workspace/install/packages_with_interfaces/lib/libpackages_with_interfaces__rosidl_typesupport_fastrtps_c.so
[0.461s] -- Up-to-date: /home/max/robotics-and-automation/week2/ws/ros2_tutorial_workspace/install/packages_with_interfaces/include/packages_with_interfaces/packages_with_interfaces
[0.461s] -- Up-to-date: /home/max/robotics-and-automation/week2/ws/ros2_tutorial_workspace/install/packages_with_interfaces/include/packages_with_interfaces/packages_with_interfaces/srv
[0.461s] -- Up-to-date: /home/max/robotics-and-automation/week2/ws/ros2_tutorial_workspace/install/packages_with_interfaces/include/packages_with_interfaces/packages_with_interfaces/srv/detail
[0.461s] -- Up-to-date: /home/max/robotics-and-automation/week2/ws/ros2_tutorial_workspace/install/packages_with_interfaces/include/packages_with_interfaces/packages_with_interfaces/srv/detail/what_is_the_point__traits.hpp
[0.461s] -- Up-to-date: /home/max/robotics-and-automation/week2/ws/ros2_tutorial_workspace/install/packages_with_interfaces/include/packages_with_interfaces/packages_with_interfaces/srv/detail/what_is_the_point__builder.hpp
[0.461s] -- Up-to-date: /home/max/robotics-and-automation/week2/ws/ros2_tutorial_workspace/install/packages_with_interfaces/include/packages_with_interfaces/packages_with_interfaces/srv/detail/what_is_the_point__struct.hpp
[0.461s] -- Up-to-date: /home/max/robotics-and-automation/week2/ws/ros2_tutorial_workspace/install/packages_with_interfaces/include/packages_with_interfaces/packages_with_interfaces/srv/what_is_the_point.hpp
[0.461s] -- Up-to-date: /home/max/robotics-and-automation/week2/ws/ros2_tutorial_workspace/install/packages_with_interfaces/include/packages_with_interfaces/packages_with_interfaces/msg
[0.461s] -- Up-to-date: /home/max/robotics-and-automation/week2/ws/ros2_tutorial_workspace/install/packages_with_interfaces/include/packages_with_interfaces/packages_with_interfaces/msg/amazing_quote.hpp
[0.461s] -- Up-to-date: /home/max/robotics-and-automation/week2/ws/ros2_tutorial_workspace/install/packages_with_interfaces/include/packages_with_interfaces/packages_with_interfaces/msg/detail
[0.461s] -- Up-to-date: /home/max/robotics-and-automation/week2/ws/ros2_tutorial_workspace/install/packages_with_interfaces/include/packages_with_interfaces/packages_with_interfaces/msg/detail/amazing_quote__traits.hpp
[0.461s] -- Up-to-date: /home/max/robotics-and-automation/week2/ws/ros2_tutorial_workspace/install/packages_with_interfaces/include/packages_with_interfaces/packages_with_interfaces/msg/detail/amazing_quote__builder.hpp
[0.461s] -- Up-to-date: /home/max/robotics-and-automation/week2/ws/ros2_tutorial_workspace/install/packages_with_interfaces/include/packages_with_interfaces/packages_with_interfaces/msg/detail/amazing_quote__struct.hpp
[0.461s] -- Up-to-date: /home/max/robotics-and-automation/week2/ws/ros2_tutorial_workspace/install/packages_with_interfaces/include/packages_with_interfaces/packages_with_interfaces
[0.461s] -- Up-to-date: /home/max/robotics-and-automation/week2/ws/ros2_tutorial_workspace/install/packages_with_interfaces/include/packages_with_interfaces/packages_with_interfaces/srv
[0.461s] -- Up-to-date: /home/max/robotics-and-automation/week2/ws/ros2_tutorial_workspace/install/packages_with_interfaces/include/packages_with_interfaces/packages_with_interfaces/srv/detail
[0.461s] -- Up-to-date: /home/max/robotics-and-automation/week2/ws/ros2_tutorial_workspace/install/packages_with_interfaces/include/packages_with_interfaces/packages_with_interfaces/srv/detail/dds_fastrtps
[0.462s] -- Up-to-date: /home/max/robotics-and-automation/week2/ws/ros2_tutorial_workspace/install/packages_with_interfaces/include/packages_with_interfaces/packages_with_interfaces/srv/detail/what_is_the_point__rosidl_typesupport_fastrtps_cpp.hpp
[0.462s] -- Up-to-date: /home/max/robotics-and-automation/week2/ws/ros2_tutorial_workspace/install/packages_with_interfaces/include/packages_with_interfaces/packages_with_interfaces/msg
[0.462s] -- Up-to-date: /home/max/robotics-and-automation/week2/ws/ros2_tutorial_workspace/install/packages_with_interfaces/include/packages_with_interfaces/packages_with_interfaces/msg/detail
[0.462s] -- Up-to-date: /home/max/robotics-and-automation/week2/ws/ros2_tutorial_workspace/install/packages_with_interfaces/include/packages_with_interfaces/packages_with_interfaces/msg/detail/amazing_quote__rosidl_typesupport_fastrtps_cpp.hpp
[0.462s] -- Up-to-date: /home/max/robotics-and-automation/week2/ws/ros2_tutorial_workspace/install/packages_with_interfaces/include/packages_with_interfaces/packages_with_interfaces/msg/detail/dds_fastrtps
[0.462s] -- Up-to-date: /home/max/robotics-and-automation/week2/ws/ros2_tutorial_workspace/install/packages_with_interfaces/include/packages_with_interfaces/packages_with_interfaces/msg/rosidl_typesupport_fastrtps_cpp__visibility_control.h
[0.462s] -- Up-to-date: /home/max/robotics-and-automation/week2/ws/ros2_tutorial_workspace/install/packages_with_interfaces/lib/libpackages_with_interfaces__rosidl_typesupport_fastrtps_cpp.so
[0.462s] -- Up-to-date: /home/max/robotics-and-automation/week2/ws/ros2_tutorial_workspace/install/packages_with_interfaces/include/packages_with_interfaces/packages_with_interfaces
[0.462s] -- Up-to-date: /home/max/robotics-and-automation/week2/ws/ros2_tutorial_workspace/install/packages_with_interfaces/include/packages_with_interfaces/packages_with_interfaces/srv
[0.462s] -- Up-to-date: /home/max/robotics-and-automation/week2/ws/ros2_tutorial_workspace/install/packages_with_interfaces/include/packages_with_interfaces/packages_with_interfaces/srv/detail
[0.462s] -- Up-to-date: /home/max/robotics-and-automation/week2/ws/ros2_tutorial_workspace/install/packages_with_interfaces/include/packages_with_interfaces/packages_with_interfaces/srv/detail/what_is_the_point__type_support.c
[0.462s] -- Up-to-date: /home/max/robotics-and-automation/week2/ws/ros2_tutorial_workspace/install/packages_with_interfaces/include/packages_with_interfaces/packages_with_interfaces/srv/detail/what_is_the_point__rosidl_typesupport_introspection_c.h
[0.462s] -- Up-to-date: /home/max/robotics-and-automation/week2/ws/ros2_tutorial_workspace/install/packages_with_interfaces/include/packages_with_interfaces/packages_with_interfaces/msg
[0.462s] -- Up-to-date: /home/max/robotics-and-automation/week2/ws/ros2_tutorial_workspace/install/packages_with_interfaces/include/packages_with_interfaces/packages_with_interfaces/msg/rosidl_typesupport_introspection_c__visibility_control.h
[0.462s] -- Up-to-date: /home/max/robotics-and-automation/week2/ws/ros2_tutorial_workspace/install/packages_with_interfaces/include/packages_with_interfaces/packages_with_interfaces/msg/detail
[0.462s] -- Up-to-date: /home/max/robotics-and-automation/week2/ws/ros2_tutorial_workspace/install/packages_with_interfaces/include/packages_with_interfaces/packages_with_interfaces/msg/detail/amazing_quote__type_support.c
[0.462s] -- Up-to-date: /home/max/robotics-and-automation/week2/ws/ros2_tutorial_workspace/install/packages_with_interfaces/include/packages_with_interfaces/packages_with_interfaces/msg/detail/amazing_quote__rosidl_typesupport_introspection_c.h
[0.462s] -- Up-to-date: /home/max/robotics-and-automation/week2/ws/ros2_tutorial_workspace/install/packages_with_interfaces/lib/libpackages_with_interfaces__rosidl_typesupport_introspection_c.so
[0.462s] -- Up-to-date: /home/max/robotics-and-automation/week2/ws/ros2_tutorial_workspace/install/packages_with_interfaces/lib/libpackages_with_interfaces__rosidl_typesupport_c.so
[0.463s] -- Up-to-date: /home/max/robotics-and-automation/week2/ws/ros2_tutorial_workspace/install/packages_with_interfaces/include/packages_with_interfaces/packages_with_interfaces
[0.463s] -- Up-to-date: /home/max/robotics-and-automation/week2/ws/ros2_tutorial_workspace/install/packages_with_interfaces/include/packages_with_interfaces/packages_with_interfaces/srv
[0.463s] -- Up-to-date: /home/max/robotics-and-automation/week2/ws/ros2_tutorial_workspace/install/packages_with_interfaces/include/packages_with_interfaces/packages_with_interfaces/srv/detail
[0.463s] -- Up-to-date: /home/max/robotics-and-automation/week2/ws/ros2_tutorial_workspace/install/packages_with_interfaces/include/packages_with_interfaces/packages_with_interfaces/srv/detail/what_is_the_point__rosidl_typesupport_introspection_cpp.hpp
[0.463s] -- Up-to-date: /home/max/robotics-and-automation/week2/ws/ros2_tutorial_workspace/install/packages_with_interfaces/include/packages_with_interfaces/packages_with_interfaces/srv/detail/what_is_the_point__type_support.cpp
[0.463s] -- Up-to-date: /home/max/robotics-and-automation/week2/ws/ros2_tutorial_workspace/install/packages_with_interfaces/include/packages_with_interfaces/packages_with_interfaces/msg
[0.463s] -- Up-to-date: /home/max/robotics-and-automation/week2/ws/ros2_tutorial_workspace/install/packages_with_interfaces/include/packages_with_interfaces/packages_with_interfaces/msg/detail
[0.463s] -- Up-to-date: /home/max/robotics-and-automation/week2/ws/ros2_tutorial_workspace/install/packages_with_interfaces/include/packages_with_interfaces/packages_with_interfaces/msg/detail/amazing_quote__type_support.cpp
[0.463s] -- Up-to-date: /home/max/robotics-and-automation/week2/ws/ros2_tutorial_workspace/install/packages_with_interfaces/include/packages_with_interfaces/packages_with_interfaces/msg/detail/amazing_quote__rosidl_typesupport_introspection_cpp.hpp
[0.463s] -- Up-to-date: /home/max/robotics-and-automation/week2/ws/ros2_tutorial_workspace/install/packages_with_interfaces/lib/libpackages_with_interfaces__rosidl_typesupport_introspection_cpp.so
[0.463s] -- Up-to-date: /home/max/robotics-and-automation/week2/ws/ros2_tutorial_workspace/install/packages_with_interfaces/lib/libpackages_with_interfaces__rosidl_typesupport_cpp.so
[0.463s] -- Up-to-date: /home/max/robotics-and-automation/week2/ws/ros2_tutorial_workspace/install/packages_with_interfaces/share/packages_with_interfaces/msg/AmazingQuote.idl
[0.463s] -- Up-to-date: /home/max/robotics-and-automation/week2/ws/ros2_tutorial_workspace/install/packages_with_interfaces/share/packages_with_interfaces/srv/WhatIsThePoint.idl
[0.463s] -- Up-to-date: /home/max/robotics-and-automation/week2/ws/ros2_tutorial_workspace/install/packages_with_interfaces/share/packages_with_interfaces/msg/AmazingQuote.msg
[0.463s] -- Up-to-date: /home/max/robotics-and-automation/week2/ws/ros2_tutorial_workspace/install/packages_with_interfaces/share/packages_with_interfaces/srv/WhatIsThePoint.srv
[0.463s] -- Up-to-date: /home/max/robotics-and-automation/week2/ws/ros2_tutorial_workspace/install/packages_with_interfaces/share/packages_with_interfaces/srv/WhatIsThePoint_Request.msg
[0.463s] -- Up-to-date: /home/max/robotics-and-automation/week2/ws/ros2_tutorial_workspace/install/packages_with_interfaces/share/packages_with_interfaces/srv/WhatIsThePoint_Response.msg
[0.463s] -- Up-to-date: /home/max/robotics-and-automation/week2/ws/ros2_tutorial_workspace/install/packages_with_interfaces/share/ament_index/resource_index/package_run_dependencies/packages_with_interfaces
[0.463s] -- Up-to-date: /home/max/robotics-and-automation/week2/ws/ros2_tutorial_workspace/install/packages_with_interfaces/share/ament_index/resource_index/parent_prefix_path/packages_with_interfaces
[0.463s] -- Up-to-date: /home/max/robotics-and-automation/week2/ws/ros2_tutorial_workspace/install/packages_with_interfaces/share/packages_with_interfaces/environment/ament_prefix_path.sh
[0.464s] -- Up-to-date: /home/max/robotics-and-automation/week2/ws/ros2_tutorial_workspace/install/packages_with_interfaces/share/packages_with_interfaces/environment/ament_prefix_path.dsv
[0.464s] -- Up-to-date: /home/max/robotics-and-automation/week2/ws/ros2_tutorial_workspace/install/packages_with_interfaces/share/packages_with_interfaces/environment/path.sh
[0.464s] -- Up-to-date: /home/max/robotics-and-automation/week2/ws/ros2_tutorial_workspace/install/packages_with_interfaces/share/packages_with_interfaces/environment/path.dsv
[0.464s] -- Up-to-date: /home/max/robotics-and-automation/week2/ws/ros2_tutorial_workspace/install/packages_with_interfaces/share/packages_with_interfaces/local_setup.bash
[0.464s] -- Up-to-date: /home/max/robotics-and-automation/week2/ws/ros2_tutorial_workspace/install/packages_with_interfaces/share/packages_with_interfaces/local_setup.sh
[0.464s] -- Up-to-date: /home/max/robotics-and-automation/week2/ws/ros2_tutorial_workspace/install/packages_with_interfaces/share/packages_with_interfaces/local_setup.zsh
[0.464s] -- Up-to-date: /home/max/robotics-and-automation/week2/ws/ros2_tutorial_workspace/install/packages_with_interfaces/share/packages_with_interfaces/local_setup.dsv
[0.464s] -- Up-to-date: /home/max/robotics-and-automation/week2/ws/ros2_tutorial_workspace/install/packages_with_interfaces/share/packages_with_interfaces/package.dsv
[0.464s] -- Up-to-date: /home/max/robotics-and-automation/week2/ws/ros2_tutorial_workspace/install/packages_with_interfaces/share/ament_index/resource_index/packages/packages_with_interfaces
[0.464s] -- Up-to-date: /home/max/robotics-and-automation/week2/ws/ros2_tutorial_workspace/install/packages_with_interfaces/share/packages_with_interfaces/cmake/export_packages_with_interfaces__rosidl_generator_cExport.cmake
[0.464s] -- Up-to-date: /home/max/robotics-and-automation/week2/ws/ros2_tutorial_workspace/install/packages_with_interfaces/share/packages_with_interfaces/cmake/export_packages_with_interfaces__rosidl_generator_cExport-noconfig.cmake
[0.464s] -- Up-to-date: /home/max/robotics-and-automation/week2/ws/ros2_tutorial_workspace/install/packages_with_interfaces/share/packages_with_interfaces/cmake/export_packages_with_interfaces__rosidl_typesupport_fastrtps_cExport.cmake
[0.464s] -- Up-to-date: /home/max/robotics-and-automation/week2/ws/ros2_tutorial_workspace/install/packages_with_interfaces/share/packages_with_interfaces/cmake/export_packages_with_interfaces__rosidl_typesupport_fastrtps_cExport-noconfig.cmake
[0.464s] -- Up-to-date: /home/max/robotics-and-automation/week2/ws/ros2_tutorial_workspace/install/packages_with_interfaces/share/packages_with_interfaces/cmake/export_packages_with_interfaces__rosidl_generator_cppExport.cmake
[0.464s] -- Up-to-date: /home/max/robotics-and-automation/week2/ws/ros2_tutorial_workspace/install/packages_with_interfaces/share/packages_with_interfaces/cmake/export_packages_with_interfaces__rosidl_typesupport_fastrtps_cppExport.cmake
[0.464s] -- Up-to-date: /home/max/robotics-and-automation/week2/ws/ros2_tutorial_workspace/install/packages_with_interfaces/share/packages_with_interfaces/cmake/export_packages_with_interfaces__rosidl_typesupport_fastrtps_cppExport-noconfig.cmake
[0.464s] -- Up-to-date: /home/max/robotics-and-automation/week2/ws/ros2_tutorial_workspace/install/packages_with_interfaces/share/packages_with_interfaces/cmake/packages_with_interfaces__rosidl_typesupport_introspection_cExport.cmake
[0.464s] -- Up-to-date: /home/max/robotics-and-automation/week2/ws/ros2_tutorial_workspace/install/packages_with_interfaces/share/packages_with_interfaces/cmake/packages_with_interfaces__rosidl_typesupport_introspection_cExport-noconfig.cmake
[0.464s] -- Up-to-date: /home/max/robotics-and-automation/week2/ws/ros2_tutorial_workspace/install/packages_with_interfaces/share/packages_with_interfaces/cmake/packages_with_interfaces__rosidl_typesupport_cExport.cmake
[0.465s] -- Up-to-date: /home/max/robotics-and-automation/week2/ws/ros2_tutorial_workspace/install/packages_with_interfaces/share/packages_with_interfaces/cmake/packages_with_interfaces__rosidl_typesupport_cExport-noconfig.cmake
[0.465s] -- Up-to-date: /home/max/robotics-and-automation/week2/ws/ros2_tutorial_workspace/install/packages_with_interfaces/share/packages_with_interfaces/cmake/packages_with_interfaces__rosidl_typesupport_introspection_cppExport.cmake
[0.465s] -- Up-to-date: /home/max/robotics-and-automation/week2/ws/ros2_tutorial_workspace/install/packages_with_interfaces/share/packages_with_interfaces/cmake/packages_with_interfaces__rosidl_typesupport_introspection_cppExport-noconfig.cmake
[0.465s] -- Up-to-date: /home/max/robotics-and-automation/week2/ws/ros2_tutorial_workspace/install/packages_with_interfaces/share/packages_with_interfaces/cmake/packages_with_interfaces__rosidl_typesupport_cppExport.cmake
[0.465s] -- Up-to-date: /home/max/robotics-and-automation/week2/ws/ros2_tutorial_workspace/install/packages_with_interfaces/share/packages_with_interfaces/cmake/packages_with_interfaces__rosidl_typesupport_cppExport-noconfig.cmake
[0.465s] -- Up-to-date: /home/max/robotics-and-automation/week2/ws/ros2_tutorial_workspace/install/packages_with_interfaces/share/packages_with_interfaces/cmake/rosidl_cmake-extras.cmake
[0.465s] -- Up-to-date: /home/max/robotics-and-automation/week2/ws/ros2_tutorial_workspace/install/packages_with_interfaces/share/packages_with_interfaces/cmake/ament_cmake_export_dependencies-extras.cmake
[0.465s] -- Up-to-date: /home/max/robotics-and-automation/week2/ws/ros2_tutorial_workspace/install/packages_with_interfaces/share/packages_with_interfaces/cmake/ament_cmake_export_include_directories-extras.cmake
[0.465s] -- Up-to-date: /home/max/robotics-and-automation/week2/ws/ros2_tutorial_workspace/install/packages_with_interfaces/share/packages_with_interfaces/cmake/ament_cmake_export_libraries-extras.cmake
[0.465s] -- Up-to-date: /home/max/robotics-and-automation/week2/ws/ros2_tutorial_workspace/install/packages_with_interfaces/share/packages_with_interfaces/cmake/ament_cmake_export_targets-extras.cmake
[0.465s] -- Up-to-date: /home/max/robotics-and-automation/week2/ws/ros2_tutorial_workspace/install/packages_with_interfaces/share/packages_with_interfaces/cmake/rosidl_cmake_export_typesupport_targets-extras.cmake
[0.465s] -- Up-to-date: /home/max/robotics-and-automation/week2/ws/ros2_tutorial_workspace/install/packages_with_interfaces/share/packages_with_interfaces/cmake/rosidl_cmake_export_typesupport_libraries-extras.cmake
[0.466s] -- Up-to-date: /home/max/robotics-and-automation/week2/ws/ros2_tutorial_workspace/install/packages_with_interfaces/share/packages_with_interfaces/cmake/packages_with_interfacesConfig.cmake
[0.466s] -- Up-to-date: /home/max/robotics-and-automation/week2/ws/ros2_tutorial_workspace/install/packages_with_interfaces/share/packages_with_interfaces/cmake/packages_with_interfacesConfig-version.cmake
[0.466s] -- Up-to-date: /home/max/robotics-and-automation/week2/ws/ros2_tutorial_workspace/install/packages_with_interfaces/share/packages_with_interfaces/package.xml
[0.466s] Invoked command in '/home/max/robotics-and-automation/week2/ws/ros2_tutorial_workspace/build/packages_with_interfaces' returned '0': CMAKE_PREFIX_PATH=${CMAKE_PREFIX_PATH}:/home/max/robotics-and-automation/week2/ws/ros2_tutorial_workspace/install/the_simplest_python_package:/home/max/robotics-and-automation/week2/ws/ros2_tutorial_workspace/install/python_package_with_a_node:/home/max/robotics-and-automation/week2/ws/ros2_ws/install/topic_monitor:/home/max/robotics-and-automation/week2/ws/ros2_ws/install/quality_of_service_demo_py:/home/max/robotics-and-automation/week2/ws/ros2_ws/install/lifecycle_py:/home/max/robotics-and-automation/week2/ws/ros2_ws/install/launch_testing_examples:/home/max/robotics-and-automation/week2/ws/ros2_ws/install/examples_rclpy_pointcloud_publisher:/home/max/robotics-and-automation/week2/ws/ros2_ws/install/examples_rclpy_minimal_subscriber:/home/max/robotics-and-automation/week2/ws/ros2_ws/install/examples_rclpy_minimal_service:/home/max/robotics-and-automation/week2/ws/ros2_ws/install/examples_rclpy_minimal_publisher:/home/max/robotics-and-automation/week2/ws/ros2_ws/install/examples_rclpy_minimal_client:/home/max/robotics-and-automation/week2/ws/ros2_ws/install/examples_rclpy_minimal_action_server:/home/max/robotics-and-automation/week2/ws/ros2_ws/install/examples_rclpy_minimal_action_client:/home/max/robotics-and-automation/week2/ws/ros2_ws/install/examples_rclpy_guard_conditions:/home/max/robotics-and-automation/week2/ws/ros2_ws/install/examples_rclpy_executors:/home/max/robotics-and-automation/week2/ws/ros2_ws/install/demo_nodes_py:/home/max/robotics-and-automation/week2/ws/ros2_ws/install/action_tutorials_py:/opt/ros/humble /usr/bin/cmake --install /home/max/robotics-and-automation/week2/ws/ros2_tutorial_workspace/build/packages_with_interfaces
