running egg_info
creating ../../../build/demo_nodes_py/demo_nodes_py.egg-info
writing ../../../build/demo_nodes_py/demo_nodes_py.egg-info/PKG-INFO
writing dependency_links to ../../../build/demo_nodes_py/demo_nodes_py.egg-info/dependency_links.txt
writing entry points to ../../../build/demo_nodes_py/demo_nodes_py.egg-info/entry_points.txt
writing requirements to ../../../build/demo_nodes_py/demo_nodes_py.egg-info/requires.txt
writing top-level names to ../../../build/demo_nodes_py/demo_nodes_py.egg-info/top_level.txt
writing manifest file '../../../build/demo_nodes_py/demo_nodes_py.egg-info/SOURCES.txt'
reading manifest file '../../../build/demo_nodes_py/demo_nodes_py.egg-info/SOURCES.txt'
writing manifest file '../../../build/demo_nodes_py/demo_nodes_py.egg-info/SOURCES.txt'
running build
running build_py
creating /home/max/robotics-and-automation/week2/ws/ros2_ws/build/demo_nodes_py/build
creating /home/max/robotics-and-automation/week2/ws/ros2_ws/build/demo_nodes_py/build/lib
creating /home/max/robotics-and-automation/week2/ws/ros2_ws/build/demo_nodes_py/build/lib/demo_nodes_py
copying demo_nodes_py/__init__.py -> /home/max/robotics-and-automation/week2/ws/ros2_ws/build/demo_nodes_py/build/lib/demo_nodes_py
creating /home/max/robotics-and-automation/week2/ws/ros2_ws/build/demo_nodes_py/build/lib/demo_nodes_py/topics
copying demo_nodes_py/topics/__init__.py -> /home/max/robotics-and-automation/week2/ws/ros2_ws/build/demo_nodes_py/build/lib/demo_nodes_py/topics
copying demo_nodes_py/topics/listener_serialized.py -> /home/max/robotics-and-automation/week2/ws/ros2_ws/build/demo_nodes_py/build/lib/demo_nodes_py/topics
copying demo_nodes_py/topics/listener.py -> /home/max/robotics-and-automation/week2/ws/ros2_ws/build/demo_nodes_py/build/lib/demo_nodes_py/topics
copying demo_nodes_py/topics/talker_qos.py -> /home/max/robotics-and-automation/week2/ws/ros2_ws/build/demo_nodes_py/build/lib/demo_nodes_py/topics
copying demo_nodes_py/topics/listener_qos.py -> /home/max/robotics-and-automation/week2/ws/ros2_ws/build/demo_nodes_py/build/lib/demo_nodes_py/topics
copying demo_nodes_py/topics/talker.py -> /home/max/robotics-and-automation/week2/ws/ros2_ws/build/demo_nodes_py/build/lib/demo_nodes_py/topics
creating /home/max/robotics-and-automation/week2/ws/ros2_ws/build/demo_nodes_py/build/lib/demo_nodes_py/services
copying demo_nodes_py/services/__init__.py -> /home/max/robotics-and-automation/week2/ws/ros2_ws/build/demo_nodes_py/build/lib/demo_nodes_py/services
copying demo_nodes_py/services/add_two_ints_client.py -> /home/max/robotics-and-automation/week2/ws/ros2_ws/build/demo_nodes_py/build/lib/demo_nodes_py/services
copying demo_nodes_py/services/add_two_ints_server.py -> /home/max/robotics-and-automation/week2/ws/ros2_ws/build/demo_nodes_py/build/lib/demo_nodes_py/services
copying demo_nodes_py/services/add_two_ints_client_async.py -> /home/max/robotics-and-automation/week2/ws/ros2_ws/build/demo_nodes_py/build/lib/demo_nodes_py/services
running install
running install_lib
creating /home/max/robotics-and-automation/week2/ws/ros2_ws/install/demo_nodes_py/lib/python3.10/site-packages/demo_nodes_py
creating /home/max/robotics-and-automation/week2/ws/ros2_ws/install/demo_nodes_py/lib/python3.10/site-packages/demo_nodes_py/topics
copying /home/max/robotics-and-automation/week2/ws/ros2_ws/build/demo_nodes_py/build/lib/demo_nodes_py/topics/__init__.py -> /home/max/robotics-and-automation/week2/ws/ros2_ws/install/demo_nodes_py/lib/python3.10/site-packages/demo_nodes_py/topics
copying /home/max/robotics-and-automation/week2/ws/ros2_ws/build/demo_nodes_py/build/lib/demo_nodes_py/topics/listener_serialized.py -> /home/max/robotics-and-automation/week2/ws/ros2_ws/install/demo_nodes_py/lib/python3.10/site-packages/demo_nodes_py/topics
copying /home/max/robotics-and-automation/week2/ws/ros2_ws/build/demo_nodes_py/build/lib/demo_nodes_py/topics/listener.py -> /home/max/robotics-and-automation/week2/ws/ros2_ws/install/demo_nodes_py/lib/python3.10/site-packages/demo_nodes_py/topics
copying /home/max/robotics-and-automation/week2/ws/ros2_ws/build/demo_nodes_py/build/lib/demo_nodes_py/topics/talker_qos.py -> /home/max/robotics-and-automation/week2/ws/ros2_ws/install/demo_nodes_py/lib/python3.10/site-packages/demo_nodes_py/topics
copying /home/max/robotics-and-automation/week2/ws/ros2_ws/build/demo_nodes_py/build/lib/demo_nodes_py/topics/listener_qos.py -> /home/max/robotics-and-automation/week2/ws/ros2_ws/install/demo_nodes_py/lib/python3.10/site-packages/demo_nodes_py/topics
copying /home/max/robotics-and-automation/week2/ws/ros2_ws/build/demo_nodes_py/build/lib/demo_nodes_py/topics/talker.py -> /home/max/robotics-and-automation/week2/ws/ros2_ws/install/demo_nodes_py/lib/python3.10/site-packages/demo_nodes_py/topics
copying /home/max/robotics-and-automation/week2/ws/ros2_ws/build/demo_nodes_py/build/lib/demo_nodes_py/__init__.py -> /home/max/robotics-and-automation/week2/ws/ros2_ws/install/demo_nodes_py/lib/python3.10/site-packages/demo_nodes_py
creating /home/max/robotics-and-automation/week2/ws/ros2_ws/install/demo_nodes_py/lib/python3.10/site-packages/demo_nodes_py/services
copying /home/max/robotics-and-automation/week2/ws/ros2_ws/build/demo_nodes_py/build/lib/demo_nodes_py/services/__init__.py -> /home/max/robotics-and-automation/week2/ws/ros2_ws/install/demo_nodes_py/lib/python3.10/site-packages/demo_nodes_py/services
copying /home/max/robotics-and-automation/week2/ws/ros2_ws/build/demo_nodes_py/build/lib/demo_nodes_py/services/add_two_ints_client.py -> /home/max/robotics-and-automation/week2/ws/ros2_ws/install/demo_nodes_py/lib/python3.10/site-packages/demo_nodes_py/services
copying /home/max/robotics-and-automation/week2/ws/ros2_ws/build/demo_nodes_py/build/lib/demo_nodes_py/services/add_two_ints_server.py -> /home/max/robotics-and-automation/week2/ws/ros2_ws/install/demo_nodes_py/lib/python3.10/site-packages/demo_nodes_py/services
copying /home/max/robotics-and-automation/week2/ws/ros2_ws/build/demo_nodes_py/build/lib/demo_nodes_py/services/add_two_ints_client_async.py -> /home/max/robotics-and-automation/week2/ws/ros2_ws/install/demo_nodes_py/lib/python3.10/site-packages/demo_nodes_py/services
byte-compiling /home/max/robotics-and-automation/week2/ws/ros2_ws/install/demo_nodes_py/lib/python3.10/site-packages/demo_nodes_py/topics/__init__.py to __init__.cpython-310.pyc
byte-compiling /home/max/robotics-and-automation/week2/ws/ros2_ws/install/demo_nodes_py/lib/python3.10/site-packages/demo_nodes_py/topics/listener_serialized.py to listener_serialized.cpython-310.pyc
byte-compiling /home/max/robotics-and-automation/week2/ws/ros2_ws/install/demo_nodes_py/lib/python3.10/site-packages/demo_nodes_py/topics/listener.py to listener.cpython-310.pyc
byte-compiling /home/max/robotics-and-automation/week2/ws/ros2_ws/install/demo_nodes_py/lib/python3.10/site-packages/demo_nodes_py/topics/talker_qos.py to talker_qos.cpython-310.pyc
byte-compiling /home/max/robotics-and-automation/week2/ws/ros2_ws/install/demo_nodes_py/lib/python3.10/site-packages/demo_nodes_py/topics/listener_qos.py to listener_qos.cpython-310.pyc
byte-compiling /home/max/robotics-and-automation/week2/ws/ros2_ws/install/demo_nodes_py/lib/python3.10/site-packages/demo_nodes_py/topics/talker.py to talker.cpython-310.pyc
byte-compiling /home/max/robotics-and-automation/week2/ws/ros2_ws/install/demo_nodes_py/lib/python3.10/site-packages/demo_nodes_py/__init__.py to __init__.cpython-310.pyc
byte-compiling /home/max/robotics-and-automation/week2/ws/ros2_ws/install/demo_nodes_py/lib/python3.10/site-packages/demo_nodes_py/services/__init__.py to __init__.cpython-310.pyc
byte-compiling /home/max/robotics-and-automation/week2/ws/ros2_ws/install/demo_nodes_py/lib/python3.10/site-packages/demo_nodes_py/services/add_two_ints_client.py to add_two_ints_client.cpython-310.pyc
byte-compiling /home/max/robotics-and-automation/week2/ws/ros2_ws/install/demo_nodes_py/lib/python3.10/site-packages/demo_nodes_py/services/add_two_ints_server.py to add_two_ints_server.cpython-310.pyc
byte-compiling /home/max/robotics-and-automation/week2/ws/ros2_ws/install/demo_nodes_py/lib/python3.10/site-packages/demo_nodes_py/services/add_two_ints_client_async.py to add_two_ints_client_async.cpython-310.pyc
running install_data
creating /home/max/robotics-and-automation/week2/ws/ros2_ws/install/demo_nodes_py/share/ament_index
creating /home/max/robotics-and-automation/week2/ws/ros2_ws/install/demo_nodes_py/share/ament_index/resource_index
creating /home/max/robotics-and-automation/week2/ws/ros2_ws/install/demo_nodes_py/share/ament_index/resource_index/packages
copying resource/demo_nodes_py -> /home/max/robotics-and-automation/week2/ws/ros2_ws/install/demo_nodes_py/share/ament_index/resource_index/packages
copying package.xml -> /home/max/robotics-and-automation/week2/ws/ros2_ws/install/demo_nodes_py/share/demo_nodes_py
running install_egg_info
Copying ../../../build/demo_nodes_py/demo_nodes_py.egg-info to /home/max/robotics-and-automation/week2/ws/ros2_ws/install/demo_nodes_py/lib/python3.10/site-packages/demo_nodes_py-0.20.5-py3.10.egg-info
running install_scripts
Installing add_two_ints_client script to /home/max/robotics-and-automation/week2/ws/ros2_ws/install/demo_nodes_py/lib/demo_nodes_py
Installing add_two_ints_client_async script to /home/max/robotics-and-automation/week2/ws/ros2_ws/install/demo_nodes_py/lib/demo_nodes_py
Installing add_two_ints_server script to /home/max/robotics-and-automation/week2/ws/ros2_ws/install/demo_nodes_py/lib/demo_nodes_py
Installing listener script to /home/max/robotics-and-automation/week2/ws/ros2_ws/install/demo_nodes_py/lib/demo_nodes_py
Installing listener_qos script to /home/max/robotics-and-automation/week2/ws/ros2_ws/install/demo_nodes_py/lib/demo_nodes_py
Installing listener_serialized script to /home/max/robotics-and-automation/week2/ws/ros2_ws/install/demo_nodes_py/lib/demo_nodes_py
Installing talker script to /home/max/robotics-and-automation/week2/ws/ros2_ws/install/demo_nodes_py/lib/demo_nodes_py
Installing talker_qos script to /home/max/robotics-and-automation/week2/ws/ros2_ws/install/demo_nodes_py/lib/demo_nodes_py
writing list of installed files to '/home/max/robotics-and-automation/week2/ws/ros2_ws/build/demo_nodes_py/install.log'
