[0.466s] Invoking command in '/home/max/robotics-and-automation/week2/ws/ros2_ws/src/demos/demo_nodes_py': PYTHONPATH=/home/max/robotics-and-automation/week2/ws/ros2_ws/build/demo_nodes_py/prefix_override:/usr/lib/python3/dist-packages/colcon_core/task/python/colcon_distutils_commands:/home/max/robotics-and-automation/week2/ws/ros2_ws/install/demo_nodes_py/lib/python3.10/site-packages:${PYTHONPATH} /usr/bin/python3 -W ignore:setup.py install is deprecated setup.py egg_info --egg-base ../../../build/demo_nodes_py build --build-base /home/max/robotics-and-automation/week2/ws/ros2_ws/build/demo_nodes_py/build install --record /home/max/robotics-and-automation/week2/ws/ros2_ws/build/demo_nodes_py/install.log --single-version-externally-managed install_data
[1.026s] running egg_info
[1.026s] creating ../../../build/demo_nodes_py/demo_nodes_py.egg-info
[1.026s] writing ../../../build/demo_nodes_py/demo_nodes_py.egg-info/PKG-INFO
[1.027s] writing dependency_links to ../../../build/demo_nodes_py/demo_nodes_py.egg-info/dependency_links.txt
[1.027s] writing entry points to ../../../build/demo_nodes_py/demo_nodes_py.egg-info/entry_points.txt
[1.027s] writing requirements to ../../../build/demo_nodes_py/demo_nodes_py.egg-info/requires.txt
[1.027s] writing top-level names to ../../../build/demo_nodes_py/demo_nodes_py.egg-info/top_level.txt
[1.027s] writing manifest file '../../../build/demo_nodes_py/demo_nodes_py.egg-info/SOURCES.txt'
[1.027s] reading manifest file '../../../build/demo_nodes_py/demo_nodes_py.egg-info/SOURCES.txt'
[1.027s] writing manifest file '../../../build/demo_nodes_py/demo_nodes_py.egg-info/SOURCES.txt'
[1.027s] running build
[1.027s] running build_py
[1.027s] creating /home/max/robotics-and-automation/week2/ws/ros2_ws/build/demo_nodes_py/build
[1.027s] creating /home/max/robotics-and-automation/week2/ws/ros2_ws/build/demo_nodes_py/build/lib
[1.027s] creating /home/max/robotics-and-automation/week2/ws/ros2_ws/build/demo_nodes_py/build/lib/demo_nodes_py
[1.027s] copying demo_nodes_py/__init__.py -> /home/max/robotics-and-automation/week2/ws/ros2_ws/build/demo_nodes_py/build/lib/demo_nodes_py
[1.027s] creating /home/max/robotics-and-automation/week2/ws/ros2_ws/build/demo_nodes_py/build/lib/demo_nodes_py/topics
[1.027s] copying demo_nodes_py/topics/__init__.py -> /home/max/robotics-and-automation/week2/ws/ros2_ws/build/demo_nodes_py/build/lib/demo_nodes_py/topics
[1.027s] copying demo_nodes_py/topics/listener_serialized.py -> /home/max/robotics-and-automation/week2/ws/ros2_ws/build/demo_nodes_py/build/lib/demo_nodes_py/topics
[1.027s] copying demo_nodes_py/topics/listener.py -> /home/max/robotics-and-automation/week2/ws/ros2_ws/build/demo_nodes_py/build/lib/demo_nodes_py/topics
[1.027s] copying demo_nodes_py/topics/talker_qos.py -> /home/max/robotics-and-automation/week2/ws/ros2_ws/build/demo_nodes_py/build/lib/demo_nodes_py/topics
[1.027s] copying demo_nodes_py/topics/listener_qos.py -> /home/max/robotics-and-automation/week2/ws/ros2_ws/build/demo_nodes_py/build/lib/demo_nodes_py/topics
[1.027s] copying demo_nodes_py/topics/talker.py -> /home/max/robotics-and-automation/week2/ws/ros2_ws/build/demo_nodes_py/build/lib/demo_nodes_py/topics
[1.028s] creating /home/max/robotics-and-automation/week2/ws/ros2_ws/build/demo_nodes_py/build/lib/demo_nodes_py/services
[1.028s] copying demo_nodes_py/services/__init__.py -> /home/max/robotics-and-automation/week2/ws/ros2_ws/build/demo_nodes_py/build/lib/demo_nodes_py/services
[1.028s] copying demo_nodes_py/services/add_two_ints_client.py -> /home/max/robotics-and-automation/week2/ws/ros2_ws/build/demo_nodes_py/build/lib/demo_nodes_py/services
[1.028s] copying demo_nodes_py/services/add_two_ints_server.py -> /home/max/robotics-and-automation/week2/ws/ros2_ws/build/demo_nodes_py/build/lib/demo_nodes_py/services
[1.028s] copying demo_nodes_py/services/add_two_ints_client_async.py -> /home/max/robotics-and-automation/week2/ws/ros2_ws/build/demo_nodes_py/build/lib/demo_nodes_py/services
[1.028s] running install
[1.028s] running install_lib
[1.028s] creating /home/max/robotics-and-automation/week2/ws/ros2_ws/install/demo_nodes_py/lib/python3.10/site-packages/demo_nodes_py
[1.028s] creating /home/max/robotics-and-automation/week2/ws/ros2_ws/install/demo_nodes_py/lib/python3.10/site-packages/demo_nodes_py/topics
[1.029s] copying /home/max/robotics-and-automation/week2/ws/ros2_ws/build/demo_nodes_py/build/lib/demo_nodes_py/topics/__init__.py -> /home/max/robotics-and-automation/week2/ws/ros2_ws/install/demo_nodes_py/lib/python3.10/site-packages/demo_nodes_py/topics
[1.029s] copying /home/max/robotics-and-automation/week2/ws/ros2_ws/build/demo_nodes_py/build/lib/demo_nodes_py/topics/listener_serialized.py -> /home/max/robotics-and-automation/week2/ws/ros2_ws/install/demo_nodes_py/lib/python3.10/site-packages/demo_nodes_py/topics
[1.029s] copying /home/max/robotics-and-automation/week2/ws/ros2_ws/build/demo_nodes_py/build/lib/demo_nodes_py/topics/listener.py -> /home/max/robotics-and-automation/week2/ws/ros2_ws/install/demo_nodes_py/lib/python3.10/site-packages/demo_nodes_py/topics
[1.029s] copying /home/max/robotics-and-automation/week2/ws/ros2_ws/build/demo_nodes_py/build/lib/demo_nodes_py/topics/talker_qos.py -> /home/max/robotics-and-automation/week2/ws/ros2_ws/install/demo_nodes_py/lib/python3.10/site-packages/demo_nodes_py/topics
[1.029s] copying /home/max/robotics-and-automation/week2/ws/ros2_ws/build/demo_nodes_py/build/lib/demo_nodes_py/topics/listener_qos.py -> /home/max/robotics-and-automation/week2/ws/ros2_ws/install/demo_nodes_py/lib/python3.10/site-packages/demo_nodes_py/topics
[1.029s] copying /home/max/robotics-and-automation/week2/ws/ros2_ws/build/demo_nodes_py/build/lib/demo_nodes_py/topics/talker.py -> /home/max/robotics-and-automation/week2/ws/ros2_ws/install/demo_nodes_py/lib/python3.10/site-packages/demo_nodes_py/topics
[1.029s] copying /home/max/robotics-and-automation/week2/ws/ros2_ws/build/demo_nodes_py/build/lib/demo_nodes_py/__init__.py -> /home/max/robotics-and-automation/week2/ws/ros2_ws/install/demo_nodes_py/lib/python3.10/site-packages/demo_nodes_py
[1.029s] creating /home/max/robotics-and-automation/week2/ws/ros2_ws/install/demo_nodes_py/lib/python3.10/site-packages/demo_nodes_py/services
[1.029s] copying /home/max/robotics-and-automation/week2/ws/ros2_ws/build/demo_nodes_py/build/lib/demo_nodes_py/services/__init__.py -> /home/max/robotics-and-automation/week2/ws/ros2_ws/install/demo_nodes_py/lib/python3.10/site-packages/demo_nodes_py/services
[1.029s] copying /home/max/robotics-and-automation/week2/ws/ros2_ws/build/demo_nodes_py/build/lib/demo_nodes_py/services/add_two_ints_client.py -> /home/max/robotics-and-automation/week2/ws/ros2_ws/install/demo_nodes_py/lib/python3.10/site-packages/demo_nodes_py/services
[1.029s] copying /home/max/robotics-and-automation/week2/ws/ros2_ws/build/demo_nodes_py/build/lib/demo_nodes_py/services/add_two_ints_server.py -> /home/max/robotics-and-automation/week2/ws/ros2_ws/install/demo_nodes_py/lib/python3.10/site-packages/demo_nodes_py/services
[1.029s] copying /home/max/robotics-and-automation/week2/ws/ros2_ws/build/demo_nodes_py/build/lib/demo_nodes_py/services/add_two_ints_client_async.py -> /home/max/robotics-and-automation/week2/ws/ros2_ws/install/demo_nodes_py/lib/python3.10/site-packages/demo_nodes_py/services
[1.029s] byte-compiling /home/max/robotics-and-automation/week2/ws/ros2_ws/install/demo_nodes_py/lib/python3.10/site-packages/demo_nodes_py/topics/__init__.py to __init__.cpython-310.pyc
[1.029s] byte-compiling /home/max/robotics-and-automation/week2/ws/ros2_ws/install/demo_nodes_py/lib/python3.10/site-packages/demo_nodes_py/topics/listener_serialized.py to listener_serialized.cpython-310.pyc
[1.029s] byte-compiling /home/max/robotics-and-automation/week2/ws/ros2_ws/install/demo_nodes_py/lib/python3.10/site-packages/demo_nodes_py/topics/listener.py to listener.cpython-310.pyc
[1.029s] byte-compiling /home/max/robotics-and-automation/week2/ws/ros2_ws/install/demo_nodes_py/lib/python3.10/site-packages/demo_nodes_py/topics/talker_qos.py to talker_qos.cpython-310.pyc
[1.029s] byte-compiling /home/max/robotics-and-automation/week2/ws/ros2_ws/install/demo_nodes_py/lib/python3.10/site-packages/demo_nodes_py/topics/listener_qos.py to listener_qos.cpython-310.pyc
[1.031s] byte-compiling /home/max/robotics-and-automation/week2/ws/ros2_ws/install/demo_nodes_py/lib/python3.10/site-packages/demo_nodes_py/topics/talker.py to talker.cpython-310.pyc
[1.031s] byte-compiling /home/max/robotics-and-automation/week2/ws/ros2_ws/install/demo_nodes_py/lib/python3.10/site-packages/demo_nodes_py/__init__.py to __init__.cpython-310.pyc
[1.031s] byte-compiling /home/max/robotics-and-automation/week2/ws/ros2_ws/install/demo_nodes_py/lib/python3.10/site-packages/demo_nodes_py/services/__init__.py to __init__.cpython-310.pyc
[1.031s] byte-compiling /home/max/robotics-and-automation/week2/ws/ros2_ws/install/demo_nodes_py/lib/python3.10/site-packages/demo_nodes_py/services/add_two_ints_client.py to add_two_ints_client.cpython-310.pyc
[1.031s] byte-compiling /home/max/robotics-and-automation/week2/ws/ros2_ws/install/demo_nodes_py/lib/python3.10/site-packages/demo_nodes_py/services/add_two_ints_server.py to add_two_ints_server.cpython-310.pyc
[1.031s] byte-compiling /home/max/robotics-and-automation/week2/ws/ros2_ws/install/demo_nodes_py/lib/python3.10/site-packages/demo_nodes_py/services/add_two_ints_client_async.py to add_two_ints_client_async.cpython-310.pyc
[1.031s] running install_data
[1.031s] creating /home/max/robotics-and-automation/week2/ws/ros2_ws/install/demo_nodes_py/share/ament_index
[1.031s] creating /home/max/robotics-and-automation/week2/ws/ros2_ws/install/demo_nodes_py/share/ament_index/resource_index
[1.031s] creating /home/max/robotics-and-automation/week2/ws/ros2_ws/install/demo_nodes_py/share/ament_index/resource_index/packages
[1.031s] copying resource/demo_nodes_py -> /home/max/robotics-and-automation/week2/ws/ros2_ws/install/demo_nodes_py/share/ament_index/resource_index/packages
[1.031s] copying package.xml -> /home/max/robotics-and-automation/week2/ws/ros2_ws/install/demo_nodes_py/share/demo_nodes_py
[1.032s] running install_egg_info
[1.032s] Copying ../../../build/demo_nodes_py/demo_nodes_py.egg-info to /home/max/robotics-and-automation/week2/ws/ros2_ws/install/demo_nodes_py/lib/python3.10/site-packages/demo_nodes_py-0.20.5-py3.10.egg-info
[1.032s] running install_scripts
[1.032s] Installing add_two_ints_client script to /home/max/robotics-and-automation/week2/ws/ros2_ws/install/demo_nodes_py/lib/demo_nodes_py
[1.032s] Installing add_two_ints_client_async script to /home/max/robotics-and-automation/week2/ws/ros2_ws/install/demo_nodes_py/lib/demo_nodes_py
[1.032s] Installing add_two_ints_server script to /home/max/robotics-and-automation/week2/ws/ros2_ws/install/demo_nodes_py/lib/demo_nodes_py
[1.032s] Installing listener script to /home/max/robotics-and-automation/week2/ws/ros2_ws/install/demo_nodes_py/lib/demo_nodes_py
[1.032s] Installing listener_qos script to /home/max/robotics-and-automation/week2/ws/ros2_ws/install/demo_nodes_py/lib/demo_nodes_py
[1.032s] Installing listener_serialized script to /home/max/robotics-and-automation/week2/ws/ros2_ws/install/demo_nodes_py/lib/demo_nodes_py
[1.032s] Installing talker script to /home/max/robotics-and-automation/week2/ws/ros2_ws/install/demo_nodes_py/lib/demo_nodes_py
[1.032s] Installing talker_qos script to /home/max/robotics-and-automation/week2/ws/ros2_ws/install/demo_nodes_py/lib/demo_nodes_py
[1.032s] writing list of installed files to '/home/max/robotics-and-automation/week2/ws/ros2_ws/build/demo_nodes_py/install.log'
[1.033s] Invoked command in '/home/max/robotics-and-automation/week2/ws/ros2_ws/src/demos/demo_nodes_py' returned '0': PYTHONPATH=/home/max/robotics-and-automation/week2/ws/ros2_ws/build/demo_nodes_py/prefix_override:/usr/lib/python3/dist-packages/colcon_core/task/python/colcon_distutils_commands:/home/max/robotics-and-automation/week2/ws/ros2_ws/install/demo_nodes_py/lib/python3.10/site-packages:${PYTHONPATH} /usr/bin/python3 -W ignore:setup.py install is deprecated setup.py egg_info --egg-base ../../../build/demo_nodes_py build --build-base /home/max/robotics-and-automation/week2/ws/ros2_ws/build/demo_nodes_py/build install --record /home/max/robotics-and-automation/week2/ws/ros2_ws/build/demo_nodes_py/install.log --single-version-externally-managed install_data
