[1.489s] Invoking command in '/home/max/robotics-and-automation/week2/ws/ros2_ws/src/examples/rclpy/executors': PYTHONPATH=/home/max/robotics-and-automation/week2/ws/ros2_ws/build/examples_rclpy_executors/prefix_override:/usr/lib/python3/dist-packages/colcon_core/task/python/colcon_distutils_commands:/home/max/robotics-and-automation/week2/ws/ros2_ws/install/examples_rclpy_executors/lib/python3.10/site-packages:${PYTHONPATH} /usr/bin/python3 -W ignore:setup.py install is deprecated setup.py egg_info --egg-base ../../../../build/examples_rclpy_executors build --build-base /home/max/robotics-and-automation/week2/ws/ros2_ws/build/examples_rclpy_executors/build install --record /home/max/robotics-and-automation/week2/ws/ros2_ws/build/examples_rclpy_executors/install.log --single-version-externally-managed install_data
[1.865s] running egg_info
[1.865s] creating ../../../../build/examples_rclpy_executors/examples_rclpy_executors.egg-info
[1.865s] writing ../../../../build/examples_rclpy_executors/examples_rclpy_executors.egg-info/PKG-INFO
[1.866s] writing dependency_links to ../../../../build/examples_rclpy_executors/examples_rclpy_executors.egg-info/dependency_links.txt
[1.866s] writing entry points to ../../../../build/examples_rclpy_executors/examples_rclpy_executors.egg-info/entry_points.txt
[1.869s] writing requirements to ../../../../build/examples_rclpy_executors/examples_rclpy_executors.egg-info/requires.txt
[1.869s] writing top-level names to ../../../../build/examples_rclpy_executors/examples_rclpy_executors.egg-info/top_level.txt
[1.869s] writing manifest file '../../../../build/examples_rclpy_executors/examples_rclpy_executors.egg-info/SOURCES.txt'
[1.873s] reading manifest file '../../../../build/examples_rclpy_executors/examples_rclpy_executors.egg-info/SOURCES.txt'
[1.873s] writing manifest file '../../../../build/examples_rclpy_executors/examples_rclpy_executors.egg-info/SOURCES.txt'
[1.873s] running build
[1.873s] running build_py
[1.873s] creating /home/max/robotics-and-automation/week2/ws/ros2_ws/build/examples_rclpy_executors/build
[1.873s] creating /home/max/robotics-and-automation/week2/ws/ros2_ws/build/examples_rclpy_executors/build/lib
[1.873s] creating /home/max/robotics-and-automation/week2/ws/ros2_ws/build/examples_rclpy_executors/build/lib/examples_rclpy_executors
[1.873s] copying examples_rclpy_executors/__init__.py -> /home/max/robotics-and-automation/week2/ws/ros2_ws/build/examples_rclpy_executors/build/lib/examples_rclpy_executors
[1.873s] copying examples_rclpy_executors/composed.py -> /home/max/robotics-and-automation/week2/ws/ros2_ws/build/examples_rclpy_executors/build/lib/examples_rclpy_executors
[1.873s] copying examples_rclpy_executors/custom_callback_group.py -> /home/max/robotics-and-automation/week2/ws/ros2_ws/build/examples_rclpy_executors/build/lib/examples_rclpy_executors
[1.873s] copying examples_rclpy_executors/listener.py -> /home/max/robotics-and-automation/week2/ws/ros2_ws/build/examples_rclpy_executors/build/lib/examples_rclpy_executors
[1.876s] copying examples_rclpy_executors/custom_executor.py -> /home/max/robotics-and-automation/week2/ws/ros2_ws/build/examples_rclpy_executors/build/lib/examples_rclpy_executors
[1.876s] copying examples_rclpy_executors/callback_group.py -> /home/max/robotics-and-automation/week2/ws/ros2_ws/build/examples_rclpy_executors/build/lib/examples_rclpy_executors
[1.876s] copying examples_rclpy_executors/talker.py -> /home/max/robotics-and-automation/week2/ws/ros2_ws/build/examples_rclpy_executors/build/lib/examples_rclpy_executors
[1.876s] running install
[1.877s] running install_lib
[1.877s] creating /home/max/robotics-and-automation/week2/ws/ros2_ws/install/examples_rclpy_executors/lib/python3.10/site-packages/examples_rclpy_executors
[1.878s] copying /home/max/robotics-and-automation/week2/ws/ros2_ws/build/examples_rclpy_executors/build/lib/examples_rclpy_executors/__init__.py -> /home/max/robotics-and-automation/week2/ws/ros2_ws/install/examples_rclpy_executors/lib/python3.10/site-packages/examples_rclpy_executors
[1.878s] copying /home/max/robotics-and-automation/week2/ws/ros2_ws/build/examples_rclpy_executors/build/lib/examples_rclpy_executors/composed.py -> /home/max/robotics-and-automation/week2/ws/ros2_ws/install/examples_rclpy_executors/lib/python3.10/site-packages/examples_rclpy_executors
[1.878s] copying /home/max/robotics-and-automation/week2/ws/ros2_ws/build/examples_rclpy_executors/build/lib/examples_rclpy_executors/custom_callback_group.py -> /home/max/robotics-and-automation/week2/ws/ros2_ws/install/examples_rclpy_executors/lib/python3.10/site-packages/examples_rclpy_executors
[1.878s] copying /home/max/robotics-and-automation/week2/ws/ros2_ws/build/examples_rclpy_executors/build/lib/examples_rclpy_executors/listener.py -> /home/max/robotics-and-automation/week2/ws/ros2_ws/install/examples_rclpy_executors/lib/python3.10/site-packages/examples_rclpy_executors
[1.878s] copying /home/max/robotics-and-automation/week2/ws/ros2_ws/build/examples_rclpy_executors/build/lib/examples_rclpy_executors/custom_executor.py -> /home/max/robotics-and-automation/week2/ws/ros2_ws/install/examples_rclpy_executors/lib/python3.10/site-packages/examples_rclpy_executors
[1.878s] copying /home/max/robotics-and-automation/week2/ws/ros2_ws/build/examples_rclpy_executors/build/lib/examples_rclpy_executors/callback_group.py -> /home/max/robotics-and-automation/week2/ws/ros2_ws/install/examples_rclpy_executors/lib/python3.10/site-packages/examples_rclpy_executors
[1.878s] copying /home/max/robotics-and-automation/week2/ws/ros2_ws/build/examples_rclpy_executors/build/lib/examples_rclpy_executors/talker.py -> /home/max/robotics-and-automation/week2/ws/ros2_ws/install/examples_rclpy_executors/lib/python3.10/site-packages/examples_rclpy_executors
[1.878s] byte-compiling /home/max/robotics-and-automation/week2/ws/ros2_ws/install/examples_rclpy_executors/lib/python3.10/site-packages/examples_rclpy_executors/__init__.py to __init__.cpython-310.pyc
[1.879s] byte-compiling /home/max/robotics-and-automation/week2/ws/ros2_ws/install/examples_rclpy_executors/lib/python3.10/site-packages/examples_rclpy_executors/composed.py to composed.cpython-310.pyc
[1.879s] byte-compiling /home/max/robotics-and-automation/week2/ws/ros2_ws/install/examples_rclpy_executors/lib/python3.10/site-packages/examples_rclpy_executors/custom_callback_group.py to custom_callback_group.cpython-310.pyc
[1.879s] byte-compiling /home/max/robotics-and-automation/week2/ws/ros2_ws/install/examples_rclpy_executors/lib/python3.10/site-packages/examples_rclpy_executors/listener.py to listener.cpython-310.pyc
[1.880s] byte-compiling /home/max/robotics-and-automation/week2/ws/ros2_ws/install/examples_rclpy_executors/lib/python3.10/site-packages/examples_rclpy_executors/custom_executor.py to custom_executor.cpython-310.pyc
[1.882s] byte-compiling /home/max/robotics-and-automation/week2/ws/ros2_ws/install/examples_rclpy_executors/lib/python3.10/site-packages/examples_rclpy_executors/callback_group.py to callback_group.cpython-310.pyc
[1.883s] byte-compiling /home/max/robotics-and-automation/week2/ws/ros2_ws/install/examples_rclpy_executors/lib/python3.10/site-packages/examples_rclpy_executors/talker.py to talker.cpython-310.pyc
[1.883s] running install_data
[1.883s] creating /home/max/robotics-and-automation/week2/ws/ros2_ws/install/examples_rclpy_executors/share/ament_index
[1.886s] creating /home/max/robotics-and-automation/week2/ws/ros2_ws/install/examples_rclpy_executors/share/ament_index/resource_index
[1.886s] creating /home/max/robotics-and-automation/week2/ws/ros2_ws/install/examples_rclpy_executors/share/ament_index/resource_index/packages
[1.886s] copying resource/examples_rclpy_executors -> /home/max/robotics-and-automation/week2/ws/ros2_ws/install/examples_rclpy_executors/share/ament_index/resource_index/packages
[1.886s] copying package.xml -> /home/max/robotics-and-automation/week2/ws/ros2_ws/install/examples_rclpy_executors/share/examples_rclpy_executors
[1.886s] running install_egg_info
[1.886s] Copying ../../../../build/examples_rclpy_executors/examples_rclpy_executors.egg-info to /home/max/robotics-and-automation/week2/ws/ros2_ws/install/examples_rclpy_executors/lib/python3.10/site-packages/examples_rclpy_executors-0.15.2-py3.10.egg-info
[1.890s] running install_scripts
[1.925s] Installing callback_group script to /home/max/robotics-and-automation/week2/ws/ros2_ws/install/examples_rclpy_executors/lib/examples_rclpy_executors
[1.925s] Installing composed script to /home/max/robotics-and-automation/week2/ws/ros2_ws/install/examples_rclpy_executors/lib/examples_rclpy_executors
[1.925s] Installing custom_callback_group script to /home/max/robotics-and-automation/week2/ws/ros2_ws/install/examples_rclpy_executors/lib/examples_rclpy_executors
[1.925s] Installing custom_executor script to /home/max/robotics-and-automation/week2/ws/ros2_ws/install/examples_rclpy_executors/lib/examples_rclpy_executors
[1.925s] Installing listener script to /home/max/robotics-and-automation/week2/ws/ros2_ws/install/examples_rclpy_executors/lib/examples_rclpy_executors
[1.925s] Installing talker script to /home/max/robotics-and-automation/week2/ws/ros2_ws/install/examples_rclpy_executors/lib/examples_rclpy_executors
[1.925s] writing list of installed files to '/home/max/robotics-and-automation/week2/ws/ros2_ws/build/examples_rclpy_executors/install.log'
[2.238s] Invoked command in '/home/max/robotics-and-automation/week2/ws/ros2_ws/src/examples/rclpy/executors' returned '0': PYTHONPATH=/home/max/robotics-and-automation/week2/ws/ros2_ws/build/examples_rclpy_executors/prefix_override:/usr/lib/python3/dist-packages/colcon_core/task/python/colcon_distutils_commands:/home/max/robotics-and-automation/week2/ws/ros2_ws/install/examples_rclpy_executors/lib/python3.10/site-packages:${PYTHONPATH} /usr/bin/python3 -W ignore:setup.py install is deprecated setup.py egg_info --egg-base ../../../../build/examples_rclpy_executors build --build-base /home/max/robotics-and-automation/week2/ws/ros2_ws/build/examples_rclpy_executors/build install --record /home/max/robotics-and-automation/week2/ws/ros2_ws/build/examples_rclpy_executors/install.log --single-version-externally-managed install_data
