[0.281s] Invoking command in '/home/max/robotics-and-automation/week2/ws/ros2_tutorial_workspace/src/the_simplest_python_package': PYTHONPATH=/home/max/robotics-and-automation/week2/ws/ros2_tutorial_workspace/build/the_simplest_python_package/prefix_override:/usr/lib/python3/dist-packages/colcon_core/task/python/colcon_distutils_commands:/home/max/robotics-and-automation/week2/ws/ros2_tutorial_workspace/install/the_simplest_python_package/lib/python3.10/site-packages:${PYTHONPATH} /usr/bin/python3 -W ignore:setup.py install is deprecated setup.py egg_info --egg-base ../../build/the_simplest_python_package build --build-base /home/max/robotics-and-automation/week2/ws/ros2_tutorial_workspace/build/the_simplest_python_package/build install --record /home/max/robotics-and-automation/week2/ws/ros2_tutorial_workspace/build/the_simplest_python_package/install.log --single-version-externally-managed install_data
[0.394s] running egg_info
[0.394s] creating ../../build/the_simplest_python_package/the_simplest_python_package.egg-info
[0.394s] writing ../../build/the_simplest_python_package/the_simplest_python_package.egg-info/PKG-INFO
[0.394s] writing dependency_links to ../../build/the_simplest_python_package/the_simplest_python_package.egg-info/dependency_links.txt
[0.394s] writing entry points to ../../build/the_simplest_python_package/the_simplest_python_package.egg-info/entry_points.txt
[0.394s] writing requirements to ../../build/the_simplest_python_package/the_simplest_python_package.egg-info/requires.txt
[0.394s] writing top-level names to ../../build/the_simplest_python_package/the_simplest_python_package.egg-info/top_level.txt
[0.394s] writing manifest file '../../build/the_simplest_python_package/the_simplest_python_package.egg-info/SOURCES.txt'
[0.395s] reading manifest file '../../build/the_simplest_python_package/the_simplest_python_package.egg-info/SOURCES.txt'
[0.395s] writing manifest file '../../build/the_simplest_python_package/the_simplest_python_package.egg-info/SOURCES.txt'
[0.396s] running build
[0.396s] running build_py
[0.396s] creating /home/max/robotics-and-automation/week2/ws/ros2_tutorial_workspace/build/the_simplest_python_package/build
[0.396s] creating /home/max/robotics-and-automation/week2/ws/ros2_tutorial_workspace/build/the_simplest_python_package/build/lib
[0.396s] creating /home/max/robotics-and-automation/week2/ws/ros2_tutorial_workspace/build/the_simplest_python_package/build/lib/the_simplest_python_package
[0.396s] copying the_simplest_python_package/__init__.py -> /home/max/robotics-and-automation/week2/ws/ros2_tutorial_workspace/build/the_simplest_python_package/build/lib/the_simplest_python_package
[0.396s] running install
[0.396s] running install_lib
[0.396s] creating /home/max/robotics-and-automation/week2/ws/ros2_tutorial_workspace/install/the_simplest_python_package/lib/python3.10/site-packages/the_simplest_python_package
[0.396s] copying /home/max/robotics-and-automation/week2/ws/ros2_tutorial_workspace/build/the_simplest_python_package/build/lib/the_simplest_python_package/__init__.py -> /home/max/robotics-and-automation/week2/ws/ros2_tutorial_workspace/install/the_simplest_python_package/lib/python3.10/site-packages/the_simplest_python_package
[0.397s] byte-compiling /home/max/robotics-and-automation/week2/ws/ros2_tutorial_workspace/install/the_simplest_python_package/lib/python3.10/site-packages/the_simplest_python_package/__init__.py to __init__.cpython-310.pyc
[0.397s] running install_data
[0.397s] creating /home/max/robotics-and-automation/week2/ws/ros2_tutorial_workspace/install/the_simplest_python_package/share/ament_index
[0.397s] creating /home/max/robotics-and-automation/week2/ws/ros2_tutorial_workspace/install/the_simplest_python_package/share/ament_index/resource_index
[0.397s] creating /home/max/robotics-and-automation/week2/ws/ros2_tutorial_workspace/install/the_simplest_python_package/share/ament_index/resource_index/packages
[0.397s] copying resource/the_simplest_python_package -> /home/max/robotics-and-automation/week2/ws/ros2_tutorial_workspace/install/the_simplest_python_package/share/ament_index/resource_index/packages
[0.397s] copying package.xml -> /home/max/robotics-and-automation/week2/ws/ros2_tutorial_workspace/install/the_simplest_python_package/share/the_simplest_python_package
[0.397s] running install_egg_info
[0.398s] Copying ../../build/the_simplest_python_package/the_simplest_python_package.egg-info to /home/max/robotics-and-automation/week2/ws/ros2_tutorial_workspace/install/the_simplest_python_package/lib/python3.10/site-packages/the_simplest_python_package-0.0.0-py3.10.egg-info
[0.398s] running install_scripts
[0.409s] writing list of installed files to '/home/max/robotics-and-automation/week2/ws/ros2_tutorial_workspace/build/the_simplest_python_package/install.log'
[0.419s] Invoked command in '/home/max/robotics-and-automation/week2/ws/ros2_tutorial_workspace/src/the_simplest_python_package' returned '0': PYTHONPATH=/home/max/robotics-and-automation/week2/ws/ros2_tutorial_workspace/build/the_simplest_python_package/prefix_override:/usr/lib/python3/dist-packages/colcon_core/task/python/colcon_distutils_commands:/home/max/robotics-and-automation/week2/ws/ros2_tutorial_workspace/install/the_simplest_python_package/lib/python3.10/site-packages:${PYTHONPATH} /usr/bin/python3 -W ignore:setup.py install is deprecated setup.py egg_info --egg-base ../../build/the_simplest_python_package build --build-base /home/max/robotics-and-automation/week2/ws/ros2_tutorial_workspace/build/the_simplest_python_package/build install --record /home/max/robotics-and-automation/week2/ws/ros2_tutorial_workspace/build/the_simplest_python_package/install.log --single-version-externally-managed install_data
