-- The C compiler identification is GNU 11.4.0
-- The CXX compiler identification is GNU 11.4.0
-- Detecting C compiler ABI info
-- Detecting C compiler ABI info - done
-- Check for working C compiler: /usr/bin/cc - skipped
-- Detecting C compile features
-- Detecting C compile features - done
-- Detecting CXX compiler ABI info
-- Detecting CXX compiler ABI info - done
-- Check for working CXX compiler: /usr/bin/c++ - skipped
-- Detecting CXX compile features
-- Detecting CXX compile features - done
-- Found ament_cmake: 1.3.10 (/opt/ros/humble/share/ament_cmake/cmake)
-- Found Python3: /usr/bin/python3 (found version "3.10.12") found components: Interpreter 
-- Found builtin_interfaces: 1.2.1 (/opt/ros/humble/share/builtin_interfaces/cmake)
-- Found rosidl_generator_c: 3.1.5 (/opt/ros/humble/share/rosidl_generator_c/cmake)
-- Found rosidl_adapter: 3.1.5 (/opt/ros/humble/share/rosidl_adapter/cmake)
-- Found rosidl_generator_cpp: 3.1.5 (/opt/ros/humble/share/rosidl_generator_cpp/cmake)
-- Using all available rosidl_typesupport_c: rosidl_typesupport_fastrtps_c;rosidl_typesupport_introspection_c
-- Using all available rosidl_typesupport_cpp: rosidl_typesupport_fastrtps_cpp;rosidl_typesupport_introspection_cpp
-- Found rclcpp: 16.0.10 (/opt/ros/humble/share/rclcpp/cmake)
-- Found rmw_implementation_cmake: 6.1.2 (/opt/ros/humble/share/rmw_implementation_cmake/cmake)
-- Found rmw_fastrtps_cpp: 6.2.7 (/opt/ros/humble/share/rmw_fastrtps_cpp/cmake)
-- Found OpenSSL: /usr/lib/x86_64-linux-gnu/libcrypto.so (found version "3.0.2")  
-- Found FastRTPS: /opt/ros/humble/include  
-- Using RMW implementation 'rmw_fastrtps_cpp' as default
-- Looking for pthread.h
-- Looking for pthread.h - found
-- Performing Test CMAKE_HAVE_LIBC_PTHREAD
-- Performing Test CMAKE_HAVE_LIBC_PTHREAD - Success
-- Found Threads: TRUE  
-- Found sensor_msgs: 4.2.4 (/opt/ros/humble/share/sensor_msgs/cmake)
-- Found OpenCV: /usr (found version "4.5.4") found components: core highgui imgproc videoio 
-- Found ament_lint_auto: 0.12.11 (/opt/ros/humble/share/ament_lint_auto/cmake)
-- Found python_cmake_module: 0.10.0 (/opt/ros/humble/share/python_cmake_module/cmake)
-- Found PythonInterp: /usr/bin/python3 (found suitable version "3.10.12", minimum required is "3.6") 
-- Found PythonLibs: /usr/lib/x86_64-linux-gnu/libpython3.10.so (found suitable version "3.10.12", minimum required is "3.5") 
-- Using PYTHON_EXECUTABLE: /usr/bin/python3
-- Using PYTHON_INCLUDE_DIRS: /usr/include/python3.10
-- Using PYTHON_LIBRARIES: /usr/lib/x86_64-linux-gnu/libpython3.10.so
-- Found PythonExtra: .so  
-- Added test 'copyright' to check source files copyright and LICENSE
-- Added test 'cppcheck' to perform static code analysis on C / C++ code
-- Configured cppcheck include dirs: /home/max/robotics-and-automation/week2/ws/ros2_ws/src/demos/intra_process_demo/include
-- Configured cppcheck exclude dirs and/or files: 
-- Added test 'cpplint' to check C / C++ code against the Google style
-- Configured cpplint exclude dirs and/or files: 
-- Added test 'lint_cmake' to check CMake code style
-- Added test 'uncrustify' to check C / C++ code style
-- Configured uncrustify additional arguments: 
-- Added test 'xmllint' to check XML markup files
-- Configuring done
-- Generating done
-- Build files have been written to: /home/max/robotics-and-automation/week2/ws/ros2_ws/build/intra_process_demo
[  7%] [32mBuilding CXX object CMakeFiles/two_node_pipeline.dir/src/two_node_pipeline/two_node_pipeline.cpp.o[0m
[ 14%] [32mBuilding CXX object CMakeFiles/image_pipeline_all_in_one.dir/src/image_pipeline/image_pipeline_all_in_one.cpp.o[0m
[ 21%] [32mBuilding CXX object CMakeFiles/cyclic_pipeline.dir/src/cyclic_pipeline/cyclic_pipeline.cpp.o[0m
[ 28%] [32mBuilding CXX object CMakeFiles/image_pipeline_with_two_image_view.dir/src/image_pipeline/image_pipeline_with_two_image_view.cpp.o[0m
[ 35%] [32mBuilding CXX object CMakeFiles/camera_node.dir/src/image_pipeline/camera_node.cpp.o[0m
[ 42%] [32m[1mLinking CXX executable camera_node[0m
[ 42%] Built target camera_node
[ 50%] [32m[1mLinking CXX executable cyclic_pipeline[0m
[ 57%] [32m[1mLinking CXX executable two_node_pipeline[0m
[ 57%] Built target cyclic_pipeline
[ 57%] Built target two_node_pipeline
[ 64%] [32m[1mLinking CXX executable image_pipeline_all_in_one[0m
[ 64%] Built target image_pipeline_all_in_one
[ 71%] [32m[1mLinking CXX executable image_pipeline_with_two_image_view[0m
[ 71%] Built target image_pipeline_with_two_image_view
[ 78%] [32mBuilding CXX object CMakeFiles/image_view_node.dir/src/image_pipeline/image_view_node.cpp.o[0m
[ 85%] [32m[1mLinking CXX executable image_view_node[0m
[ 85%] Built target image_view_node
[ 92%] [32mBuilding CXX object CMakeFiles/watermark_node.dir/src/image_pipeline/watermark_node.cpp.o[0m
[100%] [32m[1mLinking CXX executable watermark_node[0m
[100%] Built target watermark_node
-- Install configuration: ""
-- Installing: /home/max/robotics-and-automation/week2/ws/ros2_ws/install/intra_process_demo/lib/intra_process_demo/two_node_pipeline
-- Set runtime path of "/home/max/robotics-and-automation/week2/ws/ros2_ws/install/intra_process_demo/lib/intra_process_demo/two_node_pipeline" to ""
-- Installing: /home/max/robotics-and-automation/week2/ws/ros2_ws/install/intra_process_demo/lib/intra_process_demo/cyclic_pipeline
-- Set runtime path of "/home/max/robotics-and-automation/week2/ws/ros2_ws/install/intra_process_demo/lib/intra_process_demo/cyclic_pipeline" to ""
-- Installing: /home/max/robotics-and-automation/week2/ws/ros2_ws/install/intra_process_demo/lib/intra_process_demo/image_pipeline_all_in_one
-- Set runtime path of "/home/max/robotics-and-automation/week2/ws/ros2_ws/install/intra_process_demo/lib/intra_process_demo/image_pipeline_all_in_one" to ""
-- Installing: /home/max/robotics-and-automation/week2/ws/ros2_ws/install/intra_process_demo/lib/intra_process_demo/image_pipeline_with_two_image_view
-- Set runtime path of "/home/max/robotics-and-automation/week2/ws/ros2_ws/install/intra_process_demo/lib/intra_process_demo/image_pipeline_with_two_image_view" to ""
-- Installing: /home/max/robotics-and-automation/week2/ws/ros2_ws/install/intra_process_demo/lib/intra_process_demo/camera_node
-- Set runtime path of "/home/max/robotics-and-automation/week2/ws/ros2_ws/install/intra_process_demo/lib/intra_process_demo/camera_node" to ""
-- Installing: /home/max/robotics-and-automation/week2/ws/ros2_ws/install/intra_process_demo/lib/intra_process_demo/watermark_node
-- Set runtime path of "/home/max/robotics-and-automation/week2/ws/ros2_ws/install/intra_process_demo/lib/intra_process_demo/watermark_node" to ""
-- Installing: /home/max/robotics-and-automation/week2/ws/ros2_ws/install/intra_process_demo/lib/intra_process_demo/image_view_node
-- Set runtime path of "/home/max/robotics-and-automation/week2/ws/ros2_ws/install/intra_process_demo/lib/intra_process_demo/image_view_node" to ""
-- Installing: /home/max/robotics-and-automation/week2/ws/ros2_ws/install/intra_process_demo/include/intra_process_demo
-- Installing: /home/max/robotics-and-automation/week2/ws/ros2_ws/install/intra_process_demo/include/intra_process_demo/image_pipeline
-- Installing: /home/max/robotics-and-automation/week2/ws/ros2_ws/install/intra_process_demo/include/intra_process_demo/image_pipeline/watermark_node.hpp
-- Installing: /home/max/robotics-and-automation/week2/ws/ros2_ws/install/intra_process_demo/include/intra_process_demo/image_pipeline/camera_node.hpp
-- Installing: /home/max/robotics-and-automation/week2/ws/ros2_ws/install/intra_process_demo/include/intra_process_demo/image_pipeline/image_view_node.hpp
-- Installing: /home/max/robotics-and-automation/week2/ws/ros2_ws/install/intra_process_demo/include/intra_process_demo/image_pipeline/common.hpp
-- Installing: /home/max/robotics-and-automation/week2/ws/ros2_ws/install/intra_process_demo/share/ament_index/resource_index/package_run_dependencies/intra_process_demo
-- Installing: /home/max/robotics-and-automation/week2/ws/ros2_ws/install/intra_process_demo/share/ament_index/resource_index/parent_prefix_path/intra_process_demo
-- Installing: /home/max/robotics-and-automation/week2/ws/ros2_ws/install/intra_process_demo/share/intra_process_demo/environment/ament_prefix_path.sh
-- Installing: /home/max/robotics-and-automation/week2/ws/ros2_ws/install/intra_process_demo/share/intra_process_demo/environment/ament_prefix_path.dsv
-- Installing: /home/max/robotics-and-automation/week2/ws/ros2_ws/install/intra_process_demo/share/intra_process_demo/environment/path.sh
-- Installing: /home/max/robotics-and-automation/week2/ws/ros2_ws/install/intra_process_demo/share/intra_process_demo/environment/path.dsv
-- Installing: /home/max/robotics-and-automation/week2/ws/ros2_ws/install/intra_process_demo/share/intra_process_demo/local_setup.bash
-- Installing: /home/max/robotics-and-automation/week2/ws/ros2_ws/install/intra_process_demo/share/intra_process_demo/local_setup.sh
-- Installing: /home/max/robotics-and-automation/week2/ws/ros2_ws/install/intra_process_demo/share/intra_process_demo/local_setup.zsh
-- Installing: /home/max/robotics-and-automation/week2/ws/ros2_ws/install/intra_process_demo/share/intra_process_demo/local_setup.dsv
-- Installing: /home/max/robotics-and-automation/week2/ws/ros2_ws/install/intra_process_demo/share/intra_process_demo/package.dsv
-- Installing: /home/max/robotics-and-automation/week2/ws/ros2_ws/install/intra_process_demo/share/ament_index/resource_index/packages/intra_process_demo
-- Installing: /home/max/robotics-and-automation/week2/ws/ros2_ws/install/intra_process_demo/share/intra_process_demo/cmake/ament_cmake_export_include_directories-extras.cmake
-- Installing: /home/max/robotics-and-automation/week2/ws/ros2_ws/install/intra_process_demo/share/intra_process_demo/cmake/intra_process_demoConfig.cmake
-- Installing: /home/max/robotics-and-automation/week2/ws/ros2_ws/install/intra_process_demo/share/intra_process_demo/cmake/intra_process_demoConfig-version.cmake
-- Installing: /home/max/robotics-and-automation/week2/ws/ros2_ws/install/intra_process_demo/share/intra_process_demo/package.xml
