[0.022s] Invoking command in '/home/max/robotics-and-automation/week2/ws/ros2_ws/build/intra_process_demo': CMAKE_PREFIX_PATH=/opt/ros/humble /usr/bin/cmake /home/max/robotics-and-automation/week2/ws/ros2_ws/src/demos/intra_process_demo -DCMAKE_INSTALL_PREFIX=/home/max/robotics-and-automation/week2/ws/ros2_ws/install/intra_process_demo
[3.317s] -- The C compiler identification is GNU 11.4.0
[3.317s] -- The CXX compiler identification is GNU 11.4.0
[3.317s] -- Detecting C compiler ABI info
[3.317s] -- Detecting C compiler ABI info - done
[3.317s] -- Check for working C compiler: /usr/bin/cc - skipped
[3.317s] -- Detecting C compile features
[3.317s] -- Detecting C compile features - done
[3.317s] -- Detecting CXX compiler ABI info
[3.318s] -- Detecting CXX compiler ABI info - done
[3.318s] -- Check for working CXX compiler: /usr/bin/c++ - skipped
[3.318s] -- Detecting CXX compile features
[3.318s] -- Detecting CXX compile features - done
[3.318s] -- Found ament_cmake: 1.3.10 (/opt/ros/humble/share/ament_cmake/cmake)
[3.318s] -- Found Python3: /usr/bin/python3 (found version "3.10.12") found components: Interpreter 
[3.318s] -- Found builtin_interfaces: 1.2.1 (/opt/ros/humble/share/builtin_interfaces/cmake)
[3.318s] -- Found rosidl_generator_c: 3.1.5 (/opt/ros/humble/share/rosidl_generator_c/cmake)
[3.318s] -- Found rosidl_adapter: 3.1.5 (/opt/ros/humble/share/rosidl_adapter/cmake)
[3.318s] -- Found rosidl_generator_cpp: 3.1.5 (/opt/ros/humble/share/rosidl_generator_cpp/cmake)
[3.318s] -- Using all available rosidl_typesupport_c: rosidl_typesupport_fastrtps_c;rosidl_typesupport_introspection_c
[3.318s] -- Using all available rosidl_typesupport_cpp: rosidl_typesupport_fastrtps_cpp;rosidl_typesupport_introspection_cpp
[3.318s] -- Found rclcpp: 16.0.10 (/opt/ros/humble/share/rclcpp/cmake)
[3.318s] -- Found rmw_implementation_cmake: 6.1.2 (/opt/ros/humble/share/rmw_implementation_cmake/cmake)
[3.318s] -- Found rmw_fastrtps_cpp: 6.2.7 (/opt/ros/humble/share/rmw_fastrtps_cpp/cmake)
[3.318s] -- Found OpenSSL: /usr/lib/x86_64-linux-gnu/libcrypto.so (found version "3.0.2")  
[3.318s] -- Found FastRTPS: /opt/ros/humble/include  
[3.318s] -- Using RMW implementation 'rmw_fastrtps_cpp' as default
[3.318s] -- Looking for pthread.h
[3.318s] -- Looking for pthread.h - found
[3.318s] -- Performing Test CMAKE_HAVE_LIBC_PTHREAD
[3.318s] -- Performing Test CMAKE_HAVE_LIBC_PTHREAD - Success
[3.318s] -- Found Threads: TRUE  
[3.318s] -- Found sensor_msgs: 4.2.4 (/opt/ros/humble/share/sensor_msgs/cmake)
[3.318s] -- Found OpenCV: /usr (found version "4.5.4") found components: core highgui imgproc videoio 
[3.318s] -- Found ament_lint_auto: 0.12.11 (/opt/ros/humble/share/ament_lint_auto/cmake)
[3.318s] -- Found python_cmake_module: 0.10.0 (/opt/ros/humble/share/python_cmake_module/cmake)
[3.318s] -- Found PythonInterp: /usr/bin/python3 (found suitable version "3.10.12", minimum required is "3.6") 
[3.318s] -- Found PythonLibs: /usr/lib/x86_64-linux-gnu/libpython3.10.so (found suitable version "3.10.12", minimum required is "3.5") 
[3.318s] -- Using PYTHON_EXECUTABLE: /usr/bin/python3
[3.318s] -- Using PYTHON_INCLUDE_DIRS: /usr/include/python3.10
[3.324s] -- Using PYTHON_LIBRARIES: /usr/lib/x86_64-linux-gnu/libpython3.10.so
[3.324s] -- Found PythonExtra: .so  
[3.324s] -- Added test 'copyright' to check source files copyright and LICENSE
[3.324s] -- Added test 'cppcheck' to perform static code analysis on C / C++ code
[3.324s] -- Configured cppcheck include dirs: /home/max/robotics-and-automation/week2/ws/ros2_ws/src/demos/intra_process_demo/include
[3.324s] -- Configured cppcheck exclude dirs and/or files: 
[3.324s] -- Added test 'cpplint' to check C / C++ code against the Google style
[3.324s] -- Configured cpplint exclude dirs and/or files: 
[3.324s] -- Added test 'lint_cmake' to check CMake code style
[3.324s] -- Added test 'uncrustify' to check C / C++ code style
[3.324s] -- Configured uncrustify additional arguments: 
[3.324s] -- Added test 'xmllint' to check XML markup files
[3.324s] -- Configuring done
[3.324s] -- Generating done
[3.324s] -- Build files have been written to: /home/max/robotics-and-automation/week2/ws/ros2_ws/build/intra_process_demo
[4.378s] Invoked command in '/home/max/robotics-and-automation/week2/ws/ros2_ws/build/intra_process_demo' returned '0': CMAKE_PREFIX_PATH=/opt/ros/humble /usr/bin/cmake /home/max/robotics-and-automation/week2/ws/ros2_ws/src/demos/intra_process_demo -DCMAKE_INSTALL_PREFIX=/home/max/robotics-and-automation/week2/ws/ros2_ws/install/intra_process_demo
[4.379s] Invoking command in '/home/max/robotics-and-automation/week2/ws/ros2_ws/build/intra_process_demo': CMAKE_PREFIX_PATH=/opt/ros/humble /usr/bin/cmake --build /home/max/robotics-and-automation/week2/ws/ros2_ws/build/intra_process_demo -- -j16 -l16
[5.407s] [  7%] [32mBuilding CXX object CMakeFiles/two_node_pipeline.dir/src/two_node_pipeline/two_node_pipeline.cpp.o[0m
[5.407s] [ 14%] [32mBuilding CXX object CMakeFiles/image_pipeline_all_in_one.dir/src/image_pipeline/image_pipeline_all_in_one.cpp.o[0m
[5.407s] [ 21%] [32mBuilding CXX object CMakeFiles/cyclic_pipeline.dir/src/cyclic_pipeline/cyclic_pipeline.cpp.o[0m
[5.407s] [ 28%] [32mBuilding CXX object CMakeFiles/image_pipeline_with_two_image_view.dir/src/image_pipeline/image_pipeline_with_two_image_view.cpp.o[0m
[5.407s] [ 35%] [32mBuilding CXX object CMakeFiles/camera_node.dir/src/image_pipeline/camera_node.cpp.o[0m
[19.395s] [ 42%] [32m[1mLinking CXX executable camera_node[0m
[20.322s] [ 42%] Built target camera_node
[20.843s] [ 50%] [32m[1mLinking CXX executable cyclic_pipeline[0m
[21.039s] [ 57%] [32m[1mLinking CXX executable two_node_pipeline[0m
[21.171s] [ 57%] Built target cyclic_pipeline
[21.299s] [ 57%] Built target two_node_pipeline
[21.493s] [ 64%] [32m[1mLinking CXX executable image_pipeline_all_in_one[0m
[21.963s] [ 64%] Built target image_pipeline_all_in_one
[22.509s] [ 71%] [32m[1mLinking CXX executable image_pipeline_with_two_image_view[0m
[23.032s] [ 71%] Built target image_pipeline_with_two_image_view
[23.045s] [ 78%] [32mBuilding CXX object CMakeFiles/image_view_node.dir/src/image_pipeline/image_view_node.cpp.o[0m
[27.860s] [ 85%] [32m[1mLinking CXX executable image_view_node[0m
[28.245s] [ 85%] Built target image_view_node
[28.257s] [ 92%] [32mBuilding CXX object CMakeFiles/watermark_node.dir/src/image_pipeline/watermark_node.cpp.o[0m
[33.117s] [100%] [32m[1mLinking CXX executable watermark_node[0m
[33.458s] [100%] Built target watermark_node
[33.468s] Invoked command in '/home/max/robotics-and-automation/week2/ws/ros2_ws/build/intra_process_demo' returned '0': CMAKE_PREFIX_PATH=/opt/ros/humble /usr/bin/cmake --build /home/max/robotics-and-automation/week2/ws/ros2_ws/build/intra_process_demo -- -j16 -l16
[33.493s] Invoking command in '/home/max/robotics-and-automation/week2/ws/ros2_ws/build/intra_process_demo': CMAKE_PREFIX_PATH=/opt/ros/humble /usr/bin/cmake --install /home/max/robotics-and-automation/week2/ws/ros2_ws/build/intra_process_demo
[33.496s] -- Install configuration: ""
[33.497s] -- Installing: /home/max/robotics-and-automation/week2/ws/ros2_ws/install/intra_process_demo/lib/intra_process_demo/two_node_pipeline
[33.499s] -- Set runtime path of "/home/max/robotics-and-automation/week2/ws/ros2_ws/install/intra_process_demo/lib/intra_process_demo/two_node_pipeline" to ""
[33.499s] -- Installing: /home/max/robotics-and-automation/week2/ws/ros2_ws/install/intra_process_demo/lib/intra_process_demo/cyclic_pipeline
[33.501s] -- Set runtime path of "/home/max/robotics-and-automation/week2/ws/ros2_ws/install/intra_process_demo/lib/intra_process_demo/cyclic_pipeline" to ""
[33.501s] -- Installing: /home/max/robotics-and-automation/week2/ws/ros2_ws/install/intra_process_demo/lib/intra_process_demo/image_pipeline_all_in_one
[33.503s] -- Set runtime path of "/home/max/robotics-and-automation/week2/ws/ros2_ws/install/intra_process_demo/lib/intra_process_demo/image_pipeline_all_in_one" to ""
[33.503s] -- Installing: /home/max/robotics-and-automation/week2/ws/ros2_ws/install/intra_process_demo/lib/intra_process_demo/image_pipeline_with_two_image_view
[33.506s] -- Set runtime path of "/home/max/robotics-and-automation/week2/ws/ros2_ws/install/intra_process_demo/lib/intra_process_demo/image_pipeline_with_two_image_view" to ""
[33.506s] -- Installing: /home/max/robotics-and-automation/week2/ws/ros2_ws/install/intra_process_demo/lib/intra_process_demo/camera_node
[33.506s] -- Set runtime path of "/home/max/robotics-and-automation/week2/ws/ros2_ws/install/intra_process_demo/lib/intra_process_demo/camera_node" to ""
[33.506s] -- Installing: /home/max/robotics-and-automation/week2/ws/ros2_ws/install/intra_process_demo/lib/intra_process_demo/watermark_node
[33.508s] -- Set runtime path of "/home/max/robotics-and-automation/week2/ws/ros2_ws/install/intra_process_demo/lib/intra_process_demo/watermark_node" to ""
[33.509s] -- Installing: /home/max/robotics-and-automation/week2/ws/ros2_ws/install/intra_process_demo/lib/intra_process_demo/image_view_node
[33.511s] -- Set runtime path of "/home/max/robotics-and-automation/week2/ws/ros2_ws/install/intra_process_demo/lib/intra_process_demo/image_view_node" to ""
[33.511s] -- Installing: /home/max/robotics-and-automation/week2/ws/ros2_ws/install/intra_process_demo/include/intra_process_demo
[33.511s] -- Installing: /home/max/robotics-and-automation/week2/ws/ros2_ws/install/intra_process_demo/include/intra_process_demo/image_pipeline
[33.511s] -- Installing: /home/max/robotics-and-automation/week2/ws/ros2_ws/install/intra_process_demo/include/intra_process_demo/image_pipeline/watermark_node.hpp
[33.511s] -- Installing: /home/max/robotics-and-automation/week2/ws/ros2_ws/install/intra_process_demo/include/intra_process_demo/image_pipeline/camera_node.hpp
[33.511s] -- Installing: /home/max/robotics-and-automation/week2/ws/ros2_ws/install/intra_process_demo/include/intra_process_demo/image_pipeline/image_view_node.hpp
[33.511s] -- Installing: /home/max/robotics-and-automation/week2/ws/ros2_ws/install/intra_process_demo/include/intra_process_demo/image_pipeline/common.hpp
[33.511s] -- Installing: /home/max/robotics-and-automation/week2/ws/ros2_ws/install/intra_process_demo/share/ament_index/resource_index/package_run_dependencies/intra_process_demo
[33.511s] -- Installing: /home/max/robotics-and-automation/week2/ws/ros2_ws/install/intra_process_demo/share/ament_index/resource_index/parent_prefix_path/intra_process_demo
[33.511s] -- Installing: /home/max/robotics-and-automation/week2/ws/ros2_ws/install/intra_process_demo/share/intra_process_demo/environment/ament_prefix_path.sh
[33.511s] -- Installing: /home/max/robotics-and-automation/week2/ws/ros2_ws/install/intra_process_demo/share/intra_process_demo/environment/ament_prefix_path.dsv
[33.511s] -- Installing: /home/max/robotics-and-automation/week2/ws/ros2_ws/install/intra_process_demo/share/intra_process_demo/environment/path.sh
[33.512s] -- Installing: /home/max/robotics-and-automation/week2/ws/ros2_ws/install/intra_process_demo/share/intra_process_demo/environment/path.dsv
[33.512s] -- Installing: /home/max/robotics-and-automation/week2/ws/ros2_ws/install/intra_process_demo/share/intra_process_demo/local_setup.bash
[33.512s] -- Installing: /home/max/robotics-and-automation/week2/ws/ros2_ws/install/intra_process_demo/share/intra_process_demo/local_setup.sh
[33.512s] -- Installing: /home/max/robotics-and-automation/week2/ws/ros2_ws/install/intra_process_demo/share/intra_process_demo/local_setup.zsh
[33.512s] -- Installing: /home/max/robotics-and-automation/week2/ws/ros2_ws/install/intra_process_demo/share/intra_process_demo/local_setup.dsv
[33.512s] -- Installing: /home/max/robotics-and-automation/week2/ws/ros2_ws/install/intra_process_demo/share/intra_process_demo/package.dsv
[33.512s] -- Installing: /home/max/robotics-and-automation/week2/ws/ros2_ws/install/intra_process_demo/share/ament_index/resource_index/packages/intra_process_demo
[33.512s] -- Installing: /home/max/robotics-and-automation/week2/ws/ros2_ws/install/intra_process_demo/share/intra_process_demo/cmake/ament_cmake_export_include_directories-extras.cmake
[33.512s] -- Installing: /home/max/robotics-and-automation/week2/ws/ros2_ws/install/intra_process_demo/share/intra_process_demo/cmake/intra_process_demoConfig.cmake
[33.512s] -- Installing: /home/max/robotics-and-automation/week2/ws/ros2_ws/install/intra_process_demo/share/intra_process_demo/cmake/intra_process_demoConfig-version.cmake
[33.512s] -- Installing: /home/max/robotics-and-automation/week2/ws/ros2_ws/install/intra_process_demo/share/intra_process_demo/package.xml
[33.514s] Invoked command in '/home/max/robotics-and-automation/week2/ws/ros2_ws/build/intra_process_demo' returned '0': CMAKE_PREFIX_PATH=/opt/ros/humble /usr/bin/cmake --install /home/max/robotics-and-automation/week2/ws/ros2_ws/build/intra_process_demo
