running egg_info
creating ../../../../build/quality_of_service_demo_py/quality_of_service_demo_py.egg-info
writing ../../../../build/quality_of_service_demo_py/quality_of_service_demo_py.egg-info/PKG-INFO
writing dependency_links to ../../../../build/quality_of_service_demo_py/quality_of_service_demo_py.egg-info/dependency_links.txt
writing entry points to ../../../../build/quality_of_service_demo_py/quality_of_service_demo_py.egg-info/entry_points.txt
writing requirements to ../../../../build/quality_of_service_demo_py/quality_of_service_demo_py.egg-info/requires.txt
writing top-level names to ../../../../build/quality_of_service_demo_py/quality_of_service_demo_py.egg-info/top_level.txt
writing manifest file '../../../../build/quality_of_service_demo_py/quality_of_service_demo_py.egg-info/SOURCES.txt'
reading manifest file '../../../../build/quality_of_service_demo_py/quality_of_service_demo_py.egg-info/SOURCES.txt'
writing manifest file '../../../../build/quality_of_service_demo_py/quality_of_service_demo_py.egg-info/SOURCES.txt'
running build
running build_py
creating /home/max/robotics-and-automation/week2/ws/ros2_ws/build/quality_of_service_demo_py/build
creating /home/max/robotics-and-automation/week2/ws/ros2_ws/build/quality_of_service_demo_py/build/lib
creating /home/max/robotics-and-automation/week2/ws/ros2_ws/build/quality_of_service_demo_py/build/lib/quality_of_service_demo_py
copying quality_of_service_demo_py/__init__.py -> /home/max/robotics-and-automation/week2/ws/ros2_ws/build/quality_of_service_demo_py/build/lib/quality_of_service_demo_py
copying quality_of_service_demo_py/incompatible_qos.py -> /home/max/robotics-and-automation/week2/ws/ros2_ws/build/quality_of_service_demo_py/build/lib/quality_of_service_demo_py
copying quality_of_service_demo_py/qos_overrides_talker.py -> /home/max/robotics-and-automation/week2/ws/ros2_ws/build/quality_of_service_demo_py/build/lib/quality_of_service_demo_py
copying quality_of_service_demo_py/common_nodes.py -> /home/max/robotics-and-automation/week2/ws/ros2_ws/build/quality_of_service_demo_py/build/lib/quality_of_service_demo_py
copying quality_of_service_demo_py/liveliness.py -> /home/max/robotics-and-automation/week2/ws/ros2_ws/build/quality_of_service_demo_py/build/lib/quality_of_service_demo_py
copying quality_of_service_demo_py/qos_overrides_listener.py -> /home/max/robotics-and-automation/week2/ws/ros2_ws/build/quality_of_service_demo_py/build/lib/quality_of_service_demo_py
copying quality_of_service_demo_py/deadline.py -> /home/max/robotics-and-automation/week2/ws/ros2_ws/build/quality_of_service_demo_py/build/lib/quality_of_service_demo_py
copying quality_of_service_demo_py/message_lost_listener.py -> /home/max/robotics-and-automation/week2/ws/ros2_ws/build/quality_of_service_demo_py/build/lib/quality_of_service_demo_py
copying quality_of_service_demo_py/lifespan.py -> /home/max/robotics-and-automation/week2/ws/ros2_ws/build/quality_of_service_demo_py/build/lib/quality_of_service_demo_py
running install
running install_lib
creating /home/max/robotics-and-automation/week2/ws/ros2_ws/install/quality_of_service_demo_py/lib/python3.10/site-packages/quality_of_service_demo_py
copying /home/max/robotics-and-automation/week2/ws/ros2_ws/build/quality_of_service_demo_py/build/lib/quality_of_service_demo_py/__init__.py -> /home/max/robotics-and-automation/week2/ws/ros2_ws/install/quality_of_service_demo_py/lib/python3.10/site-packages/quality_of_service_demo_py
copying /home/max/robotics-and-automation/week2/ws/ros2_ws/build/quality_of_service_demo_py/build/lib/quality_of_service_demo_py/incompatible_qos.py -> /home/max/robotics-and-automation/week2/ws/ros2_ws/install/quality_of_service_demo_py/lib/python3.10/site-packages/quality_of_service_demo_py
copying /home/max/robotics-and-automation/week2/ws/ros2_ws/build/quality_of_service_demo_py/build/lib/quality_of_service_demo_py/qos_overrides_talker.py -> /home/max/robotics-and-automation/week2/ws/ros2_ws/install/quality_of_service_demo_py/lib/python3.10/site-packages/quality_of_service_demo_py
copying /home/max/robotics-and-automation/week2/ws/ros2_ws/build/quality_of_service_demo_py/build/lib/quality_of_service_demo_py/common_nodes.py -> /home/max/robotics-and-automation/week2/ws/ros2_ws/install/quality_of_service_demo_py/lib/python3.10/site-packages/quality_of_service_demo_py
copying /home/max/robotics-and-automation/week2/ws/ros2_ws/build/quality_of_service_demo_py/build/lib/quality_of_service_demo_py/liveliness.py -> /home/max/robotics-and-automation/week2/ws/ros2_ws/install/quality_of_service_demo_py/lib/python3.10/site-packages/quality_of_service_demo_py
copying /home/max/robotics-and-automation/week2/ws/ros2_ws/build/quality_of_service_demo_py/build/lib/quality_of_service_demo_py/qos_overrides_listener.py -> /home/max/robotics-and-automation/week2/ws/ros2_ws/install/quality_of_service_demo_py/lib/python3.10/site-packages/quality_of_service_demo_py
copying /home/max/robotics-and-automation/week2/ws/ros2_ws/build/quality_of_service_demo_py/build/lib/quality_of_service_demo_py/deadline.py -> /home/max/robotics-and-automation/week2/ws/ros2_ws/install/quality_of_service_demo_py/lib/python3.10/site-packages/quality_of_service_demo_py
copying /home/max/robotics-and-automation/week2/ws/ros2_ws/build/quality_of_service_demo_py/build/lib/quality_of_service_demo_py/message_lost_listener.py -> /home/max/robotics-and-automation/week2/ws/ros2_ws/install/quality_of_service_demo_py/lib/python3.10/site-packages/quality_of_service_demo_py
copying /home/max/robotics-and-automation/week2/ws/ros2_ws/build/quality_of_service_demo_py/build/lib/quality_of_service_demo_py/lifespan.py -> /home/max/robotics-and-automation/week2/ws/ros2_ws/install/quality_of_service_demo_py/lib/python3.10/site-packages/quality_of_service_demo_py
byte-compiling /home/max/robotics-and-automation/week2/ws/ros2_ws/install/quality_of_service_demo_py/lib/python3.10/site-packages/quality_of_service_demo_py/__init__.py to __init__.cpython-310.pyc
byte-compiling /home/max/robotics-and-automation/week2/ws/ros2_ws/install/quality_of_service_demo_py/lib/python3.10/site-packages/quality_of_service_demo_py/incompatible_qos.py to incompatible_qos.cpython-310.pyc
byte-compiling /home/max/robotics-and-automation/week2/ws/ros2_ws/install/quality_of_service_demo_py/lib/python3.10/site-packages/quality_of_service_demo_py/qos_overrides_talker.py to qos_overrides_talker.cpython-310.pyc
byte-compiling /home/max/robotics-and-automation/week2/ws/ros2_ws/install/quality_of_service_demo_py/lib/python3.10/site-packages/quality_of_service_demo_py/common_nodes.py to common_nodes.cpython-310.pyc
byte-compiling /home/max/robotics-and-automation/week2/ws/ros2_ws/install/quality_of_service_demo_py/lib/python3.10/site-packages/quality_of_service_demo_py/liveliness.py to liveliness.cpython-310.pyc
byte-compiling /home/max/robotics-and-automation/week2/ws/ros2_ws/install/quality_of_service_demo_py/lib/python3.10/site-packages/quality_of_service_demo_py/qos_overrides_listener.py to qos_overrides_listener.cpython-310.pyc
byte-compiling /home/max/robotics-and-automation/week2/ws/ros2_ws/install/quality_of_service_demo_py/lib/python3.10/site-packages/quality_of_service_demo_py/deadline.py to deadline.cpython-310.pyc
byte-compiling /home/max/robotics-and-automation/week2/ws/ros2_ws/install/quality_of_service_demo_py/lib/python3.10/site-packages/quality_of_service_demo_py/message_lost_listener.py to message_lost_listener.cpython-310.pyc
byte-compiling /home/max/robotics-and-automation/week2/ws/ros2_ws/install/quality_of_service_demo_py/lib/python3.10/site-packages/quality_of_service_demo_py/lifespan.py to lifespan.cpython-310.pyc
running install_data
creating /home/max/robotics-and-automation/week2/ws/ros2_ws/install/quality_of_service_demo_py/share/ament_index
creating /home/max/robotics-and-automation/week2/ws/ros2_ws/install/quality_of_service_demo_py/share/ament_index/resource_index
creating /home/max/robotics-and-automation/week2/ws/ros2_ws/install/quality_of_service_demo_py/share/ament_index/resource_index/packages
copying resource/quality_of_service_demo_py -> /home/max/robotics-and-automation/week2/ws/ros2_ws/install/quality_of_service_demo_py/share/ament_index/resource_index/packages
copying package.xml -> /home/max/robotics-and-automation/week2/ws/ros2_ws/install/quality_of_service_demo_py/share/quality_of_service_demo_py
running install_egg_info
Copying ../../../../build/quality_of_service_demo_py/quality_of_service_demo_py.egg-info to /home/max/robotics-and-automation/week2/ws/ros2_ws/install/quality_of_service_demo_py/lib/python3.10/site-packages/quality_of_service_demo_py-0.20.5-py3.10.egg-info
running install_scripts
Installing deadline script to /home/max/robotics-and-automation/week2/ws/ros2_ws/install/quality_of_service_demo_py/lib/quality_of_service_demo_py
Installing incompatible_qos script to /home/max/robotics-and-automation/week2/ws/ros2_ws/install/quality_of_service_demo_py/lib/quality_of_service_demo_py
Installing lifespan script to /home/max/robotics-and-automation/week2/ws/ros2_ws/install/quality_of_service_demo_py/lib/quality_of_service_demo_py
Installing liveliness script to /home/max/robotics-and-automation/week2/ws/ros2_ws/install/quality_of_service_demo_py/lib/quality_of_service_demo_py
Installing message_lost_listener script to /home/max/robotics-and-automation/week2/ws/ros2_ws/install/quality_of_service_demo_py/lib/quality_of_service_demo_py
Installing qos_overrides_listener script to /home/max/robotics-and-automation/week2/ws/ros2_ws/install/quality_of_service_demo_py/lib/quality_of_service_demo_py
Installing qos_overrides_talker script to /home/max/robotics-and-automation/week2/ws/ros2_ws/install/quality_of_service_demo_py/lib/quality_of_service_demo_py
writing list of installed files to '/home/max/robotics-and-automation/week2/ws/ros2_ws/build/quality_of_service_demo_py/install.log'
