[2.219s] Invoking command in '/home/max/robotics-and-automation/week2/ws/ros2_ws/src/demos/quality_of_service_demo/rclpy': PYTHONPATH=/home/max/robotics-and-automation/week2/ws/ros2_ws/build/quality_of_service_demo_py/prefix_override:/usr/lib/python3/dist-packages/colcon_core/task/python/colcon_distutils_commands:/home/max/robotics-and-automation/week2/ws/ros2_ws/install/quality_of_service_demo_py/lib/python3.10/site-packages:${PYTHONPATH} /usr/bin/python3 -W ignore:setup.py install is deprecated setup.py egg_info --egg-base ../../../../build/quality_of_service_demo_py build --build-base /home/max/robotics-and-automation/week2/ws/ros2_ws/build/quality_of_service_demo_py/build install --record /home/max/robotics-and-automation/week2/ws/ros2_ws/build/quality_of_service_demo_py/install.log --single-version-externally-managed install_data
[5.012s] running egg_info
[5.012s] creating ../../../../build/quality_of_service_demo_py/quality_of_service_demo_py.egg-info
[5.012s] writing ../../../../build/quality_of_service_demo_py/quality_of_service_demo_py.egg-info/PKG-INFO
[5.012s] writing dependency_links to ../../../../build/quality_of_service_demo_py/quality_of_service_demo_py.egg-info/dependency_links.txt
[5.012s] writing entry points to ../../../../build/quality_of_service_demo_py/quality_of_service_demo_py.egg-info/entry_points.txt
[5.012s] writing requirements to ../../../../build/quality_of_service_demo_py/quality_of_service_demo_py.egg-info/requires.txt
[5.012s] writing top-level names to ../../../../build/quality_of_service_demo_py/quality_of_service_demo_py.egg-info/top_level.txt
[5.012s] writing manifest file '../../../../build/quality_of_service_demo_py/quality_of_service_demo_py.egg-info/SOURCES.txt'
[5.012s] reading manifest file '../../../../build/quality_of_service_demo_py/quality_of_service_demo_py.egg-info/SOURCES.txt'
[5.012s] writing manifest file '../../../../build/quality_of_service_demo_py/quality_of_service_demo_py.egg-info/SOURCES.txt'
[5.012s] running build
[5.012s] running build_py
[5.012s] creating /home/max/robotics-and-automation/week2/ws/ros2_ws/build/quality_of_service_demo_py/build
[5.012s] creating /home/max/robotics-and-automation/week2/ws/ros2_ws/build/quality_of_service_demo_py/build/lib
[5.012s] creating /home/max/robotics-and-automation/week2/ws/ros2_ws/build/quality_of_service_demo_py/build/lib/quality_of_service_demo_py
[5.012s] copying quality_of_service_demo_py/__init__.py -> /home/max/robotics-and-automation/week2/ws/ros2_ws/build/quality_of_service_demo_py/build/lib/quality_of_service_demo_py
[5.012s] copying quality_of_service_demo_py/incompatible_qos.py -> /home/max/robotics-and-automation/week2/ws/ros2_ws/build/quality_of_service_demo_py/build/lib/quality_of_service_demo_py
[5.012s] copying quality_of_service_demo_py/qos_overrides_talker.py -> /home/max/robotics-and-automation/week2/ws/ros2_ws/build/quality_of_service_demo_py/build/lib/quality_of_service_demo_py
[5.012s] copying quality_of_service_demo_py/common_nodes.py -> /home/max/robotics-and-automation/week2/ws/ros2_ws/build/quality_of_service_demo_py/build/lib/quality_of_service_demo_py
[5.012s] copying quality_of_service_demo_py/liveliness.py -> /home/max/robotics-and-automation/week2/ws/ros2_ws/build/quality_of_service_demo_py/build/lib/quality_of_service_demo_py
[5.012s] copying quality_of_service_demo_py/qos_overrides_listener.py -> /home/max/robotics-and-automation/week2/ws/ros2_ws/build/quality_of_service_demo_py/build/lib/quality_of_service_demo_py
[5.012s] copying quality_of_service_demo_py/deadline.py -> /home/max/robotics-and-automation/week2/ws/ros2_ws/build/quality_of_service_demo_py/build/lib/quality_of_service_demo_py
[5.012s] copying quality_of_service_demo_py/message_lost_listener.py -> /home/max/robotics-and-automation/week2/ws/ros2_ws/build/quality_of_service_demo_py/build/lib/quality_of_service_demo_py
[5.012s] copying quality_of_service_demo_py/lifespan.py -> /home/max/robotics-and-automation/week2/ws/ros2_ws/build/quality_of_service_demo_py/build/lib/quality_of_service_demo_py
[5.013s] running install
[5.013s] running install_lib
[5.013s] creating /home/max/robotics-and-automation/week2/ws/ros2_ws/install/quality_of_service_demo_py/lib/python3.10/site-packages/quality_of_service_demo_py
[5.013s] copying /home/max/robotics-and-automation/week2/ws/ros2_ws/build/quality_of_service_demo_py/build/lib/quality_of_service_demo_py/__init__.py -> /home/max/robotics-and-automation/week2/ws/ros2_ws/install/quality_of_service_demo_py/lib/python3.10/site-packages/quality_of_service_demo_py
[5.013s] copying /home/max/robotics-and-automation/week2/ws/ros2_ws/build/quality_of_service_demo_py/build/lib/quality_of_service_demo_py/incompatible_qos.py -> /home/max/robotics-and-automation/week2/ws/ros2_ws/install/quality_of_service_demo_py/lib/python3.10/site-packages/quality_of_service_demo_py
[5.013s] copying /home/max/robotics-and-automation/week2/ws/ros2_ws/build/quality_of_service_demo_py/build/lib/quality_of_service_demo_py/qos_overrides_talker.py -> /home/max/robotics-and-automation/week2/ws/ros2_ws/install/quality_of_service_demo_py/lib/python3.10/site-packages/quality_of_service_demo_py
[5.013s] copying /home/max/robotics-and-automation/week2/ws/ros2_ws/build/quality_of_service_demo_py/build/lib/quality_of_service_demo_py/common_nodes.py -> /home/max/robotics-and-automation/week2/ws/ros2_ws/install/quality_of_service_demo_py/lib/python3.10/site-packages/quality_of_service_demo_py
[5.013s] copying /home/max/robotics-and-automation/week2/ws/ros2_ws/build/quality_of_service_demo_py/build/lib/quality_of_service_demo_py/liveliness.py -> /home/max/robotics-and-automation/week2/ws/ros2_ws/install/quality_of_service_demo_py/lib/python3.10/site-packages/quality_of_service_demo_py
[5.013s] copying /home/max/robotics-and-automation/week2/ws/ros2_ws/build/quality_of_service_demo_py/build/lib/quality_of_service_demo_py/qos_overrides_listener.py -> /home/max/robotics-and-automation/week2/ws/ros2_ws/install/quality_of_service_demo_py/lib/python3.10/site-packages/quality_of_service_demo_py
[5.013s] copying /home/max/robotics-and-automation/week2/ws/ros2_ws/build/quality_of_service_demo_py/build/lib/quality_of_service_demo_py/deadline.py -> /home/max/robotics-and-automation/week2/ws/ros2_ws/install/quality_of_service_demo_py/lib/python3.10/site-packages/quality_of_service_demo_py
[5.013s] copying /home/max/robotics-and-automation/week2/ws/ros2_ws/build/quality_of_service_demo_py/build/lib/quality_of_service_demo_py/message_lost_listener.py -> /home/max/robotics-and-automation/week2/ws/ros2_ws/install/quality_of_service_demo_py/lib/python3.10/site-packages/quality_of_service_demo_py
[5.013s] copying /home/max/robotics-and-automation/week2/ws/ros2_ws/build/quality_of_service_demo_py/build/lib/quality_of_service_demo_py/lifespan.py -> /home/max/robotics-and-automation/week2/ws/ros2_ws/install/quality_of_service_demo_py/lib/python3.10/site-packages/quality_of_service_demo_py
[5.013s] byte-compiling /home/max/robotics-and-automation/week2/ws/ros2_ws/install/quality_of_service_demo_py/lib/python3.10/site-packages/quality_of_service_demo_py/__init__.py to __init__.cpython-310.pyc
[5.013s] byte-compiling /home/max/robotics-and-automation/week2/ws/ros2_ws/install/quality_of_service_demo_py/lib/python3.10/site-packages/quality_of_service_demo_py/incompatible_qos.py to incompatible_qos.cpython-310.pyc
[5.013s] byte-compiling /home/max/robotics-and-automation/week2/ws/ros2_ws/install/quality_of_service_demo_py/lib/python3.10/site-packages/quality_of_service_demo_py/qos_overrides_talker.py to qos_overrides_talker.cpython-310.pyc
[5.013s] byte-compiling /home/max/robotics-and-automation/week2/ws/ros2_ws/install/quality_of_service_demo_py/lib/python3.10/site-packages/quality_of_service_demo_py/common_nodes.py to common_nodes.cpython-310.pyc
[5.013s] byte-compiling /home/max/robotics-and-automation/week2/ws/ros2_ws/install/quality_of_service_demo_py/lib/python3.10/site-packages/quality_of_service_demo_py/liveliness.py to liveliness.cpython-310.pyc
[5.013s] byte-compiling /home/max/robotics-and-automation/week2/ws/ros2_ws/install/quality_of_service_demo_py/lib/python3.10/site-packages/quality_of_service_demo_py/qos_overrides_listener.py to qos_overrides_listener.cpython-310.pyc
[5.013s] byte-compiling /home/max/robotics-and-automation/week2/ws/ros2_ws/install/quality_of_service_demo_py/lib/python3.10/site-packages/quality_of_service_demo_py/deadline.py to deadline.cpython-310.pyc
[5.013s] byte-compiling /home/max/robotics-and-automation/week2/ws/ros2_ws/install/quality_of_service_demo_py/lib/python3.10/site-packages/quality_of_service_demo_py/message_lost_listener.py to message_lost_listener.cpython-310.pyc
[5.013s] byte-compiling /home/max/robotics-and-automation/week2/ws/ros2_ws/install/quality_of_service_demo_py/lib/python3.10/site-packages/quality_of_service_demo_py/lifespan.py to lifespan.cpython-310.pyc
[5.013s] running install_data
[5.013s] creating /home/max/robotics-and-automation/week2/ws/ros2_ws/install/quality_of_service_demo_py/share/ament_index
[5.013s] creating /home/max/robotics-and-automation/week2/ws/ros2_ws/install/quality_of_service_demo_py/share/ament_index/resource_index
[5.013s] creating /home/max/robotics-and-automation/week2/ws/ros2_ws/install/quality_of_service_demo_py/share/ament_index/resource_index/packages
[5.013s] copying resource/quality_of_service_demo_py -> /home/max/robotics-and-automation/week2/ws/ros2_ws/install/quality_of_service_demo_py/share/ament_index/resource_index/packages
[5.013s] copying package.xml -> /home/max/robotics-and-automation/week2/ws/ros2_ws/install/quality_of_service_demo_py/share/quality_of_service_demo_py
[5.013s] running install_egg_info
[5.013s] Copying ../../../../build/quality_of_service_demo_py/quality_of_service_demo_py.egg-info to /home/max/robotics-and-automation/week2/ws/ros2_ws/install/quality_of_service_demo_py/lib/python3.10/site-packages/quality_of_service_demo_py-0.20.5-py3.10.egg-info
[5.013s] running install_scripts
[5.013s] Installing deadline script to /home/max/robotics-and-automation/week2/ws/ros2_ws/install/quality_of_service_demo_py/lib/quality_of_service_demo_py
[5.014s] Installing incompatible_qos script to /home/max/robotics-and-automation/week2/ws/ros2_ws/install/quality_of_service_demo_py/lib/quality_of_service_demo_py
[5.014s] Installing lifespan script to /home/max/robotics-and-automation/week2/ws/ros2_ws/install/quality_of_service_demo_py/lib/quality_of_service_demo_py
[5.014s] Installing liveliness script to /home/max/robotics-and-automation/week2/ws/ros2_ws/install/quality_of_service_demo_py/lib/quality_of_service_demo_py
[5.014s] Installing message_lost_listener script to /home/max/robotics-and-automation/week2/ws/ros2_ws/install/quality_of_service_demo_py/lib/quality_of_service_demo_py
[5.014s] Installing qos_overrides_listener script to /home/max/robotics-and-automation/week2/ws/ros2_ws/install/quality_of_service_demo_py/lib/quality_of_service_demo_py
[5.014s] Installing qos_overrides_talker script to /home/max/robotics-and-automation/week2/ws/ros2_ws/install/quality_of_service_demo_py/lib/quality_of_service_demo_py
[5.014s] writing list of installed files to '/home/max/robotics-and-automation/week2/ws/ros2_ws/build/quality_of_service_demo_py/install.log'
[5.038s] Invoked command in '/home/max/robotics-and-automation/week2/ws/ros2_ws/src/demos/quality_of_service_demo/rclpy' returned '0': PYTHONPATH=/home/max/robotics-and-automation/week2/ws/ros2_ws/build/quality_of_service_demo_py/prefix_override:/usr/lib/python3/dist-packages/colcon_core/task/python/colcon_distutils_commands:/home/max/robotics-and-automation/week2/ws/ros2_ws/install/quality_of_service_demo_py/lib/python3.10/site-packages:${PYTHONPATH} /usr/bin/python3 -W ignore:setup.py install is deprecated setup.py egg_info --egg-base ../../../../build/quality_of_service_demo_py build --build-base /home/max/robotics-and-automation/week2/ws/ros2_ws/build/quality_of_service_demo_py/build install --record /home/max/robotics-and-automation/week2/ws/ros2_ws/build/quality_of_service_demo_py/install.log --single-version-externally-managed install_data
