[1.483s] Invoking command in '/home/max/robotics-and-automation/week2/ws/ros2_ws/src/examples/rclpy/guard_conditions': PYTHONPATH=/home/max/robotics-and-automation/week2/ws/ros2_ws/build/examples_rclpy_guard_conditions/prefix_override:/usr/lib/python3/dist-packages/colcon_core/task/python/colcon_distutils_commands:/home/max/robotics-and-automation/week2/ws/ros2_ws/install/examples_rclpy_guard_conditions/lib/python3.10/site-packages:${PYTHONPATH} /usr/bin/python3 -W ignore:setup.py install is deprecated setup.py egg_info --egg-base ../../../../build/examples_rclpy_guard_conditions build --build-base /home/max/robotics-and-automation/week2/ws/ros2_ws/build/examples_rclpy_guard_conditions/build install --record /home/max/robotics-and-automation/week2/ws/ros2_ws/build/examples_rclpy_guard_conditions/install.log --single-version-externally-managed install_data
[2.184s] running egg_info
[2.184s] creating ../../../../build/examples_rclpy_guard_conditions/examples_rclpy_guard_conditions.egg-info
[2.187s] writing ../../../../build/examples_rclpy_guard_conditions/examples_rclpy_guard_conditions.egg-info/PKG-INFO
[2.187s] writing dependency_links to ../../../../build/examples_rclpy_guard_conditions/examples_rclpy_guard_conditions.egg-info/dependency_links.txt
[2.187s] writing entry points to ../../../../build/examples_rclpy_guard_conditions/examples_rclpy_guard_conditions.egg-info/entry_points.txt
[2.187s] writing requirements to ../../../../build/examples_rclpy_guard_conditions/examples_rclpy_guard_conditions.egg-info/requires.txt
[2.187s] writing top-level names to ../../../../build/examples_rclpy_guard_conditions/examples_rclpy_guard_conditions.egg-info/top_level.txt
[2.187s] writing manifest file '../../../../build/examples_rclpy_guard_conditions/examples_rclpy_guard_conditions.egg-info/SOURCES.txt'
[2.187s] reading manifest file '../../../../build/examples_rclpy_guard_conditions/examples_rclpy_guard_conditions.egg-info/SOURCES.txt'
[2.187s] writing manifest file '../../../../build/examples_rclpy_guard_conditions/examples_rclpy_guard_conditions.egg-info/SOURCES.txt'
[2.187s] running build
[2.187s] running build_py
[2.187s] creating /home/max/robotics-and-automation/week2/ws/ros2_ws/build/examples_rclpy_guard_conditions/build
[2.188s] creating /home/max/robotics-and-automation/week2/ws/ros2_ws/build/examples_rclpy_guard_conditions/build/lib
[2.188s] creating /home/max/robotics-and-automation/week2/ws/ros2_ws/build/examples_rclpy_guard_conditions/build/lib/examples_rclpy_guard_conditions
[2.188s] copying examples_rclpy_guard_conditions/__init__.py -> /home/max/robotics-and-automation/week2/ws/ros2_ws/build/examples_rclpy_guard_conditions/build/lib/examples_rclpy_guard_conditions
[2.188s] copying examples_rclpy_guard_conditions/trigger_guard_condition.py -> /home/max/robotics-and-automation/week2/ws/ros2_ws/build/examples_rclpy_guard_conditions/build/lib/examples_rclpy_guard_conditions
[2.188s] running install
[2.188s] running install_lib
[2.188s] creating /home/max/robotics-and-automation/week2/ws/ros2_ws/install/examples_rclpy_guard_conditions/lib/python3.10/site-packages/examples_rclpy_guard_conditions
[2.188s] copying /home/max/robotics-and-automation/week2/ws/ros2_ws/build/examples_rclpy_guard_conditions/build/lib/examples_rclpy_guard_conditions/__init__.py -> /home/max/robotics-and-automation/week2/ws/ros2_ws/install/examples_rclpy_guard_conditions/lib/python3.10/site-packages/examples_rclpy_guard_conditions
[2.188s] copying /home/max/robotics-and-automation/week2/ws/ros2_ws/build/examples_rclpy_guard_conditions/build/lib/examples_rclpy_guard_conditions/trigger_guard_condition.py -> /home/max/robotics-and-automation/week2/ws/ros2_ws/install/examples_rclpy_guard_conditions/lib/python3.10/site-packages/examples_rclpy_guard_conditions
[2.188s] byte-compiling /home/max/robotics-and-automation/week2/ws/ros2_ws/install/examples_rclpy_guard_conditions/lib/python3.10/site-packages/examples_rclpy_guard_conditions/__init__.py to __init__.cpython-310.pyc
[2.188s] byte-compiling /home/max/robotics-and-automation/week2/ws/ros2_ws/install/examples_rclpy_guard_conditions/lib/python3.10/site-packages/examples_rclpy_guard_conditions/trigger_guard_condition.py to trigger_guard_condition.cpython-310.pyc
[2.188s] running install_data
[2.188s] creating /home/max/robotics-and-automation/week2/ws/ros2_ws/install/examples_rclpy_guard_conditions/share/ament_index
[2.188s] creating /home/max/robotics-and-automation/week2/ws/ros2_ws/install/examples_rclpy_guard_conditions/share/ament_index/resource_index
[2.188s] creating /home/max/robotics-and-automation/week2/ws/ros2_ws/install/examples_rclpy_guard_conditions/share/ament_index/resource_index/packages
[2.188s] copying resource/examples_rclpy_guard_conditions -> /home/max/robotics-and-automation/week2/ws/ros2_ws/install/examples_rclpy_guard_conditions/share/ament_index/resource_index/packages
[2.188s] copying package.xml -> /home/max/robotics-and-automation/week2/ws/ros2_ws/install/examples_rclpy_guard_conditions/share/examples_rclpy_guard_conditions
[2.188s] running install_egg_info
[2.188s] Copying ../../../../build/examples_rclpy_guard_conditions/examples_rclpy_guard_conditions.egg-info to /home/max/robotics-and-automation/week2/ws/ros2_ws/install/examples_rclpy_guard_conditions/lib/python3.10/site-packages/examples_rclpy_guard_conditions-0.15.2-py3.10.egg-info
[2.188s] running install_scripts
[2.188s] Installing trigger_guard_condition script to /home/max/robotics-and-automation/week2/ws/ros2_ws/install/examples_rclpy_guard_conditions/lib/examples_rclpy_guard_conditions
[2.188s] writing list of installed files to '/home/max/robotics-and-automation/week2/ws/ros2_ws/build/examples_rclpy_guard_conditions/install.log'
[2.215s] Invoked command in '/home/max/robotics-and-automation/week2/ws/ros2_ws/src/examples/rclpy/guard_conditions' returned '0': PYTHONPATH=/home/max/robotics-and-automation/week2/ws/ros2_ws/build/examples_rclpy_guard_conditions/prefix_override:/usr/lib/python3/dist-packages/colcon_core/task/python/colcon_distutils_commands:/home/max/robotics-and-automation/week2/ws/ros2_ws/install/examples_rclpy_guard_conditions/lib/python3.10/site-packages:${PYTHONPATH} /usr/bin/python3 -W ignore:setup.py install is deprecated setup.py egg_info --egg-base ../../../../build/examples_rclpy_guard_conditions build --build-base /home/max/robotics-and-automation/week2/ws/ros2_ws/build/examples_rclpy_guard_conditions/build install --record /home/max/robotics-and-automation/week2/ws/ros2_ws/build/examples_rclpy_guard_conditions/install.log --single-version-externally-managed install_data
