-- Found ament_cmake: 1.3.10 (/opt/ros/humble/share/ament_cmake/cmake)
-- Found geometry_msgs: 4.2.4 (/opt/ros/humble/share/geometry_msgs/cmake)
-- Found rosidl_generator_c: 3.1.5 (/opt/ros/humble/share/rosidl_generator_c/cmake)
-- Found rosidl_adapter: 3.1.5 (/opt/ros/humble/share/rosidl_adapter/cmake)
-- Found rosidl_generator_cpp: 3.1.5 (/opt/ros/humble/share/rosidl_generator_cpp/cmake)
-- Using all available rosidl_typesupport_c: rosidl_typesupport_fastrtps_c;rosidl_typesupport_introspection_c
-- Using all available rosidl_typesupport_cpp: rosidl_typesupport_fastrtps_cpp;rosidl_typesupport_introspection_cpp
-- Found ament_cmake_ros: 0.10.0 (/opt/ros/humble/share/ament_cmake_ros/cmake)
-- Using all available rosidl_typesupport_c: rosidl_typesupport_fastrtps_c;rosidl_typesupport_introspection_c
-- Using all available rosidl_typesupport_cpp: rosidl_typesupport_fastrtps_cpp;rosidl_typesupport_introspection_cpp
-- Found ament_lint_auto: 0.12.11 (/opt/ros/humble/share/ament_lint_auto/cmake)
-- Added test 'lint_cmake' to check CMake code style
-- Added test 'xmllint' to check XML markup files
-- Configuring done
-- Generating done
-- Build files have been written to: /home/max/robotics-and-automation/week2/ws/ros2_tutorial_workspace/build/packages_with_interfaces
[  3%] [34m[1mGenerating C code for ROS interfaces[0m
[  6%] [34m[1mGenerating C++ code for ROS interfaces[0m
[  6%] Built target packages_with_interfaces__cpp
[ 10%] [32mBuilding C object CMakeFiles/packages_with_interfaces__rosidl_generator_c.dir/rosidl_generator_c/packages_with_interfaces/msg/detail/amazing_quote__functions.c.o[0m
[ 13%] [32mBuilding C object CMakeFiles/packages_with_interfaces__rosidl_generator_c.dir/rosidl_generator_c/packages_with_interfaces/srv/detail/what_is_the_point__functions.c.o[0m
[ 20%] [34m[1mGenerating C++ type support dispatch for ROS interfaces[0m
[ 20%] [34m[1mGenerating C++ type support for eProsima Fast-RTPS[0m
[ 24%] [34m[1mGenerating C++ introspection for ROS interfaces[0m
[ 27%] [32m[1mLinking C shared library libpackages_with_interfaces__rosidl_generator_c.so[0m
[ 27%] Built target packages_with_interfaces__rosidl_generator_c
[ 37%] [34m[1mGenerating C introspection for ROS interfaces[0m
[ 37%] [34m[1mGenerating C type support for eProsima Fast-RTPS[0m
[ 37%] [34m[1mGenerating C type support dispatch for ROS interfaces[0m
[ 41%] [32mBuilding CXX object CMakeFiles/packages_with_interfaces__rosidl_typesupport_cpp.dir/rosidl_typesupport_cpp/packages_with_interfaces/msg/amazing_quote__type_support.cpp.o[0m
[ 44%] [32mBuilding CXX object CMakeFiles/packages_with_interfaces__rosidl_typesupport_cpp.dir/rosidl_typesupport_cpp/packages_with_interfaces/srv/what_is_the_point__type_support.cpp.o[0m
[ 51%] [32mBuilding CXX object CMakeFiles/packages_with_interfaces__rosidl_typesupport_introspection_cpp.dir/rosidl_typesupport_introspection_cpp/packages_with_interfaces/msg/detail/amazing_quote__type_support.cpp.o[0m
[ 51%] [32mBuilding CXX object CMakeFiles/packages_with_interfaces__rosidl_typesupport_introspection_cpp.dir/rosidl_typesupport_introspection_cpp/packages_with_interfaces/srv/detail/what_is_the_point__type_support.cpp.o[0m
[ 55%] [32mBuilding CXX object CMakeFiles/packages_with_interfaces__rosidl_typesupport_fastrtps_cpp.dir/rosidl_typesupport_fastrtps_cpp/packages_with_interfaces/msg/detail/dds_fastrtps/amazing_quote__type_support.cpp.o[0m
[ 58%] [32mBuilding CXX object CMakeFiles/packages_with_interfaces__rosidl_typesupport_fastrtps_cpp.dir/rosidl_typesupport_fastrtps_cpp/packages_with_interfaces/srv/detail/dds_fastrtps/what_is_the_point__type_support.cpp.o[0m
[ 62%] [32mBuilding CXX object CMakeFiles/packages_with_interfaces__rosidl_typesupport_c.dir/rosidl_typesupport_c/packages_with_interfaces/msg/amazing_quote__type_support.cpp.o[0m
[ 65%] [32mBuilding CXX object CMakeFiles/packages_with_interfaces__rosidl_typesupport_c.dir/rosidl_typesupport_c/packages_with_interfaces/srv/what_is_the_point__type_support.cpp.o[0m
[ 75%] [32mBuilding CXX object CMakeFiles/packages_with_interfaces__rosidl_typesupport_fastrtps_c.dir/rosidl_typesupport_fastrtps_c/packages_with_interfaces/msg/detail/amazing_quote__type_support_c.cpp.o[0m
[ 75%] [32mBuilding C object CMakeFiles/packages_with_interfaces__rosidl_typesupport_introspection_c.dir/rosidl_typesupport_introspection_c/packages_with_interfaces/msg/detail/amazing_quote__type_support.c.o[0m
[ 75%] [32mBuilding C object CMakeFiles/packages_with_interfaces__rosidl_typesupport_introspection_c.dir/rosidl_typesupport_introspection_c/packages_with_interfaces/srv/detail/what_is_the_point__type_support.c.o[0m
[ 79%] [32mBuilding CXX object CMakeFiles/packages_with_interfaces__rosidl_typesupport_fastrtps_c.dir/rosidl_typesupport_fastrtps_c/packages_with_interfaces/srv/detail/what_is_the_point__type_support_c.cpp.o[0m
[ 82%] [32m[1mLinking CXX shared library libpackages_with_interfaces__rosidl_typesupport_c.so[0m
[ 86%] [32m[1mLinking C shared library libpackages_with_interfaces__rosidl_typesupport_introspection_c.so[0m
[ 86%] Built target packages_with_interfaces__rosidl_typesupport_c
[ 86%] Built target packages_with_interfaces__rosidl_typesupport_introspection_c
[ 89%] [32m[1mLinking CXX shared library libpackages_with_interfaces__rosidl_typesupport_cpp.so[0m
[ 93%] [32m[1mLinking CXX shared library libpackages_with_interfaces__rosidl_typesupport_introspection_cpp.so[0m
[ 93%] Built target packages_with_interfaces__rosidl_typesupport_cpp
[ 93%] Built target packages_with_interfaces__rosidl_typesupport_introspection_cpp
[ 96%] [32m[1mLinking CXX shared library libpackages_with_interfaces__rosidl_typesupport_fastrtps_cpp.so[0m
[100%] [32m[1mLinking CXX shared library libpackages_with_interfaces__rosidl_typesupport_fastrtps_c.so[0m
[100%] Built target packages_with_interfaces__rosidl_typesupport_fastrtps_cpp
[100%] Built target packages_with_interfaces__rosidl_typesupport_fastrtps_c
[100%] Built target packages_with_interfaces
-- Install configuration: ""
-- Installing: /home/max/robotics-and-automation/week2/ws/ros2_tutorial_workspace/install/packages_with_interfaces/share/ament_index/resource_index/rosidl_interfaces/packages_with_interfaces
-- Installing: /home/max/robotics-and-automation/week2/ws/ros2_tutorial_workspace/install/packages_with_interfaces/include/packages_with_interfaces/packages_with_interfaces
-- Installing: /home/max/robotics-and-automation/week2/ws/ros2_tutorial_workspace/install/packages_with_interfaces/include/packages_with_interfaces/packages_with_interfaces/srv
-- Installing: /home/max/robotics-and-automation/week2/ws/ros2_tutorial_workspace/install/packages_with_interfaces/include/packages_with_interfaces/packages_with_interfaces/srv/what_is_the_point.h
-- Installing: /home/max/robotics-and-automation/week2/ws/ros2_tutorial_workspace/install/packages_with_interfaces/include/packages_with_interfaces/packages_with_interfaces/srv/detail
-- Installing: /home/max/robotics-and-automation/week2/ws/ros2_tutorial_workspace/install/packages_with_interfaces/include/packages_with_interfaces/packages_with_interfaces/srv/detail/what_is_the_point__functions.h
-- Installing: /home/max/robotics-and-automation/week2/ws/ros2_tutorial_workspace/install/packages_with_interfaces/include/packages_with_interfaces/packages_with_interfaces/srv/detail/what_is_the_point__type_support.h
-- Installing: /home/max/robotics-and-automation/week2/ws/ros2_tutorial_workspace/install/packages_with_interfaces/include/packages_with_interfaces/packages_with_interfaces/srv/detail/what_is_the_point__struct.h
-- Installing: /home/max/robotics-and-automation/week2/ws/ros2_tutorial_workspace/install/packages_with_interfaces/include/packages_with_interfaces/packages_with_interfaces/srv/detail/what_is_the_point__functions.c
-- Installing: /home/max/robotics-and-automation/week2/ws/ros2_tutorial_workspace/install/packages_with_interfaces/include/packages_with_interfaces/packages_with_interfaces/msg
-- Installing: /home/max/robotics-and-automation/week2/ws/ros2_tutorial_workspace/install/packages_with_interfaces/include/packages_with_interfaces/packages_with_interfaces/msg/detail
-- Installing: /home/max/robotics-and-automation/week2/ws/ros2_tutorial_workspace/install/packages_with_interfaces/include/packages_with_interfaces/packages_with_interfaces/msg/detail/amazing_quote__struct.h
-- Installing: /home/max/robotics-and-automation/week2/ws/ros2_tutorial_workspace/install/packages_with_interfaces/include/packages_with_interfaces/packages_with_interfaces/msg/detail/amazing_quote__functions.c
-- Installing: /home/max/robotics-and-automation/week2/ws/ros2_tutorial_workspace/install/packages_with_interfaces/include/packages_with_interfaces/packages_with_interfaces/msg/detail/amazing_quote__functions.h
-- Installing: /home/max/robotics-and-automation/week2/ws/ros2_tutorial_workspace/install/packages_with_interfaces/include/packages_with_interfaces/packages_with_interfaces/msg/detail/amazing_quote__type_support.h
-- Installing: /home/max/robotics-and-automation/week2/ws/ros2_tutorial_workspace/install/packages_with_interfaces/include/packages_with_interfaces/packages_with_interfaces/msg/amazing_quote.h
-- Installing: /home/max/robotics-and-automation/week2/ws/ros2_tutorial_workspace/install/packages_with_interfaces/include/packages_with_interfaces/packages_with_interfaces/msg/rosidl_generator_c__visibility_control.h
-- Installing: /home/max/robotics-and-automation/week2/ws/ros2_tutorial_workspace/install/packages_with_interfaces/share/packages_with_interfaces/environment/library_path.sh
-- Installing: /home/max/robotics-and-automation/week2/ws/ros2_tutorial_workspace/install/packages_with_interfaces/share/packages_with_interfaces/environment/library_path.dsv
-- Installing: /home/max/robotics-and-automation/week2/ws/ros2_tutorial_workspace/install/packages_with_interfaces/lib/libpackages_with_interfaces__rosidl_generator_c.so
-- Set runtime path of "/home/max/robotics-and-automation/week2/ws/ros2_tutorial_workspace/install/packages_with_interfaces/lib/libpackages_with_interfaces__rosidl_generator_c.so" to ""
-- Up-to-date: /home/max/robotics-and-automation/week2/ws/ros2_tutorial_workspace/install/packages_with_interfaces/include/packages_with_interfaces/packages_with_interfaces
-- Up-to-date: /home/max/robotics-and-automation/week2/ws/ros2_tutorial_workspace/install/packages_with_interfaces/include/packages_with_interfaces/packages_with_interfaces/srv
-- Up-to-date: /home/max/robotics-and-automation/week2/ws/ros2_tutorial_workspace/install/packages_with_interfaces/include/packages_with_interfaces/packages_with_interfaces/srv/detail
-- Installing: /home/max/robotics-and-automation/week2/ws/ros2_tutorial_workspace/install/packages_with_interfaces/include/packages_with_interfaces/packages_with_interfaces/srv/detail/what_is_the_point__rosidl_typesupport_fastrtps_c.h
-- Up-to-date: /home/max/robotics-and-automation/week2/ws/ros2_tutorial_workspace/install/packages_with_interfaces/include/packages_with_interfaces/packages_with_interfaces/msg
-- Installing: /home/max/robotics-and-automation/week2/ws/ros2_tutorial_workspace/install/packages_with_interfaces/include/packages_with_interfaces/packages_with_interfaces/msg/rosidl_typesupport_fastrtps_c__visibility_control.h
-- Up-to-date: /home/max/robotics-and-automation/week2/ws/ros2_tutorial_workspace/install/packages_with_interfaces/include/packages_with_interfaces/packages_with_interfaces/msg/detail
-- Installing: /home/max/robotics-and-automation/week2/ws/ros2_tutorial_workspace/install/packages_with_interfaces/include/packages_with_interfaces/packages_with_interfaces/msg/detail/amazing_quote__rosidl_typesupport_fastrtps_c.h
-- Installing: /home/max/robotics-and-automation/week2/ws/ros2_tutorial_workspace/install/packages_with_interfaces/lib/libpackages_with_interfaces__rosidl_typesupport_fastrtps_c.so
-- Set runtime path of "/home/max/robotics-and-automation/week2/ws/ros2_tutorial_workspace/install/packages_with_interfaces/lib/libpackages_with_interfaces__rosidl_typesupport_fastrtps_c.so" to ""
-- Up-to-date: /home/max/robotics-and-automation/week2/ws/ros2_tutorial_workspace/install/packages_with_interfaces/include/packages_with_interfaces/packages_with_interfaces
-- Up-to-date: /home/max/robotics-and-automation/week2/ws/ros2_tutorial_workspace/install/packages_with_interfaces/include/packages_with_interfaces/packages_with_interfaces/srv
-- Up-to-date: /home/max/robotics-and-automation/week2/ws/ros2_tutorial_workspace/install/packages_with_interfaces/include/packages_with_interfaces/packages_with_interfaces/srv/detail
-- Installing: /home/max/robotics-and-automation/week2/ws/ros2_tutorial_workspace/install/packages_with_interfaces/include/packages_with_interfaces/packages_with_interfaces/srv/detail/what_is_the_point__traits.hpp
-- Installing: /home/max/robotics-and-automation/week2/ws/ros2_tutorial_workspace/install/packages_with_interfaces/include/packages_with_interfaces/packages_with_interfaces/srv/detail/what_is_the_point__builder.hpp
-- Installing: /home/max/robotics-and-automation/week2/ws/ros2_tutorial_workspace/install/packages_with_interfaces/include/packages_with_interfaces/packages_with_interfaces/srv/detail/what_is_the_point__struct.hpp
-- Installing: /home/max/robotics-and-automation/week2/ws/ros2_tutorial_workspace/install/packages_with_interfaces/include/packages_with_interfaces/packages_with_interfaces/srv/what_is_the_point.hpp
-- Up-to-date: /home/max/robotics-and-automation/week2/ws/ros2_tutorial_workspace/install/packages_with_interfaces/include/packages_with_interfaces/packages_with_interfaces/msg
-- Installing: /home/max/robotics-and-automation/week2/ws/ros2_tutorial_workspace/install/packages_with_interfaces/include/packages_with_interfaces/packages_with_interfaces/msg/amazing_quote.hpp
-- Up-to-date: /home/max/robotics-and-automation/week2/ws/ros2_tutorial_workspace/install/packages_with_interfaces/include/packages_with_interfaces/packages_with_interfaces/msg/detail
-- Installing: /home/max/robotics-and-automation/week2/ws/ros2_tutorial_workspace/install/packages_with_interfaces/include/packages_with_interfaces/packages_with_interfaces/msg/detail/amazing_quote__traits.hpp
-- Installing: /home/max/robotics-and-automation/week2/ws/ros2_tutorial_workspace/install/packages_with_interfaces/include/packages_with_interfaces/packages_with_interfaces/msg/detail/amazing_quote__builder.hpp
-- Installing: /home/max/robotics-and-automation/week2/ws/ros2_tutorial_workspace/install/packages_with_interfaces/include/packages_with_interfaces/packages_with_interfaces/msg/detail/amazing_quote__struct.hpp
-- Up-to-date: /home/max/robotics-and-automation/week2/ws/ros2_tutorial_workspace/install/packages_with_interfaces/include/packages_with_interfaces/packages_with_interfaces
-- Up-to-date: /home/max/robotics-and-automation/week2/ws/ros2_tutorial_workspace/install/packages_with_interfaces/include/packages_with_interfaces/packages_with_interfaces/srv
-- Up-to-date: /home/max/robotics-and-automation/week2/ws/ros2_tutorial_workspace/install/packages_with_interfaces/include/packages_with_interfaces/packages_with_interfaces/srv/detail
-- Installing: /home/max/robotics-and-automation/week2/ws/ros2_tutorial_workspace/install/packages_with_interfaces/include/packages_with_interfaces/packages_with_interfaces/srv/detail/dds_fastrtps
-- Installing: /home/max/robotics-and-automation/week2/ws/ros2_tutorial_workspace/install/packages_with_interfaces/include/packages_with_interfaces/packages_with_interfaces/srv/detail/what_is_the_point__rosidl_typesupport_fastrtps_cpp.hpp
-- Up-to-date: /home/max/robotics-and-automation/week2/ws/ros2_tutorial_workspace/install/packages_with_interfaces/include/packages_with_interfaces/packages_with_interfaces/msg
-- Up-to-date: /home/max/robotics-and-automation/week2/ws/ros2_tutorial_workspace/install/packages_with_interfaces/include/packages_with_interfaces/packages_with_interfaces/msg/detail
-- Installing: /home/max/robotics-and-automation/week2/ws/ros2_tutorial_workspace/install/packages_with_interfaces/include/packages_with_interfaces/packages_with_interfaces/msg/detail/amazing_quote__rosidl_typesupport_fastrtps_cpp.hpp
-- Installing: /home/max/robotics-and-automation/week2/ws/ros2_tutorial_workspace/install/packages_with_interfaces/include/packages_with_interfaces/packages_with_interfaces/msg/detail/dds_fastrtps
-- Installing: /home/max/robotics-and-automation/week2/ws/ros2_tutorial_workspace/install/packages_with_interfaces/include/packages_with_interfaces/packages_with_interfaces/msg/rosidl_typesupport_fastrtps_cpp__visibility_control.h
-- Installing: /home/max/robotics-and-automation/week2/ws/ros2_tutorial_workspace/install/packages_with_interfaces/lib/libpackages_with_interfaces__rosidl_typesupport_fastrtps_cpp.so
-- Set runtime path of "/home/max/robotics-and-automation/week2/ws/ros2_tutorial_workspace/install/packages_with_interfaces/lib/libpackages_with_interfaces__rosidl_typesupport_fastrtps_cpp.so" to ""
-- Up-to-date: /home/max/robotics-and-automation/week2/ws/ros2_tutorial_workspace/install/packages_with_interfaces/include/packages_with_interfaces/packages_with_interfaces
-- Up-to-date: /home/max/robotics-and-automation/week2/ws/ros2_tutorial_workspace/install/packages_with_interfaces/include/packages_with_interfaces/packages_with_interfaces/srv
-- Up-to-date: /home/max/robotics-and-automation/week2/ws/ros2_tutorial_workspace/install/packages_with_interfaces/include/packages_with_interfaces/packages_with_interfaces/srv/detail
-- Installing: /home/max/robotics-and-automation/week2/ws/ros2_tutorial_workspace/install/packages_with_interfaces/include/packages_with_interfaces/packages_with_interfaces/srv/detail/what_is_the_point__type_support.c
-- Installing: /home/max/robotics-and-automation/week2/ws/ros2_tutorial_workspace/install/packages_with_interfaces/include/packages_with_interfaces/packages_with_interfaces/srv/detail/what_is_the_point__rosidl_typesupport_introspection_c.h
-- Up-to-date: /home/max/robotics-and-automation/week2/ws/ros2_tutorial_workspace/install/packages_with_interfaces/include/packages_with_interfaces/packages_with_interfaces/msg
-- Installing: /home/max/robotics-and-automation/week2/ws/ros2_tutorial_workspace/install/packages_with_interfaces/include/packages_with_interfaces/packages_with_interfaces/msg/rosidl_typesupport_introspection_c__visibility_control.h
-- Up-to-date: /home/max/robotics-and-automation/week2/ws/ros2_tutorial_workspace/install/packages_with_interfaces/include/packages_with_interfaces/packages_with_interfaces/msg/detail
-- Installing: /home/max/robotics-and-automation/week2/ws/ros2_tutorial_workspace/install/packages_with_interfaces/include/packages_with_interfaces/packages_with_interfaces/msg/detail/amazing_quote__type_support.c
-- Installing: /home/max/robotics-and-automation/week2/ws/ros2_tutorial_workspace/install/packages_with_interfaces/include/packages_with_interfaces/packages_with_interfaces/msg/detail/amazing_quote__rosidl_typesupport_introspection_c.h
-- Installing: /home/max/robotics-and-automation/week2/ws/ros2_tutorial_workspace/install/packages_with_interfaces/lib/libpackages_with_interfaces__rosidl_typesupport_introspection_c.so
-- Set runtime path of "/home/max/robotics-and-automation/week2/ws/ros2_tutorial_workspace/install/packages_with_interfaces/lib/libpackages_with_interfaces__rosidl_typesupport_introspection_c.so" to ""
-- Installing: /home/max/robotics-and-automation/week2/ws/ros2_tutorial_workspace/install/packages_with_interfaces/lib/libpackages_with_interfaces__rosidl_typesupport_c.so
-- Set runtime path of "/home/max/robotics-and-automation/week2/ws/ros2_tutorial_workspace/install/packages_with_interfaces/lib/libpackages_with_interfaces__rosidl_typesupport_c.so" to ""
-- Up-to-date: /home/max/robotics-and-automation/week2/ws/ros2_tutorial_workspace/install/packages_with_interfaces/include/packages_with_interfaces/packages_with_interfaces
-- Up-to-date: /home/max/robotics-and-automation/week2/ws/ros2_tutorial_workspace/install/packages_with_interfaces/include/packages_with_interfaces/packages_with_interfaces/srv
-- Up-to-date: /home/max/robotics-and-automation/week2/ws/ros2_tutorial_workspace/install/packages_with_interfaces/include/packages_with_interfaces/packages_with_interfaces/srv/detail
-- Installing: /home/max/robotics-and-automation/week2/ws/ros2_tutorial_workspace/install/packages_with_interfaces/include/packages_with_interfaces/packages_with_interfaces/srv/detail/what_is_the_point__rosidl_typesupport_introspection_cpp.hpp
-- Installing: /home/max/robotics-and-automation/week2/ws/ros2_tutorial_workspace/install/packages_with_interfaces/include/packages_with_interfaces/packages_with_interfaces/srv/detail/what_is_the_point__type_support.cpp
-- Up-to-date: /home/max/robotics-and-automation/week2/ws/ros2_tutorial_workspace/install/packages_with_interfaces/include/packages_with_interfaces/packages_with_interfaces/msg
-- Up-to-date: /home/max/robotics-and-automation/week2/ws/ros2_tutorial_workspace/install/packages_with_interfaces/include/packages_with_interfaces/packages_with_interfaces/msg/detail
-- Installing: /home/max/robotics-and-automation/week2/ws/ros2_tutorial_workspace/install/packages_with_interfaces/include/packages_with_interfaces/packages_with_interfaces/msg/detail/amazing_quote__type_support.cpp
-- Installing: /home/max/robotics-and-automation/week2/ws/ros2_tutorial_workspace/install/packages_with_interfaces/include/packages_with_interfaces/packages_with_interfaces/msg/detail/amazing_quote__rosidl_typesupport_introspection_cpp.hpp
-- Installing: /home/max/robotics-and-automation/week2/ws/ros2_tutorial_workspace/install/packages_with_interfaces/lib/libpackages_with_interfaces__rosidl_typesupport_introspection_cpp.so
-- Set runtime path of "/home/max/robotics-and-automation/week2/ws/ros2_tutorial_workspace/install/packages_with_interfaces/lib/libpackages_with_interfaces__rosidl_typesupport_introspection_cpp.so" to ""
-- Installing: /home/max/robotics-and-automation/week2/ws/ros2_tutorial_workspace/install/packages_with_interfaces/lib/libpackages_with_interfaces__rosidl_typesupport_cpp.so
-- Set runtime path of "/home/max/robotics-and-automation/week2/ws/ros2_tutorial_workspace/install/packages_with_interfaces/lib/libpackages_with_interfaces__rosidl_typesupport_cpp.so" to ""
-- Installing: /home/max/robotics-and-automation/week2/ws/ros2_tutorial_workspace/install/packages_with_interfaces/share/packages_with_interfaces/msg/AmazingQuote.idl
-- Installing: /home/max/robotics-and-automation/week2/ws/ros2_tutorial_workspace/install/packages_with_interfaces/share/packages_with_interfaces/srv/WhatIsThePoint.idl
-- Installing: /home/max/robotics-and-automation/week2/ws/ros2_tutorial_workspace/install/packages_with_interfaces/share/packages_with_interfaces/msg/AmazingQuote.msg
-- Installing: /home/max/robotics-and-automation/week2/ws/ros2_tutorial_workspace/install/packages_with_interfaces/share/packages_with_interfaces/srv/WhatIsThePoint.srv
-- Installing: /home/max/robotics-and-automation/week2/ws/ros2_tutorial_workspace/install/packages_with_interfaces/share/packages_with_interfaces/srv/WhatIsThePoint_Request.msg
-- Installing: /home/max/robotics-and-automation/week2/ws/ros2_tutorial_workspace/install/packages_with_interfaces/share/packages_with_interfaces/srv/WhatIsThePoint_Response.msg
-- Installing: /home/max/robotics-and-automation/week2/ws/ros2_tutorial_workspace/install/packages_with_interfaces/share/ament_index/resource_index/package_run_dependencies/packages_with_interfaces
-- Installing: /home/max/robotics-and-automation/week2/ws/ros2_tutorial_workspace/install/packages_with_interfaces/share/ament_index/resource_index/parent_prefix_path/packages_with_interfaces
-- Installing: /home/max/robotics-and-automation/week2/ws/ros2_tutorial_workspace/install/packages_with_interfaces/share/packages_with_interfaces/environment/ament_prefix_path.sh
-- Installing: /home/max/robotics-and-automation/week2/ws/ros2_tutorial_workspace/install/packages_with_interfaces/share/packages_with_interfaces/environment/ament_prefix_path.dsv
-- Installing: /home/max/robotics-and-automation/week2/ws/ros2_tutorial_workspace/install/packages_with_interfaces/share/packages_with_interfaces/environment/path.sh
-- Installing: /home/max/robotics-and-automation/week2/ws/ros2_tutorial_workspace/install/packages_with_interfaces/share/packages_with_interfaces/environment/path.dsv
-- Installing: /home/max/robotics-and-automation/week2/ws/ros2_tutorial_workspace/install/packages_with_interfaces/share/packages_with_interfaces/local_setup.bash
-- Installing: /home/max/robotics-and-automation/week2/ws/ros2_tutorial_workspace/install/packages_with_interfaces/share/packages_with_interfaces/local_setup.sh
-- Installing: /home/max/robotics-and-automation/week2/ws/ros2_tutorial_workspace/install/packages_with_interfaces/share/packages_with_interfaces/local_setup.zsh
-- Installing: /home/max/robotics-and-automation/week2/ws/ros2_tutorial_workspace/install/packages_with_interfaces/share/packages_with_interfaces/local_setup.dsv
-- Installing: /home/max/robotics-and-automation/week2/ws/ros2_tutorial_workspace/install/packages_with_interfaces/share/packages_with_interfaces/package.dsv
-- Installing: /home/max/robotics-and-automation/week2/ws/ros2_tutorial_workspace/install/packages_with_interfaces/share/ament_index/resource_index/packages/packages_with_interfaces
-- Installing: /home/max/robotics-and-automation/week2/ws/ros2_tutorial_workspace/install/packages_with_interfaces/share/packages_with_interfaces/cmake/export_packages_with_interfaces__rosidl_generator_cExport.cmake
-- Installing: /home/max/robotics-and-automation/week2/ws/ros2_tutorial_workspace/install/packages_with_interfaces/share/packages_with_interfaces/cmake/export_packages_with_interfaces__rosidl_generator_cExport-noconfig.cmake
-- Installing: /home/max/robotics-and-automation/week2/ws/ros2_tutorial_workspace/install/packages_with_interfaces/share/packages_with_interfaces/cmake/export_packages_with_interfaces__rosidl_typesupport_fastrtps_cExport.cmake
-- Installing: /home/max/robotics-and-automation/week2/ws/ros2_tutorial_workspace/install/packages_with_interfaces/share/packages_with_interfaces/cmake/export_packages_with_interfaces__rosidl_typesupport_fastrtps_cExport-noconfig.cmake
-- Installing: /home/max/robotics-and-automation/week2/ws/ros2_tutorial_workspace/install/packages_with_interfaces/share/packages_with_interfaces/cmake/export_packages_with_interfaces__rosidl_generator_cppExport.cmake
-- Installing: /home/max/robotics-and-automation/week2/ws/ros2_tutorial_workspace/install/packages_with_interfaces/share/packages_with_interfaces/cmake/export_packages_with_interfaces__rosidl_typesupport_fastrtps_cppExport.cmake
-- Installing: /home/max/robotics-and-automation/week2/ws/ros2_tutorial_workspace/install/packages_with_interfaces/share/packages_with_interfaces/cmake/export_packages_with_interfaces__rosidl_typesupport_fastrtps_cppExport-noconfig.cmake
-- Installing: /home/max/robotics-and-automation/week2/ws/ros2_tutorial_workspace/install/packages_with_interfaces/share/packages_with_interfaces/cmake/packages_with_interfaces__rosidl_typesupport_introspection_cExport.cmake
-- Installing: /home/max/robotics-and-automation/week2/ws/ros2_tutorial_workspace/install/packages_with_interfaces/share/packages_with_interfaces/cmake/packages_with_interfaces__rosidl_typesupport_introspection_cExport-noconfig.cmake
-- Installing: /home/max/robotics-and-automation/week2/ws/ros2_tutorial_workspace/install/packages_with_interfaces/share/packages_with_interfaces/cmake/packages_with_interfaces__rosidl_typesupport_cExport.cmake
-- Installing: /home/max/robotics-and-automation/week2/ws/ros2_tutorial_workspace/install/packages_with_interfaces/share/packages_with_interfaces/cmake/packages_with_interfaces__rosidl_typesupport_cExport-noconfig.cmake
-- Installing: /home/max/robotics-and-automation/week2/ws/ros2_tutorial_workspace/install/packages_with_interfaces/share/packages_with_interfaces/cmake/packages_with_interfaces__rosidl_typesupport_introspection_cppExport.cmake
-- Installing: /home/max/robotics-and-automation/week2/ws/ros2_tutorial_workspace/install/packages_with_interfaces/share/packages_with_interfaces/cmake/packages_with_interfaces__rosidl_typesupport_introspection_cppExport-noconfig.cmake
-- Installing: /home/max/robotics-and-automation/week2/ws/ros2_tutorial_workspace/install/packages_with_interfaces/share/packages_with_interfaces/cmake/packages_with_interfaces__rosidl_typesupport_cppExport.cmake
-- Installing: /home/max/robotics-and-automation/week2/ws/ros2_tutorial_workspace/install/packages_with_interfaces/share/packages_with_interfaces/cmake/packages_with_interfaces__rosidl_typesupport_cppExport-noconfig.cmake
-- Installing: /home/max/robotics-and-automation/week2/ws/ros2_tutorial_workspace/install/packages_with_interfaces/share/packages_with_interfaces/cmake/rosidl_cmake-extras.cmake
-- Installing: /home/max/robotics-and-automation/week2/ws/ros2_tutorial_workspace/install/packages_with_interfaces/share/packages_with_interfaces/cmake/ament_cmake_export_dependencies-extras.cmake
-- Installing: /home/max/robotics-and-automation/week2/ws/ros2_tutorial_workspace/install/packages_with_interfaces/share/packages_with_interfaces/cmake/ament_cmake_export_include_directories-extras.cmake
-- Installing: /home/max/robotics-and-automation/week2/ws/ros2_tutorial_workspace/install/packages_with_interfaces/share/packages_with_interfaces/cmake/ament_cmake_export_libraries-extras.cmake
-- Installing: /home/max/robotics-and-automation/week2/ws/ros2_tutorial_workspace/install/packages_with_interfaces/share/packages_with_interfaces/cmake/ament_cmake_export_targets-extras.cmake
-- Installing: /home/max/robotics-and-automation/week2/ws/ros2_tutorial_workspace/install/packages_with_interfaces/share/packages_with_interfaces/cmake/rosidl_cmake_export_typesupport_targets-extras.cmake
-- Installing: /home/max/robotics-and-automation/week2/ws/ros2_tutorial_workspace/install/packages_with_interfaces/share/packages_with_interfaces/cmake/rosidl_cmake_export_typesupport_libraries-extras.cmake
-- Installing: /home/max/robotics-and-automation/week2/ws/ros2_tutorial_workspace/install/packages_with_interfaces/share/packages_with_interfaces/cmake/packages_with_interfacesConfig.cmake
-- Installing: /home/max/robotics-and-automation/week2/ws/ros2_tutorial_workspace/install/packages_with_interfaces/share/packages_with_interfaces/cmake/packages_with_interfacesConfig-version.cmake
-- Installing: /home/max/robotics-and-automation/week2/ws/ros2_tutorial_workspace/install/packages_with_interfaces/share/packages_with_interfaces/package.xml
