[0.017s] Invoking command in '/home/max/robotics-and-automation/week2/ws/ros2_tutorial_workspace/build/packages_with_interfaces': CMAKE_PREFIX_PATH=${CMAKE_PREFIX_PATH}:/home/max/robotics-and-automation/week2/ws/ros2_tutorial_workspace/install/the_simplest_python_package:/home/max/robotics-and-automation/week2/ws/ros2_tutorial_workspace/install/python_package_with_a_node:/home/max/robotics-and-automation/week2/ws/ros2_ws/install/topic_monitor:/home/max/robotics-and-automation/week2/ws/ros2_ws/install/quality_of_service_demo_py:/home/max/robotics-and-automation/week2/ws/ros2_ws/install/lifecycle_py:/home/max/robotics-and-automation/week2/ws/ros2_ws/install/launch_testing_examples:/home/max/robotics-and-automation/week2/ws/ros2_ws/install/examples_rclpy_pointcloud_publisher:/home/max/robotics-and-automation/week2/ws/ros2_ws/install/examples_rclpy_minimal_subscriber:/home/max/robotics-and-automation/week2/ws/ros2_ws/install/examples_rclpy_minimal_service:/home/max/robotics-and-automation/week2/ws/ros2_ws/install/examples_rclpy_minimal_publisher:/home/max/robotics-and-automation/week2/ws/ros2_ws/install/examples_rclpy_minimal_client:/home/max/robotics-and-automation/week2/ws/ros2_ws/install/examples_rclpy_minimal_action_server:/home/max/robotics-and-automation/week2/ws/ros2_ws/install/examples_rclpy_minimal_action_client:/home/max/robotics-and-automation/week2/ws/ros2_ws/install/examples_rclpy_guard_conditions:/home/max/robotics-and-automation/week2/ws/ros2_ws/install/examples_rclpy_executors:/home/max/robotics-and-automation/week2/ws/ros2_ws/install/demo_nodes_py:/home/max/robotics-and-automation/week2/ws/ros2_ws/install/action_tutorials_py:/opt/ros/humble /usr/bin/cmake /home/max/robotics-and-automation/week2/ws/ros2_tutorial_workspace/src/packages_with_interfaces -DCMAKE_INSTALL_PREFIX=/home/max/robotics-and-automation/week2/ws/ros2_tutorial_workspace/install/packages_with_interfaces
[0.128s] -- Found ament_cmake: 1.3.10 (/opt/ros/humble/share/ament_cmake/cmake)
[0.128s] -- Found geometry_msgs: 4.2.4 (/opt/ros/humble/share/geometry_msgs/cmake)
[0.128s] -- Found rosidl_generator_c: 3.1.5 (/opt/ros/humble/share/rosidl_generator_c/cmake)
[0.128s] -- Found rosidl_adapter: 3.1.5 (/opt/ros/humble/share/rosidl_adapter/cmake)
[0.128s] -- Found rosidl_generator_cpp: 3.1.5 (/opt/ros/humble/share/rosidl_generator_cpp/cmake)
[0.128s] -- Using all available rosidl_typesupport_c: rosidl_typesupport_fastrtps_c;rosidl_typesupport_introspection_c
[0.128s] -- Using all available rosidl_typesupport_cpp: rosidl_typesupport_fastrtps_cpp;rosidl_typesupport_introspection_cpp
[0.274s] -- Found ament_cmake_ros: 0.10.0 (/opt/ros/humble/share/ament_cmake_ros/cmake)
[0.488s] -- Using all available rosidl_typesupport_c: rosidl_typesupport_fastrtps_c;rosidl_typesupport_introspection_c
[0.573s] -- Using all available rosidl_typesupport_cpp: rosidl_typesupport_fastrtps_cpp;rosidl_typesupport_introspection_cpp
[0.574s] -- Found ament_lint_auto: 0.12.11 (/opt/ros/humble/share/ament_lint_auto/cmake)
[0.585s] -- Added test 'lint_cmake' to check CMake code style
[0.586s] -- Added test 'xmllint' to check XML markup files
[0.588s] -- Configuring done
[0.600s] -- Generating done
[0.601s] -- Build files have been written to: /home/max/robotics-and-automation/week2/ws/ros2_tutorial_workspace/build/packages_with_interfaces
[0.605s] Invoked command in '/home/max/robotics-and-automation/week2/ws/ros2_tutorial_workspace/build/packages_with_interfaces' returned '0': CMAKE_PREFIX_PATH=${CMAKE_PREFIX_PATH}:/home/max/robotics-and-automation/week2/ws/ros2_tutorial_workspace/install/the_simplest_python_package:/home/max/robotics-and-automation/week2/ws/ros2_tutorial_workspace/install/python_package_with_a_node:/home/max/robotics-and-automation/week2/ws/ros2_ws/install/topic_monitor:/home/max/robotics-and-automation/week2/ws/ros2_ws/install/quality_of_service_demo_py:/home/max/robotics-and-automation/week2/ws/ros2_ws/install/lifecycle_py:/home/max/robotics-and-automation/week2/ws/ros2_ws/install/launch_testing_examples:/home/max/robotics-and-automation/week2/ws/ros2_ws/install/examples_rclpy_pointcloud_publisher:/home/max/robotics-and-automation/week2/ws/ros2_ws/install/examples_rclpy_minimal_subscriber:/home/max/robotics-and-automation/week2/ws/ros2_ws/install/examples_rclpy_minimal_service:/home/max/robotics-and-automation/week2/ws/ros2_ws/install/examples_rclpy_minimal_publisher:/home/max/robotics-and-automation/week2/ws/ros2_ws/install/examples_rclpy_minimal_client:/home/max/robotics-and-automation/week2/ws/ros2_ws/install/examples_rclpy_minimal_action_server:/home/max/robotics-and-automation/week2/ws/ros2_ws/install/examples_rclpy_minimal_action_client:/home/max/robotics-and-automation/week2/ws/ros2_ws/install/examples_rclpy_guard_conditions:/home/max/robotics-and-automation/week2/ws/ros2_ws/install/examples_rclpy_executors:/home/max/robotics-and-automation/week2/ws/ros2_ws/install/demo_nodes_py:/home/max/robotics-and-automation/week2/ws/ros2_ws/install/action_tutorials_py:/opt/ros/humble /usr/bin/cmake /home/max/robotics-and-automation/week2/ws/ros2_tutorial_workspace/src/packages_with_interfaces -DCMAKE_INSTALL_PREFIX=/home/max/robotics-and-automation/week2/ws/ros2_tutorial_workspace/install/packages_with_interfaces
[0.606s] Invoking command in '/home/max/robotics-and-automation/week2/ws/ros2_tutorial_workspace/build/packages_with_interfaces': CMAKE_PREFIX_PATH=${CMAKE_PREFIX_PATH}:/home/max/robotics-and-automation/week2/ws/ros2_tutorial_workspace/install/the_simplest_python_package:/home/max/robotics-and-automation/week2/ws/ros2_tutorial_workspace/install/python_package_with_a_node:/home/max/robotics-and-automation/week2/ws/ros2_ws/install/topic_monitor:/home/max/robotics-and-automation/week2/ws/ros2_ws/install/quality_of_service_demo_py:/home/max/robotics-and-automation/week2/ws/ros2_ws/install/lifecycle_py:/home/max/robotics-and-automation/week2/ws/ros2_ws/install/launch_testing_examples:/home/max/robotics-and-automation/week2/ws/ros2_ws/install/examples_rclpy_pointcloud_publisher:/home/max/robotics-and-automation/week2/ws/ros2_ws/install/examples_rclpy_minimal_subscriber:/home/max/robotics-and-automation/week2/ws/ros2_ws/install/examples_rclpy_minimal_service:/home/max/robotics-and-automation/week2/ws/ros2_ws/install/examples_rclpy_minimal_publisher:/home/max/robotics-and-automation/week2/ws/ros2_ws/install/examples_rclpy_minimal_client:/home/max/robotics-and-automation/week2/ws/ros2_ws/install/examples_rclpy_minimal_action_server:/home/max/robotics-and-automation/week2/ws/ros2_ws/install/examples_rclpy_minimal_action_client:/home/max/robotics-and-automation/week2/ws/ros2_ws/install/examples_rclpy_guard_conditions:/home/max/robotics-and-automation/week2/ws/ros2_ws/install/examples_rclpy_executors:/home/max/robotics-and-automation/week2/ws/ros2_ws/install/demo_nodes_py:/home/max/robotics-and-automation/week2/ws/ros2_ws/install/action_tutorials_py:/opt/ros/humble /usr/bin/cmake --build /home/max/robotics-and-automation/week2/ws/ros2_tutorial_workspace/build/packages_with_interfaces -- -j16 -l16
[0.630s] [  3%] [34m[1mGenerating C code for ROS interfaces[0m
[0.637s] [  6%] [34m[1mGenerating C++ code for ROS interfaces[0m
[0.783s] [  6%] Built target packages_with_interfaces__cpp
[0.784s] [ 10%] [32mBuilding C object CMakeFiles/packages_with_interfaces__rosidl_generator_c.dir/rosidl_generator_c/packages_with_interfaces/msg/detail/amazing_quote__functions.c.o[0m
[0.784s] [ 13%] [32mBuilding C object CMakeFiles/packages_with_interfaces__rosidl_generator_c.dir/rosidl_generator_c/packages_with_interfaces/srv/detail/what_is_the_point__functions.c.o[0m
[0.789s] [ 20%] [34m[1mGenerating C++ type support dispatch for ROS interfaces[0m
[0.789s] [ 20%] [34m[1mGenerating C++ type support for eProsima Fast-RTPS[0m
[0.789s] [ 24%] [34m[1mGenerating C++ introspection for ROS interfaces[0m
[0.816s] [ 27%] [32m[1mLinking C shared library libpackages_with_interfaces__rosidl_generator_c.so[0m
[0.840s] [ 27%] Built target packages_with_interfaces__rosidl_generator_c
[0.846s] [ 37%] [34m[1mGenerating C introspection for ROS interfaces[0m
[0.846s] [ 37%] [34m[1mGenerating C type support for eProsima Fast-RTPS[0m
[0.846s] [ 37%] [34m[1mGenerating C type support dispatch for ROS interfaces[0m
[0.917s] [ 41%] [32mBuilding CXX object CMakeFiles/packages_with_interfaces__rosidl_typesupport_cpp.dir/rosidl_typesupport_cpp/packages_with_interfaces/msg/amazing_quote__type_support.cpp.o[0m
[0.918s] [ 44%] [32mBuilding CXX object CMakeFiles/packages_with_interfaces__rosidl_typesupport_cpp.dir/rosidl_typesupport_cpp/packages_with_interfaces/srv/what_is_the_point__type_support.cpp.o[0m
[0.927s] [ 51%] [32mBuilding CXX object CMakeFiles/packages_with_interfaces__rosidl_typesupport_introspection_cpp.dir/rosidl_typesupport_introspection_cpp/packages_with_interfaces/msg/detail/amazing_quote__type_support.cpp.o[0m
[0.927s] [ 51%] [32mBuilding CXX object CMakeFiles/packages_with_interfaces__rosidl_typesupport_introspection_cpp.dir/rosidl_typesupport_introspection_cpp/packages_with_interfaces/srv/detail/what_is_the_point__type_support.cpp.o[0m
[0.935s] [ 55%] [32mBuilding CXX object CMakeFiles/packages_with_interfaces__rosidl_typesupport_fastrtps_cpp.dir/rosidl_typesupport_fastrtps_cpp/packages_with_interfaces/msg/detail/dds_fastrtps/amazing_quote__type_support.cpp.o[0m
[0.936s] [ 58%] [32mBuilding CXX object CMakeFiles/packages_with_interfaces__rosidl_typesupport_fastrtps_cpp.dir/rosidl_typesupport_fastrtps_cpp/packages_with_interfaces/srv/detail/dds_fastrtps/what_is_the_point__type_support.cpp.o[0m
[0.978s] [ 62%] [32mBuilding CXX object CMakeFiles/packages_with_interfaces__rosidl_typesupport_c.dir/rosidl_typesupport_c/packages_with_interfaces/msg/amazing_quote__type_support.cpp.o[0m
[0.979s] [ 65%] [32mBuilding CXX object CMakeFiles/packages_with_interfaces__rosidl_typesupport_c.dir/rosidl_typesupport_c/packages_with_interfaces/srv/what_is_the_point__type_support.cpp.o[0m
[0.995s] [ 75%] [32mBuilding CXX object CMakeFiles/packages_with_interfaces__rosidl_typesupport_fastrtps_c.dir/rosidl_typesupport_fastrtps_c/packages_with_interfaces/msg/detail/amazing_quote__type_support_c.cpp.o[0m
[0.995s] [ 75%] [32mBuilding C object CMakeFiles/packages_with_interfaces__rosidl_typesupport_introspection_c.dir/rosidl_typesupport_introspection_c/packages_with_interfaces/msg/detail/amazing_quote__type_support.c.o[0m
[0.995s] [ 75%] [32mBuilding C object CMakeFiles/packages_with_interfaces__rosidl_typesupport_introspection_c.dir/rosidl_typesupport_introspection_c/packages_with_interfaces/srv/detail/what_is_the_point__type_support.c.o[0m
[0.996s] [ 79%] [32mBuilding CXX object CMakeFiles/packages_with_interfaces__rosidl_typesupport_fastrtps_c.dir/rosidl_typesupport_fastrtps_c/packages_with_interfaces/srv/detail/what_is_the_point__type_support_c.cpp.o[0m
[1.006s] [ 82%] [32m[1mLinking CXX shared library libpackages_with_interfaces__rosidl_typesupport_c.so[0m
[1.016s] [ 86%] [32m[1mLinking C shared library libpackages_with_interfaces__rosidl_typesupport_introspection_c.so[0m
[1.034s] [ 86%] Built target packages_with_interfaces__rosidl_typesupport_c
[1.035s] [ 86%] Built target packages_with_interfaces__rosidl_typesupport_introspection_c
[1.090s] [ 89%] [32m[1mLinking CXX shared library libpackages_with_interfaces__rosidl_typesupport_cpp.so[0m
[1.115s] [ 93%] [32m[1mLinking CXX shared library libpackages_with_interfaces__rosidl_typesupport_introspection_cpp.so[0m
[1.115s] [ 93%] Built target packages_with_interfaces__rosidl_typesupport_cpp
[1.151s] [ 93%] Built target packages_with_interfaces__rosidl_typesupport_introspection_cpp
[1.174s] [ 96%] [32m[1mLinking CXX shared library libpackages_with_interfaces__rosidl_typesupport_fastrtps_cpp.so[0m
[1.187s] [100%] [32m[1mLinking CXX shared library libpackages_with_interfaces__rosidl_typesupport_fastrtps_c.so[0m
[1.214s] [100%] Built target packages_with_interfaces__rosidl_typesupport_fastrtps_cpp
[1.226s] [100%] Built target packages_with_interfaces__rosidl_typesupport_fastrtps_c
[1.239s] [100%] Built target packages_with_interfaces
[1.246s] Invoked command in '/home/max/robotics-and-automation/week2/ws/ros2_tutorial_workspace/build/packages_with_interfaces' returned '0': CMAKE_PREFIX_PATH=${CMAKE_PREFIX_PATH}:/home/max/robotics-and-automation/week2/ws/ros2_tutorial_workspace/install/the_simplest_python_package:/home/max/robotics-and-automation/week2/ws/ros2_tutorial_workspace/install/python_package_with_a_node:/home/max/robotics-and-automation/week2/ws/ros2_ws/install/topic_monitor:/home/max/robotics-and-automation/week2/ws/ros2_ws/install/quality_of_service_demo_py:/home/max/robotics-and-automation/week2/ws/ros2_ws/install/lifecycle_py:/home/max/robotics-and-automation/week2/ws/ros2_ws/install/launch_testing_examples:/home/max/robotics-and-automation/week2/ws/ros2_ws/install/examples_rclpy_pointcloud_publisher:/home/max/robotics-and-automation/week2/ws/ros2_ws/install/examples_rclpy_minimal_subscriber:/home/max/robotics-and-automation/week2/ws/ros2_ws/install/examples_rclpy_minimal_service:/home/max/robotics-and-automation/week2/ws/ros2_ws/install/examples_rclpy_minimal_publisher:/home/max/robotics-and-automation/week2/ws/ros2_ws/install/examples_rclpy_minimal_client:/home/max/robotics-and-automation/week2/ws/ros2_ws/install/examples_rclpy_minimal_action_server:/home/max/robotics-and-automation/week2/ws/ros2_ws/install/examples_rclpy_minimal_action_client:/home/max/robotics-and-automation/week2/ws/ros2_ws/install/examples_rclpy_guard_conditions:/home/max/robotics-and-automation/week2/ws/ros2_ws/install/examples_rclpy_executors:/home/max/robotics-and-automation/week2/ws/ros2_ws/install/demo_nodes_py:/home/max/robotics-and-automation/week2/ws/ros2_ws/install/action_tutorials_py:/opt/ros/humble /usr/bin/cmake --build /home/max/robotics-and-automation/week2/ws/ros2_tutorial_workspace/build/packages_with_interfaces -- -j16 -l16
[1.300s] Invoking command in '/home/max/robotics-and-automation/week2/ws/ros2_tutorial_workspace/build/packages_with_interfaces': CMAKE_PREFIX_PATH=${CMAKE_PREFIX_PATH}:/home/max/robotics-and-automation/week2/ws/ros2_tutorial_workspace/install/the_simplest_python_package:/home/max/robotics-and-automation/week2/ws/ros2_tutorial_workspace/install/python_package_with_a_node:/home/max/robotics-and-automation/week2/ws/ros2_ws/install/topic_monitor:/home/max/robotics-and-automation/week2/ws/ros2_ws/install/quality_of_service_demo_py:/home/max/robotics-and-automation/week2/ws/ros2_ws/install/lifecycle_py:/home/max/robotics-and-automation/week2/ws/ros2_ws/install/launch_testing_examples:/home/max/robotics-and-automation/week2/ws/ros2_ws/install/examples_rclpy_pointcloud_publisher:/home/max/robotics-and-automation/week2/ws/ros2_ws/install/examples_rclpy_minimal_subscriber:/home/max/robotics-and-automation/week2/ws/ros2_ws/install/examples_rclpy_minimal_service:/home/max/robotics-and-automation/week2/ws/ros2_ws/install/examples_rclpy_minimal_publisher:/home/max/robotics-and-automation/week2/ws/ros2_ws/install/examples_rclpy_minimal_client:/home/max/robotics-and-automation/week2/ws/ros2_ws/install/examples_rclpy_minimal_action_server:/home/max/robotics-and-automation/week2/ws/ros2_ws/install/examples_rclpy_minimal_action_client:/home/max/robotics-and-automation/week2/ws/ros2_ws/install/examples_rclpy_guard_conditions:/home/max/robotics-and-automation/week2/ws/ros2_ws/install/examples_rclpy_executors:/home/max/robotics-and-automation/week2/ws/ros2_ws/install/demo_nodes_py:/home/max/robotics-and-automation/week2/ws/ros2_ws/install/action_tutorials_py:/opt/ros/humble /usr/bin/cmake --install /home/max/robotics-and-automation/week2/ws/ros2_tutorial_workspace/build/packages_with_interfaces
[1.304s] -- Install configuration: ""
[1.304s] -- Installing: /home/max/robotics-and-automation/week2/ws/ros2_tutorial_workspace/install/packages_with_interfaces/share/ament_index/resource_index/rosidl_interfaces/packages_with_interfaces
[1.304s] -- Installing: /home/max/robotics-and-automation/week2/ws/ros2_tutorial_workspace/install/packages_with_interfaces/include/packages_with_interfaces/packages_with_interfaces
[1.304s] -- Installing: /home/max/robotics-and-automation/week2/ws/ros2_tutorial_workspace/install/packages_with_interfaces/include/packages_with_interfaces/packages_with_interfaces/srv
[1.304s] -- Installing: /home/max/robotics-and-automation/week2/ws/ros2_tutorial_workspace/install/packages_with_interfaces/include/packages_with_interfaces/packages_with_interfaces/srv/what_is_the_point.h
[1.304s] -- Installing: /home/max/robotics-and-automation/week2/ws/ros2_tutorial_workspace/install/packages_with_interfaces/include/packages_with_interfaces/packages_with_interfaces/srv/detail
[1.304s] -- Installing: /home/max/robotics-and-automation/week2/ws/ros2_tutorial_workspace/install/packages_with_interfaces/include/packages_with_interfaces/packages_with_interfaces/srv/detail/what_is_the_point__functions.h
[1.304s] -- Installing: /home/max/robotics-and-automation/week2/ws/ros2_tutorial_workspace/install/packages_with_interfaces/include/packages_with_interfaces/packages_with_interfaces/srv/detail/what_is_the_point__type_support.h
[1.305s] -- Installing: /home/max/robotics-and-automation/week2/ws/ros2_tutorial_workspace/install/packages_with_interfaces/include/packages_with_interfaces/packages_with_interfaces/srv/detail/what_is_the_point__struct.h
[1.305s] -- Installing: /home/max/robotics-and-automation/week2/ws/ros2_tutorial_workspace/install/packages_with_interfaces/include/packages_with_interfaces/packages_with_interfaces/srv/detail/what_is_the_point__functions.c
[1.305s] -- Installing: /home/max/robotics-and-automation/week2/ws/ros2_tutorial_workspace/install/packages_with_interfaces/include/packages_with_interfaces/packages_with_interfaces/msg
[1.305s] -- Installing: /home/max/robotics-and-automation/week2/ws/ros2_tutorial_workspace/install/packages_with_interfaces/include/packages_with_interfaces/packages_with_interfaces/msg/detail
[1.305s] -- Installing: /home/max/robotics-and-automation/week2/ws/ros2_tutorial_workspace/install/packages_with_interfaces/include/packages_with_interfaces/packages_with_interfaces/msg/detail/amazing_quote__struct.h
[1.305s] -- Installing: /home/max/robotics-and-automation/week2/ws/ros2_tutorial_workspace/install/packages_with_interfaces/include/packages_with_interfaces/packages_with_interfaces/msg/detail/amazing_quote__functions.c
[1.305s] -- Installing: /home/max/robotics-and-automation/week2/ws/ros2_tutorial_workspace/install/packages_with_interfaces/include/packages_with_interfaces/packages_with_interfaces/msg/detail/amazing_quote__functions.h
[1.305s] -- Installing: /home/max/robotics-and-automation/week2/ws/ros2_tutorial_workspace/install/packages_with_interfaces/include/packages_with_interfaces/packages_with_interfaces/msg/detail/amazing_quote__type_support.h
[1.305s] -- Installing: /home/max/robotics-and-automation/week2/ws/ros2_tutorial_workspace/install/packages_with_interfaces/include/packages_with_interfaces/packages_with_interfaces/msg/amazing_quote.h
[1.305s] -- Installing: /home/max/robotics-and-automation/week2/ws/ros2_tutorial_workspace/install/packages_with_interfaces/include/packages_with_interfaces/packages_with_interfaces/msg/rosidl_generator_c__visibility_control.h
[1.305s] -- Installing: /home/max/robotics-and-automation/week2/ws/ros2_tutorial_workspace/install/packages_with_interfaces/share/packages_with_interfaces/environment/library_path.sh
[1.305s] -- Installing: /home/max/robotics-and-automation/week2/ws/ros2_tutorial_workspace/install/packages_with_interfaces/share/packages_with_interfaces/environment/library_path.dsv
[1.305s] -- Installing: /home/max/robotics-and-automation/week2/ws/ros2_tutorial_workspace/install/packages_with_interfaces/lib/libpackages_with_interfaces__rosidl_generator_c.so
[1.306s] -- Set runtime path of "/home/max/robotics-and-automation/week2/ws/ros2_tutorial_workspace/install/packages_with_interfaces/lib/libpackages_with_interfaces__rosidl_generator_c.so" to ""
[1.306s] -- Up-to-date: /home/max/robotics-and-automation/week2/ws/ros2_tutorial_workspace/install/packages_with_interfaces/include/packages_with_interfaces/packages_with_interfaces
[1.306s] -- Up-to-date: /home/max/robotics-and-automation/week2/ws/ros2_tutorial_workspace/install/packages_with_interfaces/include/packages_with_interfaces/packages_with_interfaces/srv
[1.306s] -- Up-to-date: /home/max/robotics-and-automation/week2/ws/ros2_tutorial_workspace/install/packages_with_interfaces/include/packages_with_interfaces/packages_with_interfaces/srv/detail
[1.306s] -- Installing: /home/max/robotics-and-automation/week2/ws/ros2_tutorial_workspace/install/packages_with_interfaces/include/packages_with_interfaces/packages_with_interfaces/srv/detail/what_is_the_point__rosidl_typesupport_fastrtps_c.h
[1.306s] -- Up-to-date: /home/max/robotics-and-automation/week2/ws/ros2_tutorial_workspace/install/packages_with_interfaces/include/packages_with_interfaces/packages_with_interfaces/msg
[1.306s] -- Installing: /home/max/robotics-and-automation/week2/ws/ros2_tutorial_workspace/install/packages_with_interfaces/include/packages_with_interfaces/packages_with_interfaces/msg/rosidl_typesupport_fastrtps_c__visibility_control.h
[1.306s] -- Up-to-date: /home/max/robotics-and-automation/week2/ws/ros2_tutorial_workspace/install/packages_with_interfaces/include/packages_with_interfaces/packages_with_interfaces/msg/detail
[1.306s] -- Installing: /home/max/robotics-and-automation/week2/ws/ros2_tutorial_workspace/install/packages_with_interfaces/include/packages_with_interfaces/packages_with_interfaces/msg/detail/amazing_quote__rosidl_typesupport_fastrtps_c.h
[1.306s] -- Installing: /home/max/robotics-and-automation/week2/ws/ros2_tutorial_workspace/install/packages_with_interfaces/lib/libpackages_with_interfaces__rosidl_typesupport_fastrtps_c.so
[1.306s] -- Set runtime path of "/home/max/robotics-and-automation/week2/ws/ros2_tutorial_workspace/install/packages_with_interfaces/lib/libpackages_with_interfaces__rosidl_typesupport_fastrtps_c.so" to ""
[1.306s] -- Up-to-date: /home/max/robotics-and-automation/week2/ws/ros2_tutorial_workspace/install/packages_with_interfaces/include/packages_with_interfaces/packages_with_interfaces
[1.306s] -- Up-to-date: /home/max/robotics-and-automation/week2/ws/ros2_tutorial_workspace/install/packages_with_interfaces/include/packages_with_interfaces/packages_with_interfaces/srv
[1.306s] -- Up-to-date: /home/max/robotics-and-automation/week2/ws/ros2_tutorial_workspace/install/packages_with_interfaces/include/packages_with_interfaces/packages_with_interfaces/srv/detail
[1.306s] -- Installing: /home/max/robotics-and-automation/week2/ws/ros2_tutorial_workspace/install/packages_with_interfaces/include/packages_with_interfaces/packages_with_interfaces/srv/detail/what_is_the_point__traits.hpp
[1.306s] -- Installing: /home/max/robotics-and-automation/week2/ws/ros2_tutorial_workspace/install/packages_with_interfaces/include/packages_with_interfaces/packages_with_interfaces/srv/detail/what_is_the_point__builder.hpp
[1.306s] -- Installing: /home/max/robotics-and-automation/week2/ws/ros2_tutorial_workspace/install/packages_with_interfaces/include/packages_with_interfaces/packages_with_interfaces/srv/detail/what_is_the_point__struct.hpp
[1.306s] -- Installing: /home/max/robotics-and-automation/week2/ws/ros2_tutorial_workspace/install/packages_with_interfaces/include/packages_with_interfaces/packages_with_interfaces/srv/what_is_the_point.hpp
[1.307s] -- Up-to-date: /home/max/robotics-and-automation/week2/ws/ros2_tutorial_workspace/install/packages_with_interfaces/include/packages_with_interfaces/packages_with_interfaces/msg
[1.307s] -- Installing: /home/max/robotics-and-automation/week2/ws/ros2_tutorial_workspace/install/packages_with_interfaces/include/packages_with_interfaces/packages_with_interfaces/msg/amazing_quote.hpp
[1.307s] -- Up-to-date: /home/max/robotics-and-automation/week2/ws/ros2_tutorial_workspace/install/packages_with_interfaces/include/packages_with_interfaces/packages_with_interfaces/msg/detail
[1.307s] -- Installing: /home/max/robotics-and-automation/week2/ws/ros2_tutorial_workspace/install/packages_with_interfaces/include/packages_with_interfaces/packages_with_interfaces/msg/detail/amazing_quote__traits.hpp
[1.307s] -- Installing: /home/max/robotics-and-automation/week2/ws/ros2_tutorial_workspace/install/packages_with_interfaces/include/packages_with_interfaces/packages_with_interfaces/msg/detail/amazing_quote__builder.hpp
[1.307s] -- Installing: /home/max/robotics-and-automation/week2/ws/ros2_tutorial_workspace/install/packages_with_interfaces/include/packages_with_interfaces/packages_with_interfaces/msg/detail/amazing_quote__struct.hpp
[1.307s] -- Up-to-date: /home/max/robotics-and-automation/week2/ws/ros2_tutorial_workspace/install/packages_with_interfaces/include/packages_with_interfaces/packages_with_interfaces
[1.307s] -- Up-to-date: /home/max/robotics-and-automation/week2/ws/ros2_tutorial_workspace/install/packages_with_interfaces/include/packages_with_interfaces/packages_with_interfaces/srv
[1.307s] -- Up-to-date: /home/max/robotics-and-automation/week2/ws/ros2_tutorial_workspace/install/packages_with_interfaces/include/packages_with_interfaces/packages_with_interfaces/srv/detail
[1.307s] -- Installing: /home/max/robotics-and-automation/week2/ws/ros2_tutorial_workspace/install/packages_with_interfaces/include/packages_with_interfaces/packages_with_interfaces/srv/detail/dds_fastrtps
[1.307s] -- Installing: /home/max/robotics-and-automation/week2/ws/ros2_tutorial_workspace/install/packages_with_interfaces/include/packages_with_interfaces/packages_with_interfaces/srv/detail/what_is_the_point__rosidl_typesupport_fastrtps_cpp.hpp
[1.307s] -- Up-to-date: /home/max/robotics-and-automation/week2/ws/ros2_tutorial_workspace/install/packages_with_interfaces/include/packages_with_interfaces/packages_with_interfaces/msg
[1.307s] -- Up-to-date: /home/max/robotics-and-automation/week2/ws/ros2_tutorial_workspace/install/packages_with_interfaces/include/packages_with_interfaces/packages_with_interfaces/msg/detail
[1.307s] -- Installing: /home/max/robotics-and-automation/week2/ws/ros2_tutorial_workspace/install/packages_with_interfaces/include/packages_with_interfaces/packages_with_interfaces/msg/detail/amazing_quote__rosidl_typesupport_fastrtps_cpp.hpp
[1.307s] -- Installing: /home/max/robotics-and-automation/week2/ws/ros2_tutorial_workspace/install/packages_with_interfaces/include/packages_with_interfaces/packages_with_interfaces/msg/detail/dds_fastrtps
[1.307s] -- Installing: /home/max/robotics-and-automation/week2/ws/ros2_tutorial_workspace/install/packages_with_interfaces/include/packages_with_interfaces/packages_with_interfaces/msg/rosidl_typesupport_fastrtps_cpp__visibility_control.h
[1.307s] -- Installing: /home/max/robotics-and-automation/week2/ws/ros2_tutorial_workspace/install/packages_with_interfaces/lib/libpackages_with_interfaces__rosidl_typesupport_fastrtps_cpp.so
[1.308s] -- Set runtime path of "/home/max/robotics-and-automation/week2/ws/ros2_tutorial_workspace/install/packages_with_interfaces/lib/libpackages_with_interfaces__rosidl_typesupport_fastrtps_cpp.so" to ""
[1.308s] -- Up-to-date: /home/max/robotics-and-automation/week2/ws/ros2_tutorial_workspace/install/packages_with_interfaces/include/packages_with_interfaces/packages_with_interfaces
[1.308s] -- Up-to-date: /home/max/robotics-and-automation/week2/ws/ros2_tutorial_workspace/install/packages_with_interfaces/include/packages_with_interfaces/packages_with_interfaces/srv
[1.308s] -- Up-to-date: /home/max/robotics-and-automation/week2/ws/ros2_tutorial_workspace/install/packages_with_interfaces/include/packages_with_interfaces/packages_with_interfaces/srv/detail
[1.308s] -- Installing: /home/max/robotics-and-automation/week2/ws/ros2_tutorial_workspace/install/packages_with_interfaces/include/packages_with_interfaces/packages_with_interfaces/srv/detail/what_is_the_point__type_support.c
[1.308s] -- Installing: /home/max/robotics-and-automation/week2/ws/ros2_tutorial_workspace/install/packages_with_interfaces/include/packages_with_interfaces/packages_with_interfaces/srv/detail/what_is_the_point__rosidl_typesupport_introspection_c.h
[1.308s] -- Up-to-date: /home/max/robotics-and-automation/week2/ws/ros2_tutorial_workspace/install/packages_with_interfaces/include/packages_with_interfaces/packages_with_interfaces/msg
[1.308s] -- Installing: /home/max/robotics-and-automation/week2/ws/ros2_tutorial_workspace/install/packages_with_interfaces/include/packages_with_interfaces/packages_with_interfaces/msg/rosidl_typesupport_introspection_c__visibility_control.h
[1.308s] -- Up-to-date: /home/max/robotics-and-automation/week2/ws/ros2_tutorial_workspace/install/packages_with_interfaces/include/packages_with_interfaces/packages_with_interfaces/msg/detail
[1.308s] -- Installing: /home/max/robotics-and-automation/week2/ws/ros2_tutorial_workspace/install/packages_with_interfaces/include/packages_with_interfaces/packages_with_interfaces/msg/detail/amazing_quote__type_support.c
[1.308s] -- Installing: /home/max/robotics-and-automation/week2/ws/ros2_tutorial_workspace/install/packages_with_interfaces/include/packages_with_interfaces/packages_with_interfaces/msg/detail/amazing_quote__rosidl_typesupport_introspection_c.h
[1.308s] -- Installing: /home/max/robotics-and-automation/week2/ws/ros2_tutorial_workspace/install/packages_with_interfaces/lib/libpackages_with_interfaces__rosidl_typesupport_introspection_c.so
[1.308s] -- Set runtime path of "/home/max/robotics-and-automation/week2/ws/ros2_tutorial_workspace/install/packages_with_interfaces/lib/libpackages_with_interfaces__rosidl_typesupport_introspection_c.so" to ""
[1.308s] -- Installing: /home/max/robotics-and-automation/week2/ws/ros2_tutorial_workspace/install/packages_with_interfaces/lib/libpackages_with_interfaces__rosidl_typesupport_c.so
[1.308s] -- Set runtime path of "/home/max/robotics-and-automation/week2/ws/ros2_tutorial_workspace/install/packages_with_interfaces/lib/libpackages_with_interfaces__rosidl_typesupport_c.so" to ""
[1.309s] -- Up-to-date: /home/max/robotics-and-automation/week2/ws/ros2_tutorial_workspace/install/packages_with_interfaces/include/packages_with_interfaces/packages_with_interfaces
[1.309s] -- Up-to-date: /home/max/robotics-and-automation/week2/ws/ros2_tutorial_workspace/install/packages_with_interfaces/include/packages_with_interfaces/packages_with_interfaces/srv
[1.309s] -- Up-to-date: /home/max/robotics-and-automation/week2/ws/ros2_tutorial_workspace/install/packages_with_interfaces/include/packages_with_interfaces/packages_with_interfaces/srv/detail
[1.309s] -- Installing: /home/max/robotics-and-automation/week2/ws/ros2_tutorial_workspace/install/packages_with_interfaces/include/packages_with_interfaces/packages_with_interfaces/srv/detail/what_is_the_point__rosidl_typesupport_introspection_cpp.hpp
[1.309s] -- Installing: /home/max/robotics-and-automation/week2/ws/ros2_tutorial_workspace/install/packages_with_interfaces/include/packages_with_interfaces/packages_with_interfaces/srv/detail/what_is_the_point__type_support.cpp
[1.309s] -- Up-to-date: /home/max/robotics-and-automation/week2/ws/ros2_tutorial_workspace/install/packages_with_interfaces/include/packages_with_interfaces/packages_with_interfaces/msg
[1.309s] -- Up-to-date: /home/max/robotics-and-automation/week2/ws/ros2_tutorial_workspace/install/packages_with_interfaces/include/packages_with_interfaces/packages_with_interfaces/msg/detail
[1.309s] -- Installing: /home/max/robotics-and-automation/week2/ws/ros2_tutorial_workspace/install/packages_with_interfaces/include/packages_with_interfaces/packages_with_interfaces/msg/detail/amazing_quote__type_support.cpp
[1.309s] -- Installing: /home/max/robotics-and-automation/week2/ws/ros2_tutorial_workspace/install/packages_with_interfaces/include/packages_with_interfaces/packages_with_interfaces/msg/detail/amazing_quote__rosidl_typesupport_introspection_cpp.hpp
[1.309s] -- Installing: /home/max/robotics-and-automation/week2/ws/ros2_tutorial_workspace/install/packages_with_interfaces/lib/libpackages_with_interfaces__rosidl_typesupport_introspection_cpp.so
[1.309s] -- Set runtime path of "/home/max/robotics-and-automation/week2/ws/ros2_tutorial_workspace/install/packages_with_interfaces/lib/libpackages_with_interfaces__rosidl_typesupport_introspection_cpp.so" to ""
[1.309s] -- Installing: /home/max/robotics-and-automation/week2/ws/ros2_tutorial_workspace/install/packages_with_interfaces/lib/libpackages_with_interfaces__rosidl_typesupport_cpp.so
[1.309s] -- Set runtime path of "/home/max/robotics-and-automation/week2/ws/ros2_tutorial_workspace/install/packages_with_interfaces/lib/libpackages_with_interfaces__rosidl_typesupport_cpp.so" to ""
[1.309s] -- Installing: /home/max/robotics-and-automation/week2/ws/ros2_tutorial_workspace/install/packages_with_interfaces/share/packages_with_interfaces/msg/AmazingQuote.idl
[1.309s] -- Installing: /home/max/robotics-and-automation/week2/ws/ros2_tutorial_workspace/install/packages_with_interfaces/share/packages_with_interfaces/srv/WhatIsThePoint.idl
[1.310s] -- Installing: /home/max/robotics-and-automation/week2/ws/ros2_tutorial_workspace/install/packages_with_interfaces/share/packages_with_interfaces/msg/AmazingQuote.msg
[1.310s] -- Installing: /home/max/robotics-and-automation/week2/ws/ros2_tutorial_workspace/install/packages_with_interfaces/share/packages_with_interfaces/srv/WhatIsThePoint.srv
[1.310s] -- Installing: /home/max/robotics-and-automation/week2/ws/ros2_tutorial_workspace/install/packages_with_interfaces/share/packages_with_interfaces/srv/WhatIsThePoint_Request.msg
[1.310s] -- Installing: /home/max/robotics-and-automation/week2/ws/ros2_tutorial_workspace/install/packages_with_interfaces/share/packages_with_interfaces/srv/WhatIsThePoint_Response.msg
[1.310s] -- Installing: /home/max/robotics-and-automation/week2/ws/ros2_tutorial_workspace/install/packages_with_interfaces/share/ament_index/resource_index/package_run_dependencies/packages_with_interfaces
[1.310s] -- Installing: /home/max/robotics-and-automation/week2/ws/ros2_tutorial_workspace/install/packages_with_interfaces/share/ament_index/resource_index/parent_prefix_path/packages_with_interfaces
[1.310s] -- Installing: /home/max/robotics-and-automation/week2/ws/ros2_tutorial_workspace/install/packages_with_interfaces/share/packages_with_interfaces/environment/ament_prefix_path.sh
[1.310s] -- Installing: /home/max/robotics-and-automation/week2/ws/ros2_tutorial_workspace/install/packages_with_interfaces/share/packages_with_interfaces/environment/ament_prefix_path.dsv
[1.310s] -- Installing: /home/max/robotics-and-automation/week2/ws/ros2_tutorial_workspace/install/packages_with_interfaces/share/packages_with_interfaces/environment/path.sh
[1.310s] -- Installing: /home/max/robotics-and-automation/week2/ws/ros2_tutorial_workspace/install/packages_with_interfaces/share/packages_with_interfaces/environment/path.dsv
[1.310s] -- Installing: /home/max/robotics-and-automation/week2/ws/ros2_tutorial_workspace/install/packages_with_interfaces/share/packages_with_interfaces/local_setup.bash
[1.310s] -- Installing: /home/max/robotics-and-automation/week2/ws/ros2_tutorial_workspace/install/packages_with_interfaces/share/packages_with_interfaces/local_setup.sh
[1.311s] -- Installing: /home/max/robotics-and-automation/week2/ws/ros2_tutorial_workspace/install/packages_with_interfaces/share/packages_with_interfaces/local_setup.zsh
[1.311s] -- Installing: /home/max/robotics-and-automation/week2/ws/ros2_tutorial_workspace/install/packages_with_interfaces/share/packages_with_interfaces/local_setup.dsv
[1.311s] -- Installing: /home/max/robotics-and-automation/week2/ws/ros2_tutorial_workspace/install/packages_with_interfaces/share/packages_with_interfaces/package.dsv
[1.311s] -- Installing: /home/max/robotics-and-automation/week2/ws/ros2_tutorial_workspace/install/packages_with_interfaces/share/ament_index/resource_index/packages/packages_with_interfaces
[1.311s] -- Installing: /home/max/robotics-and-automation/week2/ws/ros2_tutorial_workspace/install/packages_with_interfaces/share/packages_with_interfaces/cmake/export_packages_with_interfaces__rosidl_generator_cExport.cmake
[1.311s] -- Installing: /home/max/robotics-and-automation/week2/ws/ros2_tutorial_workspace/install/packages_with_interfaces/share/packages_with_interfaces/cmake/export_packages_with_interfaces__rosidl_generator_cExport-noconfig.cmake
[1.311s] -- Installing: /home/max/robotics-and-automation/week2/ws/ros2_tutorial_workspace/install/packages_with_interfaces/share/packages_with_interfaces/cmake/export_packages_with_interfaces__rosidl_typesupport_fastrtps_cExport.cmake
[1.311s] -- Installing: /home/max/robotics-and-automation/week2/ws/ros2_tutorial_workspace/install/packages_with_interfaces/share/packages_with_interfaces/cmake/export_packages_with_interfaces__rosidl_typesupport_fastrtps_cExport-noconfig.cmake
[1.311s] -- Installing: /home/max/robotics-and-automation/week2/ws/ros2_tutorial_workspace/install/packages_with_interfaces/share/packages_with_interfaces/cmake/export_packages_with_interfaces__rosidl_generator_cppExport.cmake
[1.311s] -- Installing: /home/max/robotics-and-automation/week2/ws/ros2_tutorial_workspace/install/packages_with_interfaces/share/packages_with_interfaces/cmake/export_packages_with_interfaces__rosidl_typesupport_fastrtps_cppExport.cmake
[1.311s] -- Installing: /home/max/robotics-and-automation/week2/ws/ros2_tutorial_workspace/install/packages_with_interfaces/share/packages_with_interfaces/cmake/export_packages_with_interfaces__rosidl_typesupport_fastrtps_cppExport-noconfig.cmake
[1.312s] -- Installing: /home/max/robotics-and-automation/week2/ws/ros2_tutorial_workspace/install/packages_with_interfaces/share/packages_with_interfaces/cmake/packages_with_interfaces__rosidl_typesupport_introspection_cExport.cmake
[1.312s] -- Installing: /home/max/robotics-and-automation/week2/ws/ros2_tutorial_workspace/install/packages_with_interfaces/share/packages_with_interfaces/cmake/packages_with_interfaces__rosidl_typesupport_introspection_cExport-noconfig.cmake
[1.312s] -- Installing: /home/max/robotics-and-automation/week2/ws/ros2_tutorial_workspace/install/packages_with_interfaces/share/packages_with_interfaces/cmake/packages_with_interfaces__rosidl_typesupport_cExport.cmake
[1.312s] -- Installing: /home/max/robotics-and-automation/week2/ws/ros2_tutorial_workspace/install/packages_with_interfaces/share/packages_with_interfaces/cmake/packages_with_interfaces__rosidl_typesupport_cExport-noconfig.cmake
[1.312s] -- Installing: /home/max/robotics-and-automation/week2/ws/ros2_tutorial_workspace/install/packages_with_interfaces/share/packages_with_interfaces/cmake/packages_with_interfaces__rosidl_typesupport_introspection_cppExport.cmake
[1.312s] -- Installing: /home/max/robotics-and-automation/week2/ws/ros2_tutorial_workspace/install/packages_with_interfaces/share/packages_with_interfaces/cmake/packages_with_interfaces__rosidl_typesupport_introspection_cppExport-noconfig.cmake
[1.312s] -- Installing: /home/max/robotics-and-automation/week2/ws/ros2_tutorial_workspace/install/packages_with_interfaces/share/packages_with_interfaces/cmake/packages_with_interfaces__rosidl_typesupport_cppExport.cmake
[1.312s] -- Installing: /home/max/robotics-and-automation/week2/ws/ros2_tutorial_workspace/install/packages_with_interfaces/share/packages_with_interfaces/cmake/packages_with_interfaces__rosidl_typesupport_cppExport-noconfig.cmake
[1.312s] -- Installing: /home/max/robotics-and-automation/week2/ws/ros2_tutorial_workspace/install/packages_with_interfaces/share/packages_with_interfaces/cmake/rosidl_cmake-extras.cmake
[1.312s] -- Installing: /home/max/robotics-and-automation/week2/ws/ros2_tutorial_workspace/install/packages_with_interfaces/share/packages_with_interfaces/cmake/ament_cmake_export_dependencies-extras.cmake
[1.312s] -- Installing: /home/max/robotics-and-automation/week2/ws/ros2_tutorial_workspace/install/packages_with_interfaces/share/packages_with_interfaces/cmake/ament_cmake_export_include_directories-extras.cmake
[1.312s] -- Installing: /home/max/robotics-and-automation/week2/ws/ros2_tutorial_workspace/install/packages_with_interfaces/share/packages_with_interfaces/cmake/ament_cmake_export_libraries-extras.cmake
[1.313s] -- Installing: /home/max/robotics-and-automation/week2/ws/ros2_tutorial_workspace/install/packages_with_interfaces/share/packages_with_interfaces/cmake/ament_cmake_export_targets-extras.cmake
[1.313s] -- Installing: /home/max/robotics-and-automation/week2/ws/ros2_tutorial_workspace/install/packages_with_interfaces/share/packages_with_interfaces/cmake/rosidl_cmake_export_typesupport_targets-extras.cmake
[1.313s] -- Installing: /home/max/robotics-and-automation/week2/ws/ros2_tutorial_workspace/install/packages_with_interfaces/share/packages_with_interfaces/cmake/rosidl_cmake_export_typesupport_libraries-extras.cmake
[1.313s] -- Installing: /home/max/robotics-and-automation/week2/ws/ros2_tutorial_workspace/install/packages_with_interfaces/share/packages_with_interfaces/cmake/packages_with_interfacesConfig.cmake
[1.313s] -- Installing: /home/max/robotics-and-automation/week2/ws/ros2_tutorial_workspace/install/packages_with_interfaces/share/packages_with_interfaces/cmake/packages_with_interfacesConfig-version.cmake
[1.313s] -- Installing: /home/max/robotics-and-automation/week2/ws/ros2_tutorial_workspace/install/packages_with_interfaces/share/packages_with_interfaces/package.xml
[1.314s] Invoked command in '/home/max/robotics-and-automation/week2/ws/ros2_tutorial_workspace/build/packages_with_interfaces' returned '0': CMAKE_PREFIX_PATH=${CMAKE_PREFIX_PATH}:/home/max/robotics-and-automation/week2/ws/ros2_tutorial_workspace/install/the_simplest_python_package:/home/max/robotics-and-automation/week2/ws/ros2_tutorial_workspace/install/python_package_with_a_node:/home/max/robotics-and-automation/week2/ws/ros2_ws/install/topic_monitor:/home/max/robotics-and-automation/week2/ws/ros2_ws/install/quality_of_service_demo_py:/home/max/robotics-and-automation/week2/ws/ros2_ws/install/lifecycle_py:/home/max/robotics-and-automation/week2/ws/ros2_ws/install/launch_testing_examples:/home/max/robotics-and-automation/week2/ws/ros2_ws/install/examples_rclpy_pointcloud_publisher:/home/max/robotics-and-automation/week2/ws/ros2_ws/install/examples_rclpy_minimal_subscriber:/home/max/robotics-and-automation/week2/ws/ros2_ws/install/examples_rclpy_minimal_service:/home/max/robotics-and-automation/week2/ws/ros2_ws/install/examples_rclpy_minimal_publisher:/home/max/robotics-and-automation/week2/ws/ros2_ws/install/examples_rclpy_minimal_client:/home/max/robotics-and-automation/week2/ws/ros2_ws/install/examples_rclpy_minimal_action_server:/home/max/robotics-and-automation/week2/ws/ros2_ws/install/examples_rclpy_minimal_action_client:/home/max/robotics-and-automation/week2/ws/ros2_ws/install/examples_rclpy_guard_conditions:/home/max/robotics-and-automation/week2/ws/ros2_ws/install/examples_rclpy_executors:/home/max/robotics-and-automation/week2/ws/ros2_ws/install/demo_nodes_py:/home/max/robotics-and-automation/week2/ws/ros2_ws/install/action_tutorials_py:/opt/ros/humble /usr/bin/cmake --install /home/max/robotics-and-automation/week2/ws/ros2_tutorial_workspace/build/packages_with_interfaces
