[0.029s] Invoking command in '/home/max/robotics-and-automation/week2/ws/ros2_ws/build/demo_nodes_cpp': CMAKE_PREFIX_PATH=/opt/ros/humble /usr/bin/cmake /home/max/robotics-and-automation/week2/ws/ros2_ws/src/demos/demo_nodes_cpp -DCMAKE_INSTALL_PREFIX=/home/max/robotics-and-automation/week2/ws/ros2_ws/install/demo_nodes_cpp
[0.181s] -- The C compiler identification is GNU 11.4.0
[0.181s] -- The CXX compiler identification is GNU 11.4.0
[0.181s] -- Detecting C compiler ABI info
[0.212s] -- Detecting C compiler ABI info - done
[0.224s] -- Check for working C compiler: /usr/bin/cc - skipped
[0.224s] -- Detecting C compile features
[0.224s] -- Detecting C compile features - done
[0.224s] -- Detecting CXX compiler ABI info
[0.284s] -- Detecting CXX compiler ABI info - done
[0.291s] -- Check for working CXX compiler: /usr/bin/c++ - skipped
[0.291s] -- Detecting CXX compile features
[0.292s] -- Detecting CXX compile features - done
[0.294s] -- Found ament_cmake: 1.3.10 (/opt/ros/humble/share/ament_cmake/cmake)
[0.412s] -- Found Python3: /usr/bin/python3 (found version "3.10.12") found components: Interpreter 
[0.485s] -- Found example_interfaces: 0.9.3 (/opt/ros/humble/share/example_interfaces/cmake)
[0.512s] -- Found rosidl_generator_c: 3.1.5 (/opt/ros/humble/share/rosidl_generator_c/cmake)
[0.513s] -- Found rosidl_adapter: 3.1.5 (/opt/ros/humble/share/rosidl_adapter/cmake)
[0.519s] -- Found rosidl_generator_cpp: 3.1.5 (/opt/ros/humble/share/rosidl_generator_cpp/cmake)
[0.532s] -- Using all available rosidl_typesupport_c: rosidl_typesupport_fastrtps_c;rosidl_typesupport_introspection_c
[0.540s] -- Using all available rosidl_typesupport_cpp: rosidl_typesupport_fastrtps_cpp;rosidl_typesupport_introspection_cpp
[0.587s] -- Found rclcpp: 16.0.10 (/opt/ros/humble/share/rclcpp/cmake)
[0.610s] -- Found rmw_implementation_cmake: 6.1.2 (/opt/ros/humble/share/rmw_implementation_cmake/cmake)
[0.612s] -- Found rmw_fastrtps_cpp: 6.2.7 (/opt/ros/humble/share/rmw_fastrtps_cpp/cmake)
[0.679s] -- Found OpenSSL: /usr/lib/x86_64-linux-gnu/libcrypto.so (found version "3.0.2")  
[0.699s] -- Found FastRTPS: /opt/ros/humble/include  
[0.729s] -- Using RMW implementation 'rmw_fastrtps_cpp' as default
[0.734s] -- Looking for pthread.h
[0.790s] -- Looking for pthread.h - found
[0.793s] -- Performing Test CMAKE_HAVE_LIBC_PTHREAD
[0.845s] -- Performing Test CMAKE_HAVE_LIBC_PTHREAD - Success
[0.846s] -- Found Threads: TRUE  
[0.882s] -- Found rclcpp_components: 16.0.10 (/opt/ros/humble/share/rclcpp_components/cmake)
[0.920s] -- Found ament_lint_auto: 0.12.11 (/opt/ros/humble/share/ament_lint_auto/cmake)
[0.990s] -- Found python_cmake_module: 0.10.0 (/opt/ros/humble/share/python_cmake_module/cmake)
[1.005s] -- Found PythonInterp: /usr/bin/python3 (found suitable version "3.10.12", minimum required is "3.6") 
[1.008s] -- Found PythonLibs: /usr/lib/x86_64-linux-gnu/libpython3.10.so (found suitable version "3.10.12", minimum required is "3.5") 
[1.008s] -- Using PYTHON_EXECUTABLE: /usr/bin/python3
[1.008s] -- Using PYTHON_INCLUDE_DIRS: /usr/include/python3.10
[1.008s] -- Using PYTHON_LIBRARIES: /usr/lib/x86_64-linux-gnu/libpython3.10.so
[1.025s] -- Found PythonExtra: .so  
[1.043s] -- Added test 'copyright' to check source files copyright and LICENSE
[1.043s] -- Added test 'cppcheck' to perform static code analysis on C / C++ code
[1.044s] -- Configured cppcheck include dirs: /home/max/robotics-and-automation/week2/ws/ros2_ws/src/demos/demo_nodes_cpp/include
[1.044s] -- Configured cppcheck exclude dirs and/or files: 
[1.045s] -- Added test 'cpplint' to check C / C++ code against the Google style
[1.045s] -- Configured cpplint exclude dirs and/or files: 
[1.045s] -- Added test 'flake8' to check Python code syntax and style conventions
[1.046s] -- Added test 'lint_cmake' to check CMake code style
[1.047s] -- Added test 'pep257' to check Python code against some of the docstring style conventions in PEP 257
[1.057s] -- Added test 'uncrustify' to check C / C++ code style
[1.057s] -- Configured uncrustify additional arguments: 
[1.057s] -- Added test 'xmllint' to check XML markup files
[1.057s] -- Configuring done
[1.142s] -- Generating done
[1.146s] -- Build files have been written to: /home/max/robotics-and-automation/week2/ws/ros2_ws/build/demo_nodes_cpp
[1.178s] Invoked command in '/home/max/robotics-and-automation/week2/ws/ros2_ws/build/demo_nodes_cpp' returned '0': CMAKE_PREFIX_PATH=/opt/ros/humble /usr/bin/cmake /home/max/robotics-and-automation/week2/ws/ros2_ws/src/demos/demo_nodes_cpp -DCMAKE_INSTALL_PREFIX=/home/max/robotics-and-automation/week2/ws/ros2_ws/install/demo_nodes_cpp
[1.178s] Invoking command in '/home/max/robotics-and-automation/week2/ws/ros2_ws/build/demo_nodes_cpp': CMAKE_PREFIX_PATH=/opt/ros/humble /usr/bin/cmake --build /home/max/robotics-and-automation/week2/ws/ros2_ws/build/demo_nodes_cpp -- -j16 -l16
[13.806s] [  1%] [32mBuilding CXX object CMakeFiles/allocator_tutorial.dir/src/topics/allocator_tutorial.cpp.o[0m
[13.806s] [  2%] [32mBuilding CXX object CMakeFiles/parameter_events.dir/src/parameters/parameter_events.cpp.o[0m
[13.806s] [  4%] [32mBuilding CXX object CMakeFiles/add_two_ints_client.dir/src/services/add_two_ints_client.cpp.o[0m
[13.806s] [  5%] [32mBuilding CXX object CMakeFiles/list_parameters_async.dir/src/parameters/list_parameters_async.cpp.o[0m
[13.806s] [  7%] [32mBuilding CXX object CMakeFiles/parameter_event_handler.dir/src/parameters/parameter_event_handler.cpp.o[0m
[13.806s] [  8%] [32mBuilding CXX object CMakeFiles/set_and_get_parameters_async.dir/src/parameters/set_and_get_parameters_async.cpp.o[0m
[13.806s] [ 10%] [32mBuilding CXX object CMakeFiles/parameters_library.dir/src/parameters/set_and_get_parameters.cpp.o[0m
[13.806s] [ 11%] [32mBuilding CXX object CMakeFiles/topics_library.dir/src/topics/content_filtering_publisher.cpp.o[0m
[13.806s] [ 13%] [32mBuilding CXX object CMakeFiles/services_library.dir/src/services/add_two_ints_server.cpp.o[0m
[13.806s] [ 14%] [32mBuilding CXX object CMakeFiles/services_library.dir/src/services/add_two_ints_client.cpp.o[0m
[13.806s] [ 16%] [32mBuilding CXX object CMakeFiles/parameters_library.dir/src/parameters/list_parameters.cpp.o[0m
[13.806s] [ 17%] [32mBuilding CXX object CMakeFiles/parameters_library.dir/src/parameters/parameter_blackboard.cpp.o[0m
[13.806s] [ 19%] [32mBuilding CXX object CMakeFiles/timers_library.dir/src/timers/one_off_timer.cpp.o[0m
[13.806s] [ 20%] [32mBuilding CXX object CMakeFiles/services_library.dir/src/services/add_two_ints_client_async.cpp.o[0m
[13.806s] [ 22%] [32mBuilding CXX object CMakeFiles/parameters_library.dir/src/parameters/parameter_events_async.cpp.o[0m
[13.806s] [ 23%] [32mBuilding CXX object CMakeFiles/one_off_timer.dir/rclcpp_components/node_main_one_off_timer.cpp.o[0m
[13.806s] [ 25%] [32mBuilding CXX object CMakeFiles/parameters_library.dir/src/parameters/even_parameters_node.cpp.o[0m
[13.806s] [ 26%] [32mBuilding CXX object CMakeFiles/timers_library.dir/src/timers/reuse_timer.cpp.o[0m
[13.806s] [ 27%] [32mBuilding CXX object CMakeFiles/reuse_timer.dir/rclcpp_components/node_main_reuse_timer.cpp.o[0m
[13.806s] [ 29%] [32m[1mLinking CXX executable list_parameters_async[0m
[13.806s] [ 30%] [32m[1mLinking CXX executable one_off_timer[0m
[13.806s] [ 32%] [32mBuilding CXX object CMakeFiles/add_two_ints_server.dir/rclcpp_components/node_main_add_two_ints_server.cpp.o[0m
[13.806s] [ 33%] [32mBuilding CXX object CMakeFiles/topics_library.dir/src/topics/content_filtering_subscriber.cpp.o[0m
[13.806s] [ 33%] Built target list_parameters_async
[13.807s] [ 33%] Built target one_off_timer
[13.807s] [ 35%] [32mBuilding CXX object CMakeFiles/add_two_ints_client_async.dir/rclcpp_components/node_main_add_two_ints_client_async.cpp.o[0m
[13.807s] [ 36%] [32mBuilding CXX object CMakeFiles/list_parameters.dir/rclcpp_components/node_main_list_parameters.cpp.o[0m
[13.807s] [ 38%] [32m[1mLinking CXX executable set_and_get_parameters_async[0m
[13.807s] [ 39%] [32m[1mLinking CXX executable add_two_ints_client[0m
[13.807s] [ 41%] [32mBuilding CXX object CMakeFiles/topics_library.dir/src/topics/talker.cpp.o[0m
[13.807s] [ 41%] Built target set_and_get_parameters_async
[13.807s] [ 42%] [32mBuilding CXX object CMakeFiles/topics_library.dir/src/topics/talker_loaned_message.cpp.o[0m
[13.807s] [ 42%] Built target add_two_ints_client
[13.807s] [ 44%] [32mBuilding CXX object CMakeFiles/parameter_blackboard.dir/rclcpp_components/node_main_parameter_blackboard.cpp.o[0m
[13.807s] [ 45%] [32m[1mLinking CXX shared library libservices_library.so[0m
[13.807s] [ 45%] Built target services_library
[13.807s] [ 47%] [32mBuilding CXX object CMakeFiles/set_and_get_parameters.dir/rclcpp_components/node_main_set_and_get_parameters.cpp.o[0m
[14.344s] [ 48%] [32mBuilding CXX object CMakeFiles/topics_library.dir/src/topics/talker_serialized_message.cpp.o[0m
[16.069s] [ 50%] [32mBuilding CXX object CMakeFiles/parameter_events_async.dir/rclcpp_components/node_main_parameter_events_async.cpp.o[0m
[16.834s] [ 51%] [32m[1mLinking CXX shared library libtimers_library.so[0m
[17.085s] [ 51%] Built target timers_library
[17.152s] [ 52%] [32mBuilding CXX object CMakeFiles/even_parameters_node.dir/rclcpp_components/node_main_even_parameters_node.cpp.o[0m
[18.129s] [ 54%] [32m[1mLinking CXX executable add_two_ints_client_async[0m
[18.411s] [ 54%] Built target add_two_ints_client_async
[18.471s] [ 55%] [32mBuilding CXX object CMakeFiles/content_filtering_publisher.dir/rclcpp_components/node_main_content_filtering_publisher.cpp.o[0m
[18.544s] [ 57%] [32m[1mLinking CXX executable reuse_timer[0m
[18.738s] [ 57%] Built target reuse_timer
[18.794s] [ 58%] [32mBuilding CXX object CMakeFiles/content_filtering_subscriber.dir/rclcpp_components/node_main_content_filtering_subscriber.cpp.o[0m
[19.147s] [ 60%] [32m[1mLinking CXX executable add_two_ints_server[0m
[19.279s] [ 60%] Built target add_two_ints_server
[19.347s] [ 61%] [32m[1mLinking CXX executable parameter_event_handler[0m
[19.347s] [ 63%] [32mBuilding CXX object CMakeFiles/talker.dir/rclcpp_components/node_main_talker.cpp.o[0m
[20.023s] [ 63%] Built target parameter_event_handler
[20.051s] [ 64%] [32m[1mLinking CXX executable list_parameters[0m
[20.066s] [ 66%] [32mBuilding CXX object CMakeFiles/talker_loaned_message.dir/rclcpp_components/node_main_talker_loaned_message.cpp.o[0m
[20.500s] [ 66%] Built target list_parameters
[20.603s] [ 67%] [32m[1mLinking CXX executable set_and_get_parameters[0m
[20.610s] [ 69%] [32mBuilding CXX object CMakeFiles/talker_serialized_message.dir/rclcpp_components/node_main_talker_serialized_message.cpp.o[0m
[20.814s] [ 70%] [32m[1mLinking CXX executable parameter_blackboard[0m
[21.088s] [ 70%] Built target parameter_blackboard
[21.164s] [ 72%] [32mBuilding CXX object CMakeFiles/listener.dir/rclcpp_components/node_main_listener.cpp.o[0m
[21.257s] [ 72%] Built target set_and_get_parameters
[21.305s] [ 73%] [32mBuilding CXX object CMakeFiles/listener_serialized_message.dir/rclcpp_components/node_main_listener_serialized_message.cpp.o[0m
[22.560s] [ 75%] [32m[1mLinking CXX executable parameter_events[0m
[22.706s] [ 76%] [32m[1mLinking CXX shared library libparameters_library.so[0m
[23.187s] [ 77%] [32mBuilding CXX object CMakeFiles/listener_best_effort.dir/rclcpp_components/node_main_listener_best_effort.cpp.o[0m
[23.215s] [ 77%] Built target parameter_events
[23.244s] [ 79%] [32mBuilding CXX object CMakeFiles/topics_library.dir/src/topics/listener.cpp.o[0m
[23.934s] [ 79%] Built target parameters_library
[23.960s] [ 80%] [32mBuilding CXX object CMakeFiles/topics_library.dir/src/topics/listener_serialized_message.cpp.o[0m
[24.508s] [ 82%] [32mBuilding CXX object CMakeFiles/topics_library.dir/src/topics/listener_best_effort.cpp.o[0m
[25.686s] [ 83%] [32m[1mLinking CXX executable parameter_events_async[0m
[26.300s] [ 83%] Built target parameter_events_async
[26.632s] [ 85%] [32m[1mLinking CXX executable allocator_tutorial[0m
[27.896s] [ 86%] [32m[1mLinking CXX executable content_filtering_publisher[0m
[28.090s] [ 88%] [32m[1mLinking CXX executable listener[0m
[28.097s] [ 88%] Built target content_filtering_publisher
[28.114s] [ 88%] Built target allocator_tutorial
[28.269s] [ 88%] Built target listener
[28.803s] [ 89%] [32m[1mLinking CXX executable even_parameters_node[0m
[28.973s] [ 89%] Built target even_parameters_node
[29.776s] [ 91%] [32m[1mLinking CXX executable talker[0m
[29.870s] [ 92%] [32m[1mLinking CXX executable content_filtering_subscriber[0m
[29.886s] [ 94%] [32m[1mLinking CXX executable talker_loaned_message[0m
[30.107s] [ 94%] Built target content_filtering_subscriber
[30.121s] [ 94%] Built target talker_loaned_message
[30.211s] [ 94%] Built target talker
[30.347s] [ 95%] [32m[1mLinking CXX executable listener_serialized_message[0m
[30.645s] [ 95%] Built target listener_serialized_message
[30.835s] [ 97%] [32m[1mLinking CXX executable talker_serialized_message[0m
[31.085s] [ 97%] Built target talker_serialized_message
[32.030s] [ 98%] [32m[1mLinking CXX executable listener_best_effort[0m
[32.298s] [ 98%] Built target listener_best_effort
[41.357s] [100%] [32m[1mLinking CXX shared library libtopics_library.so[0m
[42.404s] [100%] Built target topics_library
[42.414s] Invoked command in '/home/max/robotics-and-automation/week2/ws/ros2_ws/build/demo_nodes_cpp' returned '0': CMAKE_PREFIX_PATH=/opt/ros/humble /usr/bin/cmake --build /home/max/robotics-and-automation/week2/ws/ros2_ws/build/demo_nodes_cpp -- -j16 -l16
[42.491s] Invoking command in '/home/max/robotics-and-automation/week2/ws/ros2_ws/build/demo_nodes_cpp': CMAKE_PREFIX_PATH=/opt/ros/humble /usr/bin/cmake --install /home/max/robotics-and-automation/week2/ws/ros2_ws/build/demo_nodes_cpp
[42.496s] -- Install configuration: ""
[42.496s] -- Installing: /home/max/robotics-and-automation/week2/ws/ros2_ws/install/demo_nodes_cpp/lib/demo_nodes_cpp/allocator_tutorial
[42.499s] -- Set runtime path of "/home/max/robotics-and-automation/week2/ws/ros2_ws/install/demo_nodes_cpp/lib/demo_nodes_cpp/allocator_tutorial" to ""
[42.499s] -- Installing: /home/max/robotics-and-automation/week2/ws/ros2_ws/install/demo_nodes_cpp/lib/demo_nodes_cpp/add_two_ints_client
[42.499s] -- Set runtime path of "/home/max/robotics-and-automation/week2/ws/ros2_ws/install/demo_nodes_cpp/lib/demo_nodes_cpp/add_two_ints_client" to ""
[42.500s] -- Installing: /home/max/robotics-and-automation/week2/ws/ros2_ws/install/demo_nodes_cpp/lib/demo_nodes_cpp/list_parameters_async
[42.500s] -- Set runtime path of "/home/max/robotics-and-automation/week2/ws/ros2_ws/install/demo_nodes_cpp/lib/demo_nodes_cpp/list_parameters_async" to ""
[42.500s] -- Installing: /home/max/robotics-and-automation/week2/ws/ros2_ws/install/demo_nodes_cpp/lib/demo_nodes_cpp/parameter_events
[42.502s] -- Set runtime path of "/home/max/robotics-and-automation/week2/ws/ros2_ws/install/demo_nodes_cpp/lib/demo_nodes_cpp/parameter_events" to ""
[42.502s] -- Installing: /home/max/robotics-and-automation/week2/ws/ros2_ws/install/demo_nodes_cpp/lib/demo_nodes_cpp/parameter_event_handler
[42.505s] -- Set runtime path of "/home/max/robotics-and-automation/week2/ws/ros2_ws/install/demo_nodes_cpp/lib/demo_nodes_cpp/parameter_event_handler" to ""
[42.505s] -- Installing: /home/max/robotics-and-automation/week2/ws/ros2_ws/install/demo_nodes_cpp/lib/demo_nodes_cpp/set_and_get_parameters_async
[42.506s] -- Set runtime path of "/home/max/robotics-and-automation/week2/ws/ros2_ws/install/demo_nodes_cpp/lib/demo_nodes_cpp/set_and_get_parameters_async" to ""
[42.506s] -- Installing: /home/max/robotics-and-automation/week2/ws/ros2_ws/install/demo_nodes_cpp/lib/demo_nodes_cpp/one_off_timer
[42.506s] -- Set runtime path of "/home/max/robotics-and-automation/week2/ws/ros2_ws/install/demo_nodes_cpp/lib/demo_nodes_cpp/one_off_timer" to ""
[42.506s] -- Installing: /home/max/robotics-and-automation/week2/ws/ros2_ws/install/demo_nodes_cpp/lib/demo_nodes_cpp/reuse_timer
[42.506s] -- Set runtime path of "/home/max/robotics-and-automation/week2/ws/ros2_ws/install/demo_nodes_cpp/lib/demo_nodes_cpp/reuse_timer" to ""
[42.506s] -- Installing: /home/max/robotics-and-automation/week2/ws/ros2_ws/install/demo_nodes_cpp/lib/demo_nodes_cpp/add_two_ints_server
[42.507s] -- Set runtime path of "/home/max/robotics-and-automation/week2/ws/ros2_ws/install/demo_nodes_cpp/lib/demo_nodes_cpp/add_two_ints_server" to ""
[42.507s] -- Installing: /home/max/robotics-and-automation/week2/ws/ros2_ws/install/demo_nodes_cpp/lib/demo_nodes_cpp/add_two_ints_client_async
[42.507s] -- Set runtime path of "/home/max/robotics-and-automation/week2/ws/ros2_ws/install/demo_nodes_cpp/lib/demo_nodes_cpp/add_two_ints_client_async" to ""
[42.507s] -- Installing: /home/max/robotics-and-automation/week2/ws/ros2_ws/install/demo_nodes_cpp/lib/demo_nodes_cpp/list_parameters
[42.507s] -- Set runtime path of "/home/max/robotics-and-automation/week2/ws/ros2_ws/install/demo_nodes_cpp/lib/demo_nodes_cpp/list_parameters" to ""
[42.508s] -- Installing: /home/max/robotics-and-automation/week2/ws/ros2_ws/install/demo_nodes_cpp/lib/demo_nodes_cpp/parameter_blackboard
[42.508s] -- Set runtime path of "/home/max/robotics-and-automation/week2/ws/ros2_ws/install/demo_nodes_cpp/lib/demo_nodes_cpp/parameter_blackboard" to ""
[42.508s] -- Installing: /home/max/robotics-and-automation/week2/ws/ros2_ws/install/demo_nodes_cpp/lib/demo_nodes_cpp/set_and_get_parameters
[42.508s] -- Set runtime path of "/home/max/robotics-and-automation/week2/ws/ros2_ws/install/demo_nodes_cpp/lib/demo_nodes_cpp/set_and_get_parameters" to ""
[42.508s] -- Installing: /home/max/robotics-and-automation/week2/ws/ros2_ws/install/demo_nodes_cpp/lib/demo_nodes_cpp/parameter_events_async
[42.509s] -- Set runtime path of "/home/max/robotics-and-automation/week2/ws/ros2_ws/install/demo_nodes_cpp/lib/demo_nodes_cpp/parameter_events_async" to ""
[42.509s] -- Installing: /home/max/robotics-and-automation/week2/ws/ros2_ws/install/demo_nodes_cpp/lib/demo_nodes_cpp/even_parameters_node
[42.509s] -- Set runtime path of "/home/max/robotics-and-automation/week2/ws/ros2_ws/install/demo_nodes_cpp/lib/demo_nodes_cpp/even_parameters_node" to ""
[42.509s] -- Installing: /home/max/robotics-and-automation/week2/ws/ros2_ws/install/demo_nodes_cpp/lib/demo_nodes_cpp/content_filtering_publisher
[42.510s] -- Set runtime path of "/home/max/robotics-and-automation/week2/ws/ros2_ws/install/demo_nodes_cpp/lib/demo_nodes_cpp/content_filtering_publisher" to ""
[42.510s] -- Installing: /home/max/robotics-and-automation/week2/ws/ros2_ws/install/demo_nodes_cpp/lib/demo_nodes_cpp/content_filtering_subscriber
[42.510s] -- Set runtime path of "/home/max/robotics-and-automation/week2/ws/ros2_ws/install/demo_nodes_cpp/lib/demo_nodes_cpp/content_filtering_subscriber" to ""
[42.510s] -- Installing: /home/max/robotics-and-automation/week2/ws/ros2_ws/install/demo_nodes_cpp/lib/demo_nodes_cpp/talker
[42.511s] -- Set runtime path of "/home/max/robotics-and-automation/week2/ws/ros2_ws/install/demo_nodes_cpp/lib/demo_nodes_cpp/talker" to ""
[42.511s] -- Installing: /home/max/robotics-and-automation/week2/ws/ros2_ws/install/demo_nodes_cpp/lib/demo_nodes_cpp/talker_loaned_message
[42.511s] -- Set runtime path of "/home/max/robotics-and-automation/week2/ws/ros2_ws/install/demo_nodes_cpp/lib/demo_nodes_cpp/talker_loaned_message" to ""
[42.511s] -- Installing: /home/max/robotics-and-automation/week2/ws/ros2_ws/install/demo_nodes_cpp/lib/demo_nodes_cpp/talker_serialized_message
[42.511s] -- Set runtime path of "/home/max/robotics-and-automation/week2/ws/ros2_ws/install/demo_nodes_cpp/lib/demo_nodes_cpp/talker_serialized_message" to ""
[42.512s] -- Installing: /home/max/robotics-and-automation/week2/ws/ros2_ws/install/demo_nodes_cpp/lib/demo_nodes_cpp/listener
[42.512s] -- Set runtime path of "/home/max/robotics-and-automation/week2/ws/ros2_ws/install/demo_nodes_cpp/lib/demo_nodes_cpp/listener" to ""
[42.512s] -- Installing: /home/max/robotics-and-automation/week2/ws/ros2_ws/install/demo_nodes_cpp/lib/demo_nodes_cpp/listener_serialized_message
[42.512s] -- Set runtime path of "/home/max/robotics-and-automation/week2/ws/ros2_ws/install/demo_nodes_cpp/lib/demo_nodes_cpp/listener_serialized_message" to ""
[42.512s] -- Installing: /home/max/robotics-and-automation/week2/ws/ros2_ws/install/demo_nodes_cpp/lib/demo_nodes_cpp/listener_best_effort
[42.513s] -- Set runtime path of "/home/max/robotics-and-automation/week2/ws/ros2_ws/install/demo_nodes_cpp/lib/demo_nodes_cpp/listener_best_effort" to ""
[42.513s] -- Installing: /home/max/robotics-and-automation/week2/ws/ros2_ws/install/demo_nodes_cpp/lib/libtimers_library.so
[42.513s] -- Set runtime path of "/home/max/robotics-and-automation/week2/ws/ros2_ws/install/demo_nodes_cpp/lib/libtimers_library.so" to ""
[42.513s] -- Installing: /home/max/robotics-and-automation/week2/ws/ros2_ws/install/demo_nodes_cpp/lib/libservices_library.so
[42.515s] -- Set runtime path of "/home/max/robotics-and-automation/week2/ws/ros2_ws/install/demo_nodes_cpp/lib/libservices_library.so" to ""
[42.515s] -- Installing: /home/max/robotics-and-automation/week2/ws/ros2_ws/install/demo_nodes_cpp/lib/libparameters_library.so
[42.520s] -- Set runtime path of "/home/max/robotics-and-automation/week2/ws/ros2_ws/install/demo_nodes_cpp/lib/libparameters_library.so" to ""
[42.520s] -- Installing: /home/max/robotics-and-automation/week2/ws/ros2_ws/install/demo_nodes_cpp/lib/libtopics_library.so
[42.527s] -- Set runtime path of "/home/max/robotics-and-automation/week2/ws/ros2_ws/install/demo_nodes_cpp/lib/libtopics_library.so" to ""
[42.527s] -- Installing: /home/max/robotics-and-automation/week2/ws/ros2_ws/install/demo_nodes_cpp/share/demo_nodes_cpp//launch
[42.527s] -- Installing: /home/max/robotics-and-automation/week2/ws/ros2_ws/install/demo_nodes_cpp/share/demo_nodes_cpp//launch/topics
[42.527s] -- Installing: /home/max/robotics-and-automation/week2/ws/ros2_ws/install/demo_nodes_cpp/share/demo_nodes_cpp//launch/topics/talker_listener.launch.py
[42.527s] -- Installing: /home/max/robotics-and-automation/week2/ws/ros2_ws/install/demo_nodes_cpp/share/demo_nodes_cpp//launch/topics/talker_listener_best_effort.launch.xml
[42.527s] -- Installing: /home/max/robotics-and-automation/week2/ws/ros2_ws/install/demo_nodes_cpp/share/demo_nodes_cpp//launch/topics/talker_listener_best_effort.launch.py
[42.528s] -- Installing: /home/max/robotics-and-automation/week2/ws/ros2_ws/install/demo_nodes_cpp/share/demo_nodes_cpp//launch/topics/talker_listener.launch.xml
[42.528s] -- Installing: /home/max/robotics-and-automation/week2/ws/ros2_ws/install/demo_nodes_cpp/share/demo_nodes_cpp//launch/services
[42.528s] -- Installing: /home/max/robotics-and-automation/week2/ws/ros2_ws/install/demo_nodes_cpp/share/demo_nodes_cpp//launch/services/add_two_ints.launch.py
[42.528s] -- Installing: /home/max/robotics-and-automation/week2/ws/ros2_ws/install/demo_nodes_cpp/share/demo_nodes_cpp//launch/services/add_two_ints_async.launch.xml
[42.528s] -- Installing: /home/max/robotics-and-automation/week2/ws/ros2_ws/install/demo_nodes_cpp/share/demo_nodes_cpp//launch/services/add_two_ints.launch.xml
[42.528s] -- Installing: /home/max/robotics-and-automation/week2/ws/ros2_ws/install/demo_nodes_cpp/share/demo_nodes_cpp//launch/services/add_two_ints_async.launch.py
[42.528s] -- Installing: /home/max/robotics-and-automation/week2/ws/ros2_ws/install/demo_nodes_cpp/share/ament_index/resource_index/package_run_dependencies/demo_nodes_cpp
[42.528s] -- Installing: /home/max/robotics-and-automation/week2/ws/ros2_ws/install/demo_nodes_cpp/share/ament_index/resource_index/parent_prefix_path/demo_nodes_cpp
[42.528s] -- Installing: /home/max/robotics-and-automation/week2/ws/ros2_ws/install/demo_nodes_cpp/share/demo_nodes_cpp/environment/ament_prefix_path.sh
[42.528s] -- Installing: /home/max/robotics-and-automation/week2/ws/ros2_ws/install/demo_nodes_cpp/share/demo_nodes_cpp/environment/ament_prefix_path.dsv
[42.528s] -- Installing: /home/max/robotics-and-automation/week2/ws/ros2_ws/install/demo_nodes_cpp/share/demo_nodes_cpp/environment/path.sh
[42.528s] -- Installing: /home/max/robotics-and-automation/week2/ws/ros2_ws/install/demo_nodes_cpp/share/demo_nodes_cpp/environment/path.dsv
[42.529s] -- Installing: /home/max/robotics-and-automation/week2/ws/ros2_ws/install/demo_nodes_cpp/share/demo_nodes_cpp/local_setup.bash
[42.529s] -- Installing: /home/max/robotics-and-automation/week2/ws/ros2_ws/install/demo_nodes_cpp/share/demo_nodes_cpp/local_setup.sh
[42.529s] -- Installing: /home/max/robotics-and-automation/week2/ws/ros2_ws/install/demo_nodes_cpp/share/demo_nodes_cpp/local_setup.zsh
[42.529s] -- Installing: /home/max/robotics-and-automation/week2/ws/ros2_ws/install/demo_nodes_cpp/share/demo_nodes_cpp/local_setup.dsv
[42.529s] -- Installing: /home/max/robotics-and-automation/week2/ws/ros2_ws/install/demo_nodes_cpp/share/demo_nodes_cpp/package.dsv
[42.529s] -- Installing: /home/max/robotics-and-automation/week2/ws/ros2_ws/install/demo_nodes_cpp/share/ament_index/resource_index/packages/demo_nodes_cpp
[42.529s] -- Installing: /home/max/robotics-and-automation/week2/ws/ros2_ws/install/demo_nodes_cpp/share/ament_index/resource_index/rclcpp_components/demo_nodes_cpp
[42.529s] -- Installing: /home/max/robotics-and-automation/week2/ws/ros2_ws/install/demo_nodes_cpp/share/demo_nodes_cpp/cmake/demo_nodes_cppConfig.cmake
[42.529s] -- Installing: /home/max/robotics-and-automation/week2/ws/ros2_ws/install/demo_nodes_cpp/share/demo_nodes_cpp/cmake/demo_nodes_cppConfig-version.cmake
[42.529s] -- Installing: /home/max/robotics-and-automation/week2/ws/ros2_ws/install/demo_nodes_cpp/share/demo_nodes_cpp/package.xml
[42.531s] Invoked command in '/home/max/robotics-and-automation/week2/ws/ros2_ws/build/demo_nodes_cpp' returned '0': CMAKE_PREFIX_PATH=/opt/ros/humble /usr/bin/cmake --install /home/max/robotics-and-automation/week2/ws/ros2_ws/build/demo_nodes_cpp
