[0.028s] Invoking command in '/home/max/robotics-and-automation/week2/ws/ros2_ws/build/dummy_map_server': CMAKE_PREFIX_PATH=/opt/ros/humble /usr/bin/cmake /home/max/robotics-and-automation/week2/ws/ros2_ws/src/demos/dummy_robot/dummy_map_server -DCMAKE_INSTALL_PREFIX=/home/max/robotics-and-automation/week2/ws/ros2_ws/install/dummy_map_server
[0.180s] -- The C compiler identification is GNU 11.4.0
[0.180s] -- The CXX compiler identification is GNU 11.4.0
[0.180s] -- Detecting C compiler ABI info
[0.210s] -- Detecting C compiler ABI info - done
[0.220s] -- Check for working C compiler: /usr/bin/cc - skipped
[0.220s] -- Detecting C compile features
[0.220s] -- Detecting C compile features - done
[0.220s] -- Detecting CXX compiler ABI info
[0.291s] -- Detecting CXX compiler ABI info - done
[0.298s] -- Check for working CXX compiler: /usr/bin/c++ - skipped
[0.298s] -- Detecting CXX compile features
[0.298s] -- Detecting CXX compile features - done
[0.299s] -- Found ament_cmake: 1.3.10 (/opt/ros/humble/share/ament_cmake/cmake)
[0.416s] -- Found Python3: /usr/bin/python3 (found version "3.10.12") found components: Interpreter 
[0.483s] -- Found nav_msgs: 4.2.4 (/opt/ros/humble/share/nav_msgs/cmake)
[0.511s] -- Found rosidl_generator_c: 3.1.5 (/opt/ros/humble/share/rosidl_generator_c/cmake)
[0.511s] -- Found rosidl_adapter: 3.1.5 (/opt/ros/humble/share/rosidl_adapter/cmake)
[0.517s] -- Found rosidl_generator_cpp: 3.1.5 (/opt/ros/humble/share/rosidl_generator_cpp/cmake)
[0.529s] -- Using all available rosidl_typesupport_c: rosidl_typesupport_fastrtps_c;rosidl_typesupport_introspection_c
[0.540s] -- Using all available rosidl_typesupport_cpp: rosidl_typesupport_fastrtps_cpp;rosidl_typesupport_introspection_cpp
[0.594s] -- Found rclcpp: 16.0.10 (/opt/ros/humble/share/rclcpp/cmake)
[0.620s] -- Found rmw_implementation_cmake: 6.1.2 (/opt/ros/humble/share/rmw_implementation_cmake/cmake)
[0.622s] -- Found rmw_fastrtps_cpp: 6.2.7 (/opt/ros/humble/share/rmw_fastrtps_cpp/cmake)
[0.690s] -- Found OpenSSL: /usr/lib/x86_64-linux-gnu/libcrypto.so (found version "3.0.2")  
[0.712s] -- Found FastRTPS: /opt/ros/humble/include  
[0.743s] -- Using RMW implementation 'rmw_fastrtps_cpp' as default
[0.748s] -- Looking for pthread.h
[0.802s] -- Looking for pthread.h - found
[0.802s] -- Performing Test CMAKE_HAVE_LIBC_PTHREAD
[0.858s] -- Performing Test CMAKE_HAVE_LIBC_PTHREAD - Success
[0.859s] -- Found Threads: TRUE  
[0.888s] -- Found ament_lint_auto: 0.12.11 (/opt/ros/humble/share/ament_lint_auto/cmake)
[0.945s] -- Added test 'copyright' to check source files copyright and LICENSE
[0.945s] -- Added test 'cppcheck' to perform static code analysis on C / C++ code
[0.945s] -- Configured cppcheck include dirs: 
[0.945s] -- Configured cppcheck exclude dirs and/or files: 
[0.945s] -- Added test 'cpplint' to check C / C++ code against the Google style
[0.945s] -- Configured cpplint exclude dirs and/or files: 
[0.946s] -- Added test 'lint_cmake' to check CMake code style
[0.947s] -- Added test 'uncrustify' to check C / C++ code style
[0.947s] -- Configured uncrustify additional arguments: 
[0.947s] -- Added test 'xmllint' to check XML markup files
[0.951s] -- Configuring done
[0.956s] -- Generating done
[0.960s] -- Build files have been written to: /home/max/robotics-and-automation/week2/ws/ros2_ws/build/dummy_map_server
[0.970s] Invoked command in '/home/max/robotics-and-automation/week2/ws/ros2_ws/build/dummy_map_server' returned '0': CMAKE_PREFIX_PATH=/opt/ros/humble /usr/bin/cmake /home/max/robotics-and-automation/week2/ws/ros2_ws/src/demos/dummy_robot/dummy_map_server -DCMAKE_INSTALL_PREFIX=/home/max/robotics-and-automation/week2/ws/ros2_ws/install/dummy_map_server
[0.971s] Invoking command in '/home/max/robotics-and-automation/week2/ws/ros2_ws/build/dummy_map_server': CMAKE_PREFIX_PATH=/opt/ros/humble /usr/bin/cmake --build /home/max/robotics-and-automation/week2/ws/ros2_ws/build/dummy_map_server -- -j16 -l16
[1.040s] [ 50%] [32mBuilding CXX object CMakeFiles/dummy_map_server.dir/src/dummy_map_server.cpp.o[0m
[14.487s] [100%] [32m[1mLinking CXX executable dummy_map_server[0m
[14.988s] [100%] Built target dummy_map_server
[15.615s] Invoked command in '/home/max/robotics-and-automation/week2/ws/ros2_ws/build/dummy_map_server' returned '0': CMAKE_PREFIX_PATH=/opt/ros/humble /usr/bin/cmake --build /home/max/robotics-and-automation/week2/ws/ros2_ws/build/dummy_map_server -- -j16 -l16
[16.154s] Invoking command in '/home/max/robotics-and-automation/week2/ws/ros2_ws/build/dummy_map_server': CMAKE_PREFIX_PATH=/opt/ros/humble /usr/bin/cmake --install /home/max/robotics-and-automation/week2/ws/ros2_ws/build/dummy_map_server
[16.487s] -- Install configuration: ""
[16.487s] -- Installing: /home/max/robotics-and-automation/week2/ws/ros2_ws/install/dummy_map_server/lib/dummy_map_server/dummy_map_server
[16.487s] -- Set runtime path of "/home/max/robotics-and-automation/week2/ws/ros2_ws/install/dummy_map_server/lib/dummy_map_server/dummy_map_server" to ""
[16.487s] -- Installing: /home/max/robotics-and-automation/week2/ws/ros2_ws/install/dummy_map_server/share/ament_index/resource_index/package_run_dependencies/dummy_map_server
[16.487s] -- Installing: /home/max/robotics-and-automation/week2/ws/ros2_ws/install/dummy_map_server/share/ament_index/resource_index/parent_prefix_path/dummy_map_server
[16.487s] -- Installing: /home/max/robotics-and-automation/week2/ws/ros2_ws/install/dummy_map_server/share/dummy_map_server/environment/ament_prefix_path.sh
[16.488s] -- Installing: /home/max/robotics-and-automation/week2/ws/ros2_ws/install/dummy_map_server/share/dummy_map_server/environment/ament_prefix_path.dsv
[16.488s] -- Installing: /home/max/robotics-and-automation/week2/ws/ros2_ws/install/dummy_map_server/share/dummy_map_server/environment/path.sh
[16.488s] -- Installing: /home/max/robotics-and-automation/week2/ws/ros2_ws/install/dummy_map_server/share/dummy_map_server/environment/path.dsv
[16.488s] -- Installing: /home/max/robotics-and-automation/week2/ws/ros2_ws/install/dummy_map_server/share/dummy_map_server/local_setup.bash
[16.488s] -- Installing: /home/max/robotics-and-automation/week2/ws/ros2_ws/install/dummy_map_server/share/dummy_map_server/local_setup.sh
[16.488s] -- Installing: /home/max/robotics-and-automation/week2/ws/ros2_ws/install/dummy_map_server/share/dummy_map_server/local_setup.zsh
[16.488s] -- Installing: /home/max/robotics-and-automation/week2/ws/ros2_ws/install/dummy_map_server/share/dummy_map_server/local_setup.dsv
[16.488s] -- Installing: /home/max/robotics-and-automation/week2/ws/ros2_ws/install/dummy_map_server/share/dummy_map_server/package.dsv
[16.488s] -- Installing: /home/max/robotics-and-automation/week2/ws/ros2_ws/install/dummy_map_server/share/ament_index/resource_index/packages/dummy_map_server
[16.488s] -- Installing: /home/max/robotics-and-automation/week2/ws/ros2_ws/install/dummy_map_server/share/dummy_map_server/cmake/dummy_map_serverConfig.cmake
[16.488s] -- Installing: /home/max/robotics-and-automation/week2/ws/ros2_ws/install/dummy_map_server/share/dummy_map_server/cmake/dummy_map_serverConfig-version.cmake
[16.488s] -- Installing: /home/max/robotics-and-automation/week2/ws/ros2_ws/install/dummy_map_server/share/dummy_map_server/package.xml
[16.520s] Invoked command in '/home/max/robotics-and-automation/week2/ws/ros2_ws/build/dummy_map_server' returned '0': CMAKE_PREFIX_PATH=/opt/ros/humble /usr/bin/cmake --install /home/max/robotics-and-automation/week2/ws/ros2_ws/build/dummy_map_server
