[0.056s] DEBUG:colcon:Command line arguments: ['/usr/bin/colcon', 'list', '-p', '--base-paths', '/home/max/robotics-and-automation/week7']
[0.056s] DEBUG:colcon:Parsed command line arguments: Namespace(log_base=None, log_level=None, verb_name='list', build_base='build', ignore_user_meta=False, metas=['./colcon.meta'], base_paths=['/home/max/robotics-and-automation/week7'], packages_ignore=None, packages_ignore_regex=None, paths=None, packages_up_to=None, packages_up_to_regex=None, packages_above=None, packages_above_and_dependencies=None, packages_above_depth=None, packages_select_by_dep=None, packages_skip_by_dep=None, packages_skip_up_to=None, packages_select_build_failed=False, packages_skip_build_finished=False, packages_select_test_failures=False, packages_skip_test_passed=False, packages_select=None, packages_skip=None, packages_select_regex=None, packages_skip_regex=None, packages_start=None, packages_end=None, allow_overriding=[], topological_order=False, names_only=False, paths_only=True, topological_graph=False, topological_graph_dot=False, topological_graph_density=False, topological_graph_legend=False, topological_graph_dot_cluster=False, topological_graph_dot_include_skipped=False, mixin_files=None, mixin=None, verb_parser=<colcon_mixin.mixin.mixin_argument.MixinArgumentDecorator object at 0x729eec03f9a0>, verb_extension=<colcon_package_information.verb.list.ListVerb object at 0x729eec03e7d0>, main=<bound method ListVerb.main of <colcon_package_information.verb.list.ListVerb object at 0x729eec03e7d0>>, mixin_verb=('list',))
[0.149s] Level 1:colcon.colcon_core.package_discovery:discover_packages(colcon_meta) check parameters
[0.149s] Level 1:colcon.colcon_core.package_discovery:discover_packages(recursive) check parameters
[0.149s] Level 1:colcon.colcon_core.package_discovery:discover_packages(ignore) check parameters
[0.149s] Level 1:colcon.colcon_core.package_discovery:discover_packages(path) check parameters
[0.149s] Level 1:colcon.colcon_core.package_discovery:discover_packages(recursive) discover
[0.149s] INFO:colcon.colcon_core.package_discovery:Crawling recursively for packages in '/home/max/robotics-and-automation/week7'
[0.149s] Level 1:colcon.colcon_core.package_identification:_identify(/home/max/robotics-and-automation/week7) by extensions ['ignore', 'ignore_ament_install']
[0.149s] Level 1:colcon.colcon_core.package_identification:_identify(/home/max/robotics-and-automation/week7) by extension 'ignore'
[0.149s] Level 1:colcon.colcon_core.package_identification:_identify(/home/max/robotics-and-automation/week7) by extension 'ignore_ament_install'
[0.149s] Level 1:colcon.colcon_core.package_identification:_identify(/home/max/robotics-and-automation/week7) by extensions ['colcon_pkg']
[0.149s] Level 1:colcon.colcon_core.package_identification:_identify(/home/max/robotics-and-automation/week7) by extension 'colcon_pkg'
[0.149s] Level 1:colcon.colcon_core.package_identification:_identify(/home/max/robotics-and-automation/week7) by extensions ['colcon_meta']
[0.149s] Level 1:colcon.colcon_core.package_identification:_identify(/home/max/robotics-and-automation/week7) by extension 'colcon_meta'
[0.149s] Level 1:colcon.colcon_core.package_identification:_identify(/home/max/robotics-and-automation/week7) by extensions ['ros']
[0.149s] Level 1:colcon.colcon_core.package_identification:_identify(/home/max/robotics-and-automation/week7) by extension 'ros'
[0.155s] Level 1:colcon.colcon_core.package_identification:_identify(/home/max/robotics-and-automation/week7) by extensions ['cmake', 'python']
[0.155s] Level 1:colcon.colcon_core.package_identification:_identify(/home/max/robotics-and-automation/week7) by extension 'cmake'
[0.155s] Level 1:colcon.colcon_core.package_identification:_identify(/home/max/robotics-and-automation/week7) by extension 'python'
[0.155s] Level 1:colcon.colcon_core.package_identification:_identify(/home/max/robotics-and-automation/week7) by extensions ['python_setup_py']
[0.155s] Level 1:colcon.colcon_core.package_identification:_identify(/home/max/robotics-and-automation/week7) by extension 'python_setup_py'
[0.155s] Level 1:colcon.colcon_core.package_identification:_identify(/home/max/robotics-and-automation/week7/build) by extensions ['ignore', 'ignore_ament_install']
[0.155s] Level 1:colcon.colcon_core.package_identification:_identify(/home/max/robotics-and-automation/week7/build) by extension 'ignore'
[0.155s] Level 1:colcon.colcon_core.package_identification:_identify(/home/max/robotics-and-automation/week7/build) ignored
[0.156s] Level 1:colcon.colcon_core.package_identification:_identify(/home/max/robotics-and-automation/week7/install) by extensions ['ignore', 'ignore_ament_install']
[0.156s] Level 1:colcon.colcon_core.package_identification:_identify(/home/max/robotics-and-automation/week7/install) by extension 'ignore'
[0.156s] Level 1:colcon.colcon_core.package_identification:_identify(/home/max/robotics-and-automation/week7/install) ignored
[0.156s] Level 1:colcon.colcon_core.package_identification:_identify(/home/max/robotics-and-automation/week7/log) by extensions ['ignore', 'ignore_ament_install']
[0.156s] Level 1:colcon.colcon_core.package_identification:_identify(/home/max/robotics-and-automation/week7/log) by extension 'ignore'
[0.156s] Level 1:colcon.colcon_core.package_identification:_identify(/home/max/robotics-and-automation/week7/log) ignored
[0.156s] Level 1:colcon.colcon_core.package_identification:_identify(/home/max/robotics-and-automation/week7/src) by extensions ['ignore', 'ignore_ament_install']
[0.156s] Level 1:colcon.colcon_core.package_identification:_identify(/home/max/robotics-and-automation/week7/src) by extension 'ignore'
[0.156s] Level 1:colcon.colcon_core.package_identification:_identify(/home/max/robotics-and-automation/week7/src) by extension 'ignore_ament_install'
[0.156s] Level 1:colcon.colcon_core.package_identification:_identify(/home/max/robotics-and-automation/week7/src) by extensions ['colcon_pkg']
[0.156s] Level 1:colcon.colcon_core.package_identification:_identify(/home/max/robotics-and-automation/week7/src) by extension 'colcon_pkg'
[0.156s] Level 1:colcon.colcon_core.package_identification:_identify(/home/max/robotics-and-automation/week7/src) by extensions ['colcon_meta']
[0.156s] Level 1:colcon.colcon_core.package_identification:_identify(/home/max/robotics-and-automation/week7/src) by extension 'colcon_meta'
[0.156s] Level 1:colcon.colcon_core.package_identification:_identify(/home/max/robotics-and-automation/week7/src) by extensions ['ros']
[0.156s] Level 1:colcon.colcon_core.package_identification:_identify(/home/max/robotics-and-automation/week7/src) by extension 'ros'
[0.156s] Level 1:colcon.colcon_core.package_identification:_identify(/home/max/robotics-and-automation/week7/src) by extensions ['cmake', 'python']
[0.156s] Level 1:colcon.colcon_core.package_identification:_identify(/home/max/robotics-and-automation/week7/src) by extension 'cmake'
[0.156s] Level 1:colcon.colcon_core.package_identification:_identify(/home/max/robotics-and-automation/week7/src) by extension 'python'
[0.156s] Level 1:colcon.colcon_core.package_identification:_identify(/home/max/robotics-and-automation/week7/src) by extensions ['python_setup_py']
[0.156s] Level 1:colcon.colcon_core.package_identification:_identify(/home/max/robotics-and-automation/week7/src) by extension 'python_setup_py'
[0.156s] Level 1:colcon.colcon_core.package_identification:_identify(/home/max/robotics-and-automation/week7/src/add_noise) by extensions ['ignore', 'ignore_ament_install']
[0.156s] Level 1:colcon.colcon_core.package_identification:_identify(/home/max/robotics-and-automation/week7/src/add_noise) by extension 'ignore'
[0.156s] Level 1:colcon.colcon_core.package_identification:_identify(/home/max/robotics-and-automation/week7/src/add_noise) by extension 'ignore_ament_install'
[0.156s] Level 1:colcon.colcon_core.package_identification:_identify(/home/max/robotics-and-automation/week7/src/add_noise) by extensions ['colcon_pkg']
[0.156s] Level 1:colcon.colcon_core.package_identification:_identify(/home/max/robotics-and-automation/week7/src/add_noise) by extension 'colcon_pkg'
[0.156s] Level 1:colcon.colcon_core.package_identification:_identify(/home/max/robotics-and-automation/week7/src/add_noise) by extensions ['colcon_meta']
[0.156s] Level 1:colcon.colcon_core.package_identification:_identify(/home/max/robotics-and-automation/week7/src/add_noise) by extension 'colcon_meta'
[0.156s] Level 1:colcon.colcon_core.package_identification:_identify(/home/max/robotics-and-automation/week7/src/add_noise) by extensions ['ros']
[0.156s] Level 1:colcon.colcon_core.package_identification:_identify(/home/max/robotics-and-automation/week7/src/add_noise) by extension 'ros'
[0.156s] Level 1:colcon.colcon_core.package_identification:_identify(/home/max/robotics-and-automation/week7/src/add_noise) by extensions ['cmake', 'python']
[0.156s] Level 1:colcon.colcon_core.package_identification:_identify(/home/max/robotics-and-automation/week7/src/add_noise) by extension 'cmake'
[0.156s] Level 1:colcon.colcon_core.package_identification:_identify(/home/max/robotics-and-automation/week7/src/add_noise) by extension 'python'
[0.156s] Level 1:colcon.colcon_core.package_identification:_identify(/home/max/robotics-and-automation/week7/src/add_noise) by extensions ['python_setup_py']
[0.156s] Level 1:colcon.colcon_core.package_identification:_identify(/home/max/robotics-and-automation/week7/src/add_noise) by extension 'python_setup_py'
[0.156s] Level 1:colcon.colcon_core.package_identification:_identify(/home/max/robotics-and-automation/week7/src/add_noise/add_noise) by extensions ['ignore', 'ignore_ament_install']
[0.156s] Level 1:colcon.colcon_core.package_identification:_identify(/home/max/robotics-and-automation/week7/src/add_noise/add_noise) by extension 'ignore'
[0.156s] Level 1:colcon.colcon_core.package_identification:_identify(/home/max/robotics-and-automation/week7/src/add_noise/add_noise) by extension 'ignore_ament_install'
[0.156s] Level 1:colcon.colcon_core.package_identification:_identify(/home/max/robotics-and-automation/week7/src/add_noise/add_noise) by extensions ['colcon_pkg']
[0.156s] Level 1:colcon.colcon_core.package_identification:_identify(/home/max/robotics-and-automation/week7/src/add_noise/add_noise) by extension 'colcon_pkg'
[0.156s] Level 1:colcon.colcon_core.package_identification:_identify(/home/max/robotics-and-automation/week7/src/add_noise/add_noise) by extensions ['colcon_meta']
[0.156s] Level 1:colcon.colcon_core.package_identification:_identify(/home/max/robotics-and-automation/week7/src/add_noise/add_noise) by extension 'colcon_meta'
[0.157s] Level 1:colcon.colcon_core.package_identification:_identify(/home/max/robotics-and-automation/week7/src/add_noise/add_noise) by extensions ['ros']
[0.157s] Level 1:colcon.colcon_core.package_identification:_identify(/home/max/robotics-and-automation/week7/src/add_noise/add_noise) by extension 'ros'
[0.158s] DEBUG:colcon.colcon_core.package_identification:Package '/home/max/robotics-and-automation/week7/src/add_noise/add_noise' with type 'ros.ament_python' and name 'add_noise'
[0.158s] Level 1:colcon.colcon_core.package_identification:_identify(/home/max/robotics-and-automation/week7/src/robot_localization) by extensions ['ignore', 'ignore_ament_install']
[0.158s] Level 1:colcon.colcon_core.package_identification:_identify(/home/max/robotics-and-automation/week7/src/robot_localization) by extension 'ignore'
[0.158s] Level 1:colcon.colcon_core.package_identification:_identify(/home/max/robotics-and-automation/week7/src/robot_localization) by extension 'ignore_ament_install'
[0.158s] Level 1:colcon.colcon_core.package_identification:_identify(/home/max/robotics-and-automation/week7/src/robot_localization) by extensions ['colcon_pkg']
[0.158s] Level 1:colcon.colcon_core.package_identification:_identify(/home/max/robotics-and-automation/week7/src/robot_localization) by extension 'colcon_pkg'
[0.158s] Level 1:colcon.colcon_core.package_identification:_identify(/home/max/robotics-and-automation/week7/src/robot_localization) by extensions ['colcon_meta']
[0.158s] Level 1:colcon.colcon_core.package_identification:_identify(/home/max/robotics-and-automation/week7/src/robot_localization) by extension 'colcon_meta'
[0.158s] Level 1:colcon.colcon_core.package_identification:_identify(/home/max/robotics-and-automation/week7/src/robot_localization) by extensions ['ros']
[0.158s] Level 1:colcon.colcon_core.package_identification:_identify(/home/max/robotics-and-automation/week7/src/robot_localization) by extension 'ros'
[0.159s] DEBUG:colcon.colcon_core.package_identification:Package '/home/max/robotics-and-automation/week7/src/robot_localization' with type 'ros.ament_cmake' and name 'robot_localization'
[0.159s] Level 1:colcon.colcon_core.package_discovery:discover_packages(recursive) using defaults
