[0.552s] Invoking command in '/home/max/robotics-and-automation/week2/ws/ros2_tutorial_workspace/src/python_package_that_uses_the_messages': PYTHONPATH=/home/max/robotics-and-automation/week2/ws/ros2_tutorial_workspace/build/python_package_that_uses_the_messages/prefix_override:/usr/lib/python3/dist-packages/colcon_core/task/python/colcon_distutils_commands:/home/max/robotics-and-automation/week2/ws/ros2_tutorial_workspace/install/python_package_that_uses_the_messages/lib/python3.10/site-packages:${PYTHONPATH} /usr/bin/python3 -W ignore:setup.py install is deprecated setup.py egg_info --egg-base ../../build/python_package_that_uses_the_messages build --build-base /home/max/robotics-and-automation/week2/ws/ros2_tutorial_workspace/build/python_package_that_uses_the_messages/build install --record /home/max/robotics-and-automation/week2/ws/ros2_tutorial_workspace/build/python_package_that_uses_the_messages/install.log --single-version-externally-managed install_data
[0.652s] running egg_info
[0.653s] creating ../../build/python_package_that_uses_the_messages/python_package_that_uses_the_messages.egg-info
[0.653s] writing ../../build/python_package_that_uses_the_messages/python_package_that_uses_the_messages.egg-info/PKG-INFO
[0.653s] writing dependency_links to ../../build/python_package_that_uses_the_messages/python_package_that_uses_the_messages.egg-info/dependency_links.txt
[0.653s] writing entry points to ../../build/python_package_that_uses_the_messages/python_package_that_uses_the_messages.egg-info/entry_points.txt
[0.653s] writing requirements to ../../build/python_package_that_uses_the_messages/python_package_that_uses_the_messages.egg-info/requires.txt
[0.653s] writing top-level names to ../../build/python_package_that_uses_the_messages/python_package_that_uses_the_messages.egg-info/top_level.txt
[0.653s] writing manifest file '../../build/python_package_that_uses_the_messages/python_package_that_uses_the_messages.egg-info/SOURCES.txt'
[0.654s] reading manifest file '../../build/python_package_that_uses_the_messages/python_package_that_uses_the_messages.egg-info/SOURCES.txt'
[0.654s] writing manifest file '../../build/python_package_that_uses_the_messages/python_package_that_uses_the_messages.egg-info/SOURCES.txt'
[0.654s] running build
[0.654s] running build_py
[0.654s] creating /home/max/robotics-and-automation/week2/ws/ros2_tutorial_workspace/build/python_package_that_uses_the_messages/build
[0.654s] creating /home/max/robotics-and-automation/week2/ws/ros2_tutorial_workspace/build/python_package_that_uses_the_messages/build/lib
[0.654s] creating /home/max/robotics-and-automation/week2/ws/ros2_tutorial_workspace/build/python_package_that_uses_the_messages/build/lib/python_package_that_uses_the_messages
[0.654s] copying python_package_that_uses_the_messages/__init__.py -> /home/max/robotics-and-automation/week2/ws/ros2_tutorial_workspace/build/python_package_that_uses_the_messages/build/lib/python_package_that_uses_the_messages
[0.654s] copying python_package_that_uses_the_messages/amazing_quote_subscriber.py -> /home/max/robotics-and-automation/week2/ws/ros2_tutorial_workspace/build/python_package_that_uses_the_messages/build/lib/python_package_that_uses_the_messages
[0.654s] copying python_package_that_uses_the_messages/amazing_quote_publisher_node.py -> /home/max/robotics-and-automation/week2/ws/ros2_tutorial_workspace/build/python_package_that_uses_the_messages/build/lib/python_package_that_uses_the_messages
[0.654s] running install
[0.655s] running install_lib
[0.655s] creating /home/max/robotics-and-automation/week2/ws/ros2_tutorial_workspace/install/python_package_that_uses_the_messages/lib/python3.10/site-packages/python_package_that_uses_the_messages
[0.655s] copying /home/max/robotics-and-automation/week2/ws/ros2_tutorial_workspace/build/python_package_that_uses_the_messages/build/lib/python_package_that_uses_the_messages/__init__.py -> /home/max/robotics-and-automation/week2/ws/ros2_tutorial_workspace/install/python_package_that_uses_the_messages/lib/python3.10/site-packages/python_package_that_uses_the_messages
[0.655s] copying /home/max/robotics-and-automation/week2/ws/ros2_tutorial_workspace/build/python_package_that_uses_the_messages/build/lib/python_package_that_uses_the_messages/amazing_quote_subscriber.py -> /home/max/robotics-and-automation/week2/ws/ros2_tutorial_workspace/install/python_package_that_uses_the_messages/lib/python3.10/site-packages/python_package_that_uses_the_messages
[0.655s] copying /home/max/robotics-and-automation/week2/ws/ros2_tutorial_workspace/build/python_package_that_uses_the_messages/build/lib/python_package_that_uses_the_messages/amazing_quote_publisher_node.py -> /home/max/robotics-and-automation/week2/ws/ros2_tutorial_workspace/install/python_package_that_uses_the_messages/lib/python3.10/site-packages/python_package_that_uses_the_messages
[0.655s] byte-compiling /home/max/robotics-and-automation/week2/ws/ros2_tutorial_workspace/install/python_package_that_uses_the_messages/lib/python3.10/site-packages/python_package_that_uses_the_messages/__init__.py to __init__.cpython-310.pyc
[0.655s] byte-compiling /home/max/robotics-and-automation/week2/ws/ros2_tutorial_workspace/install/python_package_that_uses_the_messages/lib/python3.10/site-packages/python_package_that_uses_the_messages/amazing_quote_subscriber.py to amazing_quote_subscriber.cpython-310.pyc
[0.656s] byte-compiling /home/max/robotics-and-automation/week2/ws/ros2_tutorial_workspace/install/python_package_that_uses_the_messages/lib/python3.10/site-packages/python_package_that_uses_the_messages/amazing_quote_publisher_node.py to amazing_quote_publisher_node.cpython-310.pyc
[0.656s] running install_data
[0.656s] creating /home/max/robotics-and-automation/week2/ws/ros2_tutorial_workspace/install/python_package_that_uses_the_messages/share/ament_index
[0.656s] creating /home/max/robotics-and-automation/week2/ws/ros2_tutorial_workspace/install/python_package_that_uses_the_messages/share/ament_index/resource_index
[0.656s] creating /home/max/robotics-and-automation/week2/ws/ros2_tutorial_workspace/install/python_package_that_uses_the_messages/share/ament_index/resource_index/packages
[0.656s] copying resource/python_package_that_uses_the_messages -> /home/max/robotics-and-automation/week2/ws/ros2_tutorial_workspace/install/python_package_that_uses_the_messages/share/ament_index/resource_index/packages
[0.656s] copying package.xml -> /home/max/robotics-and-automation/week2/ws/ros2_tutorial_workspace/install/python_package_that_uses_the_messages/share/python_package_that_uses_the_messages
[0.656s] running install_egg_info
[0.657s] Copying ../../build/python_package_that_uses_the_messages/python_package_that_uses_the_messages.egg-info to /home/max/robotics-and-automation/week2/ws/ros2_tutorial_workspace/install/python_package_that_uses_the_messages/lib/python3.10/site-packages/python_package_that_uses_the_messages-0.0.0-py3.10.egg-info
[0.657s] running install_scripts
[0.667s] Installing amazing_quote_publisher_node script to /home/max/robotics-and-automation/week2/ws/ros2_tutorial_workspace/install/python_package_that_uses_the_messages/lib/python_package_that_uses_the_messages
[0.667s] Installing amazing_quote_subscriber_node script to /home/max/robotics-and-automation/week2/ws/ros2_tutorial_workspace/install/python_package_that_uses_the_messages/lib/python_package_that_uses_the_messages
[0.667s] writing list of installed files to '/home/max/robotics-and-automation/week2/ws/ros2_tutorial_workspace/build/python_package_that_uses_the_messages/install.log'
[0.682s] Invoked command in '/home/max/robotics-and-automation/week2/ws/ros2_tutorial_workspace/src/python_package_that_uses_the_messages' returned '0': PYTHONPATH=/home/max/robotics-and-automation/week2/ws/ros2_tutorial_workspace/build/python_package_that_uses_the_messages/prefix_override:/usr/lib/python3/dist-packages/colcon_core/task/python/colcon_distutils_commands:/home/max/robotics-and-automation/week2/ws/ros2_tutorial_workspace/install/python_package_that_uses_the_messages/lib/python3.10/site-packages:${PYTHONPATH} /usr/bin/python3 -W ignore:setup.py install is deprecated setup.py egg_info --egg-base ../../build/python_package_that_uses_the_messages build --build-base /home/max/robotics-and-automation/week2/ws/ros2_tutorial_workspace/build/python_package_that_uses_the_messages/build install --record /home/max/robotics-and-automation/week2/ws/ros2_tutorial_workspace/build/python_package_that_uses_the_messages/install.log --single-version-externally-managed install_data
