[0.157s] Invoking command in '/home/max/robotics-and-automation/week2/ws/ros2_ws/build/examples_rclcpp_minimal_action_client': CMAKE_PREFIX_PATH=/opt/ros/humble /usr/bin/cmake /home/max/robotics-and-automation/week2/ws/ros2_ws/src/examples/rclcpp/actions/minimal_action_client -DCMAKE_INSTALL_PREFIX=/home/max/robotics-and-automation/week2/ws/ros2_ws/install/examples_rclcpp_minimal_action_client
[0.953s] -- The C compiler identification is GNU 11.4.0
[0.953s] -- The CXX compiler identification is GNU 11.4.0
[0.953s] -- Detecting C compiler ABI info
[0.953s] -- Detecting C compiler ABI info - done
[0.953s] -- Check for working C compiler: /usr/bin/cc - skipped
[0.953s] -- Detecting C compile features
[0.953s] -- Detecting C compile features - done
[0.953s] -- Detecting CXX compiler ABI info
[0.953s] -- Detecting CXX compiler ABI info - done
[0.953s] -- Check for working CXX compiler: /usr/bin/c++ - skipped
[0.953s] -- Detecting CXX compile features
[0.953s] -- Detecting CXX compile features - done
[0.953s] -- Found ament_cmake: 1.3.10 (/opt/ros/humble/share/ament_cmake/cmake)
[0.953s] -- Found Python3: /usr/bin/python3 (found version "3.10.12") found components: Interpreter 
[0.953s] -- Found example_interfaces: 0.9.3 (/opt/ros/humble/share/example_interfaces/cmake)
[0.953s] -- Found rosidl_generator_c: 3.1.5 (/opt/ros/humble/share/rosidl_generator_c/cmake)
[0.954s] -- Found rosidl_adapter: 3.1.5 (/opt/ros/humble/share/rosidl_adapter/cmake)
[0.954s] -- Found rosidl_generator_cpp: 3.1.5 (/opt/ros/humble/share/rosidl_generator_cpp/cmake)
[0.954s] -- Using all available rosidl_typesupport_c: rosidl_typesupport_fastrtps_c;rosidl_typesupport_introspection_c
[0.954s] -- Using all available rosidl_typesupport_cpp: rosidl_typesupport_fastrtps_cpp;rosidl_typesupport_introspection_cpp
[0.954s] -- Found rclcpp: 16.0.10 (/opt/ros/humble/share/rclcpp/cmake)
[0.954s] -- Found rmw_implementation_cmake: 6.1.2 (/opt/ros/humble/share/rmw_implementation_cmake/cmake)
[0.954s] -- Found rmw_fastrtps_cpp: 6.2.7 (/opt/ros/humble/share/rmw_fastrtps_cpp/cmake)
[0.954s] -- Found OpenSSL: /usr/lib/x86_64-linux-gnu/libcrypto.so (found version "3.0.2")  
[0.954s] -- Found FastRTPS: /opt/ros/humble/include  
[0.954s] -- Using RMW implementation 'rmw_fastrtps_cpp' as default
[0.954s] -- Looking for pthread.h
[0.954s] -- Looking for pthread.h - found
[0.954s] -- Performing Test CMAKE_HAVE_LIBC_PTHREAD
[0.954s] -- Performing Test CMAKE_HAVE_LIBC_PTHREAD - Success
[0.954s] -- Found Threads: TRUE  
[0.954s] -- Found rclcpp_action: 16.0.10 (/opt/ros/humble/share/rclcpp_action/cmake)
[0.954s] -- Found ament_lint_auto: 0.12.11 (/opt/ros/humble/share/ament_lint_auto/cmake)
[1.013s] -- Added test 'copyright' to check source files copyright and LICENSE
[1.020s] -- Added test 'cppcheck' to perform static code analysis on C / C++ code
[1.020s] -- Configured cppcheck include dirs: 
[1.020s] -- Configured cppcheck exclude dirs and/or files: 
[1.020s] -- Added test 'cpplint' to check C / C++ code against the Google style
[1.020s] -- Configured cpplint exclude dirs and/or files: 
[1.020s] -- Added test 'lint_cmake' to check CMake code style
[1.020s] -- Added test 'uncrustify' to check C / C++ code style
[1.020s] -- Configured uncrustify additional arguments: 
[1.020s] -- Added test 'xmllint' to check XML markup files
[1.020s] -- Configuring done
[1.036s] -- Generating done
[1.036s] -- Build files have been written to: /home/max/robotics-and-automation/week2/ws/ros2_ws/build/examples_rclcpp_minimal_action_client
[1.104s] Invoked command in '/home/max/robotics-and-automation/week2/ws/ros2_ws/build/examples_rclcpp_minimal_action_client' returned '0': CMAKE_PREFIX_PATH=/opt/ros/humble /usr/bin/cmake /home/max/robotics-and-automation/week2/ws/ros2_ws/src/examples/rclcpp/actions/minimal_action_client -DCMAKE_INSTALL_PREFIX=/home/max/robotics-and-automation/week2/ws/ros2_ws/install/examples_rclcpp_minimal_action_client
[1.104s] Invoking command in '/home/max/robotics-and-automation/week2/ws/ros2_ws/build/examples_rclcpp_minimal_action_client': CMAKE_PREFIX_PATH=/opt/ros/humble /usr/bin/cmake --build /home/max/robotics-and-automation/week2/ws/ros2_ws/build/examples_rclcpp_minimal_action_client -- -j16 -l16
[13.668s] [ 12%] [32mBuilding CXX object CMakeFiles/action_client_member_functions.dir/member_functions.cpp.o[0m
[13.668s] [ 25%] [32mBuilding CXX object CMakeFiles/action_client_not_composable_with_cancel.dir/not_composable_with_cancel.cpp.o[0m
[13.668s] [ 37%] [32mBuilding CXX object CMakeFiles/action_client_not_composable_with_feedback.dir/not_composable_with_feedback.cpp.o[0m
[13.668s] [ 50%] [32mBuilding CXX object CMakeFiles/action_client_not_composable.dir/not_composable.cpp.o[0m
[13.668s] [ 62%] [32m[1mLinking CXX executable action_client_not_composable[0m
[13.668s] [ 75%] [32m[1mLinking CXX executable action_client_not_composable_with_cancel[0m
[13.668s] [ 75%] Built target action_client_not_composable_with_cancel
[13.668s] [ 75%] Built target action_client_not_composable
[13.668s] [ 87%] [32m[1mLinking CXX executable action_client_member_functions[0m
[13.668s] [100%] [32m[1mLinking CXX executable action_client_not_composable_with_feedback[0m
[14.050s] [100%] Built target action_client_member_functions
[14.168s] [100%] Built target action_client_not_composable_with_feedback
[14.213s] Invoked command in '/home/max/robotics-and-automation/week2/ws/ros2_ws/build/examples_rclcpp_minimal_action_client' returned '0': CMAKE_PREFIX_PATH=/opt/ros/humble /usr/bin/cmake --build /home/max/robotics-and-automation/week2/ws/ros2_ws/build/examples_rclcpp_minimal_action_client -- -j16 -l16
[14.313s] Invoking command in '/home/max/robotics-and-automation/week2/ws/ros2_ws/build/examples_rclcpp_minimal_action_client': CMAKE_PREFIX_PATH=/opt/ros/humble /usr/bin/cmake --install /home/max/robotics-and-automation/week2/ws/ros2_ws/build/examples_rclcpp_minimal_action_client
[14.370s] -- Install configuration: ""
[14.370s] -- Installing: /home/max/robotics-and-automation/week2/ws/ros2_ws/install/examples_rclcpp_minimal_action_client/lib/examples_rclcpp_minimal_action_client/action_client_member_functions
[14.370s] -- Set runtime path of "/home/max/robotics-and-automation/week2/ws/ros2_ws/install/examples_rclcpp_minimal_action_client/lib/examples_rclcpp_minimal_action_client/action_client_member_functions" to ""
[14.370s] -- Installing: /home/max/robotics-and-automation/week2/ws/ros2_ws/install/examples_rclcpp_minimal_action_client/lib/examples_rclcpp_minimal_action_client/action_client_not_composable
[14.370s] -- Set runtime path of "/home/max/robotics-and-automation/week2/ws/ros2_ws/install/examples_rclcpp_minimal_action_client/lib/examples_rclcpp_minimal_action_client/action_client_not_composable" to ""
[14.370s] -- Installing: /home/max/robotics-and-automation/week2/ws/ros2_ws/install/examples_rclcpp_minimal_action_client/lib/examples_rclcpp_minimal_action_client/action_client_not_composable_with_cancel
[14.370s] -- Set runtime path of "/home/max/robotics-and-automation/week2/ws/ros2_ws/install/examples_rclcpp_minimal_action_client/lib/examples_rclcpp_minimal_action_client/action_client_not_composable_with_cancel" to ""
[14.370s] -- Installing: /home/max/robotics-and-automation/week2/ws/ros2_ws/install/examples_rclcpp_minimal_action_client/lib/examples_rclcpp_minimal_action_client/action_client_not_composable_with_feedback
[14.370s] -- Set runtime path of "/home/max/robotics-and-automation/week2/ws/ros2_ws/install/examples_rclcpp_minimal_action_client/lib/examples_rclcpp_minimal_action_client/action_client_not_composable_with_feedback" to ""
[14.370s] -- Installing: /home/max/robotics-and-automation/week2/ws/ros2_ws/install/examples_rclcpp_minimal_action_client/share/ament_index/resource_index/package_run_dependencies/examples_rclcpp_minimal_action_client
[14.370s] -- Installing: /home/max/robotics-and-automation/week2/ws/ros2_ws/install/examples_rclcpp_minimal_action_client/share/ament_index/resource_index/parent_prefix_path/examples_rclcpp_minimal_action_client
[14.370s] -- Installing: /home/max/robotics-and-automation/week2/ws/ros2_ws/install/examples_rclcpp_minimal_action_client/share/examples_rclcpp_minimal_action_client/environment/ament_prefix_path.sh
[14.370s] -- Installing: /home/max/robotics-and-automation/week2/ws/ros2_ws/install/examples_rclcpp_minimal_action_client/share/examples_rclcpp_minimal_action_client/environment/ament_prefix_path.dsv
[14.370s] -- Installing: /home/max/robotics-and-automation/week2/ws/ros2_ws/install/examples_rclcpp_minimal_action_client/share/examples_rclcpp_minimal_action_client/environment/path.sh
[14.370s] -- Installing: /home/max/robotics-and-automation/week2/ws/ros2_ws/install/examples_rclcpp_minimal_action_client/share/examples_rclcpp_minimal_action_client/environment/path.dsv
[14.370s] -- Installing: /home/max/robotics-and-automation/week2/ws/ros2_ws/install/examples_rclcpp_minimal_action_client/share/examples_rclcpp_minimal_action_client/local_setup.bash
[14.370s] -- Installing: /home/max/robotics-and-automation/week2/ws/ros2_ws/install/examples_rclcpp_minimal_action_client/share/examples_rclcpp_minimal_action_client/local_setup.sh
[14.370s] -- Installing: /home/max/robotics-and-automation/week2/ws/ros2_ws/install/examples_rclcpp_minimal_action_client/share/examples_rclcpp_minimal_action_client/local_setup.zsh
[14.370s] -- Installing: /home/max/robotics-and-automation/week2/ws/ros2_ws/install/examples_rclcpp_minimal_action_client/share/examples_rclcpp_minimal_action_client/local_setup.dsv
[14.370s] -- Installing: /home/max/robotics-and-automation/week2/ws/ros2_ws/install/examples_rclcpp_minimal_action_client/share/examples_rclcpp_minimal_action_client/package.dsv
[14.370s] -- Installing: /home/max/robotics-and-automation/week2/ws/ros2_ws/install/examples_rclcpp_minimal_action_client/share/ament_index/resource_index/packages/examples_rclcpp_minimal_action_client
[14.370s] -- Installing: /home/max/robotics-and-automation/week2/ws/ros2_ws/install/examples_rclcpp_minimal_action_client/share/examples_rclcpp_minimal_action_client/cmake/examples_rclcpp_minimal_action_clientConfig.cmake
[14.371s] -- Installing: /home/max/robotics-and-automation/week2/ws/ros2_ws/install/examples_rclcpp_minimal_action_client/share/examples_rclcpp_minimal_action_client/cmake/examples_rclcpp_minimal_action_clientConfig-version.cmake
[14.371s] -- Installing: /home/max/robotics-and-automation/week2/ws/ros2_ws/install/examples_rclcpp_minimal_action_client/share/examples_rclcpp_minimal_action_client/package.xml
[14.452s] Invoked command in '/home/max/robotics-and-automation/week2/ws/ros2_ws/build/examples_rclcpp_minimal_action_client' returned '0': CMAKE_PREFIX_PATH=/opt/ros/humble /usr/bin/cmake --install /home/max/robotics-and-automation/week2/ws/ros2_ws/build/examples_rclcpp_minimal_action_client
