[0.027s] Invoking command in '/home/max/robotics-and-automation/week2/ws/ros2_ws/build/lifecycle': CMAKE_PREFIX_PATH=/opt/ros/humble /usr/bin/cmake /home/max/robotics-and-automation/week2/ws/ros2_ws/src/demos/lifecycle -DCMAKE_INSTALL_PREFIX=/home/max/robotics-and-automation/week2/ws/ros2_ws/install/lifecycle
[0.181s] -- The C compiler identification is GNU 11.4.0
[0.181s] -- The CXX compiler identification is GNU 11.4.0
[0.181s] -- Detecting C compiler ABI info
[0.211s] -- Detecting C compiler ABI info - done
[0.218s] -- Check for working C compiler: /usr/bin/cc - skipped
[0.218s] -- Detecting C compile features
[0.218s] -- Detecting C compile features - done
[0.220s] -- Detecting CXX compiler ABI info
[0.295s] -- Detecting CXX compiler ABI info - done
[0.299s] -- Check for working CXX compiler: /usr/bin/c++ - skipped
[0.299s] -- Detecting CXX compile features
[0.303s] -- Detecting CXX compile features - done
[0.303s] -- Found ament_cmake: 1.3.10 (/opt/ros/humble/share/ament_cmake/cmake)
[0.431s] -- Found Python3: /usr/bin/python3 (found version "3.10.12") found components: Interpreter 
[0.490s] -- Found rclcpp_lifecycle: 16.0.10 (/opt/ros/humble/share/rclcpp_lifecycle/cmake)
[0.527s] -- Found rosidl_generator_c: 3.1.5 (/opt/ros/humble/share/rosidl_generator_c/cmake)
[0.531s] -- Found rosidl_adapter: 3.1.5 (/opt/ros/humble/share/rosidl_adapter/cmake)
[0.537s] -- Found rosidl_generator_cpp: 3.1.5 (/opt/ros/humble/share/rosidl_generator_cpp/cmake)
[0.547s] -- Using all available rosidl_typesupport_c: rosidl_typesupport_fastrtps_c;rosidl_typesupport_introspection_c
[0.558s] -- Using all available rosidl_typesupport_cpp: rosidl_typesupport_fastrtps_cpp;rosidl_typesupport_introspection_cpp
[0.594s] -- Found rmw_implementation_cmake: 6.1.2 (/opt/ros/humble/share/rmw_implementation_cmake/cmake)
[0.594s] -- Found rmw_fastrtps_cpp: 6.2.7 (/opt/ros/humble/share/rmw_fastrtps_cpp/cmake)
[0.666s] -- Found OpenSSL: /usr/lib/x86_64-linux-gnu/libcrypto.so (found version "3.0.2")  
[0.687s] -- Found FastRTPS: /opt/ros/humble/include  
[0.718s] -- Using RMW implementation 'rmw_fastrtps_cpp' as default
[0.722s] -- Looking for pthread.h
[0.774s] -- Looking for pthread.h - found
[0.775s] -- Performing Test CMAKE_HAVE_LIBC_PTHREAD
[0.827s] -- Performing Test CMAKE_HAVE_LIBC_PTHREAD - Success
[0.828s] -- Found Threads: TRUE  
[0.883s] -- Found ament_lint_auto: 0.12.11 (/opt/ros/humble/share/ament_lint_auto/cmake)
[0.942s] -- Found launch_testing_ament_cmake: 1.0.6 (/opt/ros/humble/share/launch_testing_ament_cmake/cmake)
[0.943s] -- Found python_cmake_module: 0.10.0 (/opt/ros/humble/share/python_cmake_module/cmake)
[0.958s] -- Found PythonInterp: /usr/bin/python3 (found suitable version "3.10.12", minimum required is "3.6") 
[0.962s] -- Found PythonLibs: /usr/lib/x86_64-linux-gnu/libpython3.10.so (found suitable version "3.10.12", minimum required is "3.5") 
[0.962s] -- Using PYTHON_EXECUTABLE: /usr/bin/python3
[0.962s] -- Using PYTHON_INCLUDE_DIRS: /usr/include/python3.10
[0.963s] -- Using PYTHON_LIBRARIES: /usr/lib/x86_64-linux-gnu/libpython3.10.so
[0.978s] -- Found PythonExtra: .so  
[0.982s] -- Added test 'copyright' to check source files copyright and LICENSE
[0.982s] -- Added test 'cppcheck' to perform static code analysis on C / C++ code
[0.982s] -- Configured cppcheck include dirs: 
[0.982s] -- Configured cppcheck exclude dirs and/or files: 
[0.983s] -- Added test 'cpplint' to check C / C++ code against the Google style
[0.983s] -- Configured cpplint exclude dirs and/or files: 
[0.983s] -- Added test 'flake8' to check Python code syntax and style conventions
[0.984s] -- Added test 'lint_cmake' to check CMake code style
[0.984s] -- Added test 'pep257' to check Python code against some of the docstring style conventions in PEP 257
[0.985s] -- Added test 'uncrustify' to check C / C++ code style
[0.985s] -- Configured uncrustify additional arguments: 
[0.986s] -- Added test 'xmllint' to check XML markup files
[0.987s] -- Configuring done
[1.002s] -- Generating done
[1.002s] -- Build files have been written to: /home/max/robotics-and-automation/week2/ws/ros2_ws/build/lifecycle
[1.020s] Invoked command in '/home/max/robotics-and-automation/week2/ws/ros2_ws/build/lifecycle' returned '0': CMAKE_PREFIX_PATH=/opt/ros/humble /usr/bin/cmake /home/max/robotics-and-automation/week2/ws/ros2_ws/src/demos/lifecycle -DCMAKE_INSTALL_PREFIX=/home/max/robotics-and-automation/week2/ws/ros2_ws/install/lifecycle
[1.020s] Invoking command in '/home/max/robotics-and-automation/week2/ws/ros2_ws/build/lifecycle': CMAKE_PREFIX_PATH=/opt/ros/humble /usr/bin/cmake --build /home/max/robotics-and-automation/week2/ws/ros2_ws/build/lifecycle -- -j16 -l16
[1.086s] [ 16%] [32mBuilding CXX object CMakeFiles/lifecycle_talker.dir/src/lifecycle_talker.cpp.o[0m
[1.086s] [ 33%] [32mBuilding CXX object CMakeFiles/lifecycle_listener.dir/src/lifecycle_listener.cpp.o[0m
[1.086s] [ 50%] [32mBuilding CXX object CMakeFiles/lifecycle_service_client.dir/src/lifecycle_service_client.cpp.o[0m
[14.673s] [ 66%] [32m[1mLinking CXX executable lifecycle_talker[0m
[14.694s] [ 83%] [32m[1mLinking CXX executable lifecycle_service_client[0m
[15.236s] [ 83%] Built target lifecycle_talker
[15.253s] [ 83%] Built target lifecycle_service_client
[24.477s] [100%] [32m[1mLinking CXX executable lifecycle_listener[0m
[25.709s] [100%] Built target lifecycle_listener
[25.754s] Invoked command in '/home/max/robotics-and-automation/week2/ws/ros2_ws/build/lifecycle' returned '0': CMAKE_PREFIX_PATH=/opt/ros/humble /usr/bin/cmake --build /home/max/robotics-and-automation/week2/ws/ros2_ws/build/lifecycle -- -j16 -l16
[25.934s] Invoking command in '/home/max/robotics-and-automation/week2/ws/ros2_ws/build/lifecycle': CMAKE_PREFIX_PATH=/opt/ros/humble /usr/bin/cmake --install /home/max/robotics-and-automation/week2/ws/ros2_ws/build/lifecycle
[28.705s] -- Install configuration: ""
[28.705s] -- Installing: /home/max/robotics-and-automation/week2/ws/ros2_ws/install/lifecycle/lib/lifecycle/lifecycle_talker
[28.705s] -- Set runtime path of "/home/max/robotics-and-automation/week2/ws/ros2_ws/install/lifecycle/lib/lifecycle/lifecycle_talker" to ""
[28.705s] -- Installing: /home/max/robotics-and-automation/week2/ws/ros2_ws/install/lifecycle/lib/lifecycle/lifecycle_listener
[28.705s] -- Set runtime path of "/home/max/robotics-and-automation/week2/ws/ros2_ws/install/lifecycle/lib/lifecycle/lifecycle_listener" to ""
[28.705s] -- Installing: /home/max/robotics-and-automation/week2/ws/ros2_ws/install/lifecycle/lib/lifecycle/lifecycle_service_client
[28.705s] -- Set runtime path of "/home/max/robotics-and-automation/week2/ws/ros2_ws/install/lifecycle/lib/lifecycle/lifecycle_service_client" to ""
[28.705s] -- Installing: /home/max/robotics-and-automation/week2/ws/ros2_ws/install/lifecycle/share/lifecycle//launch
[28.705s] -- Installing: /home/max/robotics-and-automation/week2/ws/ros2_ws/install/lifecycle/share/lifecycle//launch/lifecycle_demo.launch.py
[28.705s] -- Installing: /home/max/robotics-and-automation/week2/ws/ros2_ws/install/lifecycle/share/ament_index/resource_index/package_run_dependencies/lifecycle
[28.705s] -- Installing: /home/max/robotics-and-automation/week2/ws/ros2_ws/install/lifecycle/share/ament_index/resource_index/parent_prefix_path/lifecycle
[28.705s] -- Installing: /home/max/robotics-and-automation/week2/ws/ros2_ws/install/lifecycle/share/lifecycle/environment/ament_prefix_path.sh
[28.705s] -- Installing: /home/max/robotics-and-automation/week2/ws/ros2_ws/install/lifecycle/share/lifecycle/environment/ament_prefix_path.dsv
[28.705s] -- Installing: /home/max/robotics-and-automation/week2/ws/ros2_ws/install/lifecycle/share/lifecycle/environment/path.sh
[28.705s] -- Installing: /home/max/robotics-and-automation/week2/ws/ros2_ws/install/lifecycle/share/lifecycle/environment/path.dsv
[28.705s] -- Installing: /home/max/robotics-and-automation/week2/ws/ros2_ws/install/lifecycle/share/lifecycle/local_setup.bash
[28.705s] -- Installing: /home/max/robotics-and-automation/week2/ws/ros2_ws/install/lifecycle/share/lifecycle/local_setup.sh
[28.705s] -- Installing: /home/max/robotics-and-automation/week2/ws/ros2_ws/install/lifecycle/share/lifecycle/local_setup.zsh
[28.705s] -- Installing: /home/max/robotics-and-automation/week2/ws/ros2_ws/install/lifecycle/share/lifecycle/local_setup.dsv
[28.705s] -- Installing: /home/max/robotics-and-automation/week2/ws/ros2_ws/install/lifecycle/share/lifecycle/package.dsv
[28.705s] -- Installing: /home/max/robotics-and-automation/week2/ws/ros2_ws/install/lifecycle/share/ament_index/resource_index/packages/lifecycle
[28.705s] -- Installing: /home/max/robotics-and-automation/week2/ws/ros2_ws/install/lifecycle/share/lifecycle/cmake/lifecycleConfig.cmake
[28.705s] -- Installing: /home/max/robotics-and-automation/week2/ws/ros2_ws/install/lifecycle/share/lifecycle/cmake/lifecycleConfig-version.cmake
[28.705s] -- Installing: /home/max/robotics-and-automation/week2/ws/ros2_ws/install/lifecycle/share/lifecycle/package.xml
[28.729s] Invoked command in '/home/max/robotics-and-automation/week2/ws/ros2_ws/build/lifecycle' returned '0': CMAKE_PREFIX_PATH=/opt/ros/humble /usr/bin/cmake --install /home/max/robotics-and-automation/week2/ws/ros2_ws/build/lifecycle
