-- The C compiler identification is GNU 11.4.0
-- The CXX compiler identification is GNU 11.4.0
-- Detecting C compiler ABI info
-- Detecting C compiler ABI info - done
-- Check for working C compiler: /usr/bin/cc - skipped
-- Detecting C compile features
-- Detecting C compile features - done
-- Detecting CXX compiler ABI info
-- Detecting CXX compiler ABI info - done
-- Check for working CXX compiler: /usr/bin/c++ - skipped
-- Detecting CXX compile features
-- Detecting CXX compile features - done
-- Found ament_cmake: 1.3.10 (/opt/ros/humble/share/ament_cmake/cmake)
-- Found Python3: /usr/bin/python3 (found version "3.10.12") found components: Interpreter 
-- Found rclcpp: 16.0.10 (/opt/ros/humble/share/rclcpp/cmake)
-- Found rosidl_generator_c: 3.1.5 (/opt/ros/humble/share/rosidl_generator_c/cmake)
-- Found rosidl_adapter: 3.1.5 (/opt/ros/humble/share/rosidl_adapter/cmake)
-- Found rosidl_generator_cpp: 3.1.5 (/opt/ros/humble/share/rosidl_generator_cpp/cmake)
-- Using all available rosidl_typesupport_c: rosidl_typesupport_fastrtps_c;rosidl_typesupport_introspection_c
-- Using all available rosidl_typesupport_cpp: rosidl_typesupport_fastrtps_cpp;rosidl_typesupport_introspection_cpp
-- Found rmw_implementation_cmake: 6.1.2 (/opt/ros/humble/share/rmw_implementation_cmake/cmake)
-- Found rmw_fastrtps_cpp: 6.2.7 (/opt/ros/humble/share/rmw_fastrtps_cpp/cmake)
-- Found OpenSSL: /usr/lib/x86_64-linux-gnu/libcrypto.so (found version "3.0.2")  
-- Found FastRTPS: /opt/ros/humble/include  
-- Using RMW implementation 'rmw_fastrtps_cpp' as default
-- Looking for pthread.h
-- Looking for pthread.h - found
-- Performing Test CMAKE_HAVE_LIBC_PTHREAD
-- Performing Test CMAKE_HAVE_LIBC_PTHREAD - Success
-- Found Threads: TRUE  
-- Found rclcpp_components: 16.0.10 (/opt/ros/humble/share/rclcpp_components/cmake)
-- Found sensor_msgs: 4.2.4 (/opt/ros/humble/share/sensor_msgs/cmake)
-- Found OpenCV: /usr (found version "4.5.4") found components: core highgui imgcodecs imgproc videoio 
-- Found ament_lint_auto: 0.12.11 (/opt/ros/humble/share/ament_lint_auto/cmake)
-- Found python_cmake_module: 0.10.0 (/opt/ros/humble/share/python_cmake_module/cmake)
-- Found PythonInterp: /usr/bin/python3 (found suitable version "3.10.12", minimum required is "3.6") 
-- Found PythonLibs: /usr/lib/x86_64-linux-gnu/libpython3.10.so (found suitable version "3.10.12", minimum required is "3.5") 
-- Using PYTHON_EXECUTABLE: /usr/bin/python3
-- Using PYTHON_INCLUDE_DIRS: /usr/include/python3.10
-- Using PYTHON_LIBRARIES: /usr/lib/x86_64-linux-gnu/libpython3.10.so
-- Found PythonExtra: .so  
-- Added test 'copyright' to check source files copyright and LICENSE
-- Added test 'cppcheck' to perform static code analysis on C / C++ code
-- Configured cppcheck include dirs: $<BUILD_INTERFACE:/home/max/robotics-and-automation/week2/ws/ros2_ws/src/demos/image_tools/include>
-- Configured cppcheck exclude dirs and/or files: 
-- Added test 'cpplint' to check C / C++ code against the Google style
-- Configured cpplint exclude dirs and/or files: 
-- Added test 'lint_cmake' to check CMake code style
-- Added test 'uncrustify' to check C / C++ code style
-- Configured uncrustify additional arguments: 
-- Added test 'xmllint' to check XML markup files
-- Configuring done
-- Generating done
-- Build files have been written to: /home/max/robotics-and-automation/week2/ws/ros2_ws/build/image_tools
[ 11%] [32mBuilding CXX object CMakeFiles/image_tools.dir/src/burger.cpp.o[0m
[ 22%] [32mBuilding CXX object CMakeFiles/image_tools.dir/src/cam2image.cpp.o[0m
[ 33%] [32mBuilding CXX object CMakeFiles/image_tools.dir/src/showimage.cpp.o[0m
[ 44%] [32mBuilding CXX object CMakeFiles/showimage.dir/rclcpp_components/node_main_showimage.cpp.o[0m
[ 55%] [32mBuilding CXX object CMakeFiles/image_tools.dir/src/cv_mat_sensor_msgs_image_type_adapter.cpp.o[0m
[ 66%] [32mBuilding CXX object CMakeFiles/cam2image.dir/rclcpp_components/node_main_cam2image.cpp.o[0m
[ 77%] [32m[1mLinking CXX executable cam2image[0m
[ 77%] Built target cam2image
[ 88%] [32m[1mLinking CXX executable showimage[0m
[ 88%] Built target showimage
[100%] [32m[1mLinking CXX shared library libimage_tools.so[0m
[100%] Built target image_tools
-- Install configuration: ""
-- Installing: /home/max/robotics-and-automation/week2/ws/ros2_ws/install/image_tools/lib/image_tools/cam2image
-- Set runtime path of "/home/max/robotics-and-automation/week2/ws/ros2_ws/install/image_tools/lib/image_tools/cam2image" to ""
-- Installing: /home/max/robotics-and-automation/week2/ws/ros2_ws/install/image_tools/lib/image_tools/showimage
-- Set runtime path of "/home/max/robotics-and-automation/week2/ws/ros2_ws/install/image_tools/lib/image_tools/showimage" to ""
-- Installing: /home/max/robotics-and-automation/week2/ws/ros2_ws/install/image_tools/lib/libimage_tools.so
-- Set runtime path of "/home/max/robotics-and-automation/week2/ws/ros2_ws/install/image_tools/lib/libimage_tools.so" to ""
-- Installing: /home/max/robotics-and-automation/week2/ws/ros2_ws/install/image_tools/include/image_tools
-- Installing: /home/max/robotics-and-automation/week2/ws/ros2_ws/install/image_tools/include/image_tools/image_tools
-- Installing: /home/max/robotics-and-automation/week2/ws/ros2_ws/install/image_tools/include/image_tools/image_tools/visibility_control.h
-- Installing: /home/max/robotics-and-automation/week2/ws/ros2_ws/install/image_tools/include/image_tools/image_tools/cv_mat_sensor_msgs_image_type_adapter.hpp
-- Installing: /home/max/robotics-and-automation/week2/ws/ros2_ws/install/image_tools/share/image_tools/environment/library_path.sh
-- Installing: /home/max/robotics-and-automation/week2/ws/ros2_ws/install/image_tools/share/image_tools/environment/library_path.dsv
-- Installing: /home/max/robotics-and-automation/week2/ws/ros2_ws/install/image_tools/share/ament_index/resource_index/package_run_dependencies/image_tools
-- Installing: /home/max/robotics-and-automation/week2/ws/ros2_ws/install/image_tools/share/ament_index/resource_index/parent_prefix_path/image_tools
-- Installing: /home/max/robotics-and-automation/week2/ws/ros2_ws/install/image_tools/share/image_tools/environment/ament_prefix_path.sh
-- Installing: /home/max/robotics-and-automation/week2/ws/ros2_ws/install/image_tools/share/image_tools/environment/ament_prefix_path.dsv
-- Installing: /home/max/robotics-and-automation/week2/ws/ros2_ws/install/image_tools/share/image_tools/environment/path.sh
-- Installing: /home/max/robotics-and-automation/week2/ws/ros2_ws/install/image_tools/share/image_tools/environment/path.dsv
-- Installing: /home/max/robotics-and-automation/week2/ws/ros2_ws/install/image_tools/share/image_tools/local_setup.bash
-- Installing: /home/max/robotics-and-automation/week2/ws/ros2_ws/install/image_tools/share/image_tools/local_setup.sh
-- Installing: /home/max/robotics-and-automation/week2/ws/ros2_ws/install/image_tools/share/image_tools/local_setup.zsh
-- Installing: /home/max/robotics-and-automation/week2/ws/ros2_ws/install/image_tools/share/image_tools/local_setup.dsv
-- Installing: /home/max/robotics-and-automation/week2/ws/ros2_ws/install/image_tools/share/image_tools/package.dsv
-- Installing: /home/max/robotics-and-automation/week2/ws/ros2_ws/install/image_tools/share/ament_index/resource_index/packages/image_tools
-- Installing: /home/max/robotics-and-automation/week2/ws/ros2_ws/install/image_tools/share/ament_index/resource_index/rclcpp_components/image_tools
-- Installing: /home/max/robotics-and-automation/week2/ws/ros2_ws/install/image_tools/share/image_tools/cmake/image_toolsExport.cmake
-- Installing: /home/max/robotics-and-automation/week2/ws/ros2_ws/install/image_tools/share/image_tools/cmake/image_toolsExport-noconfig.cmake
-- Installing: /home/max/robotics-and-automation/week2/ws/ros2_ws/install/image_tools/share/image_tools/cmake/ament_cmake_export_libraries-extras.cmake
-- Installing: /home/max/robotics-and-automation/week2/ws/ros2_ws/install/image_tools/share/image_tools/cmake/ament_cmake_export_targets-extras.cmake
-- Installing: /home/max/robotics-and-automation/week2/ws/ros2_ws/install/image_tools/share/image_tools/cmake/ament_cmake_export_dependencies-extras.cmake
-- Installing: /home/max/robotics-and-automation/week2/ws/ros2_ws/install/image_tools/share/image_tools/cmake/image_toolsConfig.cmake
-- Installing: /home/max/robotics-and-automation/week2/ws/ros2_ws/install/image_tools/share/image_tools/cmake/image_toolsConfig-version.cmake
-- Installing: /home/max/robotics-and-automation/week2/ws/ros2_ws/install/image_tools/share/image_tools/package.xml
