[0.072s] Invoking command in '/home/max/robotics-and-automation/week2/ws/ros2_ws/build/image_tools': CMAKE_PREFIX_PATH=/opt/ros/humble /usr/bin/cmake /home/max/robotics-and-automation/week2/ws/ros2_ws/src/demos/image_tools -DCMAKE_INSTALL_PREFIX=/home/max/robotics-and-automation/week2/ws/ros2_ws/install/image_tools
[1.026s] -- The C compiler identification is GNU 11.4.0
[1.026s] -- The CXX compiler identification is GNU 11.4.0
[1.026s] -- Detecting C compiler ABI info
[1.026s] -- Detecting C compiler ABI info - done
[1.026s] -- Check for working C compiler: /usr/bin/cc - skipped
[1.026s] -- Detecting C compile features
[1.026s] -- Detecting C compile features - done
[1.026s] -- Detecting CXX compiler ABI info
[1.026s] -- Detecting CXX compiler ABI info - done
[1.026s] -- Check for working CXX compiler: /usr/bin/c++ - skipped
[1.026s] -- Detecting CXX compile features
[1.026s] -- Detecting CXX compile features - done
[1.026s] -- Found ament_cmake: 1.3.10 (/opt/ros/humble/share/ament_cmake/cmake)
[1.466s] -- Found Python3: /usr/bin/python3 (found version "3.10.12") found components: Interpreter 
[1.630s] -- Found rclcpp: 16.0.10 (/opt/ros/humble/share/rclcpp/cmake)
[1.736s] -- Found rosidl_generator_c: 3.1.5 (/opt/ros/humble/share/rosidl_generator_c/cmake)
[1.749s] -- Found rosidl_adapter: 3.1.5 (/opt/ros/humble/share/rosidl_adapter/cmake)
[1.770s] -- Found rosidl_generator_cpp: 3.1.5 (/opt/ros/humble/share/rosidl_generator_cpp/cmake)
[1.808s] -- Using all available rosidl_typesupport_c: rosidl_typesupport_fastrtps_c;rosidl_typesupport_introspection_c
[1.875s] -- Using all available rosidl_typesupport_cpp: rosidl_typesupport_fastrtps_cpp;rosidl_typesupport_introspection_cpp
[1.975s] -- Found rmw_implementation_cmake: 6.1.2 (/opt/ros/humble/share/rmw_implementation_cmake/cmake)
[1.984s] -- Found rmw_fastrtps_cpp: 6.2.7 (/opt/ros/humble/share/rmw_fastrtps_cpp/cmake)
[2.186s] -- Found OpenSSL: /usr/lib/x86_64-linux-gnu/libcrypto.so (found version "3.0.2")  
[2.249s] -- Found FastRTPS: /opt/ros/humble/include  
[2.345s] -- Using RMW implementation 'rmw_fastrtps_cpp' as default
[2.359s] -- Looking for pthread.h
[2.522s] -- Looking for pthread.h - found
[2.522s] -- Performing Test CMAKE_HAVE_LIBC_PTHREAD
[2.763s] -- Performing Test CMAKE_HAVE_LIBC_PTHREAD - Success
[2.763s] -- Found Threads: TRUE  
[2.903s] -- Found rclcpp_components: 16.0.10 (/opt/ros/humble/share/rclcpp_components/cmake)
[2.972s] -- Found sensor_msgs: 4.2.4 (/opt/ros/humble/share/sensor_msgs/cmake)
[3.014s] -- Found OpenCV: /usr (found version "4.5.4") found components: core highgui imgcodecs imgproc videoio 
[3.019s] -- Found ament_lint_auto: 0.12.11 (/opt/ros/humble/share/ament_lint_auto/cmake)
[3.195s] -- Found python_cmake_module: 0.10.0 (/opt/ros/humble/share/python_cmake_module/cmake)
[3.239s] -- Found PythonInterp: /usr/bin/python3 (found suitable version "3.10.12", minimum required is "3.6") 
[3.254s] -- Found PythonLibs: /usr/lib/x86_64-linux-gnu/libpython3.10.so (found suitable version "3.10.12", minimum required is "3.5") 
[3.254s] -- Using PYTHON_EXECUTABLE: /usr/bin/python3
[3.254s] -- Using PYTHON_INCLUDE_DIRS: /usr/include/python3.10
[3.254s] -- Using PYTHON_LIBRARIES: /usr/lib/x86_64-linux-gnu/libpython3.10.so
[3.324s] -- Found PythonExtra: .so  
[3.365s] -- Added test 'copyright' to check source files copyright and LICENSE
[3.372s] -- Added test 'cppcheck' to perform static code analysis on C / C++ code
[3.372s] -- Configured cppcheck include dirs: $<BUILD_INTERFACE:/home/max/robotics-and-automation/week2/ws/ros2_ws/src/demos/image_tools/include>
[3.373s] -- Configured cppcheck exclude dirs and/or files: 
[3.373s] -- Added test 'cpplint' to check C / C++ code against the Google style
[3.373s] -- Configured cpplint exclude dirs and/or files: 
[3.373s] -- Added test 'lint_cmake' to check CMake code style
[3.381s] -- Added test 'uncrustify' to check C / C++ code style
[3.381s] -- Configured uncrustify additional arguments: 
[3.381s] -- Added test 'xmllint' to check XML markup files
[3.388s] -- Configuring done
[3.438s] -- Generating done
[3.443s] -- Build files have been written to: /home/max/robotics-and-automation/week2/ws/ros2_ws/build/image_tools
[3.490s] Invoked command in '/home/max/robotics-and-automation/week2/ws/ros2_ws/build/image_tools' returned '0': CMAKE_PREFIX_PATH=/opt/ros/humble /usr/bin/cmake /home/max/robotics-and-automation/week2/ws/ros2_ws/src/demos/image_tools -DCMAKE_INSTALL_PREFIX=/home/max/robotics-and-automation/week2/ws/ros2_ws/install/image_tools
[3.490s] Invoking command in '/home/max/robotics-and-automation/week2/ws/ros2_ws/build/image_tools': CMAKE_PREFIX_PATH=/opt/ros/humble /usr/bin/cmake --build /home/max/robotics-and-automation/week2/ws/ros2_ws/build/image_tools -- -j16 -l16
[5.417s] [ 11%] [32mBuilding CXX object CMakeFiles/image_tools.dir/src/burger.cpp.o[0m
[5.417s] [ 22%] [32mBuilding CXX object CMakeFiles/image_tools.dir/src/cam2image.cpp.o[0m
[5.417s] [ 33%] [32mBuilding CXX object CMakeFiles/image_tools.dir/src/showimage.cpp.o[0m
[5.417s] [ 44%] [32mBuilding CXX object CMakeFiles/showimage.dir/rclcpp_components/node_main_showimage.cpp.o[0m
[5.417s] [ 55%] [32mBuilding CXX object CMakeFiles/image_tools.dir/src/cv_mat_sensor_msgs_image_type_adapter.cpp.o[0m
[5.417s] [ 66%] [32mBuilding CXX object CMakeFiles/cam2image.dir/rclcpp_components/node_main_cam2image.cpp.o[0m
[12.872s] [ 77%] [32m[1mLinking CXX executable cam2image[0m
[13.118s] [ 77%] Built target cam2image
[13.182s] [ 88%] [32m[1mLinking CXX executable showimage[0m
[13.389s] [ 88%] Built target showimage
[20.006s] [100%] [32m[1mLinking CXX shared library libimage_tools.so[0m
[21.064s] [100%] Built target image_tools
[21.098s] Invoked command in '/home/max/robotics-and-automation/week2/ws/ros2_ws/build/image_tools' returned '0': CMAKE_PREFIX_PATH=/opt/ros/humble /usr/bin/cmake --build /home/max/robotics-and-automation/week2/ws/ros2_ws/build/image_tools -- -j16 -l16
[21.166s] Invoking command in '/home/max/robotics-and-automation/week2/ws/ros2_ws/build/image_tools': CMAKE_PREFIX_PATH=/opt/ros/humble /usr/bin/cmake --install /home/max/robotics-and-automation/week2/ws/ros2_ws/build/image_tools
[21.169s] -- Install configuration: ""
[21.170s] -- Installing: /home/max/robotics-and-automation/week2/ws/ros2_ws/install/image_tools/lib/image_tools/cam2image
[21.170s] -- Set runtime path of "/home/max/robotics-and-automation/week2/ws/ros2_ws/install/image_tools/lib/image_tools/cam2image" to ""
[21.171s] -- Installing: /home/max/robotics-and-automation/week2/ws/ros2_ws/install/image_tools/lib/image_tools/showimage
[21.171s] -- Set runtime path of "/home/max/robotics-and-automation/week2/ws/ros2_ws/install/image_tools/lib/image_tools/showimage" to ""
[21.171s] -- Installing: /home/max/robotics-and-automation/week2/ws/ros2_ws/install/image_tools/lib/libimage_tools.so
[21.181s] -- Set runtime path of "/home/max/robotics-and-automation/week2/ws/ros2_ws/install/image_tools/lib/libimage_tools.so" to ""
[21.181s] -- Installing: /home/max/robotics-and-automation/week2/ws/ros2_ws/install/image_tools/include/image_tools
[21.182s] -- Installing: /home/max/robotics-and-automation/week2/ws/ros2_ws/install/image_tools/include/image_tools/image_tools
[21.182s] -- Installing: /home/max/robotics-and-automation/week2/ws/ros2_ws/install/image_tools/include/image_tools/image_tools/visibility_control.h
[21.182s] -- Installing: /home/max/robotics-and-automation/week2/ws/ros2_ws/install/image_tools/include/image_tools/image_tools/cv_mat_sensor_msgs_image_type_adapter.hpp
[21.182s] -- Installing: /home/max/robotics-and-automation/week2/ws/ros2_ws/install/image_tools/share/image_tools/environment/library_path.sh
[21.183s] -- Installing: /home/max/robotics-and-automation/week2/ws/ros2_ws/install/image_tools/share/image_tools/environment/library_path.dsv
[21.183s] -- Installing: /home/max/robotics-and-automation/week2/ws/ros2_ws/install/image_tools/share/ament_index/resource_index/package_run_dependencies/image_tools
[21.183s] -- Installing: /home/max/robotics-and-automation/week2/ws/ros2_ws/install/image_tools/share/ament_index/resource_index/parent_prefix_path/image_tools
[21.184s] -- Installing: /home/max/robotics-and-automation/week2/ws/ros2_ws/install/image_tools/share/image_tools/environment/ament_prefix_path.sh
[21.184s] -- Installing: /home/max/robotics-and-automation/week2/ws/ros2_ws/install/image_tools/share/image_tools/environment/ament_prefix_path.dsv
[21.184s] -- Installing: /home/max/robotics-and-automation/week2/ws/ros2_ws/install/image_tools/share/image_tools/environment/path.sh
[21.184s] -- Installing: /home/max/robotics-and-automation/week2/ws/ros2_ws/install/image_tools/share/image_tools/environment/path.dsv
[21.185s] -- Installing: /home/max/robotics-and-automation/week2/ws/ros2_ws/install/image_tools/share/image_tools/local_setup.bash
[21.185s] -- Installing: /home/max/robotics-and-automation/week2/ws/ros2_ws/install/image_tools/share/image_tools/local_setup.sh
[21.185s] -- Installing: /home/max/robotics-and-automation/week2/ws/ros2_ws/install/image_tools/share/image_tools/local_setup.zsh
[21.185s] -- Installing: /home/max/robotics-and-automation/week2/ws/ros2_ws/install/image_tools/share/image_tools/local_setup.dsv
[21.185s] -- Installing: /home/max/robotics-and-automation/week2/ws/ros2_ws/install/image_tools/share/image_tools/package.dsv
[21.186s] -- Installing: /home/max/robotics-and-automation/week2/ws/ros2_ws/install/image_tools/share/ament_index/resource_index/packages/image_tools
[21.186s] -- Installing: /home/max/robotics-and-automation/week2/ws/ros2_ws/install/image_tools/share/ament_index/resource_index/rclcpp_components/image_tools
[21.186s] -- Installing: /home/max/robotics-and-automation/week2/ws/ros2_ws/install/image_tools/share/image_tools/cmake/image_toolsExport.cmake
[21.186s] -- Installing: /home/max/robotics-and-automation/week2/ws/ros2_ws/install/image_tools/share/image_tools/cmake/image_toolsExport-noconfig.cmake
[21.186s] -- Installing: /home/max/robotics-and-automation/week2/ws/ros2_ws/install/image_tools/share/image_tools/cmake/ament_cmake_export_libraries-extras.cmake
[21.186s] -- Installing: /home/max/robotics-and-automation/week2/ws/ros2_ws/install/image_tools/share/image_tools/cmake/ament_cmake_export_targets-extras.cmake
[21.187s] -- Installing: /home/max/robotics-and-automation/week2/ws/ros2_ws/install/image_tools/share/image_tools/cmake/ament_cmake_export_dependencies-extras.cmake
[21.187s] -- Installing: /home/max/robotics-and-automation/week2/ws/ros2_ws/install/image_tools/share/image_tools/cmake/image_toolsConfig.cmake
[21.187s] -- Installing: /home/max/robotics-and-automation/week2/ws/ros2_ws/install/image_tools/share/image_tools/cmake/image_toolsConfig-version.cmake
[21.187s] -- Installing: /home/max/robotics-and-automation/week2/ws/ros2_ws/install/image_tools/share/image_tools/package.xml
[21.190s] Invoked command in '/home/max/robotics-and-automation/week2/ws/ros2_ws/build/image_tools' returned '0': CMAKE_PREFIX_PATH=/opt/ros/humble /usr/bin/cmake --install /home/max/robotics-and-automation/week2/ws/ros2_ws/build/image_tools
