[3.064s] Invoking command in '/home/max/robotics-and-automation/week2/ws/ros2_ws/src/examples/rclpy/topics/minimal_publisher': PYTHONPATH=/home/max/robotics-and-automation/week2/ws/ros2_ws/build/examples_rclpy_minimal_publisher/prefix_override:/usr/lib/python3/dist-packages/colcon_core/task/python/colcon_distutils_commands:/home/max/robotics-and-automation/week2/ws/ros2_ws/install/examples_rclpy_minimal_publisher/lib/python3.10/site-packages:${PYTHONPATH} /usr/bin/python3 -W ignore:setup.py install is deprecated setup.py egg_info --egg-base ../../../../../build/examples_rclpy_minimal_publisher build --build-base /home/max/robotics-and-automation/week2/ws/ros2_ws/build/examples_rclpy_minimal_publisher/build install --record /home/max/robotics-and-automation/week2/ws/ros2_ws/build/examples_rclpy_minimal_publisher/install.log --single-version-externally-managed install_data
[4.048s] running egg_info
[4.048s] creating ../../../../../build/examples_rclpy_minimal_publisher/examples_rclpy_minimal_publisher.egg-info
[4.048s] writing ../../../../../build/examples_rclpy_minimal_publisher/examples_rclpy_minimal_publisher.egg-info/PKG-INFO
[4.048s] writing dependency_links to ../../../../../build/examples_rclpy_minimal_publisher/examples_rclpy_minimal_publisher.egg-info/dependency_links.txt
[4.048s] writing entry points to ../../../../../build/examples_rclpy_minimal_publisher/examples_rclpy_minimal_publisher.egg-info/entry_points.txt
[4.048s] writing requirements to ../../../../../build/examples_rclpy_minimal_publisher/examples_rclpy_minimal_publisher.egg-info/requires.txt
[4.048s] writing top-level names to ../../../../../build/examples_rclpy_minimal_publisher/examples_rclpy_minimal_publisher.egg-info/top_level.txt
[4.048s] writing manifest file '../../../../../build/examples_rclpy_minimal_publisher/examples_rclpy_minimal_publisher.egg-info/SOURCES.txt'
[4.048s] reading manifest file '../../../../../build/examples_rclpy_minimal_publisher/examples_rclpy_minimal_publisher.egg-info/SOURCES.txt'
[4.048s] writing manifest file '../../../../../build/examples_rclpy_minimal_publisher/examples_rclpy_minimal_publisher.egg-info/SOURCES.txt'
[4.048s] running build
[4.048s] running build_py
[4.049s] creating /home/max/robotics-and-automation/week2/ws/ros2_ws/build/examples_rclpy_minimal_publisher/build
[4.049s] creating /home/max/robotics-and-automation/week2/ws/ros2_ws/build/examples_rclpy_minimal_publisher/build/lib
[4.049s] creating /home/max/robotics-and-automation/week2/ws/ros2_ws/build/examples_rclpy_minimal_publisher/build/lib/examples_rclpy_minimal_publisher
[4.049s] copying examples_rclpy_minimal_publisher/publisher_member_function.py -> /home/max/robotics-and-automation/week2/ws/ros2_ws/build/examples_rclpy_minimal_publisher/build/lib/examples_rclpy_minimal_publisher
[4.049s] copying examples_rclpy_minimal_publisher/__init__.py -> /home/max/robotics-and-automation/week2/ws/ros2_ws/build/examples_rclpy_minimal_publisher/build/lib/examples_rclpy_minimal_publisher
[4.049s] copying examples_rclpy_minimal_publisher/publisher_old_school.py -> /home/max/robotics-and-automation/week2/ws/ros2_ws/build/examples_rclpy_minimal_publisher/build/lib/examples_rclpy_minimal_publisher
[4.049s] copying examples_rclpy_minimal_publisher/publisher_local_function.py -> /home/max/robotics-and-automation/week2/ws/ros2_ws/build/examples_rclpy_minimal_publisher/build/lib/examples_rclpy_minimal_publisher
[4.049s] running install
[4.049s] running install_lib
[4.049s] creating /home/max/robotics-and-automation/week2/ws/ros2_ws/install/examples_rclpy_minimal_publisher/lib/python3.10/site-packages/examples_rclpy_minimal_publisher
[4.049s] copying /home/max/robotics-and-automation/week2/ws/ros2_ws/build/examples_rclpy_minimal_publisher/build/lib/examples_rclpy_minimal_publisher/publisher_member_function.py -> /home/max/robotics-and-automation/week2/ws/ros2_ws/install/examples_rclpy_minimal_publisher/lib/python3.10/site-packages/examples_rclpy_minimal_publisher
[4.049s] copying /home/max/robotics-and-automation/week2/ws/ros2_ws/build/examples_rclpy_minimal_publisher/build/lib/examples_rclpy_minimal_publisher/__init__.py -> /home/max/robotics-and-automation/week2/ws/ros2_ws/install/examples_rclpy_minimal_publisher/lib/python3.10/site-packages/examples_rclpy_minimal_publisher
[4.049s] copying /home/max/robotics-and-automation/week2/ws/ros2_ws/build/examples_rclpy_minimal_publisher/build/lib/examples_rclpy_minimal_publisher/publisher_old_school.py -> /home/max/robotics-and-automation/week2/ws/ros2_ws/install/examples_rclpy_minimal_publisher/lib/python3.10/site-packages/examples_rclpy_minimal_publisher
[4.049s] copying /home/max/robotics-and-automation/week2/ws/ros2_ws/build/examples_rclpy_minimal_publisher/build/lib/examples_rclpy_minimal_publisher/publisher_local_function.py -> /home/max/robotics-and-automation/week2/ws/ros2_ws/install/examples_rclpy_minimal_publisher/lib/python3.10/site-packages/examples_rclpy_minimal_publisher
[4.055s] byte-compiling /home/max/robotics-and-automation/week2/ws/ros2_ws/install/examples_rclpy_minimal_publisher/lib/python3.10/site-packages/examples_rclpy_minimal_publisher/publisher_member_function.py to publisher_member_function.cpython-310.pyc
[4.055s] byte-compiling /home/max/robotics-and-automation/week2/ws/ros2_ws/install/examples_rclpy_minimal_publisher/lib/python3.10/site-packages/examples_rclpy_minimal_publisher/__init__.py to __init__.cpython-310.pyc
[4.056s] byte-compiling /home/max/robotics-and-automation/week2/ws/ros2_ws/install/examples_rclpy_minimal_publisher/lib/python3.10/site-packages/examples_rclpy_minimal_publisher/publisher_old_school.py to publisher_old_school.cpython-310.pyc
[4.056s] byte-compiling /home/max/robotics-and-automation/week2/ws/ros2_ws/install/examples_rclpy_minimal_publisher/lib/python3.10/site-packages/examples_rclpy_minimal_publisher/publisher_local_function.py to publisher_local_function.cpython-310.pyc
[4.056s] running install_data
[4.056s] creating /home/max/robotics-and-automation/week2/ws/ros2_ws/install/examples_rclpy_minimal_publisher/share/ament_index
[4.056s] creating /home/max/robotics-and-automation/week2/ws/ros2_ws/install/examples_rclpy_minimal_publisher/share/ament_index/resource_index
[4.056s] creating /home/max/robotics-and-automation/week2/ws/ros2_ws/install/examples_rclpy_minimal_publisher/share/ament_index/resource_index/packages
[4.056s] copying resource/examples_rclpy_minimal_publisher -> /home/max/robotics-and-automation/week2/ws/ros2_ws/install/examples_rclpy_minimal_publisher/share/ament_index/resource_index/packages
[4.056s] copying package.xml -> /home/max/robotics-and-automation/week2/ws/ros2_ws/install/examples_rclpy_minimal_publisher/share/examples_rclpy_minimal_publisher
[4.056s] running install_egg_info
[4.056s] Copying ../../../../../build/examples_rclpy_minimal_publisher/examples_rclpy_minimal_publisher.egg-info to /home/max/robotics-and-automation/week2/ws/ros2_ws/install/examples_rclpy_minimal_publisher/lib/python3.10/site-packages/examples_rclpy_minimal_publisher-0.15.2-py3.10.egg-info
[4.056s] running install_scripts
[4.056s] Installing publisher_local_function script to /home/max/robotics-and-automation/week2/ws/ros2_ws/install/examples_rclpy_minimal_publisher/lib/examples_rclpy_minimal_publisher
[4.056s] Installing publisher_member_function script to /home/max/robotics-and-automation/week2/ws/ros2_ws/install/examples_rclpy_minimal_publisher/lib/examples_rclpy_minimal_publisher
[4.056s] Installing publisher_old_school script to /home/max/robotics-and-automation/week2/ws/ros2_ws/install/examples_rclpy_minimal_publisher/lib/examples_rclpy_minimal_publisher
[4.056s] writing list of installed files to '/home/max/robotics-and-automation/week2/ws/ros2_ws/build/examples_rclpy_minimal_publisher/install.log'
[4.107s] Invoked command in '/home/max/robotics-and-automation/week2/ws/ros2_ws/src/examples/rclpy/topics/minimal_publisher' returned '0': PYTHONPATH=/home/max/robotics-and-automation/week2/ws/ros2_ws/build/examples_rclpy_minimal_publisher/prefix_override:/usr/lib/python3/dist-packages/colcon_core/task/python/colcon_distutils_commands:/home/max/robotics-and-automation/week2/ws/ros2_ws/install/examples_rclpy_minimal_publisher/lib/python3.10/site-packages:${PYTHONPATH} /usr/bin/python3 -W ignore:setup.py install is deprecated setup.py egg_info --egg-base ../../../../../build/examples_rclpy_minimal_publisher build --build-base /home/max/robotics-and-automation/week2/ws/ros2_ws/build/examples_rclpy_minimal_publisher/build install --record /home/max/robotics-and-automation/week2/ws/ros2_ws/build/examples_rclpy_minimal_publisher/install.log --single-version-externally-managed install_data
