running egg_info
creating ../build/add_noise/add_noise.egg-info
writing ../build/add_noise/add_noise.egg-info/PKG-INFO
writing dependency_links to ../build/add_noise/add_noise.egg-info/dependency_links.txt
writing entry points to ../build/add_noise/add_noise.egg-info/entry_points.txt
writing requirements to ../build/add_noise/add_noise.egg-info/requires.txt
writing top-level names to ../build/add_noise/add_noise.egg-info/top_level.txt
writing manifest file '../build/add_noise/add_noise.egg-info/SOURCES.txt'
reading manifest file '../build/add_noise/add_noise.egg-info/SOURCES.txt'
writing manifest file '../build/add_noise/add_noise.egg-info/SOURCES.txt'
running build
running build_py
creating /home/max/robotics-and-automation/week7/ros2_ws/build/add_noise/build
creating /home/max/robotics-and-automation/week7/ros2_ws/build/add_noise/build/lib
creating /home/max/robotics-and-automation/week7/ros2_ws/build/add_noise/build/lib/add_noise
copying add_noise/__init__.py -> /home/max/robotics-and-automation/week7/ros2_ws/build/add_noise/build/lib/add_noise
copying add_noise/add_noise.py -> /home/max/robotics-and-automation/week7/ros2_ws/build/add_noise/build/lib/add_noise
running install
running install_lib
creating /home/max/robotics-and-automation/week7/ros2_ws/install/add_noise/lib/python3.10/site-packages/add_noise
copying /home/max/robotics-and-automation/week7/ros2_ws/build/add_noise/build/lib/add_noise/__init__.py -> /home/max/robotics-and-automation/week7/ros2_ws/install/add_noise/lib/python3.10/site-packages/add_noise
copying /home/max/robotics-and-automation/week7/ros2_ws/build/add_noise/build/lib/add_noise/add_noise.py -> /home/max/robotics-and-automation/week7/ros2_ws/install/add_noise/lib/python3.10/site-packages/add_noise
byte-compiling /home/max/robotics-and-automation/week7/ros2_ws/install/add_noise/lib/python3.10/site-packages/add_noise/__init__.py to __init__.cpython-310.pyc
byte-compiling /home/max/robotics-and-automation/week7/ros2_ws/install/add_noise/lib/python3.10/site-packages/add_noise/add_noise.py to add_noise.cpython-310.pyc
running install_data
creating /home/max/robotics-and-automation/week7/ros2_ws/install/add_noise/share/ament_index
creating /home/max/robotics-and-automation/week7/ros2_ws/install/add_noise/share/ament_index/resource_index
creating /home/max/robotics-and-automation/week7/ros2_ws/install/add_noise/share/ament_index/resource_index/packages
copying resource/add_noise -> /home/max/robotics-and-automation/week7/ros2_ws/install/add_noise/share/ament_index/resource_index/packages
copying package.xml -> /home/max/robotics-and-automation/week7/ros2_ws/install/add_noise/share/add_noise
running install_egg_info
Copying ../build/add_noise/add_noise.egg-info to /home/max/robotics-and-automation/week7/ros2_ws/install/add_noise/lib/python3.10/site-packages/add_noise-0.0.0-py3.10.egg-info
running install_scripts
Installing add_noise script to /home/max/robotics-and-automation/week7/ros2_ws/install/add_noise/lib/add_noise
writing list of installed files to '/home/max/robotics-and-automation/week7/ros2_ws/build/add_noise/install.log'
