[0.263s] Invoking command in '/home/max/robotics-and-automation/week7/ros2_ws/src': PYTHONPATH=/home/max/robotics-and-automation/week7/ros2_ws/build/add_noise/prefix_override:/usr/lib/python3/dist-packages/colcon_core/task/python/colcon_distutils_commands:/home/max/robotics-and-automation/week7/ros2_ws/install/add_noise/lib/python3.10/site-packages:${PYTHONPATH} /usr/bin/python3 -W ignore:setup.py install is deprecated setup.py egg_info --egg-base ../build/add_noise build --build-base /home/max/robotics-and-automation/week7/ros2_ws/build/add_noise/build install --record /home/max/robotics-and-automation/week7/ros2_ws/build/add_noise/install.log --single-version-externally-managed install_data
[0.366s] running egg_info
[0.367s] creating ../build/add_noise/add_noise.egg-info
[0.367s] writing ../build/add_noise/add_noise.egg-info/PKG-INFO
[0.367s] writing dependency_links to ../build/add_noise/add_noise.egg-info/dependency_links.txt
[0.367s] writing entry points to ../build/add_noise/add_noise.egg-info/entry_points.txt
[0.367s] writing requirements to ../build/add_noise/add_noise.egg-info/requires.txt
[0.367s] writing top-level names to ../build/add_noise/add_noise.egg-info/top_level.txt
[0.367s] writing manifest file '../build/add_noise/add_noise.egg-info/SOURCES.txt'
[0.368s] reading manifest file '../build/add_noise/add_noise.egg-info/SOURCES.txt'
[0.368s] writing manifest file '../build/add_noise/add_noise.egg-info/SOURCES.txt'
[0.368s] running build
[0.368s] running build_py
[0.368s] creating /home/max/robotics-and-automation/week7/ros2_ws/build/add_noise/build
[0.368s] creating /home/max/robotics-and-automation/week7/ros2_ws/build/add_noise/build/lib
[0.368s] creating /home/max/robotics-and-automation/week7/ros2_ws/build/add_noise/build/lib/add_noise
[0.368s] copying add_noise/__init__.py -> /home/max/robotics-and-automation/week7/ros2_ws/build/add_noise/build/lib/add_noise
[0.368s] copying add_noise/add_noise.py -> /home/max/robotics-and-automation/week7/ros2_ws/build/add_noise/build/lib/add_noise
[0.368s] running install
[0.368s] running install_lib
[0.369s] creating /home/max/robotics-and-automation/week7/ros2_ws/install/add_noise/lib/python3.10/site-packages/add_noise
[0.369s] copying /home/max/robotics-and-automation/week7/ros2_ws/build/add_noise/build/lib/add_noise/__init__.py -> /home/max/robotics-and-automation/week7/ros2_ws/install/add_noise/lib/python3.10/site-packages/add_noise
[0.369s] copying /home/max/robotics-and-automation/week7/ros2_ws/build/add_noise/build/lib/add_noise/add_noise.py -> /home/max/robotics-and-automation/week7/ros2_ws/install/add_noise/lib/python3.10/site-packages/add_noise
[0.369s] byte-compiling /home/max/robotics-and-automation/week7/ros2_ws/install/add_noise/lib/python3.10/site-packages/add_noise/__init__.py to __init__.cpython-310.pyc
[0.369s] byte-compiling /home/max/robotics-and-automation/week7/ros2_ws/install/add_noise/lib/python3.10/site-packages/add_noise/add_noise.py to add_noise.cpython-310.pyc
[0.370s] running install_data
[0.370s] creating /home/max/robotics-and-automation/week7/ros2_ws/install/add_noise/share/ament_index
[0.370s] creating /home/max/robotics-and-automation/week7/ros2_ws/install/add_noise/share/ament_index/resource_index
[0.370s] creating /home/max/robotics-and-automation/week7/ros2_ws/install/add_noise/share/ament_index/resource_index/packages
[0.370s] copying resource/add_noise -> /home/max/robotics-and-automation/week7/ros2_ws/install/add_noise/share/ament_index/resource_index/packages
[0.370s] copying package.xml -> /home/max/robotics-and-automation/week7/ros2_ws/install/add_noise/share/add_noise
[0.370s] running install_egg_info
[0.371s] Copying ../build/add_noise/add_noise.egg-info to /home/max/robotics-and-automation/week7/ros2_ws/install/add_noise/lib/python3.10/site-packages/add_noise-0.0.0-py3.10.egg-info
[0.371s] running install_scripts
[0.381s] Installing add_noise script to /home/max/robotics-and-automation/week7/ros2_ws/install/add_noise/lib/add_noise
[0.381s] writing list of installed files to '/home/max/robotics-and-automation/week7/ros2_ws/build/add_noise/install.log'
[0.392s] Invoked command in '/home/max/robotics-and-automation/week7/ros2_ws/src' returned '0': PYTHONPATH=/home/max/robotics-and-automation/week7/ros2_ws/build/add_noise/prefix_override:/usr/lib/python3/dist-packages/colcon_core/task/python/colcon_distutils_commands:/home/max/robotics-and-automation/week7/ros2_ws/install/add_noise/lib/python3.10/site-packages:${PYTHONPATH} /usr/bin/python3 -W ignore:setup.py install is deprecated setup.py egg_info --egg-base ../build/add_noise build --build-base /home/max/robotics-and-automation/week7/ros2_ws/build/add_noise/build install --record /home/max/robotics-and-automation/week7/ros2_ws/build/add_noise/install.log --single-version-externally-managed install_data
